Accelerometer sample rate = 119.00 Hz
Gyroscope sample rate = 119.00 Hz

aX:-0.847,aY:0.024,aZ:-0.039,gX:-28.931,gY:12.268,gZ:2.563
aX:-0.958,aY:0.063,aZ:-0.062,gX:119.995,gY:51.697,gZ:-42.786
aX:-1.063,aY:0.092,aZ:-0.032,gX:19.531,gY:12.329,gZ:-21.851
aX:-1.086,aY:0.128,aZ:-0.057,gX:11.780,gY:4.639,gZ:-11.841
aX:-1.123,aY:0.104,aZ:-0.116,gX:15.747,gY:1.038,gZ:-12.146
aX:-1.223,aY:0.028,aZ:-0.174,gX:22.644,gY:5.981,gZ:-7.263
aX:-1.394,aY:-0.117,aZ:-0.273,gX:30.273,gY:22.156,gZ:4.700
aX:-1.495,aY:-0.345,aZ:-0.312,gX:18.433,gY:33.142,gZ:23.193
aX:-1.395,aY:-0.441,aZ:-0.279,gX:-20.386,gY:14.404,gZ:27.283
aX:-1.196,aY:-0.289,aZ:-0.222,gX:-46.143,gY:-5.554,gZ:2.075
aX:-1.045,aY:-0.191,aZ:-0.176,gX:-40.466,gY:-1.648,gZ:-20.874
aX:-0.876,aY:-0.153,aZ:-0.201,gX:-24.780,gY:9.766,gZ:-32.043
aX:-0.795,aY:-0.146,aZ:-0.274,gX:-21.729,gY:8.179,gZ:-36.194
aX:-0.760,aY:-0.172,aZ:-0.334,gX:-20.264,gY:5.005,gZ:-31.372
aX:-0.729,aY:-0.162,aZ:-0.345,gX:-27.466,gY:-4.944,gZ:-24.292
aX:-0.711,aY:-0.150,aZ:-0.357,gX:-33.752,gY:-15.686,gZ:-14.404
aX:-0.711,aY:-0.162,aZ:-0.395,gX:-37.354,gY:-16.296,gZ:-1.953
aX:-0.785,aY:-0.124,aZ:-0.413,gX:-40.833,gY:-9.705,gZ:11.230
aX:-0.847,aY:-0.100,aZ:-0.392,gX:-44.312,gY:-1.221,gZ:16.663
aX:-0.903,aY:-0.100,aZ:-0.350,gX:-48.340,gY:1.404,gZ:14.893
aX:-1.000,aY:-0.084,aZ:-0.349,gX:-55.176,gY:-1.526,gZ:7.874
aX:-1.087,aY:-0.067,aZ:-0.360,gX:-58.777,gY:-7.202,gZ:-3.174
aX:-1.108,aY:-0.037,aZ:-0.380,gX:-56.213,gY:-14.160,gZ:-16.724
aX:-1.040,aY:-0.001,aZ:-0.385,gX:-55.847,gY:-21.545,gZ:-29.358
aX:-0.964,aY:0.014,aZ:-0.368,gX:-60.059,gY:-21.423,gZ:-34.119
aX:-0.927,aY:0.025,aZ:-0.288,gX:-64.392,gY:-17.700,gZ:-31.128
aX:-0.863,aY:0.041,aZ:-0.220,gX:-66.162,gY:-12.512,gZ:-25.208
aX:-0.797,aY:0.046,aZ:-0.187,gX:-71.106,gY:-11.169,gZ:-19.409
aX:-0.772,aY:0.057,aZ:-0.223,gX:-75.317,gY:-12.878,gZ:-14.465
aX:-0.861,aY:0.116,aZ:-0.194,gX:-73.853,gY:-18.921,gZ:-8.606
aX:-0.924,aY:0.141,aZ:-0.195,gX:-68.054,gY:-18.494,gZ:-5.005
aX:-0.975,aY:0.143,aZ:-0.186,gX:-66.101,gY:-17.700,gZ:-4.639
aX:-1.004,aY:0.150,aZ:-0.204,gX:-58.960,gY:-19.470,gZ:-4.456
aX:-1.028,aY:0.180,aZ:-0.213,gX:-57.434,gY:-17.639,gZ:-6.226
aX:-1.041,aY:0.211,aZ:-0.225,gX:-52.551,gY:-14.343,gZ:-10.010
aX:-1.019,aY:0.204,aZ:-0.224,gX:-44.189,gY:-7.385,gZ:-10.376
aX:-0.970,aY:0.200,aZ:-0.208,gX:-38.757,gY:-2.869,gZ:-9.460
aX:-0.949,aY:0.206,aZ:-0.152,gX:-32.104,gY:1.282,gZ:-4.700
aX:-0.899,aY:0.188,aZ:-0.123,gX:-31.860,gY:2.686,gZ:-2.747
aX:-0.923,aY:0.178,aZ:-0.136,gX:-32.349,gY:-1.648,gZ:-1.892
aX:-0.981,aY:0.152,aZ:-0.217,gX:-34.546,gY:-2.686,gZ:-1.465
aX:-1.049,aY:0.123,aZ:-0.255,gX:-37.537,gY:-0.549,gZ:-1.465
aX:-1.107,aY:0.120,aZ:-0.265,gX:-38.513,gY:5.798,gZ:-2.014
aX:-1.125,aY:0.144,aZ:-0.288,gX:-39.001,gY:9.705,gZ:-4.089
aX:-1.124,aY:0.159,aZ:-0.375,gX:-33.630,gY:12.024,gZ:-7.202
aX:-1.156,aY:0.143,aZ:-0.510,gX:-24.109,gY:13.428,gZ:-10.132
aX:-1.304,aY:0.047,aZ:-0.493,gX:-3.540,gY:16.113,gZ:-8.789
aX:-1.304,aY:-0.027,aZ:-0.604,gX:2.747,gY:11.597,gZ:-7.996
aX:-1.235,aY:-0.172,aZ:-0.552,gX:5.615,gY:7.080,gZ:-9.888
aX:-1.050,aY:-0.241,aZ:-0.514,gX:11.353,gY:8.606,gZ:-16.113
aX:-0.907,aY:-0.306,aZ:-0.341,gX:7.019,gY:7.080,gZ:-20.142
aX:-0.757,aY:-0.280,aZ:-0.175,gX:16.174,gY:18.127,gZ:-6.592
aX:-0.678,aY:-0.196,aZ:-0.133,gX:1.587,gY:25.391,gZ:3.479
aX:-0.735,aY:-0.102,aZ:-0.123,gX:-9.277,gY:33.508,gZ:12.634
aX:-0.814,aY:-0.035,aZ:-0.202,gX:-8.118,gY:43.884,gZ:21.545
aX:-0.900,aY:-0.048,aZ:-0.254,gX:-18.616,gY:36.865,gZ:22.583
aX:-1.020,aY:-0.109,aZ:-0.211,gX:-19.836,gY:26.978,gZ:16.907
aX:-1.141,aY:-0.154,aZ:-0.212,gX:-18.372,gY:12.817,gZ:2.502
aX:-1.118,aY:-0.146,aZ:-0.232,gX:-17.334,gY:3.052,gZ:-10.437
aX:-1.029,aY:-0.095,aZ:-0.205,gX:-18.555,gY:2.258,gZ:-20.081
aX:-0.895,aY:-0.059,aZ:-0.159,gX:-20.691,gY:4.639,gZ:-23.071
aX:-0.784,aY:-0.011,aZ:-0.103,gX:-19.531,gY:6.287,gZ:-20.264
aX:-0.729,aY:0.028,aZ:-0.053,gX:-15.625,gY:6.104,gZ:-15.015
aX:-0.733,aY:0.052,aZ:0.008,gX:-9.766,gY:3.845,gZ:-8.179
aX:-0.818,aY:0.074,aZ:-0.007,gX:-2.258,gY:3.906,gZ:-2.319
aX:-0.905,aY:0.070,aZ:-0.013,gX:2.075,gY:5.127,gZ:-0.977
aX:-0.995,aY:0.036,aZ:0.018,gX:9.094,gY:8.179,gZ:-1.709
aX:-1.036,aY:0.011,aZ:-0.017,gX:15.930,gY:15.503,gZ:-4.761
aX:-1.088,aY:-0.010,aZ:-0.079,gX:25.574,gY:21.118,gZ:-6.042
aX:-1.133,aY:-0.067,aZ:-0.137,gX:25.085,gY:22.034,gZ:-5.554
aX:-1.200,aY:-0.187,aZ:-0.150,gX:12.146,gY:16.052,gZ:-6.775
aX:-1.283,aY:-0.199,aZ:-0.085,gX:22.888,gY:19.958,gZ:-2.136
aX:-1.303,aY:-0.106,aZ:-0.093,gX:32.349,gY:30.518,gZ:6.165
aX:-1.321,aY:-0.037,aZ:-0.426,gX:19.348,gY:29.846,gZ:10.559
aX:-1.277,aY:-0.105,aZ:-0.519,gX:-17.395,gY:24.109,gZ:10.742
aX:-1.060,aY:-0.181,aZ:-0.450,gX:-16.785,gY:4.272,gZ:9.644
aX:-0.914,aY:-0.170,aZ:-0.372,gX:3.479,gY:-9.521,gZ:4.150
aX:-0.796,aY:-0.160,aZ:-0.347,gX:14.282,gY:-12.512,gZ:-0.732
aX:-0.746,aY:-0.117,aZ:-0.404,gX:-0.244,gY:-14.099,gZ:-7.080
aX:-0.828,aY:-0.068,aZ:-0.392,gX:-7.935,gY:-15.137,gZ:-5.615
aX:-0.803,aY:-0.042,aZ:-0.345,gX:-7.507,gY:-16.052,gZ:5.188
aX:-0.728,aY:-0.025,aZ:-0.328,gX:-14.343,gY:-18.188,gZ:9.583
aX:-0.799,aY:-0.030,aZ:-0.322,gX:-10.925,gY:-18.433,gZ:7.812
aX:-0.895,aY:-0.046,aZ:-0.307,gX:-9.521,gY:-16.968,gZ:5.432
aX:-0.985,aY:-0.021,aZ:-0.314,gX:-13.977,gY:-17.395,gZ:-0.183
aX:-1.071,aY:0.027,aZ:-0.358,gX:-21.484,gY:-20.020,gZ:-6.348
aX:-1.075,aY:0.055,aZ:-0.402,gX:-26.428,gY:-21.545,gZ:-10.132
aX:-1.049,aY:0.076,aZ:-0.377,gX:-23.193,gY:-20.996,gZ:-10.620
aX:-0.973,aY:0.104,aZ:-0.331,gX:-22.278,gY:-16.052,gZ:-13.000
aX:-0.912,aY:0.136,aZ:-0.324,gX:-18.494,gY:-16.479,gZ:-12.512
aX:-0.882,aY:0.131,aZ:-0.317,gX:-11.230,gY:-13.062,gZ:-4.822
aX:-0.900,aY:0.096,aZ:-0.290,gX:-7.751,gY:-5.798,gZ:4.272
aX:-0.939,aY:0.053,aZ:-0.283,gX:-7.263,gY:0.671,gZ:10.681
aX:-0.977,aY:0.047,aZ:-0.296,gX:-8.972,gY:4.395,gZ:10.315
aX:-0.979,aY:0.039,aZ:-0.292,gX:-10.803,gY:3.845,gZ:6.226
aX:-0.953,aY:0.045,aZ:-0.303,gX:-11.292,gY:-0.549,gZ:0.427
aX:-0.924,aY:0.051,aZ:-0.325,gX:-11.658,gY:-3.967,gZ:-2.686
aX:-0.914,aY:0.050,aZ:-0.342,gX:-13.672,gY:-6.836,gZ:-2.136
aX:-0.920,aY:0.044,aZ:-0.347,gX:-16.174,gY:-4.700,gZ:0.061
aX:-0.930,aY:0.054,aZ:-0.333,gX:-15.930,gY:0.305,gZ:3.113
aX:-0.917,aY:0.078,aZ:-0.319,gX:-16.602,gY:4.211,gZ:4.517
aX:-0.928,aY:0.092,aZ:-0.317,gX:-18.616,gY:3.845,gZ:2.441
aX:-0.949,aY:0.099,aZ:-0.331,gX:-17.944,gY:2.625,gZ:0.488
aX:-0.972,aY:0.087,aZ:-0.343,gX:-18.982,gY:2.563,gZ:-1.160
aX:-0.971,aY:0.053,aZ:-0.345,gX:-19.226,gY:3.723,gZ:-1.160
aX:-0.966,aY:0.026,aZ:-0.366,gX:-19.348,gY:5.127,gZ:-0.793
aX:-0.962,aY:0.021,aZ:-0.369,gX:-20.081,gY:7.385,gZ:-0.366
aX:-0.961,aY:0.042,aZ:-0.370,gX:-19.653,gY:5.859,gZ:-1.831
aX:-0.953,aY:0.051,aZ:-0.375,gX:-18.738,gY:3.723,gZ:-3.967
aX:-0.954,aY:0.038,aZ:-0.386,gX:-17.212,gY:0.000,gZ:-6.531
aX:-0.991,aY:-0.000,aZ:-0.349,gX:-13.916,gY:-0.244,gZ:-7.507
aX:-1.000,aY:-0.046,aZ:-0.324,gX:-10.986,gY:1.648,gZ:-4.944
aX:-0.992,aY:-0.096,aZ:-0.301,gX:-12.207,gY:3.967,gZ:-1.282
aX:-0.976,aY:-0.093,aZ:-0.297,gX:-15.808,gY:5.310,gZ:0.488
aX:-0.954,aY:-0.065,aZ:-0.317,gX:-20.447,gY:5.310,gZ:-0.916
aX:-0.935,aY:-0.060,aZ:-0.323,gX:-24.963,gY:3.967,gZ:-3.235
aX:-0.913,aY:-0.063,aZ:-0.323,gX:-26.184,gY:1.953,gZ:-5.737
aX:-0.907,aY:-0.078,aZ:-0.300,gX:-24.536,gY:1.953,gZ:-6.958
aX:-0.896,aY:-0.101,aZ:-0.282,gX:-23.621,gY:2.075,gZ:-6.836
aX:-0.876,aY:-0.118,aZ:-0.279,gX:-24.902,gY:2.136,gZ:-6.042
aX:-0.877,aY:-0.135,aZ:-0.269,gX:-26.489,gY:0.854,gZ:-4.822
aX:-0.900,aY:-0.143,aZ:-0.273,gX:-29.236,gY:-1.038,gZ:-3.357
aX:-0.934,aY:-0.159,aZ:-0.281,gX:-32.593,gY:-2.075,gZ:-1.770
aX:-0.972,aY:-0.168,aZ:-0.285,gX:-34.058,gY:-2.258,gZ:-0.854
aX:-0.987,aY:-0.177,aZ:-0.291,gX:-35.767,gY:-2.319,gZ:-1.038
aX:-0.999,aY:-0.174,aZ:-0.282,gX:-35.583,gY:-1.648,gZ:-2.258
aX:-1.013,aY:-0.153,aZ:-0.276,gX:-36.194,gY:-0.305,gZ:-3.845
aX:-1.028,aY:-0.125,aZ:-0.273,gX:-36.865,gY:0.122,gZ:-4.700
aX:-1.036,aY:-0.109,aZ:-0.261,gX:-36.804,gY:1.221,gZ:-3.662
aX:-1.047,aY:-0.122,aZ:-0.252,gX:-36.255,gY:1.892,gZ:-2.014
aX:-1.057,aY:-0.125,aZ:-0.252,gX:-34.180,gY:2.014,gZ:-0.916
aX:-1.049,aY:-0.130,aZ:-0.272,gX:-36.621,gY:0.793,gZ:-1.038
aX:-1.029,aY:-0.147,aZ:-0.281,gX:-40.833,gY:0.732,gZ:-0.671
aX:-0.996,aY:-0.154,aZ:-0.266,gX:-45.715,gY:-1.038,gZ:-1.892
aX:-0.990,aY:-0.162,aZ:-0.243,gX:-43.518,gY:-3.967,gZ:-0.793
aX:-0.941,aY:-0.089,aZ:-0.239,gX:-42.236,gY:-5.798,gZ:-0.732
aX:-0.906,aY:-0.099,aZ:-0.252,gX:-49.377,gY:-5.371,gZ:0.000
aX:-0.908,aY:-0.113,aZ:-0.239,gX:-50.781,gY:-3.967,gZ:0.122
aX:-0.934,aY:-0.116,aZ:-0.219,gX:-50.293,gY:-4.395,gZ:0.366
aX:-0.953,aY:-0.138,aZ:-0.225,gX:-49.866,gY:-5.493,gZ:1.160
aX:-0.957,aY:-0.140,aZ:-0.252,gX:-51.392,gY:-7.141,gZ:0.977
aX:-0.967,aY:-0.130,aZ:-0.236,gX:-50.049,gY:-7.568,gZ:0.732
aX:-0.979,aY:-0.116,aZ:-0.233,gX:-46.387,gY:-5.493,gZ:0.366
aX:-0.998,aY:-0.094,aZ:-0.238,gX:-44.312,gY:-3.601,gZ:-0.305
aX:-0.989,aY:-0.088,aZ:-0.266,gX:-45.105,gY:-3.113,gZ:-1.404
aX:-0.990,aY:-0.071,aZ:-0.260,gX:-52.246,gY:-5.798,gZ:-4.395
aX:-0.979,aY:-0.068,aZ:-0.254,gX:-49.866,gY:-5.249,gZ:-6.531
aX:-0.972,aY:-0.062,aZ:-0.235,gX:-49.133,gY:-5.737,gZ:-9.033
aX:-0.980,aY:-0.047,aZ:-0.213,gX:-42.786,gY:-3.723,gZ:-9.216
aX:-0.988,aY:-0.047,aZ:-0.215,gX:-38.696,gY:-1.709,gZ:-8.057
aX:-1.002,aY:-0.051,aZ:-0.225,gX:-36.072,gY:-0.366,gZ:-6.531
aX:-1.007,aY:-0.058,aZ:-0.238,gX:-34.424,gY:-0.061,gZ:-5.493
aX:-1.004,aY:-0.074,aZ:-0.247,gX:-34.058,gY:-0.305,gZ:-5.432
aX:-0.992,aY:-0.093,aZ:-0.249,gX:-32.043,gY:-0.122,gZ:-5.249
aX:-0.952,aY:-0.113,aZ:-0.277,gX:-31.250,gY:-0.610,gZ:-5.310
aX:-0.934,aY:-0.137,aZ:-0.266,gX:-31.494,gY:-3.174,gZ:-6.042
aX:-0.933,aY:-0.142,aZ:-0.237,gX:-30.334,gY:-0.793,gZ:-5.737
aX:-0.934,aY:-0.140,aZ:-0.258,gX:-31.860,gY:-0.305,gZ:-5.310
aX:-0.948,aY:-0.129,aZ:-0.263,gX:-34.485,gY:-2.319,gZ:-4.578
aX:-0.939,aY:-0.136,aZ:-0.295,gX:-36.621,gY:-5.066,gZ:-4.700
aX:-0.930,aY:-0.137,aZ:-0.301,gX:-37.292,gY:-8.423,gZ:-5.554
aX:-0.925,aY:-0.132,aZ:-0.288,gX:-35.828,gY:-8.606,gZ:-7.812
aX:-0.905,aY:-0.122,aZ:-0.287,gX:-33.936,gY:-8.057,gZ:-10.437
aX:-0.894,aY:-0.108,aZ:-0.269,gX:-32.227,gY:-9.583,gZ:-11.902
aX:-0.913,aY:-0.078,aZ:-0.265,gX:-29.358,gY:-11.230,gZ:-12.817
aX:-0.944,aY:-0.056,aZ:-0.297,gX:-26.733,gY:-10.132,gZ:-10.803
aX:-1.017,aY:-0.052,aZ:-0.322,gX:-26.733,gY:-10.254,gZ:-5.493
aX:-1.090,aY:-0.069,aZ:-0.314,gX:-22.217,gY:-7.019,gZ:2.808
aX:-1.109,aY:-0.071,aZ:-0.340,gX:-17.456,gY:-2.930,gZ:9.338
aX:-1.071,aY:-0.081,aZ:-0.356,gX:-19.897,gY:1.160,gZ:9.460
aX:-1.041,aY:-0.056,aZ:-0.315,gX:-17.639,gY:3.418,gZ:5.554
aX:-0.918,aY:-0.034,aZ:-0.294,gX:-17.456,gY:3.845,gZ:-0.916
aX:-0.867,aY:0.014,aZ:-0.217,gX:-14.038,gY:-10.925,gZ:-3.235
aX:-0.820,aY:0.055,aZ:-0.197,gX:-5.066,gY:-16.052,gZ:-1.892
aX:-0.788,aY:0.059,aZ:-0.251,gX:-4.089,gY:-17.578,gZ:0.244
aX:-0.860,aY:0.064,aZ:-0.252,gX:-1.831,gY:-27.039,gZ:8.057
aX:-0.946,aY:0.048,aZ:-0.275,gX:-2.380,gY:-23.315,gZ:14.404
aX:-1.024,aY:0.036,aZ:-0.288,gX:-3.418,gY:-19.165,gZ:16.296
aX:-1.092,aY:0.042,aZ:-0.314,gX:-2.991,gY:-15.259,gZ:14.893
aX:-1.127,aY:0.054,aZ:-0.352,gX:-5.249,gY:-13.855,gZ:8.667
aX:-1.121,aY:0.072,aZ:-0.373,gX:-5.676,gY:-12.024,gZ:-0.244
aX:-1.076,aY:0.085,aZ:-0.388,gX:-4.333,gY:-7.324,gZ:-8.789
aX:-1.014,aY:0.089,aZ:-0.356,gX:-1.831,gY:-2.136,gZ:-14.343
aX:-0.975,aY:0.063,aZ:-0.311,gX:0.671,gY:2.441,gZ:-16.174
aX:-0.948,aY:0.043,aZ:-0.268,gX:0.305,gY:7.263,gZ:-17.456
aX:-0.944,aY:0.045,aZ:-0.258,gX:-1.953,gY:10.742,gZ:-17.639
aX:-0.956,aY:0.051,aZ:-0.281,gX:-5.188,gY:12.756,gZ:-15.564
aX:-0.968,aY:0.041,aZ:-0.314,gX:-7.996,gY:15.503,gZ:-11.902
aX:-0.959,aY:0.009,aZ:-0.338,gX:-9.216,gY:19.043,gZ:-8.972
aX:-0.954,aY:-0.011,aZ:-0.344,gX:-8.240,gY:22.278,gZ:-7.568
aX:-0.944,aY:-0.020,aZ:-0.345,gX:-5.981,gY:23.621,gZ:-7.874
aX:-0.945,aY:-0.037,aZ:-0.335,gX:-3.357,gY:21.851,gZ:-8.484
aX:-0.944,aY:-0.048,aZ:-0.315,gX:-0.183,gY:17.822,gZ:-9.094
aX:-0.935,aY:-0.063,aZ:-0.293,gX:3.479,gY:13.245,gZ:-8.789
aX:-0.938,aY:-0.074,aZ:-0.267,gX:4.822,gY:9.949,gZ:-7.385
aX:-0.942,aY:-0.085,aZ:-0.254,gX:3.479,gY:7.507,gZ:-5.737
aX:-0.943,aY:-0.072,aZ:-0.252,gX:0.488,gY:3.906,gZ:-4.150
aX:-0.953,aY:-0.057,aZ:-0.261,gX:-2.197,gY:0.610,gZ:-3.235
aX:-0.970,aY:-0.048,aZ:-0.266,gX:-4.089,gY:-0.244,gZ:-2.869
aX:-0.975,aY:-0.044,aZ:-0.261,gX:-4.944,gY:1.465,gZ:-3.113
aX:-1.045,aY:-0.137,aZ:-0.415,gX:17.395,gY:2.380,gZ:-1.831
aX:-1.007,aY:-0.191,aZ:-0.416,gX:23.987,gY:3.479,gZ:-1.770
aX:-0.967,aY:-0.210,aZ:-0.381,gX:27.222,gY:9.094,gZ:2.930
aX:-0.940,aY:-0.236,aZ:-0.289,gX:27.771,gY:21.973,gZ:12.390
aX:-0.924,aY:-0.224,aZ:-0.194,gX:25.757,gY:36.926,gZ:23.376
aX:-0.892,aY:-0.143,aZ:-0.161,gX:19.836,gY:43.640,gZ:29.541
aX:-0.951,aY:-0.091,aZ:-0.165,gX:15.808,gY:45.898,gZ:33.020
aX:-1.019,aY:-0.097,aZ:-0.206,gX:21.362,gY:39.795,gZ:34.973
aX:-1.080,aY:-0.141,aZ:-0.234,gX:28.381,gY:24.597,gZ:35.217
aX:-1.103,aY:-0.178,aZ:-0.246,gX:19.226,gY:13.123,gZ:28.076
aX:-1.072,aY:-0.167,aZ:-0.221,gX:4.150,gY:6.531,gZ:14.343
aX:-0.989,aY:-0.136,aZ:-0.175,gX:-13.733,gY:4.456,gZ:3.052
aX:-0.903,aY:-0.084,aZ:-0.165,gX:-23.804,gY:2.136,gZ:-2.136
aX:-0.837,aY:-0.051,aZ:-0.146,gX:-28.748,gY:1.160,gZ:-2.197
aX:-0.842,aY:-0.033,aZ:-0.097,gX:-28.809,gY:7.324,gZ:3.906
aX:-0.833,aY:-0.035,aZ:-0.075,gX:-32.043,gY:11.047,gZ:11.658
aX:-0.863,aY:0.016,aZ:-0.057,gX:-38.757,gY:8.057,gZ:12.329
aX:-0.886,aY:0.061,aZ:-0.071,gX:-37.231,gY:7.324,gZ:7.629
aX:-0.888,aY:0.079,aZ:-0.083,gX:-29.968,gY:6.531,gZ:1.648
aX:-0.875,aY:0.076,aZ:-0.078,gX:-20.569,gY:3.418,gZ:-3.784
aX:-0.843,aY:0.057,aZ:-0.067,gX:-12.146,gY:-0.366,gZ:-8.423
aX:-0.812,aY:-0.001,aZ:-0.063,gX:-16.785,gY:-4.517,gZ:-15.259
aX:-0.803,aY:-0.007,aZ:-0.014,gX:-27.283,gY:-13.977,gZ:-21.545
aX:-0.815,aY:0.021,aZ:0.020,gX:-23.926,gY:-19.348,gZ:-20.630
aX:-0.791,aY:0.080,aZ:0.010,gX:-14.465,gY:-16.541,gZ:-17.517
aX:-0.813,aY:0.118,aZ:0.002,gX:-1.465,gY:-10.071,gZ:-13.245
aX:-0.831,aY:0.116,aZ:-0.003,gX:16.052,gY:2.136,gZ:-6.775
aX:-0.883,aY:0.099,aZ:0.015,gX:29.724,gY:11.719,gZ:-2.136
aX:-0.949,aY:0.078,aZ:0.062,gX:39.978,gY:17.395,gZ:1.343
aX:-1.041,aY:0.056,aZ:0.090,gX:46.997,gY:17.517,gZ:4.761
aX:-1.167,aY:0.044,aZ:0.043,gX:50.903,gY:14.465,gZ:8.728
aX:-1.285,aY:0.038,aZ:-0.041,gX:51.941,gY:12.695,gZ:11.353
aX:-1.350,aY:0.016,aZ:-0.083,gX:41.504,gY:8.728,gZ:10.193
aX:-1.418,aY:-0.033,aZ:-0.041,gX:24.780,gY:0.671,gZ:10.315
aX:-1.423,aY:-0.135,aZ:0.039,gX:13.916,gY:-2.625,gZ:15.137
aX:-1.378,aY:-0.223,aZ:0.102,gX:11.963,gY:-1.831,gZ:20.569
aX:-1.373,aY:-0.268,aZ:0.140,gX:17.517,gY:4.700,gZ:22.766
aX:-1.607,aY:-0.336,aZ:-0.028,gX:32.349,gY:27.954,gZ:26.855
aX:-1.608,aY:-0.391,aZ:-0.201,gX:19.531,gY:61.279,gZ:38.574
aX:-1.173,aY:-0.392,aZ:-0.184,gX:-32.227,gY:19.531,gZ:23.315
aX:-0.906,aY:-0.164,aZ:-0.221,gX:-36.377,gY:-35.767,gZ:-12.146
aX:-0.751,aY:0.064,aZ:-0.221,gX:-4.395,gY:-27.832,gZ:-19.104
aX:-0.572,aY:0.127,aZ:-0.417,gX:15.808,gY:7.812,gZ:-18.066
aX:-0.486,aY:0.084,aZ:-0.508,gX:-5.432,gY:18.616,gZ:-21.118
aX:-0.519,aY:0.118,aZ:-0.367,gX:-18.616,gY:0.061,gZ:-4.456
aX:-0.608,aY:0.025,aZ:-0.246,gX:-9.521,gY:-29.541,gZ:27.283
aX:-0.817,aY:-0.130,aZ:-0.130,gX:4.028,gY:-22.583,gZ:39.307
aX:-1.151,aY:-0.265,aZ:-0.181,gX:9.216,gY:-0.122,gZ:29.480
aX:-1.227,aY:-0.147,aZ:-0.225,gX:0.000,gY:-5.310,gZ:13.306
aX:-1.132,aY:-0.037,aZ:-0.304,gX:-6.775,gY:-18.555,gZ:-7.935
aX:-1.165,aY:0.052,aZ:-0.337,gX:-3.418,gY:-18.738,gZ:-36.682
aX:-1.086,aY:0.114,aZ:-0.261,gX:-1.953,gY:-15.625,gZ:-52.979
aX:-0.854,aY:0.062,aZ:-0.170,gX:-2.747,gY:-10.986,gZ:-49.377
aX:-0.657,aY:-0.001,aZ:-0.077,gX:-5.310,gY:-4.578,gZ:-39.856
aX:-0.547,aY:-0.001,aZ:-0.071,gX:-11.475,gY:-3.479,gZ:-27.832
aX:-0.592,aY:0.038,aZ:-0.131,gX:-17.334,gY:-4.517,gZ:-12.329
aX:-0.717,aY:0.056,aZ:-0.152,gX:-23.071,gY:-6.348,gZ:0.244
aX:-0.863,aY:0.018,aZ:-0.184,gX:-31.433,gY:-11.047,gZ:7.812
aX:-0.975,aY:0.000,aZ:-0.174,gX:-39.307,gY:-15.442,gZ:9.766
aX:-1.043,aY:0.037,aZ:-0.213,gX:-41.199,gY:-17.151,gZ:7.568
aX:-1.075,aY:0.099,aZ:-0.260,gX:-36.743,gY:-17.517,gZ:5.005
aX:-1.081,aY:0.123,aZ:-0.252,gX:-30.884,gY:-7.751,gZ:5.310
aX:-1.051,aY:0.092,aZ:-0.212,gX:-30.334,gY:7.935,gZ:4.700
aX:-1.008,aY:0.076,aZ:-0.215,gX:-34.180,gY:15.869,gZ:1.160
aX:-1.008,aY:0.053,aZ:-0.211,gX:-34.241,gY:14.465,gZ:-0.305
aX:-1.075,aY:0.044,aZ:-0.201,gX:-35.217,gY:10.071,gZ:0.549
aX:-1.181,aY:0.067,aZ:-0.181,gX:-42.114,gY:6.531,gZ:4.211
aX:-1.294,aY:0.106,aZ:-0.223,gX:-50.354,gY:2.136,gZ:8.850
aX:-1.251,aY:0.198,aZ:-0.221,gX:-57.556,gY:1.587,gZ:7.996
aX:-1.070,aY:0.338,aZ:-0.202,gX:-55.176,gY:2.136,gZ:-2.319
aX:-0.977,aY:0.419,aZ:-0.460,gX:-41.565,gY:-11.353,gZ:-17.029
aX:-1.121,aY:0.392,aZ:-0.450,gX:8.362,gY:-21.790,gZ:-22.522
aX:-1.022,aY:0.208,aZ:-0.699,gX:50.049,gY:-28.564,gZ:-27.161
aX:-0.963,aY:-0.167,aZ:-0.917,gX:95.764,gY:-24.780,gZ:-29.297
aX:-1.117,aY:-0.569,aZ:-0.384,gX:106.873,gY:1.587,gZ:-9.460
aX:-1.205,aY:-0.570,aZ:-0.032,gX:67.749,gY:11.292,gZ:9.705
aX:-1.206,aY:-0.391,aZ:-0.154,gX:35.522,gY:9.949,gZ:26.672
aX:-1.176,aY:-0.135,aZ:-0.321,gX:9.644,gY:25.635,gZ:37.598
aX:-1.011,aY:-0.002,aZ:-0.294,gX:-4.272,gY:46.936,gZ:32.898
aX:-0.930,aY:0.150,aZ:-0.266,gX:11.658,gY:53.894,gZ:21.606
aX:-0.858,aY:0.243,aZ:-0.208,gX:35.645,gY:38.086,gZ:7.812
aX:-0.792,aY:0.140,aZ:-0.151,gX:42.114,gY:14.221,gZ:-0.305
aX:-0.754,aY:-0.021,aZ:-0.154,gX:38.086,gY:-1.831,gZ:-7.385
aX:-0.743,aY:-0.077,aZ:-0.152,gX:35.706,gY:1.709,gZ:-10.620
aX:-0.740,aY:-0.098,aZ:-0.125,gX:29.663,gY:5.371,gZ:-2.441
aX:-0.733,aY:-0.181,aZ:-0.094,gX:22.339,gY:11.536,gZ:10.620
aX:-0.676,aY:-0.202,aZ:-0.082,gX:15.869,gY:18.127,gZ:16.418
aX:-0.591,aY:-0.110,aZ:-0.072,gX:14.954,gY:23.987,gZ:15.137
aX:-0.644,aY:-0.024,aZ:-0.078,gX:19.531,gY:26.794,gZ:11.108
aX:-0.781,aY:-0.016,aZ:-0.064,gX:21.240,gY:21.118,gZ:2.686
aX:-0.903,aY:-0.054,aZ:-0.015,gX:17.090,gY:10.132,gZ:-7.080
aX:-1.005,aY:-0.062,aZ:0.011,gX:17.578,gY:-2.075,gZ:-19.226
aX:-1.080,aY:-0.006,aZ:-0.002,gX:21.667,gY:-9.644,gZ:-27.222
aX:-1.097,aY:0.066,aZ:0.057,gX:24.109,gY:-5.188,gZ:-26.733
aX:-1.101,aY:0.134,aZ:0.047,gX:44.739,gY:12.085,gZ:-13.489
aX:-1.126,aY:0.154,aZ:0.001,gX:72.998,gY:39.124,gZ:2.686
aX:-1.132,aY:0.322,aZ:-0.045,gX:92.102,gY:48.157,gZ:13.306
aX:-1.231,aY:0.221,aZ:-0.233,gX:66.956,gY:29.297,gZ:10.620
aX:-1.431,aY:0.096,aZ:-0.039,gX:41.809,gY:10.864,gZ:14.099
aX:-1.305,aY:0.169,aZ:0.111,gX:62.988,gY:12.573,gZ:17.639
aX:-1.070,aY:0.150,aZ:0.119,gX:75.195,gY:10.376,gZ:13.062
aX:-1.144,aY:0.038,aZ:0.146,gX:81.665,gY:17.639,gZ:6.958
aX:-1.584,aY:-0.023,aZ:-0.103,gX:86.975,gY:55.359,gZ:11.658
aX:-1.551,aY:-0.198,aZ:-0.485,gX:26.978,gY:42.725,gZ:20.508
aX:-1.458,aY:-0.607,aZ:-0.688,gX:-11.536,gY:-37.109,gZ:28.625
aX:-1.059,aY:-0.339,aZ:-0.549,gX:29.419,gY:-35.889,gZ:26.855
aX:-0.785,aY:-0.061,aZ:-0.396,gX:36.438,gY:-21.118,gZ:11.475
aX:-0.511,aY:0.113,aZ:-0.391,gX:22.217,gY:-7.812,gZ:2.380
aX:-0.428,aY:0.186,aZ:-0.297,gX:22.583,gY:-4.272,gZ:7.874
aX:-0.481,aY:0.197,aZ:-0.237,gX:17.822,gY:-7.996,gZ:18.127
aX:-0.551,aY:0.088,aZ:-0.215,gX:25.146,gY:-25.757,gZ:20.447
aX:-0.855,aY:-0.010,aZ:-0.198,gX:46.814,gY:-41.260,gZ:23.132
aX:-1.058,aY:-0.040,aZ:-0.222,gX:48.523,gY:-43.762,gZ:17.761
aX:-1.149,aY:0.025,aZ:-0.320,gX:40.527,gY:-49.377,gZ:4.456
aX:-1.157,aY:0.085,aZ:-0.380,gX:35.828,gY:-49.072,gZ:-6.592
aX:-1.090,aY:0.088,aZ:-0.362,gX:38.818,gY:-37.659,gZ:-11.963
aX:-0.896,aY:0.073,aZ:-0.281,gX:39.368,gY:-22.705,gZ:-13.245
aX:-0.743,aY:0.113,aZ:-0.186,gX:38.147,gY:-11.475,gZ:-9.277
aX:-0.651,aY:0.145,aZ:-0.129,gX:35.095,gY:-8.484,gZ:-1.892
aX:-0.604,aY:0.128,aZ:-0.143,gX:37.964,gY:-10.742,gZ:11.292
aX:-0.684,aY:0.078,aZ:-0.150,gX:34.546,gY:-11.841,gZ:27.100
aX:-0.831,aY:0.032,aZ:-0.168,gX:30.701,gY:-7.263,gZ:41.626
aX:-0.955,aY:0.007,aZ:-0.223,gX:20.142,gY:-7.568,gZ:43.884
aX:-0.988,aY:0.009,aZ:-0.265,gX:16.296,gY:-8.484,gZ:37.842
aX:-1.006,aY:0.021,aZ:-0.303,gX:16.113,gY:-10.864,gZ:29.236
aX:-1.019,aY:0.041,aZ:-0.296,gX:18.982,gY:-4.822,gZ:27.283
aX:-1.017,aY:0.020,aZ:-0.271,gX:14.160,gY:7.324,gZ:30.762
aX:-1.023,aY:-0.026,aZ:-0.284,gX:4.517,gY:16.479,gZ:34.119
aX:-1.132,aY:-0.159,aZ:-0.239,gX:1.038,gY:20.508,gZ:38.086
aX:-1.171,aY:-0.198,aZ:-0.148,gX:-10.010,gY:23.376,gZ:36.133
aX:-1.160,aY:-0.046,aZ:-0.162,gX:-30.212,gY:8.911,gZ:23.193
aX:-1.135,aY:0.102,aZ:-0.174,gX:-36.804,gY:-2.991,gZ:8.911
aX:-1.123,aY:0.250,aZ:-0.157,gX:-34.546,gY:-5.310,gZ:-2.441
aX:-1.144,aY:0.388,aZ:-0.152,gX:-29.297,gY:-3.601,gZ:-14.771
aX:-1.183,aY:0.498,aZ:-0.180,gX:-22.522,gY:-2.991,gZ:-25.146
aX:-1.159,aY:0.442,aZ:-0.379,gX:-12.512,gY:-12.451,gZ:-32.532
aX:-1.240,aY:0.399,aZ:-0.508,gX:14.954,gY:-29.114,gZ:-35.461
aX:-1.177,aY:0.237,aZ:-0.755,gX:56.152,gY:-30.029,gZ:-32.654
aX:-1.034,aY:-0.056,aZ:-0.877,gX:103.149,gY:-22.034,gZ:-30.212
aX:-0.916,aY:-0.307,aZ:-0.678,gX:126.465,gY:0.549,gZ:-16.357
aX:-0.985,aY:-0.301,aZ:-0.307,gX:105.896,gY:12.695,gZ:0.061
aX:-1.007,aY:-0.290,aZ:-0.267,gX:81.787,gY:11.780,gZ:24.231
aX:-1.101,aY:-0.303,aZ:-0.323,gX:63.293,gY:24.597,gZ:43.884
aX:-1.120,aY:-0.342,aZ:-0.304,gX:49.744,gY:43.152,gZ:47.729
aX:-1.116,aY:-0.254,aZ:-0.209,gX:42.175,gY:50.720,gZ:33.508
aX:-1.050,aY:-0.133,aZ:-0.186,gX:43.396,gY:38.147,gZ:14.893
aX:-0.885,aY:-0.050,aZ:-0.239,gX:39.185,gY:16.235,gZ:-3.784
aX:-0.810,aY:-0.038,aZ:-0.236,gX:36.255,gY:3.845,gZ:-14.099
aX:-0.780,aY:0.008,aZ:-0.201,gX:40.588,gY:3.723,gZ:-17.822
aX:-0.748,aY:0.065,aZ:-0.178,gX:46.021,gY:8.118,gZ:-11.169
aX:-0.699,aY:0.038,aZ:-0.186,gX:50.415,gY:10.803,gZ:3.479
aX:-0.645,aY:-0.045,aZ:-0.150,gX:48.401,gY:14.160,gZ:18.677
aX:-0.621,aY:-0.149,aZ:-0.096,gX:41.687,gY:20.752,gZ:28.442
aX:-0.657,aY:-0.221,aZ:-0.035,gX:32.837,gY:27.100,gZ:28.259
aX:-0.699,aY:-0.188,aZ:-0.027,gX:26.672,gY:30.640,gZ:19.287
aX:-0.761,aY:-0.113,aZ:-0.030,gX:27.893,gY:31.128,gZ:6.958
aX:-0.813,aY:-0.056,aZ:-0.024,gX:28.992,gY:26.428,gZ:-7.141
aX:-0.862,aY:-0.023,aZ:-0.041,gX:26.184,gY:14.343,gZ:-22.766
aX:-0.939,aY:0.020,aZ:-0.015,gX:27.161,gY:7.385,gZ:-37.231
aX:-1.038,aY:0.090,aZ:0.009,gX:27.710,gY:6.531,gZ:-43.762
aX:-1.094,aY:0.155,aZ:-0.029,gX:42.114,gY:14.404,gZ:-37.720
aX:-1.127,aY:0.108,aZ:-0.084,gX:62.500,gY:22.400,gZ:-24.536
aX:-1.207,aY:0.108,aZ:0.018,gX:72.327,gY:30.457,gZ:-10.132
aX:-1.164,aY:0.148,aZ:0.000,gX:66.162,gY:28.381,gZ:-1.648
aX:-1.247,aY:0.084,aZ:0.019,gX:26.611,gY:4.517,gZ:-1.404
aX:-1.375,aY:0.090,aZ:0.140,gX:20.508,gY:-5.554,gZ:4.700
aX:-1.275,aY:0.172,aZ:0.234,gX:43.640,gY:-1.099,gZ:10.315
aX:-1.176,aY:0.184,aZ:0.230,gX:51.025,gY:8.179,gZ:8.240
aX:-1.199,aY:0.087,aZ:0.180,gX:55.725,gY:21.667,gZ:6.165
aX:-1.439,aY:-0.027,aZ:-0.004,gX:75.378,gY:45.349,gZ:18.616
aX:-1.533,aY:-0.107,aZ:-0.608,gX:40.283,gY:45.288,gZ:33.691
aX:-1.351,aY:-0.487,aZ:-0.705,gX:-32.593,gY:-22.827,gZ:37.415
aX:-1.111,aY:-0.377,aZ:-0.490,gX:3.296,gY:-27.893,gZ:27.832
aX:-0.881,aY:-0.126,aZ:-0.396,gX:20.386,gY:-10.559,gZ:16.968
aX:-0.666,aY:0.017,aZ:-0.360,gX:12.268,gY:-8.545,gZ:8.423
aX:-0.537,aY:0.084,aZ:-0.213,gX:16.541,gY:-7.751,gZ:7.629
aX:-0.525,aY:0.106,aZ:-0.194,gX:11.108,gY:-19.897,gZ:6.592
aX:-0.631,aY:0.029,aZ:-0.170,gX:14.893,gY:-34.363,gZ:0.488
aX:-0.927,aY:-0.022,aZ:-0.159,gX:29.602,gY:-43.884,gZ:-3.540
aX:-1.122,aY:-0.010,aZ:-0.209,gX:29.663,gY:-43.701,gZ:-8.606
aX:-1.119,aY:0.036,aZ:-0.307,gX:21.057,gY:-46.082,gZ:-13.367
aX:-1.048,aY:0.092,aZ:-0.348,gX:14.648,gY:-42.542,gZ:-18.677
aX:-0.922,aY:0.145,aZ:-0.326,gX:13.611,gY:-30.396,gZ:-18.860
aX:-0.744,aY:0.122,aZ:-0.283,gX:10.376,gY:-17.029,gZ:-14.648
aX:-0.667,aY:0.094,aZ:-0.197,gX:13.123,gY:-4.211,gZ:-4.395
aX:-0.679,aY:0.048,aZ:-0.134,gX:13.550,gY:1.648,gZ:5.432
aX:-0.718,aY:0.044,aZ:-0.099,gX:10.742,gY:1.404,gZ:17.761
aX:-0.794,aY:0.011,aZ:-0.101,gX:2.991,gY:-3.479,gZ:25.024
aX:-0.892,aY:-0.009,aZ:-0.129,gX:-6.592,gY:-6.653,gZ:24.231
aX:-0.985,aY:0.009,aZ:-0.160,gX:-16.724,gY:-10.498,gZ:15.625
aX:-1.048,aY:0.055,aZ:-0.226,gX:-22.156,gY:-13.977,gZ:4.761
aX:-1.042,aY:0.055,aZ:-0.290,gX:-20.752,gY:-11.475,gZ:-1.648
aX:-1.030,aY:0.029,aZ:-0.283,gX:-16.541,gY:-1.099,gZ:-2.808
aX:-1.078,aY:0.042,aZ:-0.203,gX:-18.127,gY:11.047,gZ:-2.747
aX:-1.105,aY:0.116,aZ:-0.179,gX:-28.931,gY:7.080,gZ:-3.845
aX:-1.117,aY:0.210,aZ:-0.227,gX:-37.109,gY:-4.578,gZ:-4.272
aX:-1.074,aY:0.288,aZ:-0.225,gX:-35.583,gY:-5.005,gZ:-6.470
aX:-1.018,aY:0.372,aZ:-0.193,gX:-32.227,gY:-3.845,gZ:-16.296
aX:-0.979,aY:0.424,aZ:-0.254,gX:-27.039,gY:-10.315,gZ:-25.818
aX:-1.049,aY:0.365,aZ:-0.424,gX:-9.583,gY:-30.029,gZ:-31.860
aX:-1.182,aY:0.199,aZ:-0.465,gX:27.893,gY:-30.518,gZ:-28.687
aX:-1.129,aY:-0.025,aZ:-0.606,gX:50.964,gY:-32.288,gZ:-32.593
aX:-1.088,aY:-0.200,aZ:-0.699,gX:82.031,gY:-25.879,gZ:-38.025
aX:-1.123,aY:-0.322,aZ:-0.584,gX:93.628,gY:-6.042,gZ:-31.799
aX:-1.099,aY:-0.420,aZ:-0.286,gX:75.073,gY:12.756,gZ:-13.428
aX:-1.018,aY:-0.407,aZ:-0.228,gX:47.485,gY:18.860,gZ:5.493
aX:-1.031,aY:-0.340,aZ:-0.222,gX:20.386,gY:22.705,gZ:18.311
aX:-1.043,aY:-0.241,aZ:-0.218,gX:5.188,gY:29.358,gZ:19.287
aX:-1.104,aY:-0.100,aZ:-0.207,gX:8.667,gY:43.030,gZ:17.273
aX:-1.096,aY:0.008,aZ:-0.231,gX:12.512,gY:34.363,gZ:9.705
aX:-1.049,aY:-0.003,aZ:-0.238,gX:9.399,gY:15.564,gZ:-0.427
aX:-0.954,aY:-0.057,aZ:-0.282,gX:8.057,gY:0.183,gZ:-7.690
aX:-0.847,aY:-0.024,aZ:-0.259,gX:-13.611,gY:-10.681,gZ:-19.714
aX:-0.829,aY:0.146,aZ:-0.134,gX:-13.489,gY:-11.536,gZ:-18.066
aX:-0.719,aY:0.171,aZ:-0.125,gX:-10.071,gY:-7.751,gZ:-8.118
aX:-0.619,aY:0.107,aZ:-0.107,gX:-14.709,gY:-3.052,gZ:2.075
aX:-0.584,aY:0.019,aZ:-0.057,gX:-11.047,gY:-2.808,gZ:12.939
aX:-0.594,aY:-0.044,aZ:0.004,gX:-0.061,gY:2.625,gZ:22.095
aX:-0.686,aY:-0.086,aZ:0.028,gX:8.972,gY:11.902,gZ:24.231
aX:-0.778,aY:-0.086,aZ:0.042,gX:8.606,gY:11.658,gZ:15.381
aX:-0.816,aY:-0.055,aZ:0.022,gX:3.113,gY:1.648,gZ:3.357
aX:-0.859,aY:-0.015,aZ:-0.007,gX:-1.953,gY:-8.850,gZ:-4.089
aX:-0.939,aY:0.028,aZ:-0.000,gX:-2.563,gY:-16.052,gZ:-11.108
aX:-1.029,aY:0.029,aZ:0.003,gX:1.404,gY:-16.541,gZ:-16.113
aX:-1.132,aY:0.033,aZ:0.055,gX:11.108,gY:-9.399,gZ:-19.409
aX:-1.216,aY:0.144,aZ:0.057,gX:22.766,gY:-2.014,gZ:-20.203
aX:-1.271,aY:0.234,aZ:-0.061,gX:25.085,gY:-1.160,gZ:-19.470
aX:-1.377,aY:0.153,aZ:-0.117,gX:22.217,gY:-7.629,gZ:-11.169
aX:-1.413,aY:0.078,aZ:0.032,gX:19.409,gY:-12.390,gZ:2.075
aX:-1.364,aY:0.072,aZ:0.128,gX:11.841,gY:-11.047,gZ:6.775
aX:-1.363,aY:0.052,aZ:0.032,gX:21.729,gY:2.380,gZ:10.620
aX:-1.436,aY:-0.058,aZ:-0.134,gX:73.181,gY:49.927,gZ:31.799
aX:-1.274,aY:-0.261,aZ:-0.411,gX:89.966,gY:91.858,gZ:44.067
aX:-1.493,aY:-0.602,aZ:-0.696,gX:-2.197,gY:46.570,gZ:21.973
aX:-1.295,aY:-0.616,aZ:-0.634,gX:-14.465,gY:29.053,gZ:24.780
aX:-0.887,aY:-0.186,aZ:-0.455,gX:-33.936,gY:11.475,gZ:2.991
aX:-0.736,aY:0.126,aZ:-0.594,gX:-46.143,gY:-8.057,gZ:-17.822
aX:-0.614,aY:0.130,aZ:-0.434,gX:-36.011,gY:-9.338,gZ:-16.541
aX:-0.517,aY:0.007,aZ:-0.321,gX:-20.569,gY:-21.118,gZ:-3.906
aX:-0.625,aY:-0.077,aZ:-0.153,gX:-2.258,gY:-38.818,gZ:3.479
aX:-0.780,aY:-0.138,aZ:-0.071,gX:-5.981,gY:-18.494,gZ:-7.019
aX:-1.040,aY:-0.192,aZ:-0.095,gX:-28.259,gY:-15.930,gZ:-25.269
aX:-1.254,aY:-0.158,aZ:-0.239,gX:-45.471,gY:-19.897,gZ:-27.405
aX:-1.207,aY:-0.006,aZ:-0.332,gX:-62.378,gY:-31.555,gZ:-27.405
aX:-0.981,aY:0.177,aZ:-0.361,gX:-70.557,gY:-12.573,gZ:-39.673
aX:-0.790,aY:0.281,aZ:-0.328,gX:-84.473,gY:-2.014,gZ:-47.119
aX:-0.630,aY:0.307,aZ:-0.237,gX:-83.130,gY:-1.831,gZ:-39.001
aX:-0.590,aY:0.227,aZ:-0.169,gX:-70.251,gY:-1.465,gZ:-22.888
aX:-0.721,aY:0.060,aZ:-0.157,gX:-43.274,gY:-2.075,gZ:-3.601
aX:-0.736,aY:-0.052,aZ:-0.122,gX:-33.875,gY:3.479,gZ:11.047
aX:-0.869,aY:-0.092,aZ:-0.094,gX:-45.959,gY:1.343,gZ:12.024
aX:-1.028,aY:-0.078,aZ:-0.075,gX:-67.139,gY:1.465,gZ:6.836
aX:-1.109,aY:0.012,aZ:-0.113,gX:-87.524,gY:-4.028,gZ:-1.221
aX:-1.062,aY:0.134,aZ:-0.168,gX:-94.055,gY:-5.859,gZ:-7.385
aX:-0.969,aY:0.212,aZ:-0.229,gX:-87.036,gY:1.770,gZ:-10.498
aX:-0.933,aY:0.211,aZ:-0.220,gX:-75.134,gY:17.639,gZ:-11.597
aX:-0.952,aY:0.190,aZ:-0.161,gX:-67.505,gY:23.987,gZ:-11.597
aX:-1.008,aY:0.191,aZ:-0.157,gX:-62.683,gY:17.029,gZ:-10.315
aX:-1.045,aY:0.202,aZ:-0.120,gX:-58.777,gY:10.376,gZ:-9.155
aX:-1.003,aY:0.233,aZ:-0.055,gX:-56.335,gY:6.592,gZ:-13.184
aX:-0.999,aY:0.296,aZ:-0.013,gX:-56.641,gY:-0.305,gZ:-19.043
aX:-1.012,aY:0.370,aZ:-0.069,gX:-58.472,gY:-9.216,gZ:-22.766
aX:-1.057,aY:0.373,aZ:-0.181,gX:-53.040,gY:-13.916,gZ:-25.024
aX:-1.088,aY:0.219,aZ:-0.295,gX:-37.659,gY:-9.949,gZ:-23.071
aX:-1.154,aY:0.025,aZ:-0.388,gX:-21.179,gY:-6.958,gZ:-23.071
aX:-1.174,aY:-0.109,aZ:-0.542,gX:-1.282,gY:-10.925,gZ:-25.391
aX:-1.131,aY:-0.179,aZ:-0.710,gX:20.203,gY:-23.682,gZ:-35.339
aX:-1.112,aY:-0.261,aZ:-0.725,gX:32.776,gY:-21.606,gZ:-47.302
aX:-1.167,aY:-0.399,aZ:-0.369,gX:29.724,gY:0.488,gZ:-36.072
aX:-1.117,aY:-0.425,aZ:-0.135,gX:11.719,gY:20.569,gZ:-4.944
aX:-1.071,aY:-0.435,aZ:-0.205,gX:-14.893,gY:16.663,gZ:14.709
aX:-1.005,aY:-0.395,aZ:-0.199,gX:-39.001,gY:21.851,gZ:16.907
aX:-1.013,aY:-0.178,aZ:-0.259,gX:-55.237,gY:31.616,gZ:6.897
aX:-1.094,aY:0.052,aZ:-0.278,gX:-74.280,gY:21.851,gZ:2.686
aX:-0.972,aY:0.103,aZ:-0.302,gX:-83.679,gY:-1.160,gZ:1.526
aX:-0.871,aY:0.116,aZ:-0.292,gX:-75.623,gY:-15.076,gZ:-4.517
aX:-0.846,aY:0.194,aZ:-0.202,gX:-61.279,gY:-10.498,gZ:-5.981
aX:-0.818,aY:0.270,aZ:-0.124,gX:-53.711,gY:1.038,gZ:-1.343
aX:-0.772,aY:0.194,aZ:-0.081,gX:-51.270,gY:3.479,gZ:9.033
aX:-0.667,aY:0.069,aZ:-0.023,gX:-48.950,gY:5.859,gZ:16.602
aX:-0.645,aY:0.011,aZ:0.027,gX:-41.992,gY:6.042,gZ:20.874
aX:-0.637,aY:-0.018,aZ:0.062,gX:-33.936,gY:9.216,gZ:21.667
aX:-0.693,aY:0.015,aZ:0.080,gX:-31.494,gY:14.954,gZ:19.470
aX:-0.798,aY:0.034,aZ:0.076,gX:-31.250,gY:11.902,gZ:15.564
aX:-0.877,aY:0.047,aZ:0.050,gX:-32.349,gY:2.808,gZ:8.728
aX:-0.966,aY:0.039,aZ:0.017,gX:-31.616,gY:-6.836,gZ:1.892
aX:-1.100,aY:0.051,aZ:0.051,gX:-25.269,gY:-6.897,gZ:-4.761
aX:-1.188,aY:0.100,aZ:0.077,gX:-17.883,gY:2.930,gZ:-15.930
aX:-1.232,aY:0.139,aZ:0.132,gX:-9.338,gY:12.329,gZ:-23.621
aX:-1.241,aY:0.267,aZ:0.084,gX:19.348,gY:29.541,gZ:-18.738
aX:-1.333,aY:0.258,aZ:-0.100,gX:22.644,gY:27.649,gZ:-19.287
aX:-1.484,aY:0.000,aZ:-0.144,gX:15.198,gY:13.733,gZ:-15.930
aX:-1.544,aY:-0.159,aZ:0.137,gX:-1.953,gY:4.028,gZ:-4.333
aX:-1.523,aY:-0.202,aZ:0.205,gX:-8.606,gY:-0.427,gZ:5.127
aX:-1.629,aY:-0.280,aZ:0.103,gX:11.414,gY:28.320,gZ:30.823
aX:-1.565,aY:-0.372,aZ:-0.063,gX:7.446,gY:76.294,gZ:55.786
aX:-1.242,aY:-0.308,aZ:-0.181,gX:-29.419,gY:52.551,gZ:32.410
aX:-0.916,aY:-0.254,aZ:-0.421,gX:-50.964,gY:30.884,gZ:-13.550
aX:-0.842,aY:-0.184,aZ:-0.452,gX:-51.758,gY:10.071,gZ:-26.367
aX:-0.917,aY:0.099,aZ:-0.547,gX:-48.096,gY:-7.629,gZ:-17.151
aX:-0.884,aY:0.089,aZ:-0.518,gX:-39.917,gY:3.296,gZ:-10.254
aX:-0.673,aY:-0.013,aZ:-0.424,gX:-36.560,gY:17.517,gZ:7.446
aX:-0.529,aY:-0.056,aZ:-0.215,gX:-35.950,gY:-9.705,gZ:17.151
aX:-0.526,aY:-0.081,aZ:-0.110,gX:-27.405,gY:-16.235,gZ:7.629
aX:-0.728,aY:-0.079,aZ:-0.137,gX:-33.264,gY:-14.648,gZ:-9.155
aX:-1.068,aY:-0.139,aZ:-0.227,gX:-42.419,gY:-17.761,gZ:-19.226
aX:-1.169,aY:-0.121,aZ:-0.341,gX:-58.777,gY:-21.484,gZ:-22.583
aX:-1.056,aY:-0.037,aZ:-0.340,gX:-65.918,gY:-24.902,gZ:-31.128
aX:-0.963,aY:0.095,aZ:-0.278,gX:-65.247,gY:-16.724,gZ:-38.086
aX:-0.779,aY:0.186,aZ:-0.201,gX:-71.777,gY:-6.287,gZ:-34.729
aX:-0.602,aY:0.222,aZ:-0.144,gX:-74.951,gY:-0.732,gZ:-25.269
aX:-0.579,aY:0.188,aZ:-0.116,gX:-74.158,gY:3.662,gZ:-10.071
aX:-0.752,aY:0.098,aZ:-0.097,gX:-72.754,gY:9.338,gZ:3.967
aX:-0.858,aY:0.061,aZ:-0.092,gX:-70.313,gY:11.230,gZ:11.475
aX:-0.941,aY:0.062,aZ:-0.081,gX:-75.928,gY:2.686,gZ:8.667
aX:-0.999,aY:0.101,aZ:-0.104,gX:-82.764,gY:-4.578,gZ:2.625
aX:-1.011,aY:0.174,aZ:-0.180,gX:-81.055,gY:-10.193,gZ:-3.906
aX:-0.969,aY:0.223,aZ:-0.232,gX:-70.923,gY:-6.592,gZ:-6.409
aX:-0.934,aY:0.168,aZ:-0.220,gX:-57.007,gY:6.348,gZ:-2.319
aX:-0.951,aY:0.066,aZ:-0.126,gX:-46.753,gY:21.790,gZ:2.747
aX:-0.976,aY:0.006,aZ:-0.110,gX:-48.401,gY:19.531,gZ:0.977
aX:-1.077,aY:0.022,aZ:-0.172,gX:-54.260,gY:3.906,gZ:-2.502
aX:-1.144,aY:0.031,aZ:-0.155,gX:-57.251,gY:1.221,gZ:-5.859
aX:-1.135,aY:0.124,aZ:-0.144,gX:-62.195,gY:-0.916,gZ:-16.663
aX:-1.129,aY:0.260,aZ:-0.092,gX:-67.261,gY:-3.662,gZ:-27.771
aX:-1.149,aY:0.321,aZ:-0.097,gX:-66.711,gY:-7.996,gZ:-32.837
aX:-1.126,aY:0.309,aZ:-0.165,gX:-59.998,gY:-7.690,gZ:-36.011
aX:-1.110,aY:0.181,aZ:-0.294,gX:-46.936,gY:-10.620,gZ:-41.077
aX:-1.086,aY:0.029,aZ:-0.424,gX:-24.841,gY:-13.245,gZ:-45.898
aX:-0.937,aY:-0.051,aZ:-0.644,gX:4.578,gY:-25.208,gZ:-52.734
aX:-0.882,aY:-0.119,aZ:-0.889,gX:39.124,gY:-30.334,gZ:-57.068
aX:-1.040,aY:-0.337,aZ:-0.461,gX:43.213,gY:-4.944,gZ:-46.265
aX:-1.224,aY:-0.389,aZ:-0.052,gX:15.625,gY:21.973,gZ:-15.991
aX:-1.336,aY:-0.321,aZ:-0.095,gX:-9.460,gY:24.292,gZ:19.836
aX:-1.251,aY:-0.252,aZ:-0.231,gX:-27.710,gY:25.513,gZ:38.452
aX:-1.147,aY:-0.163,aZ:-0.281,gX:-29.663,gY:46.448,gZ:30.334
aX:-1.022,aY:-0.001,aZ:-0.454,gX:-59.387,gY:40.283,gZ:3.662
aX:-1.038,aY:0.105,aZ:-0.239,gX:-78.613,gY:5.615,gZ:-14.343
aX:-0.987,aY:-0.004,aZ:-0.149,gX:-63.843,gY:-8.606,gZ:-17.334
aX:-0.937,aY:0.047,aZ:-0.107,gX:-58.411,gY:-12.756,gZ:-26.672
aX:-0.851,aY:0.153,aZ:-0.105,gX:-61.096,gY:-5.249,gZ:-28.015
aX:-0.755,aY:0.192,aZ:-0.111,gX:-61.218,gY:-2.563,gZ:-18.921
aX:-0.646,aY:0.160,aZ:-0.064,gX:-59.204,gY:-4.089,gZ:-6.042
aX:-0.561,aY:0.104,aZ:-0.002,gX:-53.711,gY:0.305,gZ:5.798
aX:-0.504,aY:0.091,aZ:0.012,gX:-49.316,gY:16.418,gZ:11.414
aX:-0.538,aY:0.102,aZ:0.027,gX:-44.678,gY:27.344,gZ:13.733
aX:-0.666,aY:0.093,aZ:0.034,gX:-38.086,gY:27.527,gZ:15.442
aX:-0.840,aY:0.071,aZ:0.047,gX:-31.433,gY:19.226,gZ:11.108
aX:-0.989,aY:0.001,aZ:0.015,gX:-29.236,gY:5.249,gZ:1.770
aX:-1.143,aY:-0.049,aZ:0.065,gX:-27.100,gY:-1.404,gZ:-4.761
aX:-1.252,aY:-0.013,aZ:0.032,gX:-21.179,gY:-4.150,gZ:-12.634
aX:-1.260,aY:0.098,aZ:0.055,gX:-11.475,gY:-1.404,gZ:-18.188
aX:-1.203,aY:0.340,aZ:0.078,gX:7.446,gY:12.756,gZ:-14.954
aX:-1.249,aY:0.402,aZ:-0.072,gX:20.874,gY:16.602,gZ:-14.099
aX:-1.315,aY:0.156,aZ:-0.112,gX:31.982,gY:3.784,gZ:-11.414
aX:-1.317,aY:-0.090,aZ:0.075,gX:21.057,gY:-12.268,gZ:-6.531
aX:-1.280,aY:-0.225,aZ:0.210,gX:6.592,gY:-13.794,gZ:-3.906
aX:-1.319,aY:-0.324,aZ:0.058,gX:10.925,gY:2.686,gZ:11.169
aX:-1.368,aY:-0.477,aZ:-0.213,gX:17.456,gY:48.462,gZ:44.189
aX:-1.441,aY:-0.505,aZ:-0.327,gX:-34.790,gY:47.058,gZ:48.462
aX:-1.312,aY:-0.365,aZ:-0.457,gX:-52.734,gY:29.663,gZ:30.029
aX:-1.044,aY:-0.271,aZ:-0.749,gX:-81.360,gY:3.906,gZ:0.793
aX:-0.990,aY:-0.089,aZ:-0.734,gX:-79.895,gY:-16.907,gZ:-6.042
aX:-0.899,aY:0.070,aZ:-0.558,gX:-48.279,gY:-1.526,gZ:-3.052
aX:-0.645,aY:0.011,aZ:-0.429,gX:-27.954,gY:22.156,gZ:-3.296
aX:-0.514,aY:0.017,aZ:-0.316,gX:-33.875,gY:5.249,gZ:-7.812
aX:-0.552,aY:0.101,aZ:-0.274,gX:-26.245,gY:-15.869,gZ:-12.207
aX:-0.751,aY:0.071,aZ:-0.251,gX:-28.992,gY:-16.663,gZ:-18.616
aX:-1.056,aY:-0.010,aZ:-0.317,gX:-46.631,gY:-12.878,gZ:-21.179
aX:-1.376,aY:-0.094,aZ:-0.478,gX:-67.322,gY:-9.583,gZ:-14.893
aX:-1.336,aY:-0.048,aZ:-0.550,gX:-80.322,gY:-16.907,gZ:-8.423
aX:-1.055,aY:0.048,aZ:-0.555,gX:-77.332,gY:-0.916,gZ:-14.648
aX:-0.848,aY:0.127,aZ:-0.438,gX:-77.393,gY:7.751,gZ:-21.423
aX:-0.664,aY:0.099,aZ:-0.342,gX:-83.374,gY:5.127,gZ:-23.010
aX:-0.566,aY:0.040,aZ:-0.238,gX:-81.360,gY:4.944,gZ:-19.714
aX:-0.601,aY:-0.020,aZ:-0.131,gX:-74.951,gY:9.583,gZ:-13.733
aX:-0.757,aY:-0.036,aZ:-0.113,gX:-77.332,gY:13.733,gZ:-7.874
aX:-0.922,aY:-0.016,aZ:-0.152,gX:-86.853,gY:8.301,gZ:-7.141
aX:-0.997,aY:0.013,aZ:-0.157,gX:-90.881,gY:0.244,gZ:-8.972
aX:-1.003,aY:0.077,aZ:-0.234,gX:-94.421,gY:-7.324,gZ:-16.174
aX:-0.999,aY:0.148,aZ:-0.308,gX:-90.393,gY:-10.803,gZ:-23.315
aX:-0.925,aY:0.227,aZ:-0.322,gX:-82.214,gY:-5.737,gZ:-21.912
aX:-0.855,aY:0.227,aZ:-0.296,gX:-76.050,gY:1.343,gZ:-11.536
aX:-0.795,aY:0.211,aZ:-0.242,gX:-61.462,gY:12.817,gZ:4.089
aX:-0.831,aY:0.128,aZ:-0.193,gX:-58.960,gY:12.573,gZ:13.367
aX:-0.886,aY:0.073,aZ:-0.144,gX:-58.044,gY:12.695,gZ:18.555
aX:-0.932,aY:0.086,aZ:-0.146,gX:-62.744,gY:9.094,gZ:20.935
aX:-0.975,aY:0.096,aZ:-0.126,gX:-66.467,gY:5.249,gZ:19.409
aX:-1.012,aY:0.113,aZ:-0.124,gX:-66.772,gY:1.221,gZ:14.404
aX:-1.075,aY:0.153,aZ:-0.186,gX:-63.477,gY:-3.113,gZ:9.094
aX:-1.124,aY:0.169,aZ:-0.237,gX:-56.213,gY:-3.784,gZ:4.395
aX:-1.167,aY:0.132,aZ:-0.220,gX:-46.021,gY:0.305,gZ:0.610
aX:-1.180,aY:0.105,aZ:-0.173,gX:-39.124,gY:7.812,gZ:-3.296
aX:-1.135,aY:0.114,aZ:-0.111,gX:-39.856,gY:10.986,gZ:-8.423
aX:-1.092,aY:0.152,aZ:-0.063,gX:-45.593,gY:10.925,gZ:-13.977
aX:-1.041,aY:0.202,aZ:-0.075,gX:-50.720,gY:7.324,gZ:-18.433
aX:-1.019,aY:0.214,aZ:-0.136,gX:-51.819,gY:5.249,gZ:-20.996
aX:-1.016,aY:0.160,aZ:-0.219,gX:-47.424,gY:4.089,gZ:-22.583
aX:-1.009,aY:0.111,aZ:-0.276,gX:-37.109,gY:1.221,gZ:-26.672
aX:-0.946,aY:0.125,aZ:-0.434,gX:-26.733,gY:-11.597,gZ:-35.583
aX:-0.929,aY:0.100,aZ:-0.625,gX:-6.958,gY:-26.672,gZ:-43.518
aX:-0.924,aY:-0.068,aZ:-0.648,gX:22.339,gY:-25.696,gZ:-40.710
aX:-0.921,aY:-0.237,aZ:-0.466,gX:34.241,gY:-11.475,gZ:-30.396
aX:-0.914,aY:-0.381,aZ:-0.218,gX:22.766,gY:7.385,gZ:-14.221
aX:-0.931,aY:-0.358,aZ:-0.110,gX:5.554,gY:21.545,gZ:8.240
aX:-0.942,aY:-0.290,aZ:-0.177,gX:-9.766,gY:27.710,gZ:19.409
aX:-1.036,aY:-0.195,aZ:-0.196,gX:-22.217,gY:32.654,gZ:17.029
aX:-1.150,aY:-0.123,aZ:-0.186,gX:-25.269,gY:41.870,gZ:9.827
aX:-1.177,aY:0.004,aZ:-0.285,gX:-31.128,gY:36.072,gZ:-2.014
aX:-1.152,aY:0.097,aZ:-0.316,gX:-61.035,gY:11.353,gZ:-20.020
aX:-1.104,aY:0.125,aZ:-0.316,gX:-54.565,gY:-1.648,gZ:-26.428
aX:-1.025,aY:0.165,aZ:-0.256,gX:-41.016,gY:0.549,gZ:-20.996
aX:-0.890,aY:0.182,aZ:-0.163,gX:-38.452,gY:3.906,gZ:-12.207
aX:-0.798,aY:0.130,aZ:-0.086,gX:-39.490,gY:3.723,gZ:-0.732
aX:-0.740,aY:0.045,aZ:-0.037,gX:-42.480,gY:0.793,gZ:10.071
aX:-0.750,aY:0.001,aZ:-0.009,gX:-39.063,gY:5.249,gZ:19.043
aX:-0.756,aY:0.010,aZ:-0.058,gX:-32.104,gY:13.794,gZ:24.231
aX:-0.878,aY:0.021,aZ:-0.062,gX:-31.311,gY:18.188,gZ:21.301
aX:-0.968,aY:0.019,aZ:-0.068,gX:-24.719,gY:17.700,gZ:14.282
aX:-0.991,aY:0.031,aZ:-0.074,gX:-20.203,gY:10.925,gZ:5.066
aX:-0.985,aY:0.040,aZ:-0.052,gX:-15.198,gY:7.751,gZ:-4.211
aX:-0.971,aY:0.056,aZ:-0.013,gX:-11.658,gY:9.583,gZ:-12.085
aX:-0.945,aY:0.087,aZ:0.025,gX:-11.047,gY:10.559,gZ:-18.433
aX:-0.930,aY:0.124,aZ:0.067,gX:-10.193,gY:9.460,gZ:-21.729
aX:-0.956,aY:0.152,aZ:0.068,gX:-1.038,gY:7.690,gZ:-19.531
aX:-1.008,aY:0.153,aZ:0.056,gX:13.611,gY:7.385,gZ:-12.268
aX:-1.065,aY:0.192,aZ:0.014,gX:22.827,gY:5.859,gZ:-4.272
aX:-1.109,aY:0.139,aZ:-0.063,gX:18.982,gY:-1.221,gZ:-0.610
aX:-1.202,aY:0.007,aZ:-0.057,gX:14.709,gY:-4.700,gZ:4.089
aX:-1.244,aY:-0.077,aZ:0.025,gX:15.869,gY:-1.465,gZ:9.766
aX:-1.202,aY:-0.097,aZ:0.099,gX:13.916,gY:0.854,gZ:12.024
aX:-1.246,aY:-0.095,aZ:0.082,gX:11.047,gY:2.563,gZ:10.132
aX:-1.415,aY:-0.155,aZ:-0.023,gX:11.719,gY:20.691,gZ:17.334
aX:-1.448,aY:-0.240,aZ:-0.087,gX:4.028,gY:40.161,gZ:31.860
aX:-1.269,aY:-0.258,aZ:-0.133,gX:-9.521,gY:28.931,gZ:26.245
aX:-1.028,aY:-0.147,aZ:-0.333,gX:-24.475,gY:12.634,gZ:-5.005
aX:-1.010,aY:-0.204,aZ:-0.293,gX:-29.663,gY:10.620,gZ:-14.648
aX:-0.961,aY:-0.090,aZ:-0.252,gX:-17.090,gY:8.667,gZ:-10.864
aX:-0.900,aY:0.090,aZ:-0.327,gX:-18.005,gY:2.197,gZ:-11.475
aX:-0.755,aY:0.113,aZ:-0.450,gX:-27.405,gY:-1.343,gZ:-7.935
aX:-0.650,aY:0.050,aZ:-0.434,gX:-28.381,gY:-15.564,gZ:2.502
aX:-0.594,aY:-0.033,aZ:-0.326,gX:-19.043,gY:-11.108,gZ:12.024
aX:-0.687,aY:-0.062,aZ:-0.214,gX:-13.367,gY:-6.592,gZ:18.127
aX:-0.901,aY:-0.104,aZ:-0.235,gX:-11.658,gY:-3.235,gZ:18.066
aX:-1.043,aY:-0.105,aZ:-0.292,gX:-22.156,gY:-7.446,gZ:10.193
aX:-1.021,aY:-0.076,aZ:-0.331,gX:-31.677,gY:-17.334,gZ:-1.648
aX:-1.054,aY:-0.043,aZ:-0.384,gX:-35.950,gY:-24.719,gZ:-14.465
aX:-1.021,aY:-0.045,aZ:-0.401,gX:-35.278,gY:-24.353,gZ:-22.156
aX:-0.971,aY:-0.066,aZ:-0.355,gX:-33.936,gY:-16.602,gZ:-21.912
aX:-0.922,aY:-0.059,aZ:-0.276,gX:-38.208,gY:-7.202,gZ:-17.639
aX:-0.886,aY:-0.008,aZ:-0.220,gX:-48.218,gY:-0.732,gZ:-12.146
aX:-0.849,aY:0.044,aZ:-0.201,gX:-57.434,gY:0.488,gZ:-6.958
aX:-0.848,aY:0.068,aZ:-0.203,gX:-62.988,gY:-3.235,gZ:-2.441
aX:-0.895,aY:0.083,aZ:-0.194,gX:-64.514,gY:-5.981,gZ:-1.038
aX:-0.976,aY:0.094,aZ:-0.207,gX:-68.115,gY:-6.653,gZ:-2.075
aX:-1.039,aY:0.092,aZ:-0.221,gX:-70.313,gY:-7.385,gZ:-3.906
aX:-1.059,aY:0.106,aZ:-0.241,gX:-71.533,gY:-6.287,gZ:-5.920
aX:-1.014,aY:0.150,aZ:-0.259,gX:-65.369,gY:-3.174,gZ:-6.653
aX:-0.945,aY:0.160,aZ:-0.282,gX:-57.312,gY:-2.075,gZ:-5.371
aX:-0.909,aY:0.126,aZ:-0.251,gX:-48.950,gY:3.845,gZ:-0.366
aX:-0.904,aY:0.054,aZ:-0.204,gX:-43.945,gY:12.512,gZ:7.263
aX:-0.920,aY:0.003,aZ:-0.151,gX:-46.387,gY:15.198,gZ:13.000
aX:-0.930,aY:0.003,aZ:-0.127,gX:-54.138,gY:10.986,gZ:12.573
aX:-0.960,aY:0.075,aZ:-0.176,gX:-62.927,gY:-0.732,gZ:7.385
aX:-1.014,aY:0.125,aZ:-0.214,gX:-64.697,gY:-8.362,gZ:2.136
aX:-1.064,aY:0.143,aZ:-0.229,gX:-58.960,gY:-7.019,gZ:-2.014
aX:-1.086,aY:0.146,aZ:-0.216,gX:-51.453,gY:-2.625,gZ:-5.432
aX:-1.094,aY:0.151,aZ:-0.189,gX:-45.654,gY:0.793,gZ:-9.277
aX:-1.078,aY:0.152,aZ:-0.177,gX:-42.786,gY:2.808,gZ:-11.963
aX:-1.050,aY:0.151,aZ:-0.142,gX:-43.457,gY:4.639,gZ:-14.221
aX:-1.004,aY:0.154,aZ:-0.106,gX:-45.776,gY:7.202,gZ:-16.418
aX:-0.967,aY:0.170,aZ:-0.105,gX:-47.668,gY:7.690,gZ:-16.479
aX:-0.944,aY:0.157,aZ:-0.147,gX:-46.265,gY:6.042,gZ:-15.808
aX:-0.968,aY:0.113,aZ:-0.168,gX:-41.687,gY:6.470,gZ:-14.709
aX:-1.000,aY:0.108,aZ:-0.198,gX:-38.147,gY:3.784,gZ:-17.212
aX:-1.009,aY:0.120,aZ:-0.326,gX:-34.607,gY:-6.958,gZ:-23.682
aX:-1.060,aY:0.087,aZ:-0.469,gX:-24.170,gY:-18.372,gZ:-30.701
aX:-1.137,aY:-0.042,aZ:-0.529,gX:-6.775,gY:-18.250,gZ:-31.982
aX:-1.080,aY:-0.122,aZ:-0.585,gX:8.057,gY:-12.329,gZ:-31.982
aX:-0.975,aY:-0.235,aZ:-0.478,gX:13.611,gY:-6.897,gZ:-28.564
aX:-0.857,aY:-0.299,aZ:-0.313,gX:8.362,gY:2.319,gZ:-19.653
aX:-0.828,aY:-0.359,aZ:-0.163,gX:-5.432,gY:15.137,gZ:-7.507
aX:-0.844,aY:-0.334,aZ:-0.082,gX:-13.550,gY:25.879,gZ:4.578
aX:-0.844,aY:-0.195,aZ:-0.135,gX:-16.663,gY:26.306,gZ:10.315
aX:-0.932,aY:-0.067,aZ:-0.151,gX:-23.682,gY:25.391,gZ:9.583
aX:-1.045,aY:0.061,aZ:-0.236,gX:-35.706,gY:25.452,gZ:7.080
aX:-1.160,aY:0.115,aZ:-0.314,gX:-43.762,gY:15.442,gZ:6.348
aX:-1.234,aY:0.096,aZ:-0.321,gX:-42.786,gY:2.258,gZ:5.493
aX:-1.224,aY:0.021,aZ:-0.271,gX:-42.175,gY:-2.258,gZ:3.540
aX:-1.129,aY:0.015,aZ:-0.203,gX:-36.255,gY:-1.160,gZ:2.075
aX:-0.998,aY:-0.002,aZ:-0.125,gX:-44.189,gY:-0.305,gZ:-1.099
aX:-0.869,aY:-0.012,aZ:-0.082,gX:-46.997,gY:-2.625,gZ:0.183
aX:-0.782,aY:-0.009,aZ:-0.037,gX:-46.265,gY:-3.235,gZ:4.700
aX:-0.745,aY:0.015,aZ:-0.022,gX:-41.199,gY:0.977,gZ:10.559
aX:-0.742,aY:0.041,aZ:-0.055,gX:-41.504,gY:8.362,gZ:12.695
aX:-0.798,aY:0.048,aZ:-0.060,gX:-39.185,gY:9.521,gZ:11.719
aX:-0.840,aY:0.013,aZ:-0.121,gX:-36.438,gY:3.601,gZ:6.775
aX:-0.895,aY:0.009,aZ:-0.083,gX:-34.241,gY:-9.094,gZ:1.221
aX:-0.896,aY:-0.018,aZ:-0.028,gX:-23.682,gY:-8.972,gZ:-2.197
aX:-0.916,aY:-0.039,aZ:0.017,gX:-20.142,gY:-2.930,gZ:-6.775
aX:-0.929,aY:-0.033,aZ:0.046,gX:-21.362,gY:3.601,gZ:-11.963
aX:-0.953,aY:-0.001,aZ:0.043,gX:-24.475,gY:4.150,gZ:-16.968
aX:-0.995,aY:0.046,aZ:0.016,gX:-22.461,gY:3.052,gZ:-20.508
aX:-1.066,aY:0.114,aZ:0.011,gX:-11.292,gY:3.357,gZ:-19.226
aX:-1.107,aY:0.183,aZ:-0.074,gX:-5.920,gY:0.183,gZ:-17.395
aX:-1.196,aY:0.143,aZ:-0.163,gX:-8.118,gY:-6.226,gZ:-18.555
aX:-1.215,aY:0.041,aZ:-0.140,gX:-4.456,gY:-4.700,gZ:-13.367
aX:-1.170,aY:-0.037,aZ:-0.007,gX:-2.380,gY:0.244,gZ:-7.812
aX:-1.129,aY:-0.044,aZ:0.107,gX:-0.549,gY:3.052,gZ:-5.249
aX:-1.115,aY:-0.019,aZ:0.134,gX:3.113,gY:8.667,gZ:-3.052
aX:-1.260,aY:-0.016,aZ:0.058,gX:9.644,gY:28.320,gZ:3.601
aX:-1.351,aY:-0.041,aZ:-0.050,gX:14.587,gY:57.007,gZ:19.897
aX:-1.254,aY:-0.162,aZ:-0.140,gX:4.272,gY:55.786,gZ:23.193
aX:-1.177,aY:-0.235,aZ:-0.261,gX:-10.803,gY:28.564,gZ:7.874
aX:-1.195,aY:-0.252,aZ:-0.387,gX:-30.945,gY:8.301,gZ:-3.967
aX:-1.175,aY:-0.140,aZ:-0.285,gX:-27.832,gY:3.418,gZ:-1.282
aX:-1.034,aY:-0.013,aZ:-0.368,gX:-28.381,gY:9.094,gZ:-2.136
aX:-0.808,aY:0.004,aZ:-0.430,gX:-32.471,gY:13.550,gZ:-4.456
aX:-0.653,aY:0.027,aZ:-0.411,gX:-33.936,gY:-1.221,gZ:-2.197
aX:-0.579,aY:0.032,aZ:-0.379,gX:-26.306,gY:-8.606,gZ:4.944
aX:-0.601,aY:0.004,aZ:-0.289,gX:-18.677,gY:-5.493,gZ:12.512
aX:-0.722,aY:-0.026,aZ:-0.235,gX:-18.616,gY:-3.296,gZ:15.198
aX:-0.953,aY:-0.070,aZ:-0.248,gX:-21.973,gY:-4.089,gZ:15.320
aX:-1.118,aY:-0.072,aZ:-0.279,gX:-33.142,gY:-13.794,gZ:10.437
aX:-1.127,aY:-0.030,aZ:-0.315,gX:-40.405,gY:-24.597,gZ:-2.502
aX:-1.116,aY:-0.017,aZ:-0.372,gX:-40.833,gY:-30.945,gZ:-18.005
aX:-1.045,aY:-0.015,aZ:-0.371,gX:-31.799,gY:-26.855,gZ:-25.452
aX:-0.970,aY:0.003,aZ:-0.298,gX:-25.879,gY:-16.663,gZ:-26.428
aX:-0.873,aY:0.031,aZ:-0.193,gX:-28.748,gY:-6.165,gZ:-22.278
aX:-0.805,aY:0.039,aZ:-0.139,gX:-37.781,gY:-1.709,gZ:-14.587
aX:-0.798,aY:0.067,aZ:-0.129,gX:-47.241,gY:-1.465,gZ:-5.859
aX:-0.828,aY:0.090,aZ:-0.138,gX:-50.842,gY:-2.319,gZ:0.977
aX:-0.904,aY:0.096,aZ:-0.140,gX:-51.025,gY:-3.601,gZ:4.395
aX:-0.985,aY:0.092,aZ:-0.150,gX:-48.157,gY:-5.737,gZ:4.700
aX:-1.041,aY:0.097,aZ:-0.161,gX:-47.668,gY:-8.789,gZ:1.526
aX:-1.055,aY:0.112,aZ:-0.189,gX:-44.495,gY:-8.545,gZ:-1.587
aX:-1.025,aY:0.117,aZ:-0.202,gX:-39.124,gY:-5.859,gZ:-2.563
aX:-0.980,aY:0.102,aZ:-0.188,gX:-32.898,gY:-1.953,gZ:-2.319
aX:-0.937,aY:0.078,aZ:-0.148,gX:-30.334,gY:3.113,gZ:0.610
aX:-0.901,aY:0.049,aZ:-0.123,gX:-30.334,gY:7.324,gZ:4.028
aX:-0.890,aY:0.012,aZ:-0.126,gX:-35.339,gY:8.301,gZ:7.324
aX:-0.899,aY:-0.000,aZ:-0.149,gX:-40.466,gY:6.592,gZ:10.742
aX:-0.929,aY:-0.004,aZ:-0.182,gX:-46.326,gY:1.465,gZ:11.658
aX:-0.965,aY:-0.008,aZ:-0.203,gX:-50.903,gY:-2.380,gZ:10.437
aX:-1.001,aY:-0.004,aZ:-0.235,gX:-52.490,gY:-3.113,gZ:8.484
aX:-1.058,aY:-0.018,aZ:-0.234,gX:-52.307,gY:1.648,gZ:6.470
aX:-1.094,aY:-0.050,aZ:-0.217,gX:-51.941,gY:7.141,gZ:3.662
aX:-1.123,aY:-0.011,aZ:-0.163,gX:-52.612,gY:11.292,gZ:-0.854
aX:-1.106,aY:0.083,aZ:-0.139,gX:-57.068,gY:7.996,gZ:-6.470
aX:-1.094,aY:0.195,aZ:-0.152,gX:-60.059,gY:2.075,gZ:-13.184
aX:-1.090,aY:0.265,aZ:-0.170,gX:-59.204,gY:1.099,gZ:-18.555
aX:-1.086,aY:0.304,aZ:-0.181,gX:-56.213,gY:4.028,gZ:-22.644
aX:-1.078,aY:0.305,aZ:-0.189,gX:-52.002,gY:6.836,gZ:-24.658
aX:-1.086,aY:0.245,aZ:-0.207,gX:-44.373,gY:5.432,gZ:-25.696
aX:-1.107,aY:0.226,aZ:-0.211,gX:-35.095,gY:2.136,gZ:-27.527
aX:-1.101,aY:0.203,aZ:-0.255,gX:-27.283,gY:-2.686,gZ:-31.616
aX:-1.045,aY:0.164,aZ:-0.370,gX:-19.043,gY:-10.254,gZ:-35.950
aX:-1.003,aY:0.082,aZ:-0.461,gX:-4.333,gY:-16.968,gZ:-36.743
aX:-0.954,aY:-0.046,aZ:-0.474,gX:9.888,gY:-17.334,gZ:-32.471
aX:-0.894,aY:-0.207,aZ:-0.415,gX:19.531,gY:-15.503,gZ:-25.818
aX:-0.864,aY:-0.345,aZ:-0.268,gX:17.395,gY:-5.981,gZ:-15.137
aX:-0.864,aY:-0.357,aZ:-0.130,gX:2.197,gY:6.104,gZ:-2.808
aX:-0.896,aY:-0.281,aZ:-0.113,gX:-10.132,gY:16.235,gZ:10.193
aX:-0.908,aY:-0.120,aZ:-0.203,gX:-16.846,gY:22.522,gZ:16.052
aX:-1.015,aY:-0.017,aZ:-0.198,gX:-19.775,gY:25.208,gZ:16.479
aX:-1.129,aY:0.035,aZ:-0.218,gX:-13.062,gY:27.344,gZ:14.099
aX:-1.158,aY:0.006,aZ:-0.308,gX:-23.071,gY:17.090,gZ:8.606
aX:-1.196,aY:-0.012,aZ:-0.290,gX:-37.964,gY:0.977,gZ:-0.427
aX:-1.143,aY:-0.012,aZ:-0.246,gX:-38.818,gY:-2.686,gZ:-6.165
aX:-1.039,aY:0.066,aZ:-0.178,gX:-37.048,gY:3.784,gZ:-7.812
aX:-0.900,aY:0.106,aZ:-0.120,gX:-41.016,gY:6.042,gZ:-6.348
aX:-0.769,aY:0.099,aZ:-0.103,gX:-41.687,gY:4.700,gZ:-1.953
aX:-0.709,aY:0.063,aZ:-0.077,gX:-40.222,gY:2.258,gZ:4.944
aX:-0.722,aY:0.047,aZ:-0.034,gX:-32.654,gY:6.470,gZ:13.367
aX:-0.745,aY:0.026,aZ:-0.049,gX:-22.644,gY:15.869,gZ:20.935
aX:-0.814,aY:-0.013,aZ:-0.052,gX:-25.940,gY:17.578,gZ:21.362
aX:-0.898,aY:-0.016,aZ:-0.040,gX:-20.203,gY:15.076,gZ:17.944
aX:-0.919,aY:-0.008,aZ:-0.053,gX:-16.541,gY:9.155,gZ:8.423
aX:-0.900,aY:-0.014,aZ:-0.061,gX:-12.329,gY:2.319,gZ:-1.831
aX:-0.875,aY:-0.016,aZ:-0.047,gX:-8.301,gY:-2.258,gZ:-11.353
aX:-0.877,aY:0.000,aZ:-0.001,gX:-3.723,gY:-1.282,gZ:-19.958
aX:-0.876,aY:0.044,aZ:0.026,gX:0.854,gY:0.977,gZ:-25.391
aX:-0.950,aY:0.088,aZ:0.025,gX:9.827,gY:-0.488,gZ:-25.940
aX:-1.018,aY:0.108,aZ:0.030,gX:29.236,gY:5.554,gZ:-18.005
aX:-1.093,aY:0.143,aZ:-0.021,gX:41.565,gY:6.958,gZ:-9.888
aX:-1.155,aY:0.215,aZ:-0.101,gX:44.922,gY:6.592,gZ:-2.991
aX:-1.340,aY:0.141,aZ:-0.139,gX:20.264,gY:-1.343,gZ:0.244
aX:-1.416,aY:0.041,aZ:-0.014,gX:10.742,gY:-1.770,gZ:4.028
aX:-1.383,aY:0.012,aZ:0.096,gX:5.371,gY:5.493,gZ:6.653
aX:-1.342,aY:0.067,aZ:0.205,gX:17.029,gY:13.123,gZ:10.254
aX:-1.302,aY:0.067,aZ:0.209,gX:37.292,gY:26.733,gZ:9.338
aX:-1.371,aY:0.012,aZ:0.178,gX:49.927,gY:49.622,gZ:15.320
aX:-1.258,aY:0.025,aZ:0.086,gX:51.880,gY:63.171,gZ:16.541
aX:-1.007,aY:-0.050,aZ:-0.161,gX:33.447,gY:38.574,gZ:-0.977
aX:-0.984,aY:-0.243,aZ:-0.369,gX:2.930,gY:3.784,gZ:-10.376
aX:-1.078,aY:-0.281,aZ:-0.316,gX:-2.563,gY:-11.292,gZ:6.287
aX:-1.027,aY:-0.185,aZ:-0.278,gX:0.305,gY:-6.592,gZ:21.240
aX:-0.891,aY:-0.013,aZ:-0.385,gX:-6.348,gY:2.380,gZ:19.226
aX:-0.680,aY:0.060,aZ:-0.428,gX:-15.747,gY:7.568,gZ:13.916
aX:-0.626,aY:0.092,aZ:-0.357,gX:-18.188,gY:-0.977,gZ:16.907
aX:-0.610,aY:0.092,aZ:-0.274,gX:-8.240,gY:-1.892,gZ:21.851
aX:-0.705,aY:0.053,aZ:-0.205,gX:-0.854,gY:-6.470,gZ:20.386
aX:-0.871,aY:-0.010,aZ:-0.212,gX:5.493,gY:-12.024,gZ:13.367
aX:-1.051,aY:-0.045,aZ:-0.245,gX:4.822,gY:-20.081,gZ:2.136
aX:-1.131,aY:-0.015,aZ:-0.299,gX:2.319,gY:-30.029,gZ:-7.080
aX:-1.126,aY:0.011,aZ:-0.326,gX:0.305,gY:-34.546,gZ:-18.127
aX:-1.059,aY:0.032,aZ:-0.339,gX:0.916,gY:-27.588,gZ:-28.137
aX:-0.940,aY:0.020,aZ:-0.297,gX:1.404,gY:-18.005,gZ:-28.503
aX:-0.832,aY:-0.003,aZ:-0.220,gX:-2.502,gY:-10.376,gZ:-17.944
aX:-0.752,aY:-0.017,aZ:-0.152,gX:-11.597,gY:-3.540,gZ:-4.456
aX:-0.738,aY:-0.000,aZ:-0.115,gX:-19.470,gY:0.061,gZ:8.850
aX:-0.772,aY:0.027,aZ:-0.110,gX:-26.428,gY:-2.502,gZ:16.785
aX:-0.843,aY:0.060,aZ:-0.136,gX:-30.579,gY:-9.216,gZ:17.883
aX:-0.954,aY:0.071,aZ:-0.163,gX:-32.166,gY:-14.587,gZ:14.465
aX:-1.061,aY:0.080,aZ:-0.168,gX:-33.142,gY:-14.282,gZ:7.996
aX:-1.088,aY:0.091,aZ:-0.186,gX:-32.898,gY:-11.780,gZ:0.671
aX:-1.048,aY:0.123,aZ:-0.176,gX:-30.762,gY:-7.080,gZ:-5.127
aX:-0.977,aY:0.155,aZ:-0.177,gX:-26.367,gY:-1.770,gZ:-10.559
aX:-0.929,aY:0.147,aZ:-0.180,gX:-22.522,gY:4.150,gZ:-10.742
aX:-0.932,aY:0.098,aZ:-0.172,gX:-22.949,gY:10.559,gZ:-5.676
aX:-0.945,aY:0.044,aZ:-0.158,gX:-27.527,gY:14.771,gZ:0.061
aX:-0.948,aY:0.025,aZ:-0.188,gX:-35.767,gY:9.827,gZ:4.761
aX:-1.009,aY:0.045,aZ:-0.204,gX:-42.542,gY:-1.221,gZ:8.423
aX:-1.051,aY:0.106,aZ:-0.193,gX:-41.260,gY:-3.540,gZ:11.780
aX:-1.059,aY:0.178,aZ:-0.178,gX:-40.222,gY:-2.991,gZ:10.254
aX:-1.095,aY:0.271,aZ:-0.142,gX:-41.382,gY:-2.319,gZ:5.676
aX:-1.149,aY:0.335,aZ:-0.145,gX:-39.795,gY:-3.845,gZ:0.183
aX:-1.176,aY:0.371,aZ:-0.168,gX:-34.180,gY:-4.211,gZ:-6.104
aX:-1.156,aY:0.347,aZ:-0.213,gX:-23.682,gY:-2.258,gZ:-14.099
aX:-1.151,aY:0.247,aZ:-0.252,gX:-9.216,gY:1.038,gZ:-19.775
aX:-1.135,aY:0.183,aZ:-0.261,gX:-0.610,gY:2.014,gZ:-23.560
aX:-1.074,aY:0.159,aZ:-0.306,gX:0.977,gY:-5.554,gZ:-28.748
aX:-1.006,aY:0.144,aZ:-0.392,gX:7.141,gY:-16.357,gZ:-31.311
aX:-0.963,aY:0.104,aZ:-0.444,gX:17.883,gY:-18.127,gZ:-27.893
aX:-0.873,aY:-0.008,aZ:-0.485,gX:31.189,gY:-16.907,gZ:-23.071
aX:-0.802,aY:-0.166,aZ:-0.410,gX:47.180,gY:-13.306,gZ:-15.320
aX:-0.775,aY:-0.285,aZ:-0.255,gX:48.706,gY:0.122,gZ:-3.540
aX:-0.840,aY:-0.306,aZ:-0.111,gX:31.006,gY:14.038,gZ:8.850
aX:-0.901,aY:-0.252,aZ:-0.137,gX:13.733,gY:17.395,gZ:18.982
aX:-0.988,aY:-0.192,aZ:-0.194,gX:1.282,gY:19.958,gZ:20.081
aX:-1.096,aY:-0.118,aZ:-0.189,gX:-1.221,gY:28.564,gZ:16.602
aX:-1.174,aY:-0.064,aZ:-0.220,gX:1.038,gY:30.090,gZ:9.766
aX:-1.176,aY:-0.044,aZ:-0.252,gX:2.747,gY:19.958,gZ:-1.038
aX:-1.115,aY:-0.030,aZ:-0.276,gX:-1.282,gY:8.240,gZ:-11.169
aX:-1.034,aY:0.044,aZ:-0.202,gX:-0.671,gY:7.019,gZ:-12.878
aX:-0.910,aY:0.130,aZ:-0.156,gX:0.854,gY:7.996,gZ:-7.751
aX:-0.788,aY:0.175,aZ:-0.156,gX:-4.211,gY:3.418,gZ:0.610
aX:-0.790,aY:0.153,aZ:-0.116,gX:-4.883,gY:-2.014,gZ:11.597
aX:-0.809,aY:0.055,aZ:-0.087,gX:2.991,gY:4.639,gZ:22.644
aX:-0.824,aY:-0.027,aZ:-0.057,gX:-1.831,gY:3.662,gZ:24.841
aX:-0.912,aY:-0.050,aZ:-0.049,gX:-1.465,gY:2.563,gZ:21.912
aX:-0.942,aY:-0.055,aZ:-0.063,gX:-3.479,gY:1.404,gZ:16.479
aX:-0.927,aY:-0.033,aZ:-0.047,gX:-1.831,gY:-1.160,gZ:9.766
aX:-0.902,aY:-0.009,aZ:-0.046,gX:-0.061,gY:-2.808,gZ:0.305
aX:-0.891,aY:0.004,aZ:-0.026,gX:3.723,gY:0.366,gZ:-5.432
aX:-0.900,aY:0.026,aZ:-0.000,gX:5.676,gY:5.188,gZ:-9.033
aX:-0.927,aY:0.047,aZ:0.028,gX:8.972,gY:10.254,gZ:-9.766
aX:-0.946,aY:0.096,aZ:0.055,gX:13.000,gY:9.766,gZ:-9.460
aX:-1.002,aY:0.120,aZ:0.022,gX:19.226,gY:6.165,gZ:-8.667
aX:-1.086,aY:0.154,aZ:0.019,gX:31.799,gY:4.822,gZ:-3.601
aX:-1.144,aY:0.179,aZ:-0.027,gX:34.119,gY:0.183,gZ:0.610
aX:-1.211,aY:0.119,aZ:-0.091,gX:23.499,gY:-10.071,gZ:1.587
aX:-1.247,aY:0.042,aZ:-0.048,gX:18.005,gY:-11.658,gZ:1.892
aX:-1.184,aY:0.036,aZ:0.062,gX:19.836,gY:-3.357,gZ:1.770
aX:-1.123,aY:0.053,aZ:0.148,gX:25.635,gY:2.197,gZ:0.977
aX:-1.267,aY:0.049,aZ:0.087,gX:38.940,gY:16.968,gZ:6.165
aX:-1.402,aY:-0.025,aZ:-0.089,gX:48.523,gY:50.232,gZ:25.330
aX:-1.316,aY:-0.199,aZ:-0.179,gX:26.733,gY:50.476,gZ:34.729
aX:-1.211,aY:-0.331,aZ:-0.235,gX:0.732,gY:13.977,gZ:18.982
aX:-1.056,aY:-0.273,aZ:-0.377,gX:3.479,gY:5.127,gZ:5.249
aX:-0.997,aY:-0.228,aZ:-0.189,gX:-11.230,gY:-2.075,gZ:5.554
aX:-0.896,aY:0.038,aZ:-0.332,gX:1.160,gY:0.366,gZ:7.385
aX:-0.725,aY:0.143,aZ:-0.490,gX:-15.137,gY:5.066,gZ:1.160
aX:-0.677,aY:0.140,aZ:-0.451,gX:-20.874,gY:-5.005,gZ:8.850
aX:-0.633,aY:0.036,aZ:-0.318,gX:-8.911,gY:-2.930,gZ:20.935
aX:-0.712,aY:-0.069,aZ:-0.143,gX:1.343,gY:-1.526,gZ:25.635
aX:-0.912,aY:-0.073,aZ:-0.159,gX:7.019,gY:-3.174,gZ:21.423
aX:-1.081,aY:-0.049,aZ:-0.190,gX:-4.639,gY:-14.404,gZ:8.545
aX:-1.115,aY:0.032,aZ:-0.255,gX:-12.817,gY:-27.649,gZ:-4.395
aX:-1.117,aY:0.070,aZ:-0.296,gX:-12.939,gY:-36.011,gZ:-17.212
aX:-1.052,aY:0.085,aZ:-0.315,gX:-5.127,gY:-34.729,gZ:-28.564
aX:-0.973,aY:0.057,aZ:-0.279,gX:1.953,gY:-26.123,gZ:-29.846
aX:-0.866,aY:0.016,aZ:-0.205,gX:3.174,gY:-13.916,gZ:-23.132
aX:-0.764,aY:0.010,aZ:-0.116,gX:-1.282,gY:-4.517,gZ:-10.498
aX:-0.708,aY:0.016,aZ:-0.074,gX:-7.690,gY:-2.625,gZ:2.686
aX:-0.741,aY:0.030,aZ:-0.085,gX:-15.137,gY:-6.958,gZ:14.221
aX:-0.833,aY:0.013,aZ:-0.093,gX:-22.278,gY:-13.367,gZ:18.555
aX:-0.938,aY:-0.004,aZ:-0.120,gX:-27.588,gY:-16.602,gZ:17.395
aX:-1.034,aY:0.011,aZ:-0.143,gX:-30.701,gY:-20.447,gZ:12.024
aX:-1.065,aY:0.050,aZ:-0.180,gX:-30.457,gY:-22.339,gZ:6.531
aX:-1.040,aY:0.084,aZ:-0.205,gX:-27.161,gY:-17.578,gZ:4.761
aX:-1.001,aY:0.084,aZ:-0.191,gX:-23.071,gY:-5.432,gZ:6.348
aX:-0.966,aY:0.077,aZ:-0.150,gX:-22.278,gY:7.996,gZ:7.690
aX:-0.953,aY:0.049,aZ:-0.112,gX:-23.010,gY:16.602,gZ:7.629
aX:-0.956,aY:0.011,aZ:-0.098,gX:-27.710,gY:16.785,gZ:5.920
aX:-0.965,aY:-0.012,aZ:-0.099,gX:-32.288,gY:12.878,gZ:0.977
aX:-0.939,aY:0.036,aZ:-0.129,gX:-35.461,gY:5.493,gZ:-5.066
aX:-0.941,aY:0.126,aZ:-0.178,gX:-36.804,gY:-2.686,gZ:-9.155
aX:-0.971,aY:0.189,aZ:-0.195,gX:-35.034,gY:-5.432,gZ:-7.324
aX:-1.014,aY:0.211,aZ:-0.190,gX:-32.410,gY:-2.441,gZ:-2.197
aX:-1.078,aY:0.240,aZ:-0.178,gX:-31.860,gY:1.221,gZ:0.916
aX:-1.139,aY:0.268,aZ:-0.159,gX:-32.532,gY:2.625,gZ:0.427
aX:-1.199,aY:0.267,aZ:-0.124,gX:-32.349,gY:4.883,gZ:-2.930
aX:-1.222,aY:0.269,aZ:-0.114,gX:-30.273,gY:5.737,gZ:-9.766
aX:-1.194,aY:0.281,aZ:-0.154,gX:-26.917,gY:2.319,gZ:-20.203
aX:-1.177,aY:0.289,aZ:-0.216,gX:-19.226,gY:-2.747,gZ:-29.114
aX:-1.157,aY:0.287,aZ:-0.244,gX:-7.324,gY:-5.615,gZ:-32.898
aX:-1.063,aY:0.253,aZ:-0.302,gX:5.615,gY:-10.315,gZ:-33.508
aX:-0.969,aY:0.206,aZ:-0.392,gX:20.630,gY:-19.897,gZ:-32.776
aX:-0.921,aY:0.130,aZ:-0.495,gX:35.522,gY:-24.658,gZ:-30.701
aX:-0.879,aY:-0.057,aZ:-0.502,gX:47.058,gY:-25.635,gZ:-26.367
aX:-0.843,aY:-0.267,aZ:-0.381,gX:52.368,gY:-19.531,gZ:-16.663
aX:-0.885,aY:-0.395,aZ:-0.200,gX:40.649,gY:-7.019,gZ:-3.418
aX:-0.965,aY:-0.380,aZ:-0.109,gX:18.188,gY:6.409,gZ:11.597
aX:-0.990,aY:-0.299,aZ:-0.182,gX:-2.319,gY:14.709,gZ:24.658
aX:-1.008,aY:-0.205,aZ:-0.180,gX:-13.489,gY:26.672,gZ:30.334
aX:-1.063,aY:-0.055,aZ:-0.195,gX:-7.568,gY:33.020,gZ:26.184
aX:-1.126,aY:0.008,aZ:-0.202,gX:-5.249,gY:28.564,gZ:16.541
aX:-1.163,aY:-0.001,aZ:-0.266,gX:2.808,gY:15.808,gZ:4.639
aX:-1.060,aY:-0.030,aZ:-0.291,gX:1.099,gY:2.258,gZ:-5.920
aX:-0.982,aY:-0.004,aZ:-0.252,gX:-6.226,gY:-2.930,gZ:-17.029
aX:-0.911,aY:0.059,aZ:-0.159,gX:-11.108,gY:-1.892,gZ:-19.104
aX:-0.826,aY:0.111,aZ:-0.096,gX:-16.418,gY:-2.380,gZ:-6.348
aX:-0.731,aY:0.074,aZ:-0.080,gX:-18.921,gY:1.282,gZ:8.728
aX:-0.703,aY:0.020,aZ:-0.046,gX:-19.958,gY:2.502,gZ:19.592
aX:-0.742,aY:-0.027,aZ:-0.015,gX:-19.226,gY:7.263,gZ:22.217
aX:-0.852,aY:-0.032,aZ:-0.021,gX:-15.320,gY:11.414,gZ:21.301
aX:-0.940,aY:-0.006,aZ:-0.023,gX:-9.521,gY:14.160,gZ:17.639
aX:-0.946,aY:0.032,aZ:-0.054,gX:-3.845,gY:13.428,gZ:12.146
aX:-0.906,aY:0.042,aZ:-0.075,gX:-1.160,gY:9.827,gZ:4.211
aX:-0.896,aY:0.037,aZ:-0.048,gX:1.282,gY:5.981,gZ:-3.418
aX:-0.919,aY:0.027,aZ:0.024,gX:3.723,gY:9.460,gZ:-8.118
aX:-0.929,aY:0.029,aZ:0.072,gX:2.502,gY:12.634,gZ:-11.353
aX:-0.948,aY:0.026,aZ:0.056,gX:4.578,gY:11.414,gZ:-13.611
aX:-1.002,aY:0.044,aZ:0.051,gX:17.883,gY:13.367,gZ:-10.864
aX:-1.028,aY:0.139,aZ:-0.014,gX:27.649,gY:11.353,gZ:-5.676
aX:-1.153,aY:0.061,aZ:-0.107,gX:20.142,gY:-2.991,gZ:-6.592
aX:-1.231,aY:-0.005,aZ:-0.030,gX:8.240,gY:-7.812,gZ:-7.324
aX:-1.203,aY:0.011,aZ:0.083,gX:-0.366,gY:-8.850,gZ:-5.676
aX:-1.154,aY:0.074,aZ:0.171,gX:-2.319,gY:-8.240,gZ:-6.104
aX:-1.179,aY:0.111,aZ:0.189,gX:7.324,gY:-2.686,gZ:-4.578
aX:-1.433,aY:0.068,aZ:0.085,gX:29.053,gY:20.569,gZ:4.761
aX:-1.648,aY:-0.005,aZ:-0.086,gX:47.974,gY:65.735,gZ:31.311
aX:-1.454,aY:-0.259,aZ:-0.235,gX:32.043,gY:51.270,gZ:40.100
aX:-1.146,aY:-0.330,aZ:-0.397,gX:-14.465,gY:-2.014,gZ:10.620
aX:-1.084,aY:-0.254,aZ:-0.153,gX:-16.602,gY:-7.263,gZ:4.456
aX:-0.890,aY:-0.081,aZ:-0.147,gX:4.028,gY:3.174,gZ:3.540
aX:-0.769,aY:0.130,aZ:-0.300,gX:-8.240,gY:7.507,gZ:-4.456
aX:-0.676,aY:0.247,aZ:-0.502,gX:-26.367,gY:12.634,gZ:-12.146
aX:-0.685,aY:0.205,aZ:-0.505,gX:-32.288,gY:-14.832,gZ:-0.549
aX:-0.651,aY:0.064,aZ:-0.345,gX:-8.789,gY:-18.066,gZ:18.066
aX:-0.720,aY:-0.067,aZ:-0.172,gX:13.794,gY:-9.094,gZ:29.297
aX:-0.942,aY:-0.099,aZ:-0.170,gX:14.404,gY:-9.949,gZ:27.222
aX:-1.115,aY:-0.097,aZ:-0.223,gX:1.892,gY:-13.489,gZ:18.616
aX:-1.112,aY:-0.031,aZ:-0.274,gX:-10.498,gY:-20.874,gZ:3.662
aX:-1.078,aY:-0.001,aZ:-0.311,gX:-13.855,gY:-25.085,gZ:-11.230
aX:-1.043,aY:0.030,aZ:-0.289,gX:-10.498,gY:-23.132,gZ:-21.973
aX:-0.942,aY:0.016,aZ:-0.243,gX:-11.169,gY:-18.982,gZ:-26.123
aX:-0.816,aY:0.002,aZ:-0.182,gX:-11.353,gY:-13.123,gZ:-23.682
aX:-0.725,aY:0.015,aZ:-0.140,gX:-15.198,gY:-8.972,gZ:-16.418
aX:-0.714,aY:0.061,aZ:-0.132,gX:-20.020,gY:-6.592,gZ:-5.493
aX:-0.767,aY:0.105,aZ:-0.128,gX:-24.536,gY:-7.202,gZ:4.761
aX:-0.845,aY:0.085,aZ:-0.123,gX:-27.649,gY:-10.315,gZ:11.780
aX:-0.944,aY:0.065,aZ:-0.129,gX:-30.823,gY:-12.817,gZ:13.367
aX:-1.020,aY:0.076,aZ:-0.174,gX:-35.645,gY:-13.977,gZ:10.681
aX:-1.051,aY:0.113,aZ:-0.216,gX:-39.429,gY:-11.536,gZ:7.202
aX:-1.028,aY:0.150,aZ:-0.222,gX:-38.513,gY:-7.263,gZ:4.395
aX:-0.997,aY:0.167,aZ:-0.217,gX:-31.372,gY:-1.770,gZ:2.136
aX:-0.974,aY:0.147,aZ:-0.183,gX:-23.254,gY:5.371,gZ:1.526
aX:-0.978,aY:0.075,aZ:-0.135,gX:-19.592,gY:9.155,gZ:3.662
aX:-0.990,aY:0.029,aZ:-0.117,gX:-23.010,gY:7.874,gZ:5.676
aX:-0.972,aY:0.047,aZ:-0.190,gX:-33.386,gY:0.427,gZ:5.554
aX:-1.010,aY:0.068,aZ:-0.185,gX:-38.025,gY:-6.409,gZ:8.179
aX:-1.021,aY:0.102,aZ:-0.176,gX:-38.696,gY:-6.531,gZ:9.399
aX:-1.025,aY:0.146,aZ:-0.159,gX:-35.706,gY:-6.042,gZ:6.042
aX:-1.075,aY:0.198,aZ:-0.130,gX:-34.607,gY:-4.578,gZ:0.549
aX:-1.110,aY:0.227,aZ:-0.091,gX:-35.400,gY:-3.845,gZ:-3.662
aX:-1.127,aY:0.243,aZ:-0.083,gX:-36.560,gY:-4.028,gZ:-9.338
aX:-1.091,aY:0.260,aZ:-0.146,gX:-36.743,gY:-5.493,gZ:-16.602
aX:-1.075,aY:0.216,aZ:-0.243,gX:-29.297,gY:-10.925,gZ:-21.606
aX:-1.158,aY:0.195,aZ:-0.243,gX:-14.526,gY:-10.498,gZ:-23.315
aX:-1.154,aY:0.194,aZ:-0.349,gX:-7.263,gY:-18.616,gZ:-28.381
aX:-1.081,aY:0.233,aZ:-0.536,gX:2.319,gY:-26.611,gZ:-33.020
aX:-1.027,aY:0.172,aZ:-0.613,gX:24.414,gY:-21.790,gZ:-30.396
aX:-0.925,aY:-0.023,aZ:-0.548,gX:46.692,gY:-13.672,gZ:-24.170
aX:-0.828,aY:-0.260,aZ:-0.389,gX:63.293,gY:-3.784,gZ:-13.489
aX:-0.786,aY:-0.387,aZ:-0.143,gX:54.199,gY:8.850,gZ:2.747
aX:-0.837,aY:-0.331,aZ:-0.094,gX:35.522,gY:18.616,gZ:17.578
aX:-0.891,aY:-0.261,aZ:-0.184,gX:13.794,gY:22.766,gZ:24.536
aX:-1.025,aY:-0.167,aZ:-0.201,gX:1.099,gY:31.311,gZ:25.452
aX:-1.120,aY:-0.041,aZ:-0.217,gX:5.493,gY:38.391,gZ:19.409
aX:-1.177,aY:0.013,aZ:-0.269,gX:2.075,gY:27.710,gZ:7.751
aX:-1.184,aY:0.005,aZ:-0.281,gX:1.465,gY:14.038,gZ:-4.395
aX:-1.080,aY:0.022,aZ:-0.292,gX:5.798,gY:6.531,gZ:-13.855
aX:-1.009,aY:0.065,aZ:-0.246,gX:2.991,gY:7.385,gZ:-14.709
aX:-0.899,aY:0.098,aZ:-0.145,gX:-0.427,gY:11.719,gZ:-4.150
aX:-0.815,aY:0.077,aZ:-0.085,gX:0.977,gY:13.977,gZ:13.794
aX:-0.761,aY:0.015,aZ:-0.044,gX:2.136,gY:15.503,gZ:27.832
aX:-0.732,aY:-0.066,aZ:0.001,gX:2.441,gY:17.639,gZ:33.875
aX:-0.779,aY:-0.070,aZ:0.013,gX:-0.793,gY:19.165,gZ:30.273
aX:-0.849,aY:-0.051,aZ:-0.012,gX:-8.179,gY:13.000,gZ:20.264
aX:-0.880,aY:-0.009,aZ:-0.039,gX:-11.414,gY:2.136,gZ:6.714
aX:-0.878,aY:0.010,aZ:-0.064,gX:-8.240,gY:-7.141,gZ:-3.662
aX:-0.861,aY:0.034,aZ:-0.049,gX:-1.465,gY:-11.047,gZ:-10.742
aX:-0.863,aY:0.056,aZ:-0.009,gX:3.967,gY:-7.568,gZ:-13.489
aX:-0.872,aY:0.061,aZ:0.039,gX:4.211,gY:-2.136,gZ:-12.878
aX:-0.894,aY:0.061,aZ:0.044,gX:7.202,gY:-2.014,gZ:-9.766
aX:-0.960,aY:0.053,aZ:0.034,gX:18.677,gY:0.916,gZ:-4.639
aX:-0.976,aY:0.134,aZ:0.019,gX:37.903,gY:9.888,gZ:1.770
aX:-1.060,aY:0.148,aZ:-0.143,gX:38.574,gY:2.747,gZ:0.305
aX:-1.303,aY:0.034,aZ:-0.205,gX:28.259,gY:-5.737,gZ:-1.953
aX:-1.388,aY:-0.063,aZ:-0.020,gX:14.954,gY:-7.019,gZ:1.953
aX:-1.340,aY:-0.011,aZ:0.145,gX:1.038,gY:-10.864,gZ:-4.517
aX:-1.268,aY:0.090,aZ:0.158,gX:13.000,gY:-4.517,gZ:-8.911
aX:-1.405,aY:0.094,aZ:0.135,gX:37.292,gY:20.447,gZ:1.038
aX:-1.528,aY:0.085,aZ:0.012,gX:63.721,gY:75.867,gZ:31.921
aX:-1.373,aY:-0.066,aZ:-0.159,gX:34.851,gY:60.120,gZ:38.391
aX:-1.165,aY:-0.218,aZ:-0.339,gX:-11.169,gY:11.292,gZ:13.245
aX:-1.103,aY:-0.325,aZ:-0.381,gX:-7.019,gY:8.423,gZ:9.583
aX:-0.978,aY:-0.256,aZ:-0.149,gX:-1.587,gY:3.357,gZ:14.648
aX:-0.971,aY:0.006,aZ:-0.168,gX:4.517,gY:7.202,gZ:4.517
aX:-0.795,aY:0.178,aZ:-0.378,gX:-6.165,gY:24.414,gZ:-6.897
aX:-0.655,aY:0.184,aZ:-0.514,gX:-25.146,gY:-4.883,gZ:-11.536
aX:-0.631,aY:0.131,aZ:-0.427,gX:-4.395,gY:-28.442,gZ:3.906
aX:-0.627,aY:0.048,aZ:-0.332,gX:14.465,gY:-20.874,gZ:17.761
aX:-0.726,aY:-0.075,aZ:-0.226,gX:24.841,gY:-15.198,gZ:23.132
aX:-0.904,aY:-0.118,aZ:-0.211,gX:24.170,gY:-11.414,gZ:23.010
aX:-1.070,aY:-0.117,aZ:-0.259,gX:6.287,gY:-14.954,gZ:18.799
aX:-1.092,aY:-0.080,aZ:-0.295,gX:-6.836,gY:-23.132,gZ:10.315
aX:-1.071,aY:-0.041,aZ:-0.333,gX:-13.977,gY:-29.053,gZ:-6.836
aX:-1.033,aY:-0.037,aZ:-0.339,gX:-10.925,gY:-27.466,gZ:-19.043
aX:-0.955,aY:-0.057,aZ:-0.309,gX:-7.751,gY:-20.630,gZ:-25.085
aX:-0.879,aY:-0.037,aZ:-0.249,gX:-9.033,gY:-14.587,gZ:-24.719
aX:-0.775,aY:0.002,aZ:-0.187,gX:-14.954,gY:-11.536,gZ:-18.250
aX:-0.744,aY:0.036,aZ:-0.164,gX:-20.203,gY:-12.695,gZ:-6.775
aX:-0.772,aY:0.076,aZ:-0.160,gX:-24.475,gY:-16.052,gZ:2.686
aX:-0.865,aY:0.101,aZ:-0.144,gX:-28.015,gY:-16.968,gZ:8.728
aX:-0.953,aY:0.104,aZ:-0.133,gX:-32.349,gY:-16.541,gZ:10.620
aX:-1.033,aY:0.100,aZ:-0.167,gX:-34.973,gY:-16.296,gZ:9.216
aX:-1.089,aY:0.138,aZ:-0.216,gX:-36.804,gY:-12.756,gZ:5.249
aX:-1.113,aY:0.193,aZ:-0.241,gX:-35.645,gY:-8.545,gZ:2.136
aX:-1.054,aY:0.188,aZ:-0.236,gX:-27.649,gY:-1.160,gZ:-0.488
aX:-0.966,aY:0.164,aZ:-0.214,gX:-15.198,gY:5.432,gZ:-3.357
aX:-0.938,aY:0.135,aZ:-0.171,gX:-3.845,gY:7.568,gZ:-3.723
aX:-0.911,aY:0.108,aZ:-0.136,gX:-0.916,gY:4.761,gZ:-1.099
aX:-0.903,aY:0.125,aZ:-0.167,gX:-6.470,gY:1.160,gZ:4.761
aX:-0.913,aY:0.137,aZ:-0.180,gX:-11.902,gY:0.000,gZ:10.620
aX:-0.967,aY:0.145,aZ:-0.148,gX:-10.864,gY:0.977,gZ:12.024
aX:-1.040,aY:0.144,aZ:-0.157,gX:-9.033,gY:-0.427,gZ:9.338
aX:-1.112,aY:0.132,aZ:-0.167,gX:-8.484,gY:-2.258,gZ:6.409
aX:-1.137,aY:0.115,aZ:-0.192,gX:-9.216,gY:-2.930,gZ:1.831
aX:-1.123,aY:0.100,aZ:-0.235,gX:-8.789,gY:-1.953,gZ:-3.906
aX:-1.099,aY:0.094,aZ:-0.261,gX:-6.531,gY:-0.061,gZ:-9.705
aX:-1.101,aY:0.107,aZ:-0.273,gX:-3.662,gY:-3.174,gZ:-16.052
aX:-1.105,aY:0.154,aZ:-0.374,gX:-1.160,gY:-11.658,gZ:-22.217
aX:-1.142,aY:0.171,aZ:-0.456,gX:7.812,gY:-15.198,gZ:-25.757
aX:-1.093,aY:0.105,aZ:-0.494,gX:16.846,gY:-9.094,gZ:-23.193
aX:-0.979,aY:-0.074,aZ:-0.494,gX:28.381,gY:-5.615,gZ:-17.212
aX:-0.886,aY:-0.243,aZ:-0.442,gX:42.175,gY:-6.287,gZ:-6.653
aX:-0.858,aY:-0.341,aZ:-0.351,gX:47.729,gY:-2.625,gZ:3.845
aX:-0.858,aY:-0.334,aZ:-0.241,gX:40.588,gY:10.315,gZ:15.869
aX:-0.850,aY:-0.216,aZ:-0.224,gX:28.503,gY:23.499,gZ:25.391
aX:-0.882,aY:-0.098,aZ:-0.197,gX:19.043,gY:28.015,gZ:31.738
aX:-0.971,aY:-0.035,aZ:-0.166,gX:19.409,gY:30.701,gZ:35.034
aX:-1.011,aY:-0.033,aZ:-0.166,gX:22.766,gY:23.560,gZ:32.959
aX:-1.068,aY:-0.073,aZ:-0.201,gX:7.324,gY:9.888,gZ:23.010
aX:-1.107,aY:-0.134,aZ:-0.233,gX:-15.930,gY:3.601,gZ:6.165
aX:-1.109,aY:-0.067,aZ:-0.189,gX:-29.358,gY:5.981,gZ:-3.662
aX:-1.073,aY:0.045,aZ:-0.124,gX:-35.339,gY:4.333,gZ:-7.019
aX:-0.947,aY:0.099,aZ:-0.116,gX:-34.607,gY:2.075,gZ:-4.761
aX:-0.837,aY:0.117,aZ:-0.070,gX:-32.959,gY:0.732,gZ:-0.305
aX:-0.752,aY:0.073,aZ:-0.027,gX:-27.893,gY:2.136,gZ:4.944
aX:-0.729,aY:0.024,aZ:0.033,gX:-25.513,gY:2.197,gZ:10.132
aX:-0.779,aY:-0.012,aZ:0.015,gX:-19.470,gY:5.737,gZ:11.169
aX:-0.857,aY:-0.070,aZ:0.003,gX:-14.832,gY:11.475,gZ:8.545
aX:-0.886,aY:-0.083,aZ:-0.024,gX:-14.954,gY:8.423,gZ:4.944
aX:-0.877,aY:-0.058,aZ:-0.018,gX:-32.837,gY:-8.423,gZ:-2.502
aX:-0.939,aY:0.048,aZ:-0.006,gX:-32.349,gY:-22.522,gZ:-3.967
aX:-0.972,aY:0.109,aZ:0.007,gX:-21.606,gY:-19.409,gZ:-3.296
aX:-0.974,aY:0.140,aZ:0.005,gX:-9.460,gY:-8.606,gZ:-6.042
aX:-1.016,aY:0.158,aZ:0.047,gX:3.601,gY:2.380,gZ:-9.216
aX:-1.015,aY:0.172,aZ:0.113,gX:21.301,gY:13.306,gZ:-12.146
aX:-0.983,aY:0.197,aZ:0.098,gX:31.372,gY:12.085,gZ:-17.029
aX:-1.003,aY:0.202,aZ:0.024,gX:38.391,gY:6.348,gZ:-18.616
aX:-1.079,aY:0.139,aZ:0.024,gX:51.392,gY:7.935,gZ:-12.024
aX:-1.060,aY:0.081,aZ:-0.017,gX:60.669,gY:12.390,gZ:-2.014
aX:-1.049,aY:-0.028,aZ:-0.094,gX:45.166,gY:3.113,gZ:3.052
aX:-1.140,aY:-0.132,aZ:-0.081,gX:29.785,gY:-2.625,gZ:10.376
aX:-1.150,aY:-0.159,aZ:0.021,gX:15.564,gY:-0.916,gZ:15.808
aX:-1.178,aY:-0.169,aZ:0.125,gX:11.841,gY:2.136,gZ:14.465
aX:-1.614,aY:-0.169,aZ:0.157,gX:32.837,gY:24.231,gZ:17.456
aX:-1.733,aY:-0.175,aZ:-0.264,gX:40.955,gY:78.308,gZ:33.813
aX:-1.487,aY:-0.383,aZ:-0.443,gX:-2.136,gY:38.208,gZ:22.888
aX:-1.161,aY:-0.480,aZ:-0.454,gX:-10.803,gY:14.771,gZ:-4.883
aX:-0.956,aY:-0.271,aZ:-0.374,gX:-3.784,gY:12.390,gZ:-4.761
aX:-0.905,aY:-0.104,aZ:-0.237,gX:-15.198,gY:-13.367,gZ:-3.052
aX:-0.896,aY:0.079,aZ:-0.324,gX:-11.780,gY:-3.052,gZ:-5.249
aX:-0.714,aY:0.174,aZ:-0.391,gX:-18.982,gY:20.325,gZ:-10.620
aX:-0.657,aY:0.232,aZ:-0.350,gX:-21.667,gY:-10.193,gZ:-8.301
aX:-0.579,aY:0.245,aZ:-0.342,gX:-5.493,gY:-27.405,gZ:-4.700
aX:-0.653,aY:0.171,aZ:-0.271,gX:7.690,gY:-32.227,gZ:-1.831
aX:-0.832,aY:0.067,aZ:-0.206,gX:20.020,gY:-33.081,gZ:5.615
aX:-1.002,aY:-0.035,aZ:-0.211,gX:22.949,gY:-21.729,gZ:13.977
aX:-1.105,aY:-0.085,aZ:-0.203,gX:14.709,gY:-17.883,gZ:15.442
aX:-1.065,aY:-0.051,aZ:-0.234,gX:1.099,gY:-15.686,gZ:5.493
aX:-1.037,aY:-0.022,aZ:-0.285,gX:-14.099,gY:-17.822,gZ:-9.338
aX:-1.021,aY:-0.021,aZ:-0.286,gX:-16.235,gY:-14.099,gZ:-16.968
aX:-0.967,aY:-0.019,aZ:-0.259,gX:-14.709,gY:-8.423,gZ:-20.325
aX:-0.896,aY:-0.008,aZ:-0.226,gX:-14.587,gY:-2.869,gZ:-17.212
aX:-0.859,aY:0.011,aZ:-0.177,gX:-18.005,gY:-1.099,gZ:-11.353
aX:-0.808,aY:0.026,aZ:-0.153,gX:-22.156,gY:-3.357,gZ:-7.385
aX:-0.838,aY:0.083,aZ:-0.162,gX:-22.583,gY:-8.057,gZ:-5.493
aX:-0.898,aY:0.107,aZ:-0.195,gX:-23.987,gY:-13.367,gZ:-4.089
aX:-0.982,aY:0.088,aZ:-0.230,gX:-25.269,gY:-14.648,gZ:-1.953
aX:-1.023,aY:0.068,aZ:-0.245,gX:-25.635,gY:-8.606,gZ:1.892
aX:-0.997,aY:0.069,aZ:-0.239,gX:-26.245,gY:-1.953,gZ:4.578
aX:-0.943,aY:0.089,aZ:-0.228,gX:-26.306,gY:1.221,gZ:6.226
aX:-0.888,aY:0.124,aZ:-0.216,gX:-24.658,gY:2.502,gZ:7.324
aX:-0.879,aY:0.168,aZ:-0.207,gX:-22.888,gY:2.319,gZ:10.254
aX:-0.900,aY:0.171,aZ:-0.200,gX:-21.729,gY:3.784,gZ:14.465
aX:-0.935,aY:0.115,aZ:-0.178,gX:-21.057,gY:6.348,gZ:18.188
aX:-0.983,aY:0.066,aZ:-0.175,gX:-22.278,gY:5.127,gZ:18.494
aX:-1.028,aY:0.063,aZ:-0.226,gX:-26.001,gY:-0.122,gZ:16.296
aX:-1.101,aY:0.031,aZ:-0.241,gX:-26.184,gY:-5.127,gZ:16.602
aX:-1.081,aY:0.023,aZ:-0.173,gX:-23.376,gY:-0.427,gZ:15.381
aX:-1.025,aY:0.104,aZ:-0.132,gX:-24.963,gY:0.000,gZ:8.850
aX:-1.021,aY:0.215,aZ:-0.110,gX:-28.992,gY:-2.930,gZ:1.465
aX:-0.996,aY:0.259,aZ:-0.175,gX:-29.663,gY:-8.362,gZ:-4.822
aX:-1.029,aY:0.205,aZ:-0.327,gX:-18.921,gY:-12.451,gZ:-11.230
aX:-1.191,aY:0.110,aZ:-0.315,gX:-6.104,gY:-7.263,gZ:-13.550
aX:-1.174,aY:0.052,aZ:-0.344,gX:-0.488,gY:-9.338,gZ:-19.897
aX:-1.070,aY:0.070,aZ:-0.536,gX:4.944,gY:-22.888,gZ:-28.931
aX:-1.055,aY:0.047,aZ:-0.593,gX:22.400,gY:-26.794,gZ:-32.104
aX:-0.940,aY:-0.079,aZ:-0.598,gX:44.678,gY:-23.987,gZ:-31.250
aX:-0.820,aY:-0.260,aZ:-0.484,gX:64.026,gY:-16.296,gZ:-20.996
aX:-0.800,aY:-0.352,aZ:-0.266,gX:64.575,gY:-2.991,gZ:-5.981
aX:-0.840,aY:-0.324,aZ:-0.165,gX:51.514,gY:10.803,gZ:11.230
aX:-0.909,aY:-0.224,aZ:-0.178,gX:31.250,gY:18.188,gZ:28.931
aX:-1.032,aY:-0.061,aZ:-0.212,gX:13.000,gY:24.902,gZ:40.833
aX:-1.158,aY:0.029,aZ:-0.254,gX:7.141,gY:27.588,gZ:39.490
aX:-1.220,aY:0.022,aZ:-0.292,gX:6.409,gY:14.771,gZ:30.640
aX:-1.234,aY:-0.046,aZ:-0.323,gX:7.935,gY:3.113,gZ:18.921
aX:-1.184,aY:-0.060,aZ:-0.280,gX:10.193,gY:0.977,gZ:4.333
aX:-1.096,aY:-0.004,aZ:-0.219,gX:10.620,gY:3.174,gZ:-2.136
aX:-0.934,aY:0.055,aZ:-0.160,gX:12.512,gY:7.080,gZ:1.770
aX:-0.766,aY:0.069,aZ:-0.120,gX:18.921,gY:9.949,gZ:13.733
aX:-0.687,aY:0.030,aZ:-0.105,gX:24.841,gY:10.498,gZ:24.841
aX:-0.697,aY:-0.032,aZ:-0.069,gX:31.372,gY:16.663,gZ:32.349
aX:-0.781,aY:-0.062,aZ:-0.041,gX:36.316,gY:26.062,gZ:35.339
aX:-0.910,aY:-0.050,aZ:-0.033,gX:35.400,gY:29.724,gZ:32.104
aX:-1.039,aY:-0.026,aZ:-0.061,gX:31.311,gY:26.550,gZ:22.766
aX:-1.072,aY:0.002,aZ:-0.124,gX:31.555,gY:17.090,gZ:11.230
aX:-1.056,aY:0.033,aZ:-0.151,gX:37.048,gY:8.667,gZ:1.343
aX:-0.999,aY:0.049,aZ:-0.126,gX:40.710,gY:8.240,gZ:-3.296
aX:-0.926,aY:0.065,aZ:-0.057,gX:38.025,gY:10.620,gZ:-3.418
aX:-0.868,aY:0.095,aZ:-0.014,gX:40.344,gY:11.780,gZ:-1.648
aX:-0.849,aY:0.117,aZ:-0.068,gX:41.260,gY:7.324,gZ:-2.136
aX:-0.889,aY:0.151,aZ:-0.112,gX:49.194,gY:0.977,gZ:-1.648
aX:-0.922,aY:0.109,aZ:-0.156,gX:53.162,gY:-1.526,gZ:0.977
aX:-0.996,aY:0.013,aZ:-0.101,gX:53.711,gY:-0.488,gZ:6.470
aX:-1.065,aY:-0.002,aZ:-0.032,gX:65.491,gY:6.348,gZ:16.785
aX:-1.054,aY:0.012,aZ:-0.049,gX:70.435,gY:13.000,gZ:22.949
aX:-1.024,aY:0.029,aZ:-0.080,gX:65.918,gY:13.245,gZ:17.578
aX:-1.012,aY:0.026,aZ:-0.086,gX:64.575,gY:12.268,gZ:5.920
aX:-1.043,aY:0.015,aZ:-0.080,gX:64.392,gY:10.315,gZ:-4.883
aX:-1.266,aY:-0.038,aZ:-0.172,gX:61.707,gY:7.996,gZ:-7.263
aX:-1.597,aY:-0.068,aZ:-0.463,gX:57.007,gY:14.465,gZ:8.301
aX:-1.483,aY:-0.335,aZ:-0.511,gX:15.076,gY:-12.329,gZ:31.494
aX:-1.190,aY:-0.392,aZ:-0.333,gX:19.836,gY:-29.541,gZ:21.118
aX:-1.025,aY:-0.199,aZ:-0.172,gX:36.316,gY:-11.353,gZ:-3.357
aX:-0.840,aY:-0.034,aZ:-0.199,gX:30.762,gY:-13.489,gZ:-17.883
aX:-0.722,aY:0.023,aZ:-0.242,gX:27.039,gY:-16.724,gZ:-20.447
aX:-0.714,aY:-0.022,aZ:-0.258,gX:22.400,gY:-15.198,gZ:-15.930
aX:-0.688,aY:-0.047,aZ:-0.289,gX:18.494,gY:-18.921,gZ:-7.019
aX:-0.656,aY:-0.024,aZ:-0.272,gX:18.250,gY:-31.067,gZ:0.305
aX:-0.671,aY:0.005,aZ:-0.284,gX:22.827,gY:-32.715,gZ:11.047
aX:-0.774,aY:0.027,aZ:-0.311,gX:26.489,gY:-25.818,gZ:20.996
aX:-0.899,aY:0.041,aZ:-0.315,gX:30.334,gY:-12.268,gZ:27.832
aX:-0.993,aY:0.057,aZ:-0.295,gX:29.663,gY:-1.221,gZ:28.564
aX:-1.054,aY:0.073,aZ:-0.297,gX:28.198,gY:-1.587,gZ:20.386
aX:-1.123,aY:0.111,aZ:-0.350,gX:28.931,gY:-9.521,gZ:6.836
aX:-1.146,aY:0.136,aZ:-0.390,gX:33.997,gY:-18.982,gZ:-9.277
aX:-1.058,aY:0.149,aZ:-0.381,gX:42.786,gY:-21.423,gZ:-24.719
aX:-0.975,aY:0.174,aZ:-0.349,gX:47.119,gY:-21.301,gZ:-30.640
aX:-0.902,aY:0.146,aZ:-0.313,gX:49.683,gY:-23.315,gZ:-24.658
aX:-0.843,aY:0.107,aZ:-0.297,gX:48.523,gY:-22.827,gZ:-9.094
aX:-0.845,aY:0.071,aZ:-0.284,gX:44.250,gY:-18.555,gZ:5.737
aX:-0.866,aY:0.062,aZ:-0.288,gX:39.246,gY:-11.475,gZ:16.968
aX:-0.903,aY:0.051,aZ:-0.290,gX:34.424,gY:-7.751,gZ:22.095
aX:-0.940,aY:0.040,aZ:-0.293,gX:32.837,gY:-7.263,gZ:23.254
aX:-0.987,aY:0.047,aZ:-0.297,gX:32.349,gY:-6.409,gZ:22.156
aX:-1.008,aY:0.061,aZ:-0.306,gX:30.457,gY:-5.127,gZ:20.142
aX:-1.011,aY:0.088,aZ:-0.293,gX:27.161,gY:-3.052,gZ:16.785
aX:-0.981,aY:0.115,aZ:-0.298,gX:24.658,gY:-2.747,gZ:13.245
aX:-0.949,aY:0.152,aZ:-0.316,gX:21.301,gY:-4.211,gZ:10.315
aX:-0.911,aY:0.161,aZ:-0.334,gX:19.592,gY:-3.845,gZ:9.033
aX:-0.897,aY:0.157,aZ:-0.324,gX:23.132,gY:-1.648,gZ:9.766
aX:-0.909,aY:0.127,aZ:-0.303,gX:25.513,gY:1.831,gZ:12.939
aX:-0.930,aY:0.117,aZ:-0.304,gX:23.376,gY:2.991,gZ:18.372
aX:-0.985,aY:0.105,aZ:-0.288,gX:19.836,gY:4.883,gZ:24.231
aX:-0.990,aY:0.119,aZ:-0.282,gX:16.724,gY:9.216,gZ:30.212
aX:-0.980,aY:0.142,aZ:-0.282,gX:11.841,gY:11.780,gZ:32.471
aX:-0.997,aY:0.169,aZ:-0.259,gX:10.620,gY:13.489,gZ:30.212
aX:-1.025,aY:0.176,aZ:-0.245,gX:12.634,gY:12.756,gZ:25.330
aX:-1.040,aY:0.171,aZ:-0.221,gX:16.174,gY:10.132,gZ:18.372
aX:-1.035,aY:0.165,aZ:-0.202,gX:17.334,gY:8.362,gZ:9.033
aX:-1.025,aY:0.165,aZ:-0.197,gX:15.930,gY:5.554,gZ:-0.427
aX:-1.010,aY:0.173,aZ:-0.294,gX:11.597,gY:-0.854,gZ:-6.470
aX:-1.116,aY:0.147,aZ:-0.353,gX:8.484,gY:-5.615,gZ:-8.850
aX:-1.114,aY:0.149,aZ:-0.285,gX:10.376,gY:-0.061,gZ:-8.667
aX:-1.031,aY:0.132,aZ:-0.393,gX:9.155,gY:-7.874,gZ:-15.503
aX:-1.030,aY:0.137,aZ:-0.481,gX:16.541,gY:-13.977,gZ:-19.226
aX:-1.037,aY:0.072,aZ:-0.480,gX:30.945,gY:-13.306,gZ:-19.714
aX:-0.971,aY:-0.057,aZ:-0.469,gX:43.640,gY:-9.705,gZ:-22.461
aX:-0.910,aY:-0.180,aZ:-0.468,gX:56.030,gY:-5.554,gZ:-20.081
aX:-0.862,aY:-0.254,aZ:-0.377,gX:59.326,gY:-0.977,gZ:-12.634
aX:-0.817,aY:-0.257,aZ:-0.295,gX:51.147,gY:5.371,gZ:-3.418
aX:-0.809,aY:-0.223,aZ:-0.253,gX:39.429,gY:10.803,gZ:7.751
aX:-0.836,aY:-0.134,aZ:-0.251,gX:32.349,gY:15.747,gZ:16.174
aX:-0.892,aY:-0.070,aZ:-0.277,gX:28.625,gY:21.057,gZ:18.311
aX:-1.016,aY:-0.038,aZ:-0.278,gX:29.297,gY:24.658,gZ:17.395
aX:-1.141,aY:-0.019,aZ:-0.287,gX:30.151,gY:24.231,gZ:15.625
aX:-1.201,aY:-0.029,aZ:-0.323,gX:31.250,gY:19.287,gZ:10.376
aX:-1.187,aY:-0.038,aZ:-0.359,gX:31.311,gY:13.367,gZ:3.296
aX:-1.078,aY:-0.015,aZ:-0.316,gX:31.921,gY:14.221,gZ:-3.418
aX:-0.977,aY:0.036,aZ:-0.231,gX:33.325,gY:19.653,gZ:-5.371
aX:-0.882,aY:0.076,aZ:-0.164,gX:33.936,gY:20.752,gZ:-1.526
aX:-0.826,aY:0.077,aZ:-0.143,gX:37.659,gY:22.400,gZ:7.263
aX:-0.795,aY:0.032,aZ:-0.141,gX:40.955,gY:23.437,gZ:17.029
aX:-0.817,aY:-0.021,aZ:-0.120,gX:42.908,gY:23.010,gZ:23.926
aX:-0.857,aY:-0.063,aZ:-0.116,gX:45.654,gY:21.423,gZ:24.292
aX:-0.910,aY:-0.080,aZ:-0.125,gX:44.250,gY:17.090,gZ:21.973
aX:-0.960,aY:-0.084,aZ:-0.128,gX:40.955,gY:12.451,gZ:18.982
aX:-0.979,aY:-0.084,aZ:-0.125,gX:39.185,gY:7.874,gZ:13.855
aX:-0.989,aY:-0.064,aZ:-0.116,gX:35.950,gY:6.165,gZ:7.568
aX:-0.987,aY:-0.027,aZ:-0.120,gX:29.541,gY:4.700,gZ:-0.916
aX:-0.966,aY:0.005,aZ:-0.110,gX:26.672,gY:1.526,gZ:-7.874
aX:-0.940,aY:0.025,aZ:-0.092,gX:26.245,gY:-3.540,gZ:-11.475
aX:-0.928,aY:0.050,aZ:-0.064,gX:27.832,gY:-8.362,gZ:-11.658
aX:-0.949,aY:0.065,aZ:-0.052,gX:27.527,gY:-9.033,gZ:-10.437
aX:-0.977,aY:0.068,aZ:-0.042,gX:29.358,gY:-5.981,gZ:-6.470
aX:-1.003,aY:0.056,aZ:-0.005,gX:38.025,gY:-0.244,gZ:0.916
aX:-1.046,aY:0.082,aZ:0.008,gX:46.265,gY:7.446,gZ:9.827
aX:-1.060,aY:0.129,aZ:-0.039,gX:49.133,gY:14.038,gZ:14.648
aX:-1.084,aY:0.134,aZ:-0.082,gX:44.434,gY:10.437,gZ:14.160
aX:-1.153,aY:0.119,aZ:-0.100,gX:41.748,gY:3.479,gZ:8.118
aX:-1.132,aY:0.075,aZ:-0.081,gX:43.640,gY:0.427,gZ:1.221
aX:-1.057,aY:0.050,aZ:-0.010,gX:46.448,gY:-1.160,gZ:-2.808
aX:-1.025,aY:0.033,aZ:0.067,gX:49.072,gY:1.587,gZ:-5.554
aX:-1.151,aY:0.019,aZ:0.094,gX:53.650,gY:14.038,gZ:-2.136
aX:-1.286,aY:0.032,aZ:-0.049,gX:57.739,gY:37.659,gZ:13.123
aX:-1.178,aY:-0.047,aZ:-0.233,gX:32.104,gY:33.569,gZ:20.813
aX:-1.051,aY:-0.171,aZ:-0.319,gX:1.831,gY:0.610,gZ:8.606
aX:-1.091,aY:-0.230,aZ:-0.318,gX:-3.723,gY:-6.897,gZ:-0.122
aX:-1.035,aY:-0.217,aZ:-0.250,gX:9.766,gY:-2.075,gZ:8.911
aX:-1.061,aY:-0.126,aZ:-0.145,gX:12.329,gY:-3.113,gZ:12.939
aX:-0.888,aY:-0.077,aZ:-0.288,gX:4.883,gY:11.902,gZ:5.066
aX:-0.797,aY:-0.018,aZ:-0.396,gX:-19.836,gY:-3.845,gZ:-3.906
aX:-0.773,aY:0.071,aZ:-0.418,gX:-8.362,gY:-18.250,gZ:0.244
aX:-0.744,aY:0.041,aZ:-0.396,gX:-3.601,gY:-18.677,gZ:0.854
aX:-0.822,aY:0.013,aZ:-0.327,gX:12.817,gY:-15.503,gZ:7.935
aX:-0.919,aY:-0.019,aZ:-0.260,gX:20.813,gY:-9.705,gZ:14.465
aX:-0.987,aY:0.029,aZ:-0.226,gX:22.766,gY:-8.179,gZ:15.198
aX:-0.982,aY:0.109,aZ:-0.260,gX:15.381,gY:-14.587,gZ:6.409
aX:-1.031,aY:0.148,aZ:-0.291,gX:13.367,gY:-21.423,gZ:-1.709
aX:-1.047,aY:0.066,aZ:-0.285,gX:17.212,gY:-23.865,gZ:-7.263
aX:-1.012,aY:0.007,aZ:-0.255,gX:21.851,gY:-17.029,gZ:-9.888
aX:-0.974,aY:-0.025,aZ:-0.218,gX:19.897,gY:-10.193,gZ:-10.071
aX:-0.927,aY:-0.027,aZ:-0.173,gX:13.977,gY:-5.127,gZ:-8.545
aX:-0.880,aY:-0.004,aZ:-0.147,gX:6.592,gY:-3.540,gZ:-5.859
aX:-0.844,aY:0.020,aZ:-0.144,gX:0.427,gY:-6.653,gZ:-2.563
aX:-0.842,aY:0.057,aZ:-0.151,gX:-3.723,gY:-9.827,gZ:0.244
aX:-0.869,aY:0.086,aZ:-0.176,gX:-7.019,gY:-12.268,gZ:2.075
aX:-0.917,aY:0.076,aZ:-0.214,gX:-7.507,gY:-13.794,gZ:3.662
aX:-0.975,aY:0.066,aZ:-0.221,gX:-7.996,gY:-12.817,gZ:6.104
aX:-1.000,aY:0.071,aZ:-0.227,gX:-10.803,gY:-8.667,gZ:7.385
aX:-0.999,aY:0.095,aZ:-0.232,gX:-13.733,gY:-5.676,gZ:6.958
aX:-0.984,aY:0.126,aZ:-0.238,gX:-12.939,gY:-3.845,gZ:5.676
aX:-0.978,aY:0.133,aZ:-0.248,gX:-9.644,gY:-2.441,gZ:4.883
aX:-0.973,aY:0.117,aZ:-0.242,gX:-7.141,gY:0.061,gZ:4.883
aX:-0.967,aY:0.081,aZ:-0.205,gX:-6.287,gY:2.136,gZ:4.211
aX:-0.967,aY:0.039,aZ:-0.181,gX:-6.348,gY:1.099,gZ:4.456
aX:-0.962,aY:0.010,aZ:-0.158,gX:-9.216,gY:0.061,gZ:4.822
aX:-0.952,aY:0.038,aZ:-0.186,gX:-18.188,gY:-2.014,gZ:3.174
aX:-0.972,aY:0.111,aZ:-0.242,gX:-26.184,gY:-6.104,gZ:0.366
aX:-0.991,aY:0.177,aZ:-0.261,gX:-29.419,gY:-5.188,gZ:-1.160
aX:-0.990,aY:0.221,aZ:-0.256,gX:-29.297,gY:-3.174,gZ:-2.136
aX:-0.996,aY:0.248,aZ:-0.228,gX:-25.879,gY:-0.977,gZ:-3.052
aX:-1.005,aY:0.243,aZ:-0.216,gX:-21.729,gY:-0.732,gZ:-4.700
aX:-1.013,aY:0.200,aZ:-0.222,gX:-18.372,gY:-1.404,gZ:-6.897
aX:-1.036,aY:0.169,aZ:-0.257,gX:-15.991,gY:-1.648,gZ:-9.766
aX:-1.106,aY:0.174,aZ:-0.270,gX:-12.756,gY:-1.770,gZ:-11.780
aX:-1.155,aY:0.182,aZ:-0.319,gX:-11.230,gY:-5.798,gZ:-16.479
aX:-1.177,aY:0.153,aZ:-0.380,gX:-5.615,gY:-9.277,gZ:-20.142
aX:-1.164,aY:0.113,aZ:-0.421,gX:3.174,gY:-9.094,gZ:-20.142
aX:-1.090,aY:0.040,aZ:-0.411,gX:10.315,gY:-7.935,gZ:-18.860
aX:-0.994,aY:-0.038,aZ:-0.375,gX:14.343,gY:-8.484,gZ:-17.334
aX:-0.908,aY:-0.124,aZ:-0.354,gX:11.963,gY:-10.559,gZ:-16.052
aX:-0.835,aY:-0.201,aZ:-0.339,gX:7.996,gY:-11.230,gZ:-15.259
aX:-0.772,aY:-0.263,aZ:-0.340,gX:4.517,gY:-11.108,gZ:-12.085
aX:-0.747,aY:-0.292,aZ:-0.317,gX:1.953,gY:-4.761,gZ:-6.287
aX:-0.793,aY:-0.328,aZ:-0.242,gX:-0.916,gY:5.432,gZ:0.122
aX:-0.848,aY:-0.308,aZ:-0.181,gX:-0.793,gY:15.442,gZ:11.108
aX