Accelerometer sample rate = 119.00 Hz
Gyroscope sample rate = 119.00 Hz

aX:-0.841,aY:0.141,aZ:-0.201,gX:-28.809,gY:12.390,gZ:2.258
aX:-0.918,aY:0.096,aZ:-0.166,gX:-56.702,gY:-21.179,gZ:11.292
aX:-1.054,aY:0.021,aZ:-0.140,gX:20.691,gY:-0.977,gZ:2.747
aX:-1.067,aY:0.009,aZ:-0.114,gX:4.028,gY:-4.822,gZ:4.211
aX:-1.023,aY:0.067,aZ:-0.127,gX:1.404,gY:-5.859,gZ:-4.395
aX:-1.001,aY:0.104,aZ:-0.139,gX:0.488,gY:-9.766,gZ:-10.071
aX:-0.975,aY:0.105,aZ:-0.122,gX:-0.793,gY:-13.306,gZ:-13.062
aX:-0.941,aY:0.111,aZ:-0.110,gX:-2.380,gY:-14.099,gZ:-15.686
aX:-0.861,aY:0.156,aZ:-0.110,gX:-3.052,gY:-13.672,gZ:-17.273
aX:-0.860,aY:0.171,aZ:-0.130,gX:-2.502,gY:-13.977,gZ:-15.381
aX:-0.836,aY:0.204,aZ:-0.123,gX:0.305,gY:-10.925,gZ:-8.850
aX:-0.838,aY:0.213,aZ:-0.140,gX:1.648,gY:-9.705,gZ:-2.319
aX:-0.902,aY:0.212,aZ:-0.150,gX:2.686,gY:-9.705,gZ:1.465
aX:-0.948,aY:0.179,aZ:-0.163,gX:2.563,gY:-8.423,gZ:3.174
aX:-1.004,aY:0.167,aZ:-0.166,gX:0.916,gY:-7.751,gZ:4.089
aX:-1.035,aY:0.149,aZ:-0.136,gX:-1.282,gY:-5.371,gZ:1.770
aX:-1.048,aY:0.142,aZ:-0.123,gX:-3.113,gY:-0.183,gZ:-0.793
aX:-1.035,aY:0.172,aZ:-0.116,gX:-6.287,gY:5.615,gZ:-3.723
aX:-1.003,aY:0.193,aZ:-0.106,gX:-9.827,gY:8.301,gZ:-5.554
aX:-0.953,aY:0.225,aZ:-0.071,gX:-10.498,gY:11.963,gZ:-7.629
aX:-0.920,aY:0.280,aZ:-0.053,gX:-10.620,gY:13.916,gZ:-9.460
aX:-0.907,aY:0.323,aZ:-0.063,gX:-12.573,gY:11.780,gZ:-12.634
aX:-0.937,aY:0.369,aZ:-0.095,gX:-14.099,gY:5.981,gZ:-16.052
aX:-1.023,aY:0.351,aZ:-0.141,gX:-14.343,gY:0.977,gZ:-17.151
aX:-1.106,aY:0.275,aZ:-0.298,gX:-16.541,gY:-4.150,gZ:-16.174
aX:-1.306,aY:0.193,aZ:-0.402,gX:-10.437,gY:-8.240,gZ:-9.766
aX:-1.473,aY:0.199,aZ:-0.415,gX:2.197,gY:0.854,gZ:-7.324
aX:-1.409,aY:0.151,aZ:-0.450,gX:-0.610,gY:7.874,gZ:-13.489
aX:-1.233,aY:-0.002,aZ:-0.457,gX:-2.930,gY:4.822,gZ:-20.874
aX:-1.015,aY:-0.117,aZ:-0.418,gX:-4.456,gY:2.258,gZ:-27.100
aX:-0.829,aY:-0.198,aZ:-0.333,gX:-4.333,gY:4.578,gZ:-28.687
aX:-0.764,aY:-0.173,aZ:-0.195,gX:-1.099,gY:11.047,gZ:-23.560
aX:-0.806,aY:-0.114,aZ:-0.103,gX:-2.930,gY:15.869,gZ:-12.451
aX:-0.860,aY:-0.046,aZ:-0.095,gX:-13.123,gY:14.526,gZ:-0.305
aX:-1.036,aY:0.043,aZ:-0.171,gX:-20.874,gY:6.470,gZ:9.705
aX:-1.191,aY:0.133,aZ:-0.222,gX:-22.766,gY:2.380,gZ:11.963
aX:-1.257,aY:0.219,aZ:-0.205,gX:-18.188,gY:0.977,gZ:13.428
aX:-1.269,aY:0.226,aZ:-0.195,gX:-11.963,gY:1.160,gZ:13.184
aX:-1.168,aY:0.161,aZ:-0.157,gX:-6.348,gY:11.902,gZ:13.428
aX:-0.950,aY:0.146,aZ:-0.083,gX:-1.770,gY:22.766,gZ:15.686
aX:-0.759,aY:0.136,aZ:-0.037,gX:3.235,gY:24.597,gZ:12.512
aX:-0.691,aY:0.117,aZ:-0.038,gX:5.249,gY:18.494,gZ:13.123
aX:-0.640,aY:0.105,aZ:-0.028,gX:5.432,gY:11.414,gZ:15.198
aX:-0.643,aY:0.068,aZ:-0.019,gX:3.845,gY:0.732,gZ:20.020
aX:-0.715,aY:0.012,aZ:-0.002,gX:3.357,gY:-5.371,gZ:22.705
aX:-0.810,aY:-0.007,aZ:-0.016,gX:1.404,gY:-8.850,gZ:20.203
aX:-0.914,aY:0.007,aZ:-0.041,gX:-0.305,gY:-7.935,gZ:15.686
aX:-0.965,aY:0.040,aZ:-0.065,gX:0.366,gY:-3.723,gZ:9.338
aX:-0.976,aY:0.059,aZ:-0.065,gX:1.648,gY:-1.038,gZ:1.160
aX:-0.944,aY:0.070,aZ:-0.054,gX:1.465,gY:-1.160,gZ:-4.211
aX:-0.932,aY:0.083,aZ:-0.023,gX:0.549,gY:-0.977,gZ:-7.874
aX:-0.912,aY:0.092,aZ:0.002,gX:0.305,gY:0.610,gZ:-10.437
aX:-0.895,aY:0.093,aZ:0.002,gX:0.610,gY:0.000,gZ:-10.803
aX:-0.889,aY:0.106,aZ:-0.031,gX:0.488,gY:-4.272,gZ:-10.254
aX:-0.955,aY:0.119,aZ:-0.075,gX:-0.305,gY:-10.071,gZ:-7.446
aX:-1.089,aY:0.116,aZ:-0.095,gX:-0.366,gY:-11.841,gZ:-2.380
aX:-1.163,aY:0.122,aZ:-0.091,gX:-0.488,gY:-10.010,gZ:2.197
aX:-1.203,aY:0.136,aZ:-0.091,gX:-0.061,gY:-7.263,gZ:2.808
aX:-1.154,aY:0.159,aZ:-0.059,gX:4.272,gY:-1.526,gZ:-0.244
aX:-1.104,aY:0.132,aZ:-0.004,gX:8.728,gY:5.920,gZ:-2.136
aX:-1.048,aY:0.059,aZ:0.048,gX:8.789,gY:12.085,gZ:-2.075
aX:-1.038,aY:-0.009,aZ:0.100,gX:0.977,gY:15.808,gZ:-1.221
aX:-1.116,aY:-0.060,aZ:0.060,gX:-6.470,gY:16.541,gZ:6.348
aX:-1.181,aY:-0.098,aZ:-0.037,gX:-15.503,gY:18.738,gZ:12.329
aX:-1.204,aY:-0.110,aZ:-0.107,gX:-21.912,gY:18.677,gZ:12.756
aX:-1.178,aY:-0.130,aZ:-0.156,gX:-24.414,gY:17.456,gZ:8.972
aX:-1.110,aY:-0.080,aZ:-0.201,gX:-24.841,gY:17.212,gZ:3.418
aX:-1.028,aY:-0.026,aZ:-0.304,gX:-20.569,gY:10.620,gZ:-0.427
aX:-0.945,aY:-0.002,aZ:-0.397,gX:-13.000,gY:2.625,gZ:-2.136
aX:-0.794,aY:0.101,aZ:-0.377,gX:-12.878,gY:-3.662,gZ:-0.427
aX:-0.701,aY:0.164,aZ:-0.281,gX:-11.475,gY:-3.113,gZ:4.211
aX:-0.762,aY:0.130,aZ:-0.242,gX:-8.118,gY:-5.005,gZ:9.705
aX:-0.961,aY:0.110,aZ:-0.207,gX:-3.845,gY:-7.935,gZ:12.512
aX:-1.112,aY:0.123,aZ:-0.192,gX:-0.977,gY:-3.052,gZ:14.893
aX:-1.139,aY:0.155,aZ:-0.166,gX:-0.061,gY:-0.977,gZ:15.930
aX:-1.134,aY:0.133,aZ:-0.166,gX:2.563,gY:-5.310,gZ:8.911
aX:-1.037,aY:0.092,aZ:-0.125,gX:4.028,gY:-14.038,gZ:-6.592
aX:-0.979,aY:0.059,aZ:-0.099,gX:2.930,gY:-20.691,gZ:-14.343
aX:-0.853,aY:0.023,aZ:-0.111,gX:0.671,gY:-21.240,gZ:-19.348
aX:-0.754,aY:0.057,aZ:-0.112,gX:-1.343,gY:-19.226,gZ:-15.991
aX:-0.762,aY:0.083,aZ:-0.109,gX:-1.831,gY:-16.113,gZ:-11.719
aX:-0.795,aY:0.089,aZ:-0.084,gX:-2.930,gY:-15.747,gZ:-7.874
aX:-0.846,aY:0.114,aZ:-0.069,gX:-5.554,gY:-13.733,gZ:-3.296
aX:-0.918,aY:0.148,aZ:-0.064,gX:-9.644,gY:-9.521,gZ:2.319
aX:-0.958,aY:0.184,aZ:-0.080,gX:-13.794,gY:-7.385,gZ:6.165
aX:-0.972,aY:0.223,aZ:-0.095,gX:-15.381,gY:-6.531,gZ:8.728
aX:-0.989,aY:0.228,aZ:-0.111,gX:-12.085,gY:-5.432,gZ:8.850
aX:-0.985,aY:0.233,aZ:-0.105,gX:-7.874,gY:-2.075,gZ:7.568
aX:-0.965,aY:0.213,aZ:-0.106,gX:-7.263,gY:1.709,gZ:5.432
aX:-0.950,aY:0.188,aZ:-0.101,gX:-8.972,gY:4.578,gZ:3.479
aX:-0.925,aY:0.196,aZ:-0.066,gX:-11.414,gY:6.348,gZ:1.221
aX:-0.914,aY:0.187,aZ:-0.064,gX:-9.399,gY:4.028,gZ:-0.854
aX:-0.902,aY:0.205,aZ:-0.105,gX:-3.967,gY:3.052,gZ:-1.099
aX:-0.901,aY:0.259,aZ:-0.121,gX:0.366,gY:3.784,gZ:0.366
aX:-0.939,aY:0.322,aZ:-0.098,gX:1.221,gY:0.732,gZ:0.854
aX:-1.017,aY:0.341,aZ:-0.060,gX:1.770,gY:-5.066,gZ:-0.793
aX:-1.086,aY:0.347,aZ:-0.038,gX:0.793,gY:-9.277,gZ:-3.784
aX:-1.146,aY:0.269,aZ:-0.150,gX:-0.793,gY:-13.672,gZ:-7.751
aX:-1.185,aY:0.217,aZ:-0.325,gX:-1.648,gY:-20.081,gZ:-9.705
aX:-1.287,aY:0.237,aZ:-0.384,gX:2.686,gY:-15.564,gZ:-6.653
aX:-1.351,aY:0.234,aZ:-0.384,gX:8.179,gY:-7.568,gZ:-6.836
aX:-1.303,aY:0.135,aZ:-0.409,gX:2.319,gY:-5.737,gZ:-10.559
aX:-1.230,aY:-0.025,aZ:-0.517,gX:-3.784,gY:-9.277,gZ:-15.198
aX:-1.153,aY:-0.195,aZ:-0.505,gX:-4.395,gY:-5.798,gZ:-18.738
aX:-0.995,aY:-0.294,aZ:-0.385,gX:-3.296,gY:4.639,gZ:-21.362
aX:-0.870,aY:-0.288,aZ:-0.194,gX:-3.052,gY:18.250,gZ:-19.836
aX:-0.870,aY:-0.195,aZ:-0.115,gX:-6.897,gY:24.597,gZ:-12.695
aX:-0.982,aY:-0.064,aZ:-0.100,gX:-12.939,gY:25.696,gZ:-1.770
aX:-1.146,aY:0.104,aZ:-0.187,gX:-16.418,gY:25.146,gZ:6.165
aX:-1.221,aY:0.202,aZ:-0.202,gX:-18.433,gY:18.066,gZ:11.169
aX:-1.250,aY:0.279,aZ:-0.205,gX:-13.550,gY:5.493,gZ:14.771
aX:-1.191,aY:0.219,aZ:-0.232,gX:-7.324,gY:-1.892,gZ:14.343
aX:-1.032,aY:0.142,aZ:-0.210,gX:-4.761,gY:7.507,gZ:11.169
aX:-0.865,aY:0.061,aZ:-0.154,gX:0.854,gY:16.785,gZ:11.597
aX:-0.707,aY:-0.008,aZ:-0.064,gX:5.432,gY:18.982,gZ:14.465
aX:-0.583,aY:-0.069,aZ:-0.016,gX:5.493,gY:15.747,gZ:16.846
aX:-0.522,aY:-0.129,aZ:-0.003,gX:-1.099,gY:6.165,gZ:20.935
aX:-0.612,aY:-0.111,aZ:-0.021,gX:-8.118,gY:0.732,gZ:24.841
aX:-0.682,aY:-0.047,aZ:-0.036,gX:-13.977,gY:-1.465,gZ:22.583
aX:-0.818,aY:-0.015,aZ:-0.035,gX:-15.320,gY:-10.071,gZ:18.921
aX:-0.926,aY:0.052,aZ:-0.067,gX:-12.573,gY:-11.719,gZ:14.526
aX:-0.983,aY:0.116,aZ:-0.090,gX:-10.132,gY:-10.620,gZ:8.545
aX:-0.949,aY:0.160,aZ:-0.106,gX:-6.470,gY:-10.925,gZ:2.197
aX:-0.913,aY:0.152,aZ:-0.106,gX:-0.732,gY:-10.132,gZ:-1.770
aX:-0.900,aY:0.117,aZ:-0.049,gX:6.348,gY:-8.789,gZ:-0.122
aX:-0.925,aY:0.093,aZ:0.028,gX:10.254,gY:-6.348,gZ:4.333
aX:-0.964,aY:0.045,aZ:0.046,gX:12.390,gY:-2.380,gZ:6.836
aX:-0.966,aY:-0.012,aZ:0.030,gX:12.939,gY:1.709,gZ:5.737
aX:-0.981,aY:-0.103,aZ:0.044,gX:12.512,gY:8.667,gZ:3.418
aX:-1.047,aY:-0.153,aZ:0.103,gX:9.399,gY:16.968,gZ:0.671
aX:-1.102,aY:-0.091,aZ:0.102,gX:3.113,gY:21.362,gZ:-2.991
aX:-1.127,aY:-0.003,aZ:-0.006,gX:-3.174,gY:18.616,gZ:-5.737
aX:-1.187,aY:0.001,aZ:-0.038,gX:-4.456,gY:16.785,gZ:-5.493
aX:-1.253,aY:-0.013,aZ:0.055,gX:-7.263,gY:21.912,gZ:-2.808
aX:-1.301,aY:-0.031,aZ:0.060,gX:-13.855,gY:28.748,gZ:2.747
aX:-1.370,aY:-0.139,aZ:-0.169,gX:-29.846,gY:28.442,gZ:11.353
aX:-1.467,aY:-0.201,aZ:-0.205,gX:-40.039,gY:21.484,gZ:22.949
aX:-1.397,aY:-0.027,aZ:-0.248,gX:-28.015,gY:16.846,gZ:23.560
aX:-1.111,aY:0.019,aZ:-0.275,gX:-17.517,gY:26.855,gZ:11.169
aX:-0.884,aY:0.120,aZ:-0.309,gX:-12.573,gY:19.043,gZ:2.991
aX:-0.682,aY:0.217,aZ:-0.388,gX:-10.071,gY:8.179,gZ:-4.883
aX:-0.656,aY:0.278,aZ:-0.349,gX:-0.610,gY:-2.136,gZ:-6.348
aX:-0.744,aY:0.235,aZ:-0.272,gX:13.000,gY:-2.258,gZ:-3.113
aX:-0.893,aY:0.144,aZ:-0.195,gX:15.930,gY:-8.728,gZ:0.366
aX:-1.037,aY:0.057,aZ:-0.138,gX:13.550,gY:-10.071,gZ:4.578
aX:-1.110,aY:-0.012,aZ:-0.139,gX:7.385,gY:-4.089,gZ:8.972
aX:-1.083,aY:0.010,aZ:-0.159,gX:4.639,gY:-4.944,gZ:7.019
aX:-0.967,aY:-0.002,aZ:-0.182,gX:7.141,gY:-11.292,gZ:-6.714
aX:-0.870,aY:0.041,aZ:-0.184,gX:6.958,gY:-16.602,gZ:-18.433
aX:-0.995,aY:0.074,aZ:-0.195,gX:4.272,gY:-23.865,gZ:-22.400
aX:-0.882,aY:0.055,aZ:-0.171,gX:1.343,gY:-24.048,gZ:-19.958
aX:-0.742,aY:0.047,aZ:-0.120,gX:-0.610,gY:-17.944,gZ:-15.747
aX:-0.720,aY:0.084,aZ:-0.093,gX:-2.747,gY:-14.282,gZ:-10.010
aX:-0.732,aY:0.132,aZ:-0.109,gX:-1.709,gY:-9.766,gZ:-4.822
aX:-0.802,aY:0.196,aZ:-0.114,gX:0.305,gY:-4.517,gZ:1.099
aX:-0.882,aY:0.243,aZ:-0.112,gX:2.380,gY:-0.977,gZ:6.470
aX:-0.988,aY:0.262,aZ:-0.137,gX:5.859,gY:-2.197,gZ:8.240
aX:-0.996,aY:0.253,aZ:-0.153,gX:6.653,gY:-4.395,gZ:7.629
aX:-0.975,aY:0.257,aZ:-0.148,gX:7.629,gY:-5.615,gZ:4.761
aX:-0.967,aY:0.258,aZ:-0.131,gX:9.949,gY:-6.226,gZ:1.770
aX:-0.986,aY:0.198,aZ:-0.116,gX:11.108,gY:-4.700,gZ:1.099
aX:-0.960,aY:0.150,aZ:-0.096,gX:8.179,gY:-0.977,gZ:0.366
aX:-0.982,aY:0.114,aZ:-0.084,gX:2.563,gY:1.709,gZ:-0.305
aX:-1.031,aY:0.113,aZ:-0.072,gX:-0.977,gY:2.502,gZ:-0.916
aX:-1.024,aY:0.150,aZ:-0.069,gX:-3.235,gY:3.845,gZ:0.549
aX:-1.020,aY:0.241,aZ:-0.073,gX:-6.775,gY:1.160,gZ:-2.197
aX:-1.083,aY:0.334,aZ:-0.075,gX:-10.010,gY:-1.648,gZ:-5.493
aX:-1.122,aY:0.367,aZ:-0.048,gX:-9.216,gY:-2.625,gZ:-8.484
aX:-1.166,aY:0.330,aZ:-0.111,gX:-6.226,gY:-5.249,gZ:-10.925
aX:-1.262,aY:0.316,aZ:-0.226,gX:-3.113,gY:-9.766,gZ:-13.428
aX:-1.324,aY:0.337,aZ:-0.252,gX:5.310,gY:-6.409,gZ:-16.052
aX:-1.235,aY:0.331,aZ:-0.267,gX:11.597,gY:-1.953,gZ:-21.362
aX:-1.095,aY:0.255,aZ:-0.357,gX:11.658,gY:-3.113,gZ:-22.766
aX:-1.029,aY:0.081,aZ:-0.457,gX:12.390,gY:-7.996,gZ:-20.325
aX:-0.952,aY:-0.098,aZ:-0.419,gX:17.090,gY:-3.540,gZ:-15.808
aX:-0.884,aY:-0.224,aZ:-0.316,gX:17.151,gY:2.625,gZ:-10.376
aX:-0.906,aY:-0.256,aZ:-0.218,gX:15.442,gY:8.545,gZ:-4.395
aX:-0.984,aY:-0.172,aZ:-0.187,gX:7.141,gY:15.564,gZ:-0.916
aX:-1.120,aY:-0.099,aZ:-0.221,gX:-1.953,gY:14.404,gZ:-0.977
aX:-1.245,aY:-0.024,aZ:-0.234,gX:-5.981,gY:9.460,gZ:2.869
aX:-1.297,aY:0.046,aZ:-0.252,gX:-9.705,gY:6.287,gZ:7.629
aX:-1.195,aY:0.095,aZ:-0.233,gX:-9.766,gY:7.446,gZ:12.817
aX:-1.027,aY:0.128,aZ:-0.199,gX:-9.583,gY:12.085,gZ:14.404
aX:-0.866,aY:0.106,aZ:-0.155,gX:-6.714,gY:16.785,gZ:15.564
aX:-0.770,aY:0.087,aZ:-0.112,gX:-1.282,gY:23.376,gZ:14.893
aX:-0.612,aY:0.091,aZ:-0.039,gX:2.930,gY:29.480,gZ:14.648
aX:-0.562,aY:0.070,aZ:0.003,gX:3.418,gY:22.522,gZ:18.433
aX:-0.611,aY:0.036,aZ:0.018,gX:1.404,gY:11.902,gZ:24.109
aX:-0.662,aY:0.052,aZ:0.022,gX:-1.099,gY:2.563,gZ:24.597
aX:-0.748,aY:0.034,aZ:0.027,gX:-0.610,gY:-2.625,gZ:19.775
aX:-0.841,aY:0.024,aZ:0.033,gX:1.221,gY:-5.981,gZ:12.695
aX:-0.897,aY:0.020,aZ:0.044,gX:3.296,gY:-5.981,gZ:4.517
aX:-0.937,aY:0.068,aZ:0.042,gX:4.578,gY:-6.531,gZ:-1.099
aX:-0.949,aY:0.119,aZ:0.032,gX:5.798,gY:-5.310,gZ:-3.540
aX:-0.940,aY:0.146,aZ:0.017,gX:6.897,gY:-3.357,gZ:-4.883
aX:-0.936,aY:0.132,aZ:0.005,gX:10.315,gY:-1.953,gZ:-5.737
aX:-0.950,aY:0.100,aZ:0.036,gX:16.052,gY:1.831,gZ:-5.188
aX:-0.943,aY:0.077,aZ:0.067,gX:19.043,gY:5.798,gZ:-6.348
aX:-0.981,aY:0.070,aZ:0.029,gX:14.832,gY:1.831,gZ:-8.728
aX:-1.145,aY:0.055,aZ:-0.021,gX:12.085,gY:-2.625,gZ:-6.897
aX:-1.281,aY:0.061,aZ:0.027,gX:13.367,gY:1.160,gZ:1.770
aX:-1.282,aY:0.032,aZ:0.088,gX:12.939,gY:13.245,gZ:10.132
aX:-1.217,aY:0.021,aZ:0.114,gX:9.827,gY:18.555,gZ:10.864
aX:-1.243,aY:0.021,aZ:0.110,gX:5.310,gY:20.386,gZ:11.719
aX:-1.321,aY:0.004,aZ:0.012,gX:-0.610,gY:19.836,gZ:18.372
aX:-1.308,aY:-0.034,aZ:-0.030,gX:-1.404,gY:17.578,gZ:20.447
aX:-1.230,aY:-0.026,aZ:-0.123,gX:-4.822,gY:6.287,gZ:16.235
aX:-1.143,aY:-0.141,aZ:-0.249,gX:-7.812,gY:7.751,gZ:11.841
aX:-1.041,aY:-0.113,aZ:-0.257,gX:-9.460,gY:10.437,gZ:5.798
aX:-0.902,aY:-0.031,aZ:-0.324,gX:-4.395,gY:2.197,gZ:3.784
aX:-0.754,aY:0.048,aZ:-0.362,gX:-1.587,gY:-5.554,gZ:4.395
aX:-0.686,aY:0.169,aZ:-0.311,gX:0.366,gY:-7.996,gZ:5.554
aX:-0.741,aY:0.196,aZ:-0.225,gX:6.592,gY:-5.127,gZ:8.789
aX:-0.899,aY:0.141,aZ:-0.193,gX:11.169,gY:-9.033,gZ:8.179
aX:-1.114,aY:0.092,aZ:-0.190,gX:13.611,gY:-9.399,gZ:2.258
aX:-1.099,aY:0.115,aZ:-0.205,gX:11.719,gY:-7.385,gZ:-2.686
aX:-1.114,aY:0.042,aZ:-0.194,gX:9.583,gY:-13.306,gZ:-0.671
aX:-1.015,aY:0.010,aZ:-0.135,gX:10.803,gY:-16.113,gZ:-6.592
aX:-0.951,aY:0.037,aZ:-0.137,gX:7.080,gY:-18.799,gZ:-15.137
aX:-0.804,aY:0.027,aZ:-0.151,gX:0.549,gY:-20.874,gZ:-17.273
aX:-0.804,aY:0.065,aZ:-0.181,gX:-1.831,gY:-22.644,gZ:-15.259
aX:-0.682,aY:0.089,aZ:-0.155,gX:-0.610,gY:-18.799,gZ:-12.390
aX:-0.722,aY:0.125,aZ:-0.124,gX:-1.099,gY:-17.822,gZ:-6.165
aX:-0.828,aY:0.137,aZ:-0.125,gX:-1.953,gY:-16.357,gZ:0.366
aX:-0.920,aY:0.153,aZ:-0.130,gX:-7.446,gY:-14.160,gZ:7.202
aX:-0.960,aY:0.145,aZ:-0.133,gX:-12.512,gY:-10.498,gZ:11.780
aX:-1.033,aY:0.181,aZ:-0.159,gX:-12.756,gY:-6.714,gZ:11.963
aX:-1.044,aY:0.201,aZ:-0.161,gX:-10.254,gY:-1.038,gZ:10.742
aX:-0.986,aY:0.230,aZ:-0.155,gX:-9.888,gY:1.648,gZ:9.888
aX:-0.961,aY:0.247,aZ:-0.164,gX:-8.301,gY:2.747,gZ:9.094
aX:-0.954,aY:0.240,aZ:-0.121,gX:-7.019,gY:9.399,gZ:7.812
aX:-0.962,aY:0.213,aZ:-0.098,gX:-10.681,gY:12.207,gZ:7.141
aX:-1.005,aY:0.169,aZ:-0.087,gX:-15.564,gY:6.470,gZ:6.836
aX:-1.056,aY:0.146,aZ:-0.039,gX:-12.756,gY:3.052,gZ:6.958
aX:-1.025,aY:0.250,aZ:0.029,gX:-10.071,gY:4.822,gZ:4.456
aX:-1.037,aY:0.364,aZ:-0.042,gX:-13.733,gY:-1.465,gZ:-1.282
aX:-1.137,aY:0.388,aZ:-0.176,gX:-8.057,gY:-10.681,gZ:-5.188
aX:-1.249,aY:0.366,aZ:-0.208,gX:3.418,gY:-14.893,gZ:-9.583
aX:-1.397,aY:0.386,aZ:-0.169,gX:8.850,gY:-16.968,gZ:-18.250
aX:-1.383,aY:0.317,aZ:-0.196,gX:4.272,gY:-18.738,gZ:-33.325
aX:-1.205,aY:0.214,aZ:-0.285,gX:0.122,gY:-18.982,gZ:-40.710
aX:-1.020,aY:0.063,aZ:-0.442,gX:2.075,gY:-18.066,gZ:-34.058
aX:-0.889,aY:-0.086,aZ:-0.499,gX:5.554,gY:-12.695,gZ:-19.836
aX:-0.839,aY:-0.199,aZ:-0.375,gX:7.263,gY:-2.991,gZ:-6.226
aX:-0.820,aY:-0.237,aZ:-0.252,gX:7.324,gY:3.723,gZ:0.122
aX:-0.903,aY:-0.248,aZ:-0.168,gX:3.296,gY:9.277,gZ:4.822
aX:-0.956,aY:-0.201,aZ:-0.135,gX:-7.019,gY:10.986,gZ:0.366
aX:-1.053,aY:-0.116,aZ:-0.121,gX:-14.587,gY:6.897,gZ:-4.456
aX:-1.201,aY:-0.000,aZ:-0.150,gX:-20.203,gY:0.122,gZ:-4.517
aX:-1.225,aY:0.105,aZ:-0.180,gX:-27.710,gY:-2.197,gZ:5.127
aX:-1.142,aY:0.137,aZ:-0.221,gX:-32.532,gY:-4.822,gZ:11.414
aX:-1.033,aY:0.133,aZ:-0.213,gX:-29.785,gY:-1.099,gZ:12.573
aX:-0.867,aY:0.117,aZ:-0.175,gX:-21.118,gY:9.766,gZ:11.719
aX:-0.691,aY:0.126,aZ:-0.119,gX:-11.536,gY:17.517,gZ:11.475
aX:-0.626,aY:0.086,aZ:-0.073,gX:-3.418,gY:15.076,gZ:13.000
aX:-0.648,aY:-0.011,aZ:-0.021,gX:1.038,gY:9.216,gZ:18.982
aX:-0.677,aY:-0.055,aZ:-0.008,gX:3.235,gY:1.221,gZ:21.118
aX:-0.768,aY:-0.065,aZ:-0.007,gX:2.869,gY:-5.737,gZ:22.156
aX:-0.832,aY:-0.065,aZ:-0.042,gX:1.404,gY:-9.949,gZ:19.958
aX:-0.874,aY:-0.032,aZ:-0.081,gX:1.343,gY:-11.719,gZ:15.015
aX:-0.940,aY:0.000,aZ:-0.083,gX:4.150,gY:-9.338,gZ:7.385
aX:-0.944,aY:0.027,aZ:-0.061,gX:7.690,gY:-2.502,gZ:-0.244
aX:-0.959,aY:0.051,aZ:-0.034,gX:9.766,gY:2.197,gZ:-4.272
aX:-0.957,aY:0.065,aZ:-0.040,gX:11.658,gY:2.136,gZ:-6.958
aX:-0.973,aY:0.052,aZ:-0.043,gX:12.695,gY:-1.221,gZ:-8.911
aX:-0.980,aY:0.031,aZ:-0.027,gX:15.259,gY:-0.977,gZ:-8.606
aX:-0.972,aY:0.016,aZ:-0.023,gX:12.634,gY:-0.488,gZ:-7.751
aX:-1.033,aY:0.016,aZ:-0.055,gX:7.202,gY:-4.700,gZ:-5.554
aX:-1.213,aY:0.031,aZ:-0.081,gX:3.601,gY:-6.714,gZ:0.183
aX:-1.296,aY:0.075,aZ:-0.038,gX:2.869,gY:1.160,gZ:7.202
aX:-1.266,aY:0.109,aZ:-0.027,gX:2.686,gY:11.780,gZ:7.751
aX:-1.231,aY:0.121,aZ:-0.047,gX:0.427,gY:17.700,gZ:7.446
aX:-1.308,aY:0.039,aZ:-0.084,gX:-2.869,gY:21.790,gZ:13.489
aX:-1.395,aY:-0.026,aZ:-0.062,gX:-3.906,gY:25.940,gZ:24.719
aX:-1.289,aY:-0.032,aZ:-0.133,gX:-5.798,gY:22.766,gZ:25.085
aX:-1.100,aY:-0.085,aZ:-0.216,gX:-11.108,gY:17.029,gZ:13.245
aX:-0.997,aY:-0.100,aZ:-0.239,gX:-10.193,gY:11.658,gZ:6.165
aX:-0.842,aY:-0.046,aZ:-0.313,gX:-1.465,gY:11.780,gZ:2.136
aX:-0.721,aY:0.036,aZ:-0.365,gX:-0.671,gY:2.075,gZ:0.305
aX:-0.746,aY:0.124,aZ:-0.354,gX:3.784,gY:-5.798,gZ:5.310
aX:-0.832,aY:0.142,aZ:-0.337,gX:10.925,gY:-8.545,gZ:12.085
aX:-1.022,aY:0.095,aZ:-0.285,gX:18.433,gY:-11.230,gZ:14.404
aX:-1.124,aY:0.038,aZ:-0.243,gX:22.888,gY:-6.958,gZ:5.676
aX:-1.082,aY:0.003,aZ:-0.217,gX:19.958,gY:-1.221,gZ:-3.235
aX:-1.031,aY:-0.034,aZ:-0.213,gX:16.541,gY:-0.488,gZ:-10.193
aX:-0.925,aY:-0.046,aZ:-0.208,gX:13.611,gY:-5.127,gZ:-15.259
aX:-0.865,aY:-0.013,aZ:-0.180,gX:10.254,gY:-8.545,gZ:-18.677
aX:-0.755,aY:0.029,aZ:-0.153,gX:7.507,gY:-13.184,gZ:-19.653
aX:-0.699,aY:0.035,aZ:-0.134,gX:2.258,gY:-16.296,gZ:-15.137
aX:-0.695,aY:0.052,aZ:-0.169,gX:-4.456,gY:-22.095,gZ:-9.888
aX:-0.727,aY:0.071,aZ:-0.157,gX:-9.949,gY:-21.912,gZ:-4.395
aX:-0.874,aY:0.126,aZ:-0.192,gX:-12.878,gY:-18.799,gZ:1.404
aX:-0.952,aY:0.145,aZ:-0.193,gX:-12.634,gY:-9.277,gZ:7.446
aX:-1.021,aY:0.188,aZ:-0.195,gX:-10.132,gY:-2.625,gZ:12.024
aX:-1.078,aY:0.227,aZ:-0.159,gX:-7.263,gY:3.662,gZ:13.367
aX:-1.055,aY:0.253,aZ:-0.140,gX:-8.057,gY:6.104,gZ:11.841
aX:-0.989,aY:0.266,aZ:-0.129,gX:-8.362,gY:5.188,gZ:11.963
aX:-0.935,aY:0.258,aZ:-0.126,gX:-5.798,gY:4.395,gZ:10.925
aX:-0.896,aY:0.254,aZ:-0.105,gX:-0.671,gY:9.155,gZ:10.620
aX:-0.861,aY:0.219,aZ:-0.070,gX:2.991,gY:12.451,gZ:8.728
aX:-0.876,aY:0.154,aZ:-0.083,gX:4.028,gY:6.409,gZ:6.775
aX:-0.955,aY:0.091,aZ:-0.080,gX:7.629,gY:2.502,gZ:5.554
aX:-1.028,aY:0.130,aZ:-0.034,gX:7.629,gY:3.784,gZ:3.784
aX:-1.091,aY:0.205,aZ:-0.088,gX:-4.211,gY:-4.883,gZ:-3.235
aX:-1.183,aY:0.265,aZ:-0.121,gX:-8.667,gY:-14.221,gZ:-11.536
aX:-1.237,aY:0.243,aZ:-0.165,gX:-4.883,gY:-13.000,gZ:-17.273
aX:-1.256,aY:0.267,aZ:-0.165,gX:-3.113,gY:-8.118,gZ:-18.982
aX:-1.294,aY:0.311,aZ:-0.198,gX:1.038,gY:-1.709,gZ:-21.240
aX:-1.175,aY:0.352,aZ:-0.301,gX:2.258,gY:0.183,gZ:-27.771
aX:-1.045,aY:0.270,aZ:-0.502,gX:-0.427,gY:-6.409,gZ:-27.466
aX:-0.984,aY:0.063,aZ:-0.607,gX:3.418,gY:-11.230,gZ:-24.902
aX:-0.923,aY:-0.104,aZ:-0.531,gX:10.132,gY:-6.775,gZ:-23.315
aX:-0.934,aY:-0.226,aZ:-0.377,gX:9.644,gY:1.465,gZ:-20.691
aX:-0.981,aY:-0.293,aZ:-0.195,gX:10.498,gY:10.925,gZ:-16.907
aX:-1.037,aY:-0.260,aZ:-0.125,gX:3.784,gY:15.381,gZ:-12.390
aX:-1.092,aY:-0.152,aZ:-0.143,gX:-6.653,gY:14.160,gZ:-7.568
aX:-1.199,aY:0.006,aZ:-0.181,gX:-10.559,gY:14.038,gZ:-1.526
aX:-1.223,aY:0.185,aZ:-0.228,gX:-12.512,gY:15.747,gZ:5.859
aX:-1.134,aY:0.277,aZ:-0.238,gX:-10.071,gY:14.526,gZ:13.245
aX:-1.056,aY:0.228,aZ:-0.213,gX:-2.930,gY:11.292,gZ:13.306
aX:-0.922,aY:0.191,aZ:-0.168,gX:7.141,gY:17.212,gZ:11.841
aX:-0.784,aY:0.159,aZ:-0.113,gX:16.541,gY:23.254,gZ:13.550
aX:-0.666,aY:0.086,aZ:-0.043,gX:22.522,gY:21.851,gZ:18.433
aX:-0.596,aY:-0.006,aZ:-0.017,gX:23.926,gY:13.794,gZ:23.804
aX:-0.649,aY:-0.056,aZ:-0.003,gX:23.010,gY:5.981,gZ:26.062
aX:-0.663,aY:-0.042,aZ:-0.017,gX:20.630,gY:-1.038,gZ:24.902
aX:-0.725,aY:-0.029,aZ:-0.050,gX:19.592,gY:-5.432,gZ:25.024
aX:-0.782,aY:-0.031,aZ:-0.079,gX:19.470,gY:-10.681,gZ:20.874
aX:-0.871,aY:-0.006,aZ:-0.061,gX:20.081,gY:-10.925,gZ:16.052
aX:-0.962,aY:0.002,aZ:-0.047,gX:21.362,gY:-10.986,gZ:8.118
aX:-0.981,aY:0.026,aZ:-0.024,gX:20.569,gY:-8.240,gZ:0.427
aX:-0.973,aY:0.064,aZ:-0.009,gX:20.386,gY:-8.423,gZ:-4.395
aX:-0.974,aY:0.123,aZ:-0.037,gX:21.118,gY:-9.949,gZ:-7.263
aX:-0.987,aY:0.147,aZ:-0.059,gX:22.095,gY:-8.362,gZ:-6.287
aX:-1.008,aY:0.132,aZ:-0.064,gX:22.827,gY:-5.859,gZ:-4.333
aX:-1.043,aY:0.091,aZ:-0.077,gX:25.146,gY:-3.113,gZ:-3.052
aX:-1.131,aY:0.071,aZ:-0.086,gX:24.780,gY:-3.296,gZ:-1.038
aX:-1.235,aY:0.079,aZ:-0.060,gX:23.743,gY:1.038,gZ:5.371
aX:-1.191,aY:0.088,aZ:0.021,gX:24.963,gY:11.475,gZ:10.071
aX:-1.120,aY:0.056,aZ:0.077,gX:23.499,gY:16.174,gZ:7.507
aX:-1.109,aY:0.042,aZ:0.069,gX:20.386,gY:16.296,gZ:5.432
aX:-1.222,aY:-0.020,aZ:-0.032,gX:8.057,gY:13.611,gZ:11.536
aX:-1.365,aY:-0.099,aZ:-0.061,gX:3.967,gY:15.747,gZ:20.691
aX:-1.317,aY:-0.109,aZ:-0.090,gX:1.648,gY:18.921,gZ:20.630
aX:-1.142,aY:-0.140,aZ:-0.199,gX:-3.113,gY:20.203,gZ:12.634
aX:-0.997,aY:-0.121,aZ:-0.223,gX:-2.930,gY:18.860,gZ:3.296
aX:-0.877,aY:0.022,aZ:-0.282,gX:5.798,gY:13.367,gZ:-1.404
aX:-0.730,aY:0.157,aZ:-0.396,gX:6.287,gY:3.052,gZ:-1.099
aX:-0.732,aY:0.265,aZ:-0.428,gX:6.409,gY:-7.507,gZ:5.859
aX:-0.820,aY:0.236,aZ:-0.355,gX:18.127,gY:-7.690,gZ:11.658
aX:-1.016,aY:0.111,aZ:-0.236,gX:28.564,gY:-8.179,gZ:10.071
aX:-1.153,aY:-0.036,aZ:-0.158,gX:31.738,gY:-3.723,gZ:2.625
aX:-1.093,aY:-0.111,aZ:-0.098,gX:26.184,gY:2.258,gZ:-2.441
aX:-1.070,aY:-0.098,aZ:-0.088,gX:20.020,gY:0.427,gZ:-7.385
aX:-1.057,aY:0.005,aZ:-0.155,gX:8.301,gY:-11.963,gZ:-13.794
aX:-0.922,aY:0.055,aZ:-0.192,gX:0.671,gY:-19.897,gZ:-21.973
aX:-0.888,aY:0.076,aZ:-0.208,gX:-2.258,gY:-25.452,gZ:-22.522
aX:-0.794,aY:0.068,aZ:-0.189,gX:-3.235,gY:-23.987,gZ:-15.320
aX:-0.731,aY:0.117,aZ:-0.175,gX:-1.160,gY:-20.630,gZ:-6.775
aX:-0.686,aY:0.124,aZ:-0.171,gX:-0.549,gY:-18.555,gZ:-0.610
aX:-0.798,aY:0.156,aZ:-0.161,gX:0.366,gY:-17.517,gZ:7.874
aX:-0.919,aY:0.175,aZ:-0.142,gX:0.916,gY:-13.794,gZ:13.123
aX:-0.999,aY:0.185,aZ:-0.127,gX:-0.244,gY:-12.817,gZ:14.465
aX:-1.041,aY:0.187,aZ:-0.132,gX:-1.221,gY:-14.587,gZ:12.329
aX:-1.025,aY:0.205,aZ:-0.119,gX:0.305,gY:-13.123,gZ:7.690
aX:-0.956,aY:0.229,aZ:-0.098,gX:2.808,gY:-9.277,gZ:4.395
aX:-0.877,aY:0.242,aZ:-0.095,gX:5.737,gY:-7.568,gZ:3.540
aX:-0.828,aY:0.213,aZ:-0.128,gX:7.751,gY:-6.165,gZ:5.127
aX:-0.843,aY:0.151,aZ:-0.157,gX:7.507,gY:-5.676,gZ:7.141
aX:-0.874,aY:0.095,aZ:-0.123,gX:5.005,gY:-4.150,gZ:9.277
aX:-0.933,aY:0.085,aZ:-0.104,gX:0.488,gY:-4.761,gZ:10.010
aX:-1.061,aY:0.122,aZ:-0.125,gX:-3.479,gY:-9.155,gZ:7.874
aX:-1.218,aY:0.186,aZ:-0.136,gX:-4.211,gY:-10.925,gZ:3.052
aX:-1.297,aY:0.243,aZ:-0.062,gX:-3.479,gY:-5.920,gZ:-3.113
aX:-1.289,aY:0.266,aZ:-0.004,gX:-7.629,gY:-1.892,gZ:-10.498
aX:-1.174,aY:0.280,aZ:-0.126,gX:-16.602,gY:-3.174,gZ:-18.066
aX:-1.164,aY:0.358,aZ:-0.263,gX:-18.982,gY:-9.644,gZ:-17.456
aX:-1.200,aY:0.397,aZ:-0.356,gX:-6.653,gY:-5.676,gZ:-13.550
aX:-1.118,aY:0.366,aZ:-0.529,gX:0.244,gY:-5.493,gZ:-14.343
aX:-1.039,aY:0.193,aZ:-0.669,gX:5.188,gY:-8.118,gZ:-12.390
aX:-0.970,aY:-0.004,aZ:-0.550,gX:17.090,gY:-3.784,gZ:-10.010
aX:-0.891,aY:-0.139,aZ:-0.341,gX:23.621,gY:3.906,gZ:-9.338
aX:-0.903,aY:-0.277,aZ:-0.178,gX:21.362,gY:12.451,gZ:-10.193
aX:-1.001,aY:-0.281,aZ:-0.177,gX:12.634,gY:17.578,gZ:-8.606
aX:-1.069,aY:-0.227,aZ:-0.233,gX:2.075,gY:15.930,gZ:-3.357
aX:-1.141,aY:-0.123,aZ:-0.229,gX:-0.549,gY:14.832,gZ:0.549
aX:-1.120,aY:0.087,aZ:-0.187,gX:-2.869,gY:16.785,gZ:6.226
aX:-1.118,aY:0.214,aZ:-0.187,gX:-4.395,gY:10.620,gZ:10.010
aX:-1.116,aY:0.234,aZ:-0.211,gX:-1.099,gY:3.174,gZ:11.780
aX:-1.076,aY:0.208,aZ:-0.225,gX:2.563,gY:6.470,gZ:14.160
aX:-0.918,aY:0.163,aZ:-0.180,gX:6.714,gY:15.015,gZ:18.677
aX:-0.778,aY:0.137,aZ:-0.104,gX:13.733,gY:20.569,gZ:20.996
aX:-0.677,aY:0.087,aZ:-0.055,gX:18.127,gY:19.592,gZ:22.827
aX:-0.636,aY:0.027,aZ:-0.060,gX:18.860,gY:13.611,gZ:22.339
aX:-0.646,aY:-0.021,aZ:-0.042,gX:18.555,gY:10.376,gZ:21.362
aX:-0.645,aY:-0.069,aZ:0.016,gX:22.095,gY:11.597,gZ:17.578
aX:-0.658,aY:-0.062,aZ:0.041,gX:26.489,gY:10.315,gZ:11.658
aX:-0.744,aY:-0.020,aZ:0.047,gX:25.635,gY:3.540,gZ:4.944
aX:-0.813,aY:0.060,aZ:0.047,gX:26.855,gY:0.183,gZ:-1.282
aX:-0.872,aY:0.139,aZ:0.018,gX:27.954,gY:-1.648,gZ:-5.981
aX:-0.931,aY:0.176,aZ:-0.033,gX:28.137,gY:-3.845,gZ:-9.888
aX:-0.974,aY:0.167,aZ:-0.068,gX:32.288,gY:-6.042,gZ:-12.939
aX:-1.014,aY:0.143,aZ:-0.012,gX:42.053,gY:-4.517,gZ:-13.306
aX:-0.979,aY:0.122,aZ:-0.042,gX:41.809,gY:-5.249,gZ:-10.437
aX:-1.052,aY:0.097,aZ:-0.128,gX:30.701,gY:-12.756,gZ:-3.357
aX:-1.284,aY:0.028,aZ:-0.134,gX:26.550,gY:-10.437,gZ:11.963
aX:-1.324,aY:-0.045,aZ:0.004,gX:23.804,gY:4.089,gZ:30.273
aX:-1.202,aY:-0.048,aZ:0.090,gX:20.386,gY:15.320,gZ:31.860
aX:-1.153,aY:-0.030,aZ:0.114,gX:17.151,gY:18.982,gZ:24.231
aX:-1.195,aY:0.044,aZ:0.089,gX:13.855,gY:24.658,gZ:18.005
aX:-1.239,aY:0.053,aZ:-0.153,gX:5.432,gY:20.752,gZ:18.921
aX:-1.355,aY:0.047,aZ:-0.317,gX:3.418,gY:8.667,gZ:14.038
aX:-1.303,aY:-0.002,aZ:-0.327,gX:7.690,gY:3.662,gZ:14.709
aX:-1.169,aY:-0.057,aZ:-0.315,gX:7.507,gY:4.883,gZ:14.221
aX:-0.997,aY:-0.037,aZ:-0.319,gX:13.245,gY:4.822,gZ:12.268
aX:-0.846,aY:-0.037,aZ:-0.366,gX:17.517,gY:4.028,gZ:9.155
aX:-0.696,aY:0.070,aZ:-0.338,gX:17.517,gY:3.845,gZ:9.277
aX:-0.666,aY:0.168,aZ:-0.311,gX:21.118,gY:-0.122,gZ:12.146
aX:-0.761,aY:0.126,aZ:-0.303,gX:26.733,gY:-11.475,gZ:14.587
aX:-0.959,aY:0.091,aZ:-0.225,gX:33.752,gY:-15.198,gZ:14.526
aX:-1.097,aY:0.131,aZ:-0.194,gX:39.307,gY:-9.705,gZ:7.568
aX:-1.154,aY:0.171,aZ:-0.233,gX:40.100,gY:-12.695,gZ:-1.953
aX:-1.107,aY:0.145,aZ:-0.267,gX:43.518,gY:-17.090,gZ:-9.827
aX:-1.083,aY:0.156,aZ:-0.291,gX:44.983,gY:-19.104,gZ:-15.564
aX:-0.990,aY:0.096,aZ:-0.259,gX:47.302,gY:-18.738,gZ:-21.545
aX:-0.839,aY:0.078,aZ:-0.189,gX:48.767,gY:-15.747,gZ:-25.757
aX:-0.720,aY:0.092,aZ:-0.152,gX:46.692,gY:-13.977,gZ:-20.447
aX:-0.746,aY:0.120,aZ:-0.152,gX:40.649,gY:-14.954,gZ:-11.658
aX:-0.727,aY:0.141,aZ:-0.149,gX:34.424,gY:-13.245,gZ:-1.465
aX:-0.788,aY:0.172,aZ:-0.166,gX:30.579,gY:-13.550,gZ:7.812
aX:-0.880,aY:0.215,aZ:-0.160,gX:29.602,gY:-11.414,gZ:14.160
aX:-0.950,aY:0.240,aZ:-0.163,gX:31.372,gY:-7.996,gZ:15.991
aX:-0.954,aY:0.242,aZ:-0.151,gX:30.945,gY:-5.920,gZ:15.137
aX:-0.979,aY:0.238,aZ:-0.164,gX:30.701,gY:-6.775,gZ:11.108
aX:-0.946,aY:0.221,aZ:-0.160,gX:28.687,gY:-8.118,gZ:6.165
aX:-0.912,aY:0.205,aZ:-0.171,gX:25.269,gY:-9.094,gZ:4.517
aX:-0.895,aY:0.173,aZ:-0.179,gX:20.813,gY:-9.216,gZ:7.446
aX:-0.951,aY:0.164,aZ:-0.185,gX:20.325,gY:-7.874,gZ:14.221
aX:-1.021,aY:0.195,aZ:-0.150,gX:21.790,gY:-1.160,gZ:21.240
aX:-1.096,aY:0.240,aZ:-0.072,gX:21.484,gY:4.211,gZ:22.827
aX:-1.159,aY:0.275,aZ:-0.085,gX:19.043,gY:0.977,gZ:16.174
aX:-1.189,aY:0.311,aZ:-0.136,gX:17.761,gY:-0.610,gZ:5.493
aX:-1.221,aY:0.368,aZ:-0.295,gX:11.597,gY:-6.775,gZ:-5.127
aX:-1.318,aY:0.376,aZ:-0.492,gX:14.221,gY:-13.184,gZ:-12.634
aX:-1.343,aY:0.283,aZ:-0.610,gX:27.893,gY:-6.836,gZ:-12.817
aX:-1.221,aY:0.105,aZ:-0.653,gX:30.029,gY:-0.122,gZ:-10.559
aX:-1.105,aY:-0.117,aZ:-0.500,gX:35.950,gY:6.714,gZ:-9.705
aX:-0.995,aY:-0.250,aZ:-0.256,gX:38.391,gY:16.296,gZ:-14.221
aX:-0.937,aY:-0.246,aZ:-0.129,gX:35.400,gY:25.146,gZ:-17.273
aX:-0.933,aY:-0.109,aZ:-0.200,gX:26.733,gY:25.696,gZ:-15.930
aX:-0.965,aY:0.047,aZ:-0.323,gX:21.606,gY:21.729,gZ:-7.385
aX:-0.999,aY:0.169,aZ:-0.335,gX:23.010,gY:20.386,gZ:5.859
aX:-1.045,aY:0.179,aZ:-0.271,gX:30.457,gY:22.705,gZ:18.677
aX:-1.070,aY:0.144,aZ:-0.205,gX:37.354,gY:20.020,gZ:22.644
aX:-1.052,aY:0.075,aZ:-0.155,gX:41.931,gY:18.799,gZ:23.437
aX:-0.958,aY:0.045,aZ:-0.141,gX:47.180,gY:22.949,gZ:23.254
aX:-0.748,aY:0.024,aZ:-0.101,gX:50.964,gY:24.963,gZ:24.109
aX:-0.568,aY:0.040,aZ:-0.112,gX:55.603,gY:20.752,gZ:24.658
aX:-0.521,aY:0.071,aZ:-0.109,gX:63.049,gY:15.198,gZ:22.522
aX:-0.643,aY:0.031,aZ:-0.098,gX:66.101,gY:3.601,gZ:22.339
aX:-0.778,aY:-0.021,aZ:-0.078,gX:66.284,gY:-4.333,gZ:22.644
aX:-0.882,aY:-0.060,aZ:-0.084,gX:64.514,gY:-11.169,gZ:19.348
aX:-0.999,aY:-0.057,aZ:-0.091,gX:62.073,gY:-10.803,gZ:12.024
aX:-1.052,aY:-0.008,aZ:-0.097,gX:59.937,gY:-7.080,gZ:3.967
aX:-1.020,aY:0.059,aZ:-0.099,gX:58.716,gY:-2.319,gZ:-0.916
aX:-0.986,aY:0.090,aZ:-0.077,gX:56.824,gY:-1.282,gZ:-2.625
aX:-0.945,aY:0.135,aZ:-0.031,gX:57.129,gY:-2.747,gZ:-2.441
aX:-0.907,aY:0.161,aZ:-0.023,gX:56.824,gY:-5.920,gZ:-3.906
aX:-0.866,aY:0.149,aZ:-0.044,gX:56.641,gY:-9.644,gZ:-6.104
aX:-0.866,aY:0.095,aZ:-0.078,gX:57.373,gY:-10.071,gZ:-5.737
aX:-0.937,aY:-0.008,aZ:-0.043,gX:54.321,gY:-4.395,gZ:-3.052
aX:-1.020,aY:-0.066,aZ:-0.014,gX:48.279,gY:1.587,gZ:0.244
aX:-1.076,aY:-0.042,aZ:-0.030,gX:39.185,gY:0.427,gZ:3.174
aX:-1.112,aY:0.004,aZ:-0.069,gX:31.555,gY:-2.380,gZ:3.479
aX:-1.143,aY:0.062,aZ:-0.047,gX:28.564,gY:-2.197,gZ:2.197
aX:-1.096,aY:0.120,aZ:0.005,gX:30.396,gY:1.831,gZ:-0.793
aX:-1.025,aY:0.176,aZ:0.068,gX:32.532,gY:3.662,gZ:-4.883
aX:-0.996,aY:0.223,aZ:0.121,gX:34.912,gY:4.822,gZ:-7.019
aX:-1.027,aY:0.243,aZ:0.092,gX:35.767,gY:4.944,gZ:-5.249
aX:-1.146,aY:0.181,aZ:-0.001,gX:32.227,gY:2.563,gZ:1.587
aX:-1.290,aY:0.103,aZ:-0.050,gX:27.954,gY:3.235,gZ:13.062
aX:-1.313,aY:0.056,aZ:-0.130,gX:23.437,gY:-0.183,gZ:17.212
aX:-1.212,aY:-0.029,aZ:-0.197,gX:19.226,gY:-3.540,gZ:12.268
aX:-1.109,aY:-0.127,aZ:-0.236,gX:22.461,gY:2.258,gZ:8.484
aX:-0.984,aY:-0.124,aZ:-0.307,gX:28.687,gY:3.052,gZ:5.981
aX:-0.839,aY:-0.073,aZ:-0.388,gX:26.611,gY:-5.859,gZ:5.554
aX:-0.714,aY:0.016,aZ:-0.369,gX:23.743,gY:-7.568,gZ:5.188
aX:-0.704,aY:0.106,aZ:-0.323,gX:24.658,gY:-9.766,gZ:3.540
aX:-0.867,aY:0.087,aZ:-0.252,gX:29.663,gY:-16.541,gZ:1.038
aX:-1.066,aY:0.020,aZ:-0.190,gX:35.400,gY:-16.663,gZ:-3.967
aX:-1.163,aY:0.026,aZ:-0.171,gX:36.255,gY:-9.583,gZ:-4.028
aX:-1.141,aY:0.094,aZ:-0.157,gX:30.762,gY:-2.930,gZ:-4.517
aX:-1.053,aY:0.122,aZ:-0.182,gX:26.611,gY:-6.958,gZ:-10.071
aX:-0.981,aY:0.144,aZ:-0.213,gX:24.170,gY:-15.381,gZ:-16.052
aX:-0.884,aY:0.174,aZ:-0.205,gX:22.766,gY:-22.583,gZ:-19.592
aX:-0.758,aY:0.164,aZ:-0.181,gX:23.071,gY:-28.687,gZ:-16.357
aX:-0.737,aY:0.143,aZ:-0.198,gX:23.804,gY:-34.424,gZ:-9.033
aX:-0.750,aY:0.094,aZ:-0.167,gX:24.902,gY:-33.569,gZ:-3.784
aX:-0.796,aY:0.079,aZ:-0.168,gX:24.353,gY:-31.677,gZ:1.709
aX:-0.886,aY:0.077,aZ:-0.193,gX:19.653,gY:-29.846,gZ:8.545
aX:-0.932,aY:0.114,aZ:-0.203,gX:16.357,gY:-24.597,gZ:12.085
aX:-1.011,aY:0.140,aZ:-0.186,gX:16.663,gY:-19.348,gZ:13.489
aX:-1.042,aY:0.174,aZ:-0.167,gX:18.921,gY:-13.428,gZ:10.376
aX:-1.000,aY:0.227,aZ:-0.165,gX:17.395,gY:-7.385,gZ:7.080
aX:-0.953,aY:0.255,aZ:-0.162,gX:16.113,gY:-3.174,gZ:4.578
aX:-0.950,aY:0.276,aZ:-0.181,gX:16.541,gY:-4.272,gZ:3.296
aX:-0.934,aY:0.259,aZ:-0.178,gX:18.372,gY:-3.540,gZ:4.883
aX:-0.951,aY:0.257,aZ:-0.175,gX:18.555,gY:-2.441,gZ:5.859
aX:-0.968,aY:0.238,aZ:-0.140,gX:19.470,gY:0.244,gZ:8.789
aX:-1.034,aY:0.243,aZ:-0.101,gX:20.264,gY:1.831,gZ:10.254
aX:-1.122,aY:0.279,aZ:-0.076,gX:18.127,gY:2.380,gZ:8.179
aX:-1.163,aY:0.293,aZ:-0.087,gX:14.160,gY:0.183,gZ:3.235
aX:-1.177,aY:0.297,aZ:-0.140,gX:10.498,gY:-2.625,gZ:-4.639
aX:-1.177,aY:0.292,aZ:-0.232,gX:7.446,gY:-5.493,gZ:-13.245
aX:-1.224,aY:0.268,aZ:-0.359,gX:5.127,gY:-8.545,gZ:-17.944
aX:-1.229,aY:0.191,aZ:-0.398,gX:8.911,gY:-3.723,gZ:-16.785
aX:-1.142,aY:0.145,aZ:-0.428,gX:10.254,gY:1.587,gZ:-13.733
aX:-1.062,aY:0.061,aZ:-0.510,gX:10.315,gY:2.808,gZ:-9.277
aX:-0.965,aY:0.007,aZ:-0.472,gX:14.221,gY:6.958,gZ:-6.653
aX:-0.855,aY:-0.090,aZ:-0.354,gX:16.602,gY:10.742,gZ:-7.446
aX:-0.806,aY:-0.155,aZ:-0.237,gX:17.517,gY:11.658,gZ:-8.240
aX:-0.826,aY:-0.154,aZ:-0.187,gX:18.311,gY:12.268,gZ:-6.165
aX:-0.921,aY:-0.072,aZ:-0.213,gX:13.550,gY:10.803,gZ:-2.014
aX:-1.064,aY:0.003,aZ:-0.233,gX:10.986,gY:8.972,gZ:4.639
aX:-1.188,aY:0.068,aZ:-0.235,gX:10.376,gY:9.094,gZ:12.939
aX:-1.268,aY:0.117,aZ:-0.232,gX:7.935,gY:6.042,gZ:18.738
aX:-1.259,aY:0.138,aZ:-0.240,gX:6.653,gY:5.066,gZ:18.005
aX:-1.094,aY:0.123,aZ:-0.243,gX:9.216,gY:9.460,gZ:16.418
aX:-0.911,aY:0.130,aZ:-0.197,gX:17.334,gY:18.005,gZ:14.893
aX:-0.687,aY:0.123,aZ:-0.127,gX:27.405,gY:22.034,gZ:12.695
aX:-0.592,aY:0.095,aZ:-0.079,gX:32.654,gY:16.296,gZ:14.526
aX:-0.593,aY:0.052,aZ:-0.066,gX:34.851,gY:6.897,gZ:18.738
aX:-0.629,aY:0.008,aZ:-0.051,gX:33.569,gY:-0.793,gZ:22.339
aX:-0.698,aY:-0.036,aZ:-0.048,gX:32.043,gY:-5.554,gZ:22.888
aX:-0.799,aY:-0.059,aZ:-0.056,gX:31.128,gY:-7.935,gZ:20.813
aX:-0.902,aY:-0.047,aZ:-0.069,gX:31.311,gY:-7.324,gZ:14.221
aX:-0.971,aY:-0.008,aZ:-0.085,gX:30.823,gY:-6.165,gZ:5.798
aX:-1.001,aY:0.047,aZ:-0.078,gX:31.799,gY:-3.784,gZ:-1.038
aX:-1.032,aY:0.090,aZ:-0.049,gX:32.288,gY:-1.038,gZ:-4.639
aX:-1.042,aY:0.131,aZ:-0.026,gX:32.227,gY:2.258,gZ:-6.042
aX:-1.019,aY:0.158,aZ:-0.040,gX:33.081,gY:4.211,gZ:-6.592
aX:-0.990,aY:0.166,aZ:-0.029,gX:35.950,gY:5.981,gZ:-5.493
aX:-0.957,aY:0.180,aZ:-0.023,gX:40.588,gY:9.338,gZ:-2.808
aX:-0.962,aY:0.142,aZ:-0.072,gX:39.368,gY:8.789,gZ:0.305
aX:-1.061,aY:0.050,aZ:-0.094,gX:33.813,gY:4.333,gZ:6.897
aX:-1.177,aY:-0.037,aZ:-0.037,gX:30.640,gY:7.263,gZ:16.785
aX:-1.202,aY:-0.092,aZ:0.039,gX:25.269,gY:15.381,gZ:23.071
aX:-1.133,aY:-0.085,aZ:0.092,gX:19.348,gY:19.775,gZ:20.813
aX:-1.071,aY:-0.037,aZ:0.103,gX:16.174,gY:19.836,gZ:14.343
aX:-1.066,aY:0.024,aZ:0.022,gX:15.076,gY:19.836,gZ:9.766
aX:-1.142,aY:0.065,aZ:-0.003,gX:16.479,gY:18.372,gZ:10.376
aX:-1.153,aY:0.113,aZ:-0.054,gX:23.193,gY:15.015,gZ:12.939
aX:-1.116,aY:0.118,aZ:-0.144,gX:24.109,gY:6.653,gZ:9.155
aX:-1.098,aY:0.106,aZ:-0.219,gX:20.081,gY:2.502,gZ:6.470
aX:-1.080,aY:0.135,aZ:-0.311,gX:23.804,gY:0.977,gZ:6.592
aX:-1.004,aY:0.135,aZ:-0.401,gX:28.992,gY:-9.705,gZ:7.751
aX:-0.886,aY:0.115,aZ:-0.422,gX:35.583,gY:-16.113,gZ:10.315
aX:-0.791,aY:0.099,aZ:-0.380,gX:42.480,gY:-18.433,gZ:9.399
aX:-0.746,aY:0.101,aZ:-0.264,gX:51.636,gY:-15.198,gZ:8.301
aX:-0.825,aY:0.067,aZ:-0.213,gX:56.519,gY:-15.442,gZ:10.925
aX:-1.020,aY:0.043,aZ:-0.213,gX:57.739,gY:-18.250,gZ:12.451
aX:-1.118,aY:0.057,aZ:-0.231,gX:57.251,gY:-16.663,gZ:5.249
aX:-1.131,aY:0.021,aZ:-0.241,gX:54.932,gY:-17.700,gZ:-2.930
aX:-1.069,aY:0.034,aZ:-0.217,gX:52.551,gY:-18.066,gZ:-10.376
aX:-0.941,aY:0.069,aZ:-0.182,gX:49.011,gY:-18.005,gZ:-13.306
aX:-0.843,aY:0.121,aZ:-0.187,gX:44.189,gY:-21.973,gZ:-13.367
aX:-0.806,aY:0.177,aZ:-0.231,gX:43.152,gY:-27.161,gZ:-12.756
aX:-0.774,aY:0.203,aZ:-0.240,gX:43.030,gY:-28.015,gZ:-8.362
aX:-0.794,aY:0.191,aZ:-0.241,gX:43.091,gY:-28.809,gZ:-1.526
aX:-0.856,aY:0.169,aZ:-0.206,gX:43.030,gY:-26.917,gZ:7.690
aX:-0.901,aY:0.161,aZ:-0.180,gX:42.175,gY:-20.508,gZ:15.015
aX:-0.984,aY:0.202,aZ:-0.185,gX:42.725,gY:-16.907,gZ:17.456
aX:-1.023,aY:0.250,aZ:-0.216,gX:42.969,gY:-12.817,gZ:17.578
aX:-1.012,aY:0.288,aZ:-0.227,gX:43.335,gY:-9.583,gZ:16.479
aX:-1.002,aY:0.309,aZ:-0.218,gX:43.823,gY:-7.996,gZ:12.756
aX:-0.930,aY:0.316,aZ:-0.203,gX:43.335,gY:-7.446,gZ:8.179
aX:-0.924,aY:0.293,aZ:-0.176,gX:45.349,gY:-6.409,gZ:5.066
aX:-0.900,aY:0.223,aZ:-0.147,gX:45.532,gY:-3.113,gZ:3.662
aX:-0.919,aY:0.178,aZ:-0.149,gX:40.161,gY:-2.808,gZ:4.700
aX:-0.965,aY:0.152,aZ:-0.132,gX:34.424,gY:-3.113,gZ:5.371
aX:-1.000,aY:0.197,aZ:-0.113,gX:28.259,gY:-2.991,gZ:8.240
aX:-1.046,aY:0.267,aZ:-0.139,gX:22.583,gY:-3.418,gZ:7.263
aX:-1.069,aY:0.333,aZ:-0.181,gX:17.517,gY:-5.188,gZ:2.625
aX:-1.124,aY:0.320,aZ:-0.233,gX:13.611,gY:-5.127,gZ:-2.136
aX:-1.207,aY:0.272,aZ:-0.365,gX:7.202,gY:-8.789,gZ:-8.118
aX:-1.347,aY:0.153,aZ:-0.495,gX:13.794,gY:-7.019,gZ:-10.010
aX:-1.294,aY:0.124,aZ:-0.590,gX:26.428,gY:2.136,gZ:-10.742
aX:-1.173,aY:0.047,aZ:-0.600,gX:30.029,gY:5.432,gZ:-9.644
aX:-1.045,aY:-0.041,aZ:-0.436,gX:35.034,gY:7.019,gZ:-10.925
aX:-0.904,aY:-0.187,aZ:-0.295,gX:33.447,gY:5.005,gZ:-15.137
aX:-0.859,aY:-0.217,aZ:-0.223,gX:32.898,gY:3.967,gZ:-15.564
aX:-0.862,aY:-0.129,aZ:-0.214,gX:29.541,gY:6.897,gZ:-10.742
aX:-0.906,aY:-0.012,aZ:-0.238,gX:26.733,gY:10.498,gZ:2.014
aX:-0.985,aY:0.086,aZ:-0.252,gX:28.625,gY:15.320,gZ:18.799
aX:-1.078,aY:0.110,aZ:-0.255,gX:31.250,gY:15.991,gZ:30.579
aX:-1.128,aY:0.121,aZ:-0.224,gX:33.386,gY:16.296,gZ:30.396
aX:-1.185,aY:0.099,aZ:-0.207,gX:36.072,gY:12.573,gZ:23.682
aX:-1.048,aY:0.091,aZ:-0.211,gX:38.879,gY:13.428,gZ:20.325
aX:-0.864,aY:0.075,aZ:-0.164,gX:44.861,gY:19.775,gZ:18.188
aX:-0.679,aY:0.080,aZ:-0.121,gX:50.964,gY:23.376,gZ:20.203
aX:-0.635,aY:0.036,aZ:-0.089,gX:54.199,gY:17.151,gZ:22.217
aX:-0.646,aY:0.034,aZ:-0.042,gX:53.528,gY:10.315,gZ:21.973
aX:-0.691,aY:0.009,aZ:-0.036,gX:52.185,gY:6.042,gZ:19.592
aX:-0.775,aY:0.031,aZ:-0.061,gX:52.063,gY:0.427,gZ:15.564
aX:-0.823,aY:0.039,aZ:-0.107,gX:51.758,gY:-4.272,gZ:9.094
aX:-0.921,aY:0.061,aZ:-0.121,gX:53.894,gY:-6.653,gZ:5.615
aX:-0.984,aY:0.097,aZ:-0.117,gX:56.824,gY:-6.348,gZ:1.587
aX:-1.020,aY:0.149,aZ:-0.109,gX:56.946,gY:-7.263,gZ:-0.916
aX:-1.056,aY:0.157,aZ:-0.087,gX:55.847,gY:-8.545,gZ:-1.892
aX:-1.052,aY:0.192,aZ:-0.061,gX:56.763,gY:-7.080,gZ:-1.282
aX:-1.016,aY:0.208,aZ:-0.087,gX:60.425,gY:-2.380,gZ:-2.319
aX:-0.981,aY:0.168,aZ:-0.083,gX:64.331,gY:3.906,gZ:-3.723
aX:-0.948,aY:0.076,aZ:-0.037,gX:67.688,gY:11.902,gZ:-5.005
aX:-0.925,aY:-0.006,aZ:-0.015,gX:61.951,gY:13.611,gZ:-5.920
aX:-0.971,aY:-0.068,aZ:-0.039,gX:50.354,gY:6.042,gZ:-7.263
aX:-1.069,aY:-0.079,aZ:-0.042,gX:42.358,gY:2.808,gZ:-3.601
aX:-1.153,aY:-0.023,aZ:-0.012,gX:34.790,gY:5.920,gZ:4.272
aX:-1.117,aY:0.055,aZ:0.030,gX:27.222,gY:7.446,gZ:9.705
aX:-1.064,aY:0.118,aZ:0.084,gX:26.062,gY:7.690,gZ:8.118
aX:-1.045,aY:0.128,aZ:0.126,gX:27.832,gY:8.362,gZ:2.808
aX:-1.052,aY:0.107,aZ:0.093,gX:24.841,gY:6.226,gZ:0.793
aX:-1.161,aY:0.100,aZ:0.079,gX:22.766,gY:4.517,gZ:6.775
aX:-1.196,aY:0.119,aZ:-0.032,gX:20.996,gY:4.883,gZ:10.071
aX:-1.179,aY:0.034,aZ:-0.210,gX:11.841,gY:-2.686,gZ:6.592
aX:-1.232,aY:-0.036,aZ:-0.301,gX:7.263,gY:-7.263,gZ:9.277
aX:-1.236,aY:-0.042,aZ:-0.345,gX:15.625,gY:1.709,gZ:12.146
aX:-1.071,aY:-0.006,aZ:-0.441,gX:19.470,gY:0.183,gZ:13.123
aX:-0.845,aY:0.052,aZ:-0.454,gX:21.179,gY:-5.981,gZ:11.169
aX:-0.676,aY:0.080,aZ:-0.398,gX:26.062,gY:-7.446,gZ:7.080
aX:-0.679,aY:0.050,aZ:-0.272,gX:34.424,gY:-3.479,gZ:3.357
aX:-0.807,aY:0.026,aZ:-0.190,gX:39.734,gY:-4.700,gZ:0.427
aX:-0.969,aY:-0.005,aZ:-0.212,gX:35.583,gY:-11.047,gZ:-1.770
aX:-1.082,aY:-0.001,aZ:-0.234,gX:28.076,gY:-11.597,gZ:0.305
aX:-1.141,aY:0.009,aZ:-0.237,gX:20.874,gY:-11.658,gZ:3.784
aX:-1.019,aY:0.016,aZ:-0.235,gX:16.052,gY:-15.015,gZ:-4.700
aX:-0.952,aY:0.040,aZ:-0.227,gX:14.160,gY:-18.799,gZ:-13.611
aX:-0.909,aY:0.102,aZ:-0.216,gX:12.634,gY:-19.653,gZ:-20.752
aX:-0.847,aY:0.152,aZ:-0.209,gX:10.193,gY:-19.958,gZ:-19.653
aX:-0.784,aY:0.150,aZ:-0.169,gX:8.057,gY:-21.118,gZ:-13.367
aX:-0.824,aY:0.190,aZ:-0.186,gX:6.653,gY:-27.405,gZ:-7.690
aX:-0.850,aY:0.139,aZ:-0.209,gX:5.310,gY:-29.663,gZ:-1.526
aX:-0.898,aY:0.123,aZ:-0.196,gX:3.235,gY:-24.231,gZ:5.554
aX:-0.926,aY:0.132,aZ:-0.160,gX:4.883,gY:-15.869,gZ:11.169
aX:-0.960,aY:0.156,aZ:-0.130,gX:6.714,gY:-11.169,gZ:13.855
aX:-0.976,aY:0.187,aZ:-0.131,gX:8.240,gY:-5.249,gZ:13.550
aX:-0.979,aY:0.212,aZ:-0.148,gX:9.094,gY:0.488,gZ:12.085
aX:-0.958,aY:0.229,aZ:-0.160,gX:7.812,gY:4.395,gZ:9.338
aX:-0.945,aY:0.226,aZ:-0.164,gX:8.118,gY:6.104,gZ:7.874
aX:-0.909,aY:0.180,aZ:-0.169,gX:11.780,gY:5.554,gZ:8.362
aX:-0.901,aY:0.138,aZ:-0.103,gX:16.296,gY:5.310,gZ:11.780
aX:-0.928,aY:0.108,aZ:-0.098,gX:16.663,gY:5.737,gZ:15.076
aX:-1.050,aY:0.131,aZ:-0.100,gX:15.259,gY:6.958,gZ:19.592
aX:-1.176,aY:0.135,aZ:0.003,gX:15.869,gY:7.874,gZ:20.447
aX:-1.217,aY:0.147,aZ:0.048,gX:9.094,gY:4.883,gZ:11.047
aX:-1.228,aY:0.204,aZ:0.046,gX:2.014,gY:-2.747,gZ:-2.563
aX:-1.187,aY:0.279,aZ:-0.068,gX:-1.892,gY:-8.911,gZ:-13.306
aX:-1.173,aY:0.380,aZ:-0.188,gX:-1.648,gY:-10.864,gZ:-19.226
aX:-1.184,aY:0.447,aZ:-0.238,gX:4.883,gY:-9.155,gZ:-19.165
aX:-1.152,aY:0.424,aZ:-0.270,gX:11.719,gY:-7.324,gZ:-15.686
aX:-1.068,aY:0.352,aZ:-0.386,gX:9.888,gY:-8.057,gZ:-10.498
aX:-1.003,aY:0.211,aZ:-0.564,gX:10.010,gY:-5.615,gZ:-3.174
aX:-0.915,aY:0.036,aZ:-0.545,gX:17.944,gY:-0.488,gZ:2.625
aX:-0.849,aY:-0.148,aZ:-0.382,gX:27.405,gY:3.723,gZ:6.775
aX:-0.829,aY:-0.249,aZ:-0.201,gX:34.058,gY:11.963,gZ:4.761
aX:-0.820,aY:-0.215,aZ:-0.173,gX:27.283,gY:16.602,gZ:0.122
aX:-0.920,aY:-0.112,aZ:-0.274,gX:14.709,gY:7.935,gZ:0.610
aX:-1.130,aY:-0.041,aZ:-0.305,gX:15.686,gY:2.380,gZ:5.127
aX:-1.280,aY:0.040,aZ:-0.271,gX:19.104,gY:6.470,gZ:9.521
aX:-1.317,aY:0.096,aZ:-0.248,gX:16.418,gY:8.301,gZ:12.512
aX:-1.289,aY:0.112,aZ:-0.284,gX:14.648,gY:12.268,gZ:11.353
aX:-1.017,aY:0.118,aZ:-0.262,gX:15.747,gY:22.766,gZ:11.963
aX:-0.793,aY:0.104,aZ:-0.174,gX:24.597,gY:30.945,gZ:14.282
aX:-0.578,aY:0.120,aZ:-0.106,gX:35.950,gY:30.151,gZ:19.043
aX:-0.524,aY:0.113,aZ:-0.089,gX:43.457,gY:18.494,gZ:22.400
aX:-0.572,aY:0.095,aZ:-0.062,gX:47.485,gY:9.399,gZ:28.259
aX:-0.698,aY:0.014,aZ:-0.029,gX:47.852,gY:3.601,gZ:30.640
aX:-0.825,aY:-0.040,aZ:-0.034,gX:47.668,gY:-0.610,gZ:25.879
aX:-0.900,aY:-0.071,aZ:-0.041,gX:47.974,gY:-3.113,gZ:17.700
aX:-0.954,aY:-0.046,aZ:-0.076,gX:47.913,gY:-7.263,gZ:7.874
aX:-0.956,aY:-0.005,aZ:-0.076,gX:46.509,gY:-6.348,gZ:-0.610
aX:-0.912,aY:0.035,aZ:-0.030,gX:44.495,gY:-2.380,gZ:-4.639
aX:-0.914,aY:0.062,aZ:0.010,gX:41.382,gY:-2.014,gZ:-6.165
aX:-0.949,aY:0.083,aZ:0.013,gX:38.635,gY:-2.441,gZ:-6.531
aX:-0.952,aY:0.152,aZ:-0.009,gX:38.208,gY:-4.028,gZ:-4.089
aX:-0.958,aY:0.177,aZ:-0.106,gX:40.833,gY:-6.104,gZ:-1.404
aX:-0.964,aY:0.124,aZ:-0.132,gX:46.631,gY:-5.371,gZ:-0.244
aX:-1.029,aY:0.010,aZ:-0.117,gX:46.631,gY:-2.991,gZ:1.160
aX:-1.169,aY:-0.047,aZ:-0.055,gX:38.330,gY:-2.197,gZ:7.629
aX:-1.273,aY:-0.037,aZ:-0.004,gX:30.151,gY:1.160,gZ:15.747
aX:-1.273,aY:-0.001,aZ:0.042,gX:26.489,gY:5.920,gZ:14.465
aX:-1.172,aY:0.066,aZ:0.082,gX:27.832,gY:8.911,gZ:3.723
aX:-1.070,aY:0.138,aZ:0.055,gX:29.236,gY:10.132,gZ:-6.348
aX:-1.067,aY:0.159,aZ:0.020,gX:28.381,gY:8.850,gZ:-6.897
aX:-1.128,aY:0.182,aZ:0.005,gX:31.067,gY:9.949,gZ:-0.244
aX:-1.178,aY:0.162,aZ:-0.081,gX:29.785,gY:6.165,gZ:3.418
aX:-1.176,aY:0.047,aZ:-0.183,gX:24.292,gY:1.648,gZ:5.493
aX:-1.159,aY:-0.048,aZ:-0.203,gX:21.790,gY:-0.549,gZ:7.202
aX:-1.056,aY:-0.093,aZ:-0.261,gX:29.785,gY:1.160,gZ:9.583
aX:-0.892,aY:-0.086,aZ:-0.325,gX:31.311,gY:-4.150,gZ:12.329
aX:-0.804,aY:-0.032,aZ:-0.358,gX:28.137,gY:-10.315,gZ:16.602
aX:-0.722,aY:0.069,aZ:-0.340,gX:29.785,gY:-7.202,gZ:14.832
aX:-0.765,aY:0.090,aZ:-0.292,gX:36.011,gY:-11.169,gZ:11.719
aX:-0.948,aY:0.062,aZ:-0.262,gX:42.542,gY:-15.503,gZ:6.958
aX:-1.073,aY:-0.001,aZ:-0.226,gX:44.617,gY:-11.292,gZ:1.465
aX:-1.057,aY:-0.039,aZ:-0.178,gX:36.621,gY:-4.333,gZ:0.854
aX:-1.123,aY:-0.001,aZ:-0.171,gX:27.344,gY:-8.423,gZ:-2.014
aX:-0.989,aY:0.047,aZ:-0.183,gX:25.757,gY:-17.944,gZ:-14.648
aX:-0.974,aY:0.065,aZ:-0.202,gX:21.057,gY:-25.391,gZ:-20.935
aX:-0.867,aY:0.091,aZ:-0.214,gX:15.625,gY:-27.466,gZ:-21.179
aX:-0.749,aY:0.125,aZ:-0.198,gX:14.893,gY:-27.161,gZ:-17.456
aX:-0.743,aY:0.176,aZ:-0.199,gX:15.259,gY:-26.428,gZ:-8.667
aX:-0.786,aY:0.176,aZ:-0.197,gX:14.954,gY:-25.757,gZ:-2.502
aX:-0.832,aY:0.179,aZ:-0.203,gX:16.602,gY:-23.682,gZ:4.578
aX:-0.916,aY:0.157,aZ:-0.203,gX:17.761,gY:-17.639,gZ:13.550
aX:-0.955,aY:0.156,aZ:-0.181,gX:17.883,gY:-9.766,gZ:18.250
aX:-1.008,aY:0.176,aZ:-0.188,gX:19.653,gY:-4.822,gZ:16.052
aX:-0.981,aY:0.184,aZ:-0.192,gX:18.982,gY:-1.953,gZ:13.062
aX:-0.957,aY:0.193,aZ:-0.210,gX:18.127,gY:-4.150,gZ:8.362
aX:-0.969,aY:0.188,aZ:-0.210,gX:19.958,gY:-4.089,gZ:4.028
aX:-0.988,aY:0.187,aZ:-0.152,gX:20.264,gY:0.916,gZ:1.099
aX:-1.033,aY:0.165,aZ:-0.095,gX:18.860,gY:1.892,gZ:-0.305
aX:-1.061,aY:0.151,aZ:-0.093,gX:20.142,gY:2.441,gZ:-0.305
aX:-1.073,aY:0.183,aZ:-0.035,gX:21.240,gY:6.836,gZ:0.671
aX:-1.086,aY:0.244,aZ:-0.036,gX:14.587,gY:7.996,gZ:0.122
aX:-1.099,aY:0.292,aZ:-0.133,gX:4.822,gY:-2.441,gZ:-3.601
aX:-1.155,aY:0.352,aZ:-0.186,gX:2.136,gY:-10.315,gZ:-7.507
aX:-1.287,aY:0.336,aZ:-0.271,gX:1.282,gY:-10.620,gZ:-12.451
aX:-1.315,aY:0.262,aZ:-0.336,gX:1.648,gY:-5.066,gZ:-17.456
aX:-1.232,aY:0.178,aZ:-0.398,gX:8.240,gY:5.066,gZ:-17.639
aX:-1.045,aY:0.101,aZ:-0.512,gX:10.315,gY:9.888,gZ:-15.991
aX:-0.932,aY:-0.030,aZ:-0.535,gX:15.625,gY:10.132,gZ:-12.695
aX:-0.838,aY:-0.145,aZ:-0.376,gX:20.752,gY:14.221,gZ:-11.353
aX:-0.801,aY:-0.214,aZ:-0.209,gX:18.921,gY:14.771,gZ:-11.780
aX:-0.811,aY:-0.207,aZ:-0.174,gX:13.733,gY:11.414,gZ:-10.742
aX:-0.985,aY:-0.108,aZ:-0.236,gX:6.348,gY:5.005,gZ:-5.737
aX:-1.109,aY:0.006,aZ:-0.254,gX:6.897,gY:6.042,gZ:2.258
aX:-1.188,aY:0.071,aZ:-0.236,gX:10.681,gY:11.169,gZ:9.949
aX:-1.234,aY:0.100,aZ:-0.224,gX:9.338,gY:14.343,gZ:18.433
aX:-1.205,aY:0.094,aZ:-0.228,gX:6.531,gY:16.357,gZ:19.043
aX:-1.080,aY:0.087,aZ:-0.190,gX:8.789,gY:23.376,gZ:11.841
aX:-0.915,aY:0.084,aZ:-0.141,gX:14.099,gY:25.940,gZ:6.958
aX:-0.723,aY:0.093,aZ:-0.065,gX:20.325,gY:28.503,gZ:9.277
aX:-0.588,aY:0.084,aZ:-0.027,gX:22.583,gY:22.217,gZ:12.329
aX:-0.557,aY:0.045,aZ:0.005,gX:23.132,gY:13.489,gZ:14.893
aX:-0.662,aY:0.013,aZ:0.005,gX:20.874,gY:2.869,gZ:17.517
aX:-0.755,aY:0.010,aZ:-0.010,gX:18.616,gY:-4.517,gZ:18.127
aX:-0.835,aY:0.017,aZ:-0.031,gX:18.799,gY:-7.690,gZ:15.930
aX:-0.883,aY:0.050,aZ:-0.044,gX:19.348,gY:-8.118,gZ:10.559
aX:-0.927,aY:0.080,aZ:-0.016,gX:21.057,gY:-6.714,gZ:2.686
aX:-0.939,aY:0.100,aZ:-0.015,gX:22.705,gY:-5.432,gZ:-2.930
aX:-0.945,aY:0.083,aZ:-0.011,gX:20.386,gY:-6.104,gZ:-4.761
aX:-0.956,aY:0.055,aZ:0.000,gX:19.043,gY:-7.751,gZ:-7.019
aX:-0.934,aY:0.046,aZ:-0.024,gX:18.616,gY:-11.047,gZ:-8.911
aX:-0.939,aY:0.043,aZ:-0.042,gX:16.724,gY:-13.733,gZ:-6.714
aX:-0.939,aY:0.030,aZ:-0.072,gX:14.832,gY:-12.024,gZ:-3.723
aX:-1.024,aY:-0.028,aZ:-0.160,gX:9.766,gY:-13.184,gZ:-0.854
aX:-1.212,aY:-0.070,aZ:-0.115,gX:6.470,gY:-8.057,gZ:4.883
aX:-1.297,aY:-0.036,aZ:-0.075,gX:1.099,gY:-0.916,gZ:15.198
aX:-1.242,aY:0.065,aZ:0.024,gX:0.366,gY:2.075,gZ:18.311
aX:-1.137,aY:0.208,aZ:0.075,gX:10.742,gY:7.996,gZ:4.822
aX:-1.077,aY:0.305,aZ:0.100,gX:19.226,gY:14.160,gZ:-7.019
aX:-1.026,aY:0.307,aZ:0.102,gX:23.987,gY:14.221,gZ:-8.301
aX:-1.102,aY:0.254,aZ:0.095,gX:27.466,gY:10.193,gZ:1.892
aX:-1.183,aY:0.155,aZ:-0.034,gX:27.954,gY:10.254,gZ:10.681
aX:-1.273,aY:-0.022,aZ:-0.173,gX:24.353,gY:8.118,gZ:9.705
aX:-1.304,aY:-0.222,aZ:-0.269,gX:16.113,gY:9.216,gZ:11.353
aX:-1.257,aY:-0.289,aZ:-0.276,gX:11.475,gY:11.414,gZ:13.733
aX:-1.059,aY:-0.184,aZ:-0.358,gX:14.099,gY:8.545,gZ:15.686
aX:-0.810,aY:-0.075,aZ:-0.428,gX:14.771,gY:5.249,gZ:12.024
aX:-0.661,aY:0.089,aZ:-0.355,gX:19.043,gY:2.747,gZ:3.845
aX:-0.629,aY:0.176,aZ:-0.257,gX:26.001,gY:0.061,gZ:-3.845
aX:-0.761,aY:0.089,aZ:-0.216,gX:29.175,gY:-12.024,gZ:-8.606
aX:-0.948,aY:0.026,aZ:-0.169,gX:28.931,gY:-18.860,gZ:-11.230
aX:-1.032,aY:0.002,aZ:-0.164,gX:21.912,gY:-17.212,gZ:-6.348
aX:-1.050,aY:0.028,aZ:-0.198,gX:12.512,gY:-17.029,gZ:0.610
aX:-1.092,aY:0.110,aZ:-0.241,gX:11.841,gY:-18.372,gZ:-0.671
aX:-0.970,aY:0.123,aZ:-0.244,gX:12.878,gY:-19.592,gZ:-9.766
aX:-0.906,aY:0.138,aZ:-0.218,gX:11.902,gY:-21.423,gZ:-13.489
aX:-0.869,aY:0.150,aZ:-0.175,gX:13.123,gY:-21.545,gZ:-13.977
aX:-0.835,aY:0.144,aZ:-0.123,gX:14.709,gY:-20.325,gZ:-11.047
aX:-0.836,aY:0.119,aZ:-0.105,gX:11.719,gY:-20.264,gZ:-6.287
aX:-0.802,aY:0.105,aZ:-0.124,gX:7.385,gY:-18.127,gZ:-2.991
aX:-0.797,aY:0.101,aZ:-0.145,gX:5.005,gY:-16.724,gZ:-0.122
aX:-0.824,aY:0.128,aZ:-0.155,gX:1.770,gY:-16.113,gZ:6.592
aX:-0.906,aY:0.138,aZ:-0.148,gX:-0.916,gY:-15.930,gZ:10.498
aX:-0.999,aY:0.172,aZ:-0.135,gX:-2.930,gY:-11.475,gZ:11.108
aX:-1.026,aY:0.179,aZ:-0.160,gX:-5.432,gY:-6.897,gZ:10.681
aX:-1.031,aY:0.198,aZ:-0.167,gX:-10.315,gY:-2.380,gZ:9.460
aX:-1.006,aY:0.206,aZ:-0.156,gX:-10.986,gY:3.418,gZ:6.714
aX:-0.957,aY:0.221,aZ:-0.132,gX:-8.789,gY:6.287,gZ:3.418
aX:-0.923,aY:0.224,aZ:-0.117,gX:-5.798,gY:5.005,gZ:-0.183
aX:-0.963,aY:0.240,aZ:-0.056,gX:-1.892,gY:5.310,gZ:-1.404
aX:-1.010,aY:0.298,aZ:-0.021,gX:-0.793,gY:4.700,gZ:-2.197
aX:-1.052,aY:0.337,aZ:-0.069,gX:-7.874,gY:-4.883,gZ:-5.798
aX:-1.105,aY:0.345,aZ:-0.099,gX:-8.972,gY:-13.245,gZ:-11.719
aX:-1.203,aY:0.313,aZ:-0.175,gX:-8.972,gY:-16.418,gZ:-14.526
aX:-1.299,aY:0.229,aZ:-0.276,gX:-13.367,gY:-15.259,gZ:-13.794
aX:-1.387,aY:0.138,aZ:-0.274,gX:-16.052,gY:-9.766,gZ:-11.658
aX:-1.360,aY:0.039,aZ:-0.311,gX:-16.907,gY:1.953,gZ:-12.146
aX:-1.177,aY:0.044,aZ:-0.461,gX:-22.034,gY:8.667,gZ:-14.099
aX:-1.062,aY:-0.022,aZ:-0.594,gX:-24.414,gY:7.385,gZ:-15.198
aX:-0.976,aY:-0.107,aZ:-0.447,gX:-17.517,gY:12.451,gZ:-16.113
aX:-0.898,aY:-0.181,aZ:-0.228,gX:-18.311,gY:19.836,gZ:-20.691
aX:-0.865,aY:-0.243,aZ:-0.146,gX:-19.531,gY:16.235,gZ:-22.461
aX:-0.911,aY:-0.146,aZ:-0.131,gX:-23.560,gY:14.404,gZ:-17.639
aX:-0.979,aY:-0.013,aZ:-0.177,gX:-28.381,gY:13.306,gZ:-7.385
aX:-1.067,aY:0.114,aZ:-0.181,gX:-24.536,gY:19.409,gZ:2.625
aX:-1.158,aY:0.221,aZ:-0.194,gX:-20.081,gY:20.264,gZ:10.681
aX:-1.158,aY:0.196,aZ:-0.212,gX:-18.860,gY:13.916,gZ:20.447
aX:-1.103,aY:0.123,aZ:-0.218,gX:-15.442,gY:11.230,gZ:20.142
aX:-0.945,aY:0.062,aZ:-0.178,gX:-9.644,gY:20.020,gZ:16.541
aX:-0.827,aY:0.030,aZ:-0.119,gX:-4.456,gY:26.855,gZ:11.414
aX:-0.665,aY:0.017,aZ:-0.027,gX:-1.038,gY:26.001,gZ:12.695
aX:-0.586,aY:-0.023,aZ:0.003,gX:1.038,gY:19.104,gZ:16.113
aX:-0.589,aY:-0.034,aZ:0.014,gX:0.854,gY:11.841,gZ:17.761
aX:-0.669,aY:-0.031,aZ:0.008,gX:-0.366,gY:3.967,gZ:19.409
aX:-0.741,aY:-0.012,aZ:-0.006,gX:-2.808,gY:-0.427,gZ:18.738
aX:-0.811,aY:-0.000,aZ:-0.007,gX:-3.052,gY:-3.479,gZ:15.747
aX:-0.868,aY:0.025,aZ:0.005,gX:-0.305,gY:-5.493,gZ:9.827
aX:-0.923,aY:0.045,aZ:0.032,gX:3.174,gY:-4.089,gZ:1.709
aX:-0.958,aY:0.047,aZ:0.043,gX:5.737,gY:-1.099,gZ:-5.005
aX:-0.979,aY:0.055,aZ:0.041,gX:7.874,gY:1.221,gZ:-9.521
aX:-1.012,aY:0.051,aZ:0.030,gX:10.254,gY:0.793,gZ:-12.695
aX:-0.990,aY:0.052,aZ:0.025,gX:12.817,gY:0.366,gZ:-14.404
aX:-0.968,aY:0.116,aZ:0.040,gX:11.353,gY:-2.991,gZ:-13.733
aX:-1.044,aY:0.136,aZ:-0.044,gX:9.460,gY:-8.606,gZ:-12.085
aX:-1.317,aY:0.112,aZ:-0.068,gX:7.446,gY:-9.521,gZ:-3.113
aX:-1.368,aY:0.017,aZ:0.009,gX:9.338,gY:0.610,gZ:10.864
aX:-1.264,aY:-0.040,aZ:0.016,gX:6.409,gY:7.751,gZ:15.930
aX:-1.300,aY:-0.049,aZ:-0.045,gX:0.977,gY:14.160,gZ:18.738
aX:-1.367,aY:0.009,aZ:-0.036,gX:1.221,gY:29.053,gZ:21.362
aX:-1.348,aY:0.042,aZ:-0.155,gX:0.305,gY:23.743,gZ:14.954
aX:-1.199,aY:-0.096,aZ:-0.214,gX:-7.385,gY:11.108,gZ:4.333
aX:-1.095,aY:-0.146,aZ:-0.138,gX:-6.409,gY:3.723,gZ:-2.563
aX:-0.873,aY:-0.090,aZ:-0.221,gX:-1.099,gY:0.244,gZ:-6.104
aX:-0.671,aY:-0.037,aZ:-0.322,gX:-1.099,gY:-3.418,gZ:-7.629
aX:-0.630,aY:0.058,aZ:-0.352,gX:-0.916,gY:-4.333,gZ:-5.188
aX:-0.735,aY:0.137,aZ:-0.312,gX:-0.732,gY:-5.066,gZ:2.380
aX:-0.904,aY:0.094,aZ:-0.288,gX:-0.366,gY:-12.451,gZ:9.277
aX:-1.105,aY:0.028,aZ:-0.249,gX:1.404,gY:-12.390,gZ:8.423
aX:-1.113,aY:-0.005,aZ:-0.190,gX:0.916,gY:-0.549,gZ:2.502
aX:-1.048,aY:0.055,aZ:-0.174,gX:-3.845,gY:1.038,gZ:-3.906
aX:-1.000,aY:0.058,aZ:-0.193,gX:-5.310,gY:-9.094,gZ:-13.794
aX:-0.884,aY:0.098,aZ:-0.190,gX:-4.700,gY:-14.648,gZ:-20.203
aX:-0.829,aY:0.120,aZ:-0.177,gX:-5.249,gY:-18.738,gZ:-23.926
aX:-0.780,aY:0.140,aZ:-0.168,gX:-7.629,gY:-21.484,gZ:-20.813
aX:-0.882,aY:0.114,aZ:-0.178,gX:-11.108,gY:-19.104,gZ:-10.681
aX:-0.786,aY:0.092,aZ:-0.161,gX:-12.695,gY:-11.108,gZ:-8.240
aX:-0.787,aY:0.112,aZ:-0.137,gX:-15.198,gY:-11.536,gZ:-2.686
aX:-0.850,aY:0.131,aZ:-0.140,gX:-16.663,gY:-9.338,gZ:2.441
aX:-0.951,aY:0.178,aZ:-0.154,gX:-19.287,gY:-5.859,gZ:7.141
aX:-1.000,aY:0.200,aZ:-0.176,gX:-20.691,gY:-3.845,gZ:9.460
aX:-0.996,aY:0.205,aZ:-0.176,gX:-23.315,gY:-2.808,gZ:9.766
aX:-0.963,aY:0.196,aZ:-0.156,gX:-23.987,gY:-1.160,gZ:7.751
aX:-0.951,aY:0.192,aZ:-0.163,gX:-26.428,gY:1.221,gZ:6.653
aX:-0.964,aY:0.179,aZ:-0.132,gX:-27.100,gY:8.728,gZ:7.080
aX:-0.963,aY:0.183,aZ:-0.089,gX:-26.306,gY:14.954,gZ:6.775
aX:-0.938,aY:0.152,aZ:-0.109,gX:-28.076,gY:12.634,gZ:5.188
aX:-0.945,aY:0.135,aZ:-0.098,gX:-26.245,gY:11.902,gZ:2.319
aX:-0.982,aY:0.237,aZ:0.005,gX:-22.705,gY:15.991,gZ:0.427
aX:-1.003,aY:0.387,aZ:-0.057,gX:-31.738,gY:5.859,gZ:-5.066
aX:-1.093,aY:0.424,aZ:-0.178,gX:-28.381,gY:-7.751,gZ:-11.353
aX:-1.188,aY:0.385,aZ:-0.251,gX:-13.306,gY:-9.338,gZ:-14.465
aX:-1.365,aY:0.347,aZ:-0.215,gX:-4.578,gY:-9.277,gZ:-16.418
aX:-1.479,aY:0.207,aZ:-0.198,gX:-4.639,gY:-8.667,gZ:-27.161
aX:-1.405,aY:0.131,aZ:-0.283,gX:-11.292,gY:-8.057,gZ:-39.734
aX:-1.225,aY:0.090,aZ:-0.414,gX:-14.526,gY:-5.066,gZ:-38.574
aX:-1.082,aY:-0.029,aZ:-0.468,gX:-12.573,gY:3.601,gZ:-26.917
aX:-0.956,aY:-0.147,aZ:-0.429,gX:-11.047,gY:11.841,gZ:-14.343
aX:-0.920,aY:-0.253,aZ:-0.287,gX:-11.292,gY:19.531,gZ:-8.484
aX:-0.964,aY:-0.318,aZ:-0.116,gX:-14.526,gY:22.156,gZ:-5.554
aX:-0.986,aY:-0.288,aZ:-0.088,gX:-24.414,gY:16.907,gZ:-4.578
aX:-1.028,aY:-0.140,aZ:-0.137,gX:-32.410,gY:9.766,gZ:-5.676
aX:-1.108,aY:0.001,aZ:-0.168,gX:-33.020,gY:10.437,gZ:-4.333
aX:-1.148,aY:0.089,aZ:-0.173,gX:-33.264,gY:14.648,gZ:3.357
aX:-1.082,aY:0.097,aZ:-0.173,gX:-32.715,gY:15.137,gZ:12.939
aX:-0.959,aY:0.074,aZ:-0.163,gX:-30.823,gY:18.555,gZ:18.738
aX:-0.885,aY:0.042,aZ:-0.129,gX:-26.794,gY:28.259,gZ:19.653
aX:-0.779,aY:0.018,aZ:-0.051,gX:-22.278,gY:38.147,gZ:19.348
aX:-0.699,aY:0.022,aZ:0.008,gX:-20.142,gY:36.194,gZ:17.822
aX:-0.639,aY:0.026,aZ:0.037,gX:-20.081,gY:24.231,gZ:13.855
aX:-0.655,aY:-0.022,aZ:0.038,gX:-22.644,gY:8.118,gZ:10.620
aX:-0.723,aY:-0.034,aZ:0.011,gX:-25.940,gY:-6.104,gZ:9.827
aX:-0.765,aY:-0.047,aZ:0.012,gX:-27.222,gY:-9.033,gZ:9.521
aX:-0.848,aY:-0.050,aZ:0.026,gX:-27.466,gY:-8.423,gZ:6.531
aX:-0.857,aY:-0.022,aZ:0.025,gX:-27.161,gY:-6.775,gZ:-0.549
aX:-0.865,aY:0.015,aZ:0.020,gX:-26.001,gY:-9.216,gZ:-6.958
aX:-0.861,aY:0.037,aZ:0.050,gX:-21.667,gY:-10.681,gZ:-13.550
aX:-0.879,aY:0.031,aZ:0.067,gX:-18.250,gY:-13.367,gZ:-17.151
aX:-0.941,aY:0.023,aZ:0.106,gX:-16.724,gY:-14.771,gZ:-17.517
aX:-0.957,aY:0.080,aZ:0.098,gX:-14.648,gY:-14.282,gZ:-16.907
aX:-0.979,aY:0.127,aZ:0.025,gX:-14.954,gY:-19.958,gZ:-16.846
aX:-0.992,aY:0.172,aZ:-0.045,gX:-12.329,gY:-21.423,gZ:-15.686
aX:-1.085,aY:0.168,aZ:-0.171,gX:-11.902,gY:-23.499,gZ:-15.564
aX:-1.356,aY:0.161,aZ:-0.025,gX:-3.235,gY:-12.939,gZ:-7.996
aX:-1.371,aY:0.105,aZ:0.081,gX:0.183,gY:0.244,gZ:0.732
aX:-1.349,aY:0.082,aZ:0.157,gX:-1.038,gY:9.155,gZ:3.174
aX:-1.295,aY:0.003,aZ:0.076,gX:-2.380,gY:20.691,gZ:1.770
aX:-1.291,aY:-0.172,aZ:-0.017,gX:-16.052,gY:28.992,gZ:4.578
aX:-1.345,aY:-0.326,aZ:-0.043,gX:-27.649,gY:24.658,gZ:9.644
aX:-1.308,aY:-0.326,aZ:-0.122,gX:-36.743,gY:15.564,gZ:13.794
aX:-1.166,aY:-0.325,aZ:-0.215,gX:-45.044,gY:18.799,gZ:15.747
aX:-1.011,aY:-0.298,aZ:-0.212,gX:-47.241,gY:21.912,gZ:2.502
aX:-0.881,aY:-0.135,aZ:-0.305,gX:-47.241,gY:10.925,gZ:-6.042
aX:-0.733,aY:0.014,aZ:-0.365,gX:-44.983,gY:6.226,gZ:-11.108
aX:-0.656,aY:0.147,aZ:-0.459,gX:-53.894,gY:-4.700,gZ:-13.977
aX:-0.792,aY:0.142,aZ:-0.414,gX:-51.147,gY:-8.423,gZ:-11.719
aX:-0.958,aY:0.065,aZ:-0.318,gX:-42.114,gY:-11.230,gZ:-11.597
aX:-1.105,aY:0.010,aZ:-0.220,gX:-39.124,gY:-9.705,gZ:-16.296
aX:-1.173,aY:-0.003,aZ:-0.229,gX:-46.875,gY:-1.343,gZ:-13.367
aX:-1.014,aY:0.043,aZ:-0.226,gX:-57.190,gY:0.610,gZ:-13.855
aX:-0.924,aY:0.083,aZ:-0.239,gX:-62.988,gY:-4.883,gZ:-12.878
aX:-0.806,aY:0.100,aZ:-0.241,gX:-65.308,gY:-11.536,gZ:-16.418
aX:-0.740,aY:0.087,aZ:-0.248,gX:-65.369,gY:-17.944,gZ:-14.038
aX:-0.733,aY:0.055,aZ:-0.245,gX:-64.209,gY:-20.142,gZ:-5.554
aX:-0.850,aY:0.072,aZ:-0.255,gX:-63.232,gY:-16.418,gZ:-2.258
aX:-0.895,aY:0.120,aZ:-0.258,gX:-63.599,gY:-8.057,gZ:-2.258
aX:-0.917,aY:0.147,aZ:-0.245,gX:-63.477,gY:-2.930,gZ:-2.197
aX:-0.940,aY:0.172,aZ:-0.201,gX:-60.242,gY:-0.427,gZ:0.610
aX:-1.005,aY:0.259,aZ:-0.175,gX:-56.396,gY:1.892,gZ:3.784
aX:-1.011,aY:0.265,aZ:-0.164,gX:-53.223,gY:3.052,gZ:2.808
aX:-0.992,aY:0.266,aZ:-0.150,gX:-49.438,gY:2.869,gZ:1.099
aX:-0.966,aY:0.253,aZ:-0.145,gX:-44.312,gY:2.625,gZ:0.244
aX:-0.949,aY:0.233,aZ:-0.127,gX:-40.283,gY:4.395,gZ:0.488
aX:-0.923,aY:0.199,aZ:-0.076,gX:-37.537,gY:8.484,gZ:2.930
aX:-0.883,aY:0.155,aZ:-0.032,gX:-37.476,gY:11.780,gZ:6.409
aX:-0.855,aY:0.118,aZ:-0.069,gX:-39.063,gY:9.277,gZ:8.606
aX:-0.852,aY:0.132,aZ:-0.100,gX:-39.917,gY:7.629,gZ:9.827
aX:-0.911,aY:0.162,aZ:-0.113,gX:-38.330,gY:6.775,gZ:11.292
aX:-1.047,aY:0.163,aZ:-0.098,gX:-34.668,gY:3.296,gZ:11.658
aX:-1.187,aY:0.187,aZ:-0.048,gX:-31.494,gY:0.854,gZ:5.981
aX:-1.215,aY:0.218,aZ:-0.038,gX:-32.166,gY:-1.831,gZ:-5.737
aX:-1.176,aY:0.268,aZ:-0.062,gX:-30.212,gY:-3.601,gZ:-18.188
aX:-1.140,aY:0.262,aZ:-0.085,gX:-26.733,gY:-2.014,gZ:-24.353
aX:-1.075,aY:0.233,aZ:-0.169,gX:-23.743,gY:-1.038,gZ:-22.888
aX:-1.165,aY:0.253,aZ:-0.174,gX:-25.330,gY:-3.540,gZ:-17.944
aX:-1.289,aY:0.167,aZ:-0.253,gX:-27.161,gY:-3.845,gZ:-20.874
aX:-1.281,aY:0.114,aZ:-0.419,gX:-29.968,gY:-4.150,gZ:-27.771
aX:-1.183,aY:0.036,aZ:-0.609,gX:-31.250,gY:-4.700,gZ:-31.860
aX:-1.083,aY:-0.108,aZ:-0.564,gX:-23.071,gY:1.892,gZ:-31.250
aX:-0.966,aY:-0.189,aZ:-0.330,gX:-14.587,gY:17.334,gZ:-27.039
aX:-0.949,aY:-0.209,aZ:-0.177,gX:-14.343,gY:28.381,gZ:-17.700
aX:-1.003,aY:-0.165,aZ:-0.178,gX:-20.203,gY:29.358,gZ:-6.714
aX:-1.130,aY:-0.107,aZ:-0.216,gX:-29.907,gY:30.640,gZ:-0.244
aX:-1.148,aY:-0.032,aZ:-0.199,gX:-37.048,gY:34.668,gZ:5.676
aX:-1.111,aY:0.038,aZ:-0.217,gX:-44.556,gY:28.442,gZ:10.620
aX:-1.004,aY:0.077,aZ:-0.246,gX:-44.312,gY:23.010,gZ:10.864
aX:-0.998,aY:0.046,aZ:-0.230,gX:-41.809,gY:20.874,gZ:9.644
aX:-0.928,aY:0.026,aZ:-0.179,gX:-40.161,gY:27.344,gZ:10.071
aX:-0.874,aY:-0.021,aZ:-0.102,gX:-36.560,gY:32.654,gZ:8.057
aX:-0.730,aY:0.001,aZ:-0.023,gX:-33.691,gY:38.025,gZ:9.399
aX:-0.598,aY:0.052,aZ:-0.001,gX:-34.973,gY:30.090,gZ:9.460
aX:-0.588,aY:0.087,aZ:0.009,gX:-33.630,gY:19.348,gZ:13.794
aX:-0.658,aY:0.095,aZ:0.026,gX:-31.860,gY:9.888,gZ:16.479
aX:-0.755,aY:0.089,aZ:0.014,gX:-28.198,gY:1.831,gZ:16.846
aX:-0.834,aY:0.100,aZ:-0.001,gX:-23.499,gY:-1.282,gZ:14.343
aX:-0.861,aY:0.129,aZ:-0.010,gX:-13.977,gY:-3.723,gZ:9.521
aX:-0.896,aY:0.150,aZ:0.038,gX:-3.418,gY:-4.700,gZ:6.226
aX:-0.934,aY:0.148,aZ:0.101,gX:7.751,gY:0.183,gZ:2.930
aX:-0.984,aY:0.124,aZ:0.156,gX:13.611,gY:7.629,gZ:0.244
aX:-1.000,aY:0.081,aZ:0.158,gX:18.433,gY:12.939,gZ:-3.296
aX:-0.997,aY:0.048,aZ:0.127,gX:21.912,gY:12.329,gZ:-6.836
aX:-0.946,aY:0.053,aZ:0.045,gX:24.780,gY:6.470,gZ:-9.338
aX:-0.972,aY:0.031,aZ:-0.067,gX:18.433,gY:-0.549,gZ:-10.437
aX:-1.170,aY:-0.021,aZ:-0.056,gX:18.616,gY:5.188,gZ:-6.226
aX:-1.341,aY:-0.114,aZ:0.111,gX:18.250,gY:19.287,gZ:5.249
aX:-1.236,aY:-0.138,aZ:0.184,gX:8.789,gY:25.452,gZ:8.972
aX:-1.233,aY:-0.147,aZ:0.203,gX:-0.244,gY:28.015,gZ:5.310
aX:-1.256,aY:-0.124,aZ:-0.113,gX:-17.822,gY:30.334,gZ:9.949
aX:-1.510,aY:-0.121,aZ:-0.263,gX:-21.667,gY:11.475,gZ:11.047
aX:-1.365,aY:-0.061,aZ:-0.385,gX:-14.771,gY:0.854,gZ:14.709
aX:-1.130,aY:-0.069,aZ:-0.323,gX:-13.916,gY:20.569,gZ:11.414
aX:-0.873,aY:0.059,aZ:-0.371,gX:-6.409,gY:22.461,gZ:6.897
aX:-0.706,aY:0.227,aZ:-0.453,gX:-3.723,gY:14.709,gZ:2.686
aX:-0.706,aY:0.323,aZ:-0.345,gX:1.282,gY:5.432,gZ:7.568
aX:-0.821,aY:0.277,aZ:-0.256,gX:12.085,gY:-6.165,gZ:13.306
aX:-0.987,aY:0.182,aZ:-0.219,gX:15.991,gY:-21.423,gZ:10.193
aX:-1.133,aY:0.157,aZ:-0.219,gX:17.090,gY:-25.146,gZ:5.432
aX:-1.092,aY:0.089,aZ:-0.212,gX:21.057,gY:-23.071,gZ:1.526
aX:-1.003,aY:-0.022,aZ:-0.190,gX:26.367,gY:-20.325,gZ:-5.493
aX:-0.956,aY:-0.039,aZ:-0.152,gX:23.499,gY:-19.714,gZ:-13.184
aX:-0.841,aY:-0.023,aZ:-0.128,gX:19.043,gY:-23.437,gZ:-20.081
aX:-0.762,aY:0.020,aZ:-0.112,gX:12.756,gY:-23.621,gZ:-16.418
aX:-0.789,aY:0.071,aZ:-0.146,gX:4.211,gY:-27.771,gZ:-11.169
aX:-0.666,aY:0.069,aZ:-0.127,gX:-0.854,gY:-26.733,gZ:-7.568
aX:-0.746,aY:0.128,aZ:-0.143,gX:-2.686,gY:-28.870,gZ:-1.953
aX:-0.843,aY:0.161,aZ:-0.162,gX:-3.601,gY:-24.048,gZ:5.554
aX:-0.977,aY:0.177,aZ:-0.176,gX:-4.883,gY:-18.188,gZ:10.742
aX:-1.109,aY:0.151,aZ:-0.173,gX:-2.502,gY:-12.512,gZ:14.221
aX:-1.119,aY:0.128,aZ:-0.156,gX:-2.014,gY:-5.859,gZ:13.245
aX:-1.091,aY:0.124,aZ:-0.121,gX:-2.747,gY:-0.305,gZ:7.568
aX:-1.002,aY:0.141,aZ:-0.082,gX:-5.981,gY:6.042,gZ:0.305
aX:-0.931,aY:0.195,aZ:-0.067,gX:-10.925,gY:8.850,gZ:-4.456
aX:-0.913,aY:0.222,aZ:-0.061,gX:-14.160,gY:7.996,gZ:-5.493
aX:-0.846,aY:0.227,aZ:-0.072,gX:-15.991,gY:6.470,gZ:-4.761
aX:-0.834,aY:0.229,aZ:-0.058,gX:-18.066,gY:5.005,gZ:0.183
aX:-0.967,aY:0.247,aZ:-0.094,gX:-19.897,gY:0.977,gZ:2.563
aX:-0.992,aY:0.312,aZ:-0.105,gX:-24.658,gY:4.456,gZ:4.578
aX:-1.017,aY:0.407,aZ:-0.164,gX:-24.048,gY:4.822,gZ:5.676
aX:-1.096,aY:0.461,aZ:-0.237,gX:-14.893,gY:3.235,gZ:4.639
aX:-1.186,aY:0.420,aZ:-0.306,gX:-2.747,gY:2.991,gZ:2.563
aX:-1.257,aY:0.363,aZ:-0.326,gX:5.859,gY:3.357,gZ:-2.197
aX:-1.295,aY:0.309,aZ:-0.331,gX:9.399,gY:0.671,gZ:-8.057
aX:-1.294,aY:0.229,aZ:-0.415,gX:12.756,gY:-0.854,gZ:-13.123
aX:-1.196,aY:0.123,aZ:-0.487,gX:15.503,gY:-0.549,gZ:-14.465
aX:-1.092,aY:-0.083,aZ:-0.527,gX:15.381,gY:0.916,gZ:-13.977
aX:-1.036,aY:-0.317,aZ:-0.419,gX:11.780,gY:7.080,gZ:-12.939
aX:-1.010,aY:-0.544,aZ:-0.198,gX:6.226,gY:18.188,gZ:-13.611
aX:-0.965,aY:-0.554,aZ:-0.004,gX:-5.066,gY:21.912,gZ:-16.724
aX:-0.895,aY:-0.401,aZ:0.024,gX:-19.775,gY:16.052,gZ:-16.724
aX:-0.893,aY:-0.112,aZ:-0.091,gX:-30.945,gY:6.653,gZ:-10.559
aX:-1.002,aY:0.152,aZ:-0.194,gX:-29.358,gY:-1.953,gZ:-0.977
aX:-1.128,aY:0.366,aZ:-0.253,gX:-20.142,gY:-2.869,gZ:7.385
aX:-1.221,aY:0.432,aZ:-0.238,gX:-10.925,gY:-5.432,gZ:14.404
aX:-1.175,aY:0.293,aZ:-0.209,gX:-3.845,gY:-5.371,gZ:16.418
aX:-1.105,aY:0.123,aZ:-0.163,gX:6.348,gY:7.996,gZ:18.677
aX:-0.943,aY:0.064,aZ:-0.073,gX:15.137,gY:23.926,gZ:21.606
aX:-0.801,aY:0.000,aZ:0.002,gX:20.935,gY:25.146,gZ:22.949
aX:-0.723,aY:-0.022,aZ:0.035,gX:20.569,gY:15.747,gZ:21.973
aX:-0.712,aY:-0.030,aZ:0.012,gX:16.968,gY:2.380,gZ:18.616
aX:-0.714,aY:-0.007,aZ:-0.001,gX:13.977,gY:-5.249,gZ:17.273
aX:-0.747,aY:-0.038,aZ:-0.026,gX:12.695,gY:-9.338,gZ:15.320
aX:-0.758,aY:-0.059,aZ:-0.059,gX:9.521,gY:-10.620,gZ:13.245
aX:-0.831,aY:-0.057,aZ:-0.032,gX:9.399,gY:-14.160,gZ:12.390
aX:-0.868,aY:-0.023,aZ:-0.068,gX:11.108,gY:-9.094,gZ:9.277
aX:-0.896,aY:0.010,aZ:-0.051,gX:9.277,gY:-4.578,gZ:4.517
aX:-0.899,aY:0.024,aZ:-0.030,gX:10.681,gY:-3.784,gZ:-1.221
aX:-0.905,aY:0.058,aZ:-0.029,gX:10.620,gY:-8.972,gZ:-6.470
aX:-0.907,aY:0.116,aZ:-0.004,gX:14.221,gY:-9.888,gZ:-10.620
aX:-0.929,aY:0.159,aZ:0.015,gX:18.311,gY:-8.728,gZ:-13.428
aX:-0.933,aY:0.181,aZ:0.014,gX:23.376,gY:-5.127,gZ:-15.137
aX:-0.929,aY:0.171,aZ:-0.007,gX:28.076,gY:-2.808,gZ:-15.503
aX:-0.906,aY:0.160,aZ:-0.019,gX:32.959,gY:-2.319,gZ:-14.893
aX:-0.899,aY:0.122,aZ:-0.038,gX:33.997,gY:-2.625,gZ:-15.259
aX:-0.943,aY:0.058,aZ:-0.085,gX:30.823,gY:-6.226,gZ:-13.916
aX:-1.045,aY:-0.014,aZ:-0.101,gX:23.193,gY:-8.850,gZ:-8.301
aX:-1.180,aY:-0.059,aZ:-0.063,gX:15.320,gY:-8.972,gZ:-1.160
aX:-1.222,aY:-0.018,aZ:0.014,gX:10.010,gY:-3.845,gZ:7.446
aX:-1.193,aY:0.042,aZ:0.071,gX:10.132,gY:1.160,gZ:8.911
aX:-1.133,aY:0.110,aZ:0.055,gX:10.925,gY:5.005,gZ:5.554
aX:-1.089,aY:0.116,aZ:-0.017,gX:5.310,gY:5.920,gZ:3.540
aX:-1.231,aY:0.035,aZ:-0.085,gX:-2.991,gY:6.958,gZ:10.315
aX:-1.430,aY:-0.040,aZ:-0.134,gX:-5.981,gY:9.277,gZ:18.738
aX:-1.426,aY:-0.096,aZ:-0.229,gX:-10.681,gY:12.451,gZ:23.437
aX:-1.326,aY:-0.159,aZ:-0.214,gX:-13.733,gY:19.226,gZ:16.541
aX:-1.173,aY:-0.132,aZ:-0.125,gX:-6.287,gY:30.884,gZ:7.141
aX:-1.005,aY:-0.056,aZ:-0.196,gX:-0.732,gY:27.161,gZ:-0.244
aX:-0.751,aY:0.014,aZ:-0.319,gX:-0.977,gY:12.146,gZ:-3.723
aX:-0.568,aY:0.140,aZ:-0.386,gX:-6.165,gY:-9.705,gZ:-2.563
aX:-0.584,aY:0.192,aZ:-0.374,gX:-2.441,gY:-18.005,gZ:1.709
aX:-0.713,aY:0.102,aZ:-0.322,gX:2.502,gY:-18.921,gZ:9.644
aX:-1.022,aY:0.009,aZ:-0.280,gX:3.906,gY:-22.339,gZ:15.625
aX:-1.263,aY:-0.109,aZ:-0.271,gX:5.371,gY:-15.442,gZ:16.602
aX:-1.198,aY:-0.145,aZ:-0.213,gX:1.343,gY:-0.488,gZ:11.597
aX:-1.072,aY:-0.117,aZ:-0.193,gX:-5.127,gY:-0.488,gZ:-0.427
aX:-1.014,aY:-0.047,aZ:-0.209,gX:-10.254,gY:-8.545,gZ:-15.747
aX:-0.941,aY:0.028,aZ:-0.213,gX:-14.893,gY:-13.428,gZ:-25.757
aX:-0.849,aY:0.168,aZ:-0.205,gX:-18.005,gY:-15.198,gZ:-26.672
aX:-0.770,aY:0.215,aZ:-0.197,gX:-18.494,gY:-14.343,gZ:-20.508
aX:-0.832,aY:0.200,aZ:-0.215,gX:-19.043,gY:-11.230,gZ:-12.268
aX:-0.817,aY:0.200,aZ:-0.205,gX:-18.982,gY:-3.418,gZ:-7.751
aX:-0.868,aY:0.222,aZ:-0.146,gX:-16.724,gY:2.563,gZ:-0.122
aX:-0.917,aY:0.192,aZ:-0.140,gX:-14.343,gY:5.127,gZ:6.775
aX:-0.948,aY:0.181,aZ:-0.138,gX:-13.733,gY:4.883,gZ:8.179
aX:-0.965,aY:0.216,aZ:-0.178,gX:-10.620,gY:-1.831,gZ:6.714
aX:-0.932,aY:0.241,aZ:-0.182,gX:-4.578,gY:-6.104,gZ:6.470
aX:-0.880,aY:0.259,aZ:-0.152,gX:-0.671,gY:-8.240,gZ:6.348
aX:-0.858,aY:0.252,aZ:-0.134,gX:2.930,gY:-9.766,gZ:7.751
aX:-0.892,aY:0.219,aZ:-0.130,gX:4.944,gY:-12.329,gZ:9.338
aX:-0.938,aY:0.215,aZ:-0.120,gX:6.226,gY:-12.390,gZ:10.986
aX:-0.968,aY:0.220,aZ:-0.120,gX:5.615,gY:-12.390,gZ:12.878
aX:-1.000,aY:0.231,aZ:-0.115,gX:4.272,gY:-8.972,gZ:15.076
aX:-1.008,aY:0.237,aZ:-0.107,gX:3.296,gY:-3.296,gZ:14.771
aX:-0.983,aY:0.216,aZ:-0.150,gX:5.005,gY:-2.747,gZ:11.719
aX:-0.955,aY:0.222,aZ:-0.173,gX:10.620,gY:-2.686,gZ:10.498
aX:-0.972,aY:0.230,aZ:-0.153,gX:15.686,gY:1.343,gZ:12.085
aX:-1.100,aY:0.169,aZ:-0.075,gX:17.944,gY:3.296,gZ:13.733
aX:-1.215,aY:0.109,aZ:0.011,gX:20.447,gY:5.066,gZ:11.353
aX:-1.168,aY:0.158,aZ:-0.132,gX:13.977,gY:-3.418,gZ:1.465
aX:-1.282,aY:0.233,aZ:-0.384,gX:8.118,gY:-20.935,gZ:-5.432
aX:-1.409,aY:0.328,aZ:-0.347,gX:26.062,gY:-8.423,gZ:-12.939
aX:-1.315,aY:0.301,aZ:-0.365,gX:27.893,gY:-2.808,gZ:-19.958
aX:-1.167,aY:0.147,aZ:-0.445,gX:22.766,gY:-3.784,gZ:-18.005
aX:-1.005,aY:-0.017,aZ:-0.430,gX:23.621,gY:0.732,gZ:-13.062
aX:-0.876,aY:-0.125,aZ:-0.365,gX:27.649,gY:10.559,gZ:-4.944
aX:-0.777,aY:-0.128,aZ:-0.212,gX:35.400,gY:22.522,gZ:3.906
aX:-0.761,aY:-0.038,aZ:-0.144,gX:36.682,gY:31.189,gZ:14.343
aX:-0.847,aY:0.079,aZ:-0.232,gX:29.114,gY:21.545,gZ:22.522
aX:-1.067,aY:0.091,aZ:-0.334,gX:30.090,gY:8.118,gZ:26.550
aX:-1.140,aY:0.106,aZ:-0.349,gX:37.415,gY:6.287,gZ:24.536
aX:-1.234,aY:0.078,aZ:-0.307,gX:42.480,gY:1.160,gZ:19.409
aX:-1.273,aY:0.013,aZ:-0.276,gX:44.067,gY:-2.686,gZ:13.000
aX:-1.123,aY:-0.038,aZ:-0.208,gX:41.321,gY:6.287,gZ:13.184
aX:-0.929,aY:-0.044,aZ:-0.132,gX:39.368,gY:21.851,gZ:17.578
aX:-0.696,aY:-0.017,aZ:-0.071,gX:40.283,gY:29.419,gZ:22.156
aX:-0.536,aY:0.028,aZ:-0.067,gX:40.527,gY:27.649,gZ:27.771
aX:-0.599,aY:0.067,aZ:-0.063,gX:38.147,gY:12.085,gZ:29.724
aX:-0.746,aY:0.050,aZ:-0.044,gX:37.476,gY:2.869,gZ:26.367
aX:-0.800,aY:0.002,aZ:-0.044,gX:39.063,gY:2.441,gZ:22.522
aX:-0.809,aY:0.036,aZ:-0.042,gX:41.260,gY:0.671,gZ:13.489
aX:-0.874,aY:0.043,aZ:-0.078,gX:42.419,gY:-5.188,gZ:5.127
aX:-0.926,aY:0.049,aZ:-0.075,gX:41.992,gY:-7.812,gZ:0.122
aX:-0.930,aY:0.031,aZ:-0.046,gX:41.260,gY:-2.441,gZ:0.305
aX:-0.905,aY:0.024,aZ:-0.031,gX:37.842,gY:-0.122,gZ:-1.038
aX:-0.915,aY:0.039,aZ:-0.033,gX:36.072,gY:-2.197,gZ:-2.808
aX:-0.932,aY:0.100,aZ:-0.025,gX:38.269,gY:-1.465,gZ:-4.333
aX:-0.944,aY:0.157,aZ:0.001,gX:43.518,gY:2.075,gZ:-8.911
aX:-0.949,aY:0.164,aZ:-0.012,gX:50.110,gY:5.493,gZ:-13.794
aX:-0.972,aY:0.129,aZ:-0.069,gX:50.598,gY:4.028,gZ:-17.151
aX:-1.039,aY:0.094,aZ:-0.076,gX:48.462,gY:1.587,gZ:-14.709
aX:-1.122,aY:0.077,aZ:-0.033,gX:47.424,gY:4.333,gZ:-4.639
aX:-1.121,aY:0.062,aZ:0.017,gX:42.358,gY:10.071,gZ:5.493
aX:-1.092,aY:0.061,aZ:0.050,gX:35.828,gY:9.949,gZ:9.033
aX:-1.116,aY:0.053,aZ:0.068,gX:33.875,gY:9.644,gZ:8.423
aX:-1.199,aY:0.045,aZ:0.017,gX:31.311,gY:11.230,gZ:9.033
aX:-1.357,aY:-0.011,aZ:-0.169,gX:24.536,gY:13.367,gZ:18.127
aX:-1.483,aY:-0.096,aZ:-0.240,gX:21.545,gY:14.343,gZ:22.461
aX:-1.416,aY:-0.040,aZ:-0.165,gX:23.376,gY:8.240,gZ:20.447
aX:-1.164,aY:-0.027,aZ:-0.132,gX:23.315,gY:12.634,gZ:11.475
aX:-0.905,aY:0.012,aZ:-0.229,gX:25.696,gY:10.315,gZ:0.854
aX:-0.760,aY:0.031,aZ:-0.315,gX:33.752,gY:2.075,gZ:-4.883
aX:-0.666,aY:0.076,aZ:-0.328,gX:41.565,gY:-2.319,gZ:-1.709
aX:-0.653,aY:0.132,aZ:-0.300,gX:40.649,gY:-12.085,gZ:9.460
aX:-0.723,aY:0.144,aZ:-0.270,gX:38.513,gY:-25.024,gZ:21.362
aX:-0.901,aY:0.072,aZ:-0.243,gX:38.635,gY:-30.457,gZ:26.611
aX:-1.085,aY:-0.011,aZ:-0.216,gX:43.823,gY:-23.926,gZ:22.766
aX:-1.132,aY:-0.045,aZ:-0.207,gX:47.058,gY:-10.193,gZ:13.245
aX:-1.140,aY:0.012,aZ:-0.196,gX:48.035,gY:-2.258,gZ:2.991
aX:-1.131,aY:0.103,aZ:-0.207,gX:47.913,gY:-4.211,gZ:-3.845
aX:-1.043,aY:0.121,aZ:-0.184,gX:44.189,gY:-13.062,gZ:-12.146
aX:-0.990,aY:0.138,aZ:-0.178,gX:40.222,gY:-22.156,gZ:-19.165
aX:-0.842,aY:0.155,aZ:-0.187,gX:37.292,gY:-28.320,gZ:-21.973
aX:-0.725,aY:0.145,aZ:-0.183,gX:35.950,gY:-34.058,gZ:-17.883
aX:-0.684,aY:0.130,aZ:-0.186,gX:35.400,gY:-32.959,gZ:-9.460
aX:-0.719,aY:0.076,aZ:-0.181,gX:34.546,gY:-27.527,gZ:-0.305
aX:-0.812,aY:0.064,aZ:-0.171,gX:31.555,gY:-21.118,gZ:9.705
aX:-0.925,aY:0.086,aZ:-0.180,gX:26.428,gY:-18.250,gZ:14.954
aX:-0.999,aY:0.089,aZ:-0.185,gX:23.560,gY:-14.343,gZ:15.747
aX:-1.029,aY:0.129,aZ:-0.191,gX:20.874,gY:-9.094,gZ:12.024
aX:-1.074,aY:0.187,aZ:-0.203,gX:18.616,gY:-6.042,gZ:6.836
aX:-1.018,aY:0.246,aZ:-0.201,gX:16.724,gY:-5.005,gZ:3.967
aX:-0.975,aY:0.263,aZ:-0.205,gX:17.822,gY:-4.333,gZ:-0.122
aX:-0.915,aY:0.227,aZ:-0.205,gX:18.005,gY:-1.953,gZ:-3.174
aX:-0.920,aY:0.183,aZ:-0.191,gX:15.747,gY:-1.221,gZ:-3.174
aX:-0.942,aY:0.094,aZ:-0.150,gX:15.625,gY:-1.465,gZ:-1.465
aX:-1.019,aY:0.054,aZ:-0.098,gX:16.418,gY:0.305,gZ:1.099
aX:-1.089,aY:0.148,aZ:-0.015,gX:13.672,gY:2.808,gZ:3.784
aX:-1.143,aY:0.285,aZ:-0.099,gX:3.052,gY:-5.859,gZ:-0.427
aX:-1.161,aY:0.371,aZ:-0.148,gX:3.357,gY:-11.536,gZ:-3.479
aX:-1.193,aY:0.413,aZ:-0.187,gX:10.193,gY:-9.216,gZ:-6.958
aX:-1.232,aY:0.406,aZ:-0.207,gX:14.526,gY:-5.981,gZ:-9.583
aX:-1.269,aY:0.408,aZ:-0.209,gX:23.804,gY:-3.174,gZ:-13.184
aX:-1.144,aY:0.377,aZ:-0.280,gX:26.611,gY:-1.709,gZ:-18.311
aX:-0.993,aY:0.313,aZ:-0.370,gX:25.513,gY:-3.418,gZ:-16.357
aX:-0.952,aY:0.184,aZ:-0.500,gX:30.640,gY:-6.775,gZ:-9.766
aX:-0.948,aY:0.034,aZ:-0.541,gX:37.537,gY:-3.479,gZ:-3.662
aX:-0.904,aY:-0.151,aZ:-0.467,gX:41.199,gY:4.333,gZ:0.549
aX:-0.866,aY:-0.296,aZ:-0.278,gX:40.771,gY:10.742,gZ:0.916
aX:-0.842,aY:-0.328,aZ:-0.147,gX:36.377,gY:16.052,gZ:-1.770
aX:-0.890,aY:-0.255,aZ:-0.185,gX:22.705,gY:10.925,gZ:-4.761
aX:-1.027,aY:-0.102,aZ:-0.282,gX:14.404,gY:2.869,gZ:-4.761
aX:-1.155,aY:0.027,aZ:-0.294,gX:16.174,gY:2.930,gZ:-1.709
aX:-1.243,aY:0.120,aZ:-0.296,gX:17.639,gY:2.014,gZ:2.930
aX:-1.218,aY:0.163,aZ:-0.279,gX:18.738,gY:3.113,gZ:8.545
aX:-1.095,aY:0.143,aZ:-0.239,gX:20.447,gY:12.573,gZ:13.977
aX:-0.975,aY:0.145,aZ:-0.187,gX:24.048,gY:22.827,gZ:15.137
aX:-0.781,aY:0.117,aZ:-0.116,gX:28.442,gY:27.527,gZ:18.127
aX:-0.760,aY:0.072,aZ:-0.068,gX:30.945,gY:22.644,gZ:20.264
aX:-0.756,aY:0.016,aZ:-0.056,gX:30.518,gY:17.700,gZ:17.944
aX:-0.770,aY:-0.009,aZ:-0.064,gX:26.855,gY:7.690,gZ:15.869
aX:-0.796,aY:-0.023,aZ:-0.057,gX:24.475,gY:0.366,gZ:15.808
aX:-0.844,aY:-0.027,aZ:-0.020,gX:23.621,gY:0.671,gZ:15.320
aX:-0.853,aY:0.005,aZ:0.004,gX:22.583,gY:2.258,gZ:10.742
aX:-0.870,aY:0.080,aZ:-0.041,gX:20.752,gY:0.305,gZ:3.723
aX:-0.866,aY:0.147,aZ:-0.064,gX:21.912,gY:-0.488,gZ:-2.380
aX:-0.838,aY:0.154,aZ:-0.043,gX:25.269,gY:1.831,gZ:-4.211
aX:-0.842,aY:0.169,aZ:0.000,gX:27.588,gY:-0.488,gZ:-5.127
aX:-0.888,aY:0.162,aZ:0.024,gX:29.846,gY:-1.343,gZ:-4.883
aX:-0.935,aY:0.120,aZ:0.001,gX:30.518,gY:-1.648,gZ:-6.165
aX:-0.950,aY:0.080,aZ:0.002,gX:32.593,gY:1.953,gZ:-6.226
aX:-0.964,aY:0.047,aZ:-0.005,gX:32.532,gY:6.042,gZ:-5.432
aX:-1.000,aY:0.020,aZ:-0.075,gX:29.114,gY:4.150,gZ:-5.981
aX:-1.168,aY:-0.019,aZ:-0.111,gX:23.193,gY:1.465,gZ:-4.150
aX:-1.297,aY:-0.031,aZ:-0.056,gX:20.325,gY:6.226,gZ:7.202
aX:-1.244,aY:-0.019,aZ:0.034,gX:14.771,gY:15.686,gZ:14.282
aX:-1.135,aY:0.021,aZ:0.050,gX:11.230,gY:19.958,gZ:10.864
aX:-1.113,aY:0.073,aZ:0.054,gX:10.620,gY:20.325,gZ:5.920
aX:-1.178,aY:0.129,aZ:-0.011,gX:8.301,gY:24.414,gZ:9.094
aX:-1.255,aY:0.098,aZ:-0.125,gX:11.292,gY:20.935,gZ:13.794
aX:-1.217,aY:0.037,aZ:-0.134,gX:15.137,gY:12.573,gZ:11.841
aX:-1.187,aY:-0.044,aZ:-0.160,gX:12.634,gY:11.230,gZ:5.798
aX:-1.078,aY:-0.034,aZ:-0.166,gX:15.625,gY:19.104,gZ:0.977
aX:-0.951,aY:-0.008,aZ:-0.225,gX:17.151,gY:9.644,gZ:-1.587
aX:-0.864,aY:0.060,aZ:-0.298,gX:20.508,gY:-0.732,gZ:2.991
aX:-0.730,aY:0.160,aZ:-0.314,gX:22.949,gY:-3.540,gZ:9.460
aX:-0.660,aY:0.239,aZ:-0.285,gX:22.339,gY:-10.315,gZ:15.137
aX:-0.778,aY:0.224,aZ:-0.245,gX:31.860,gY:-14.771,gZ:19.104
aX:-0.965,aY:0.188,aZ:-0.191,gX:39.063,gY:-12.695,gZ:16.113
aX:-1.108,aY:0.142,aZ:-0.164,gX:41.870,gY:-10.559,gZ:12.634
aX:-1.182,aY:0.110,aZ:-0.200,gX:42.969,gY:-13.672,gZ:7.202
aX:-1.160,aY:0.108,aZ:-0.189,gX:46.021,gY:-17.395,gZ:-3.723
aX:-1.042,aY:0.093,aZ:-0.146,gX:46.143,gY:-19.836,gZ:-14.221
aX:-0.948,aY:0.060,aZ:-0.146,gX:43.518,gY:-22.766,gZ:-21.606
aX:-0.837,aY:0.090,aZ:-0.163,gX:40.710,gY:-24.597,gZ:-25.391
aX:-0.772,aY:0.105,aZ:-0.161,gX:38.757,gY:-22.095,gZ:-21.545
aX:-0.707,aY:0.130,aZ:-0.146,gX:35.828,gY:-19.043,gZ:-15.320
aX:-0.732,aY:0.164,aZ:-0.144,gX:29.602,gY:-22.400,gZ:-4.639
aX:-0.828,aY:0.157,aZ:-0.150,gX:26.428,gY:-20.813,gZ:4.089
aX:-0.912,aY:0.163,aZ:-0.130,gX:24.536,gY:-16.724,gZ:11.597
aX:-0.987,aY:0.170,aZ:-0.133,gX:23.132,gY:-14.954,gZ:15.076
aX:-1.049,aY:0.211,aZ:-0.161,gX:24.597,gY:-10.620,gZ:14.771
aX:-1.065,aY:0.244,aZ:-0.187,gX:24.292,gY:-6.104,gZ:12.695
aX:-0.980,aY:0.281,aZ:-0.180,gX:24.048,gY:-2.747,gZ:10.132
aX:-0.896,aY:0.272,aZ:-0.174,gX:25.635,gY:-2.441,gZ:8.423
aX:-0.852,aY:0.242,aZ:-0.175,gX:25.452,gY:-3.174,gZ:7.019
aX:-0.871,aY:0.166,aZ:-0.170,gX:24.231,gY:-4.639,gZ:6.531
aX:-0.938,aY:0.069,aZ:-0.151,gX:21.606,gY:-5.005,gZ:7.874
aX:-1.003,aY:0.019,aZ:-0.050,gX:18.494,gY:-4.456,gZ:7.385
aX:-1.017,aY:0.090,aZ:-0.032,gX:8.789,gY:-6.775,gZ:2.869
aX:-1.046,aY:0.226,aZ:-0.089,gX:-0.122,gY:-14.465,gZ:-1.831
aX:-1.053,aY:0.372,aZ:-0.081,gX:1.038,gY:-13.550,gZ:-3.601
aX:-1.045,aY:0.463,aZ:-0.112,gX:4.456,gY:-12.329,gZ:-5.615
aX:-1.098,aY:0.530,aZ:-0.208,gX:8.911,gY:-15.686,gZ:-8.240
aX:-1.218,aY:0.542,aZ:-0.258,gX:20.203,gY:-14.160,gZ:-8.545
aX:-1.235,aY:0.436,aZ:-0.313,gX:29.480,gY:-8.362,gZ:-11.536
aX:-1.182,aY:0.269,aZ:-0.387,gX:32.898,gY:-8.911,gZ:-12.329
aX:-1.178,aY:0.139,aZ:-0.482,gX:37.659,gY:-11.658,gZ:-11.597
aX:-1.157,aY:0.032,aZ:-0.475,gX:42.603,gY:-7.141,gZ:-12.268
aX:-1.046,aY:-0.090,aZ:-0.423,gX:39.978,gY:-1.648,gZ:-14.587
aX:-0.938,aY:-0.222,aZ:-0.345,gX:37.476,gY:0.549,gZ:-15.076
aX:-0.852,aY:-0.258,aZ:-0.261,gX:37.109,gY:5.005,gZ:-13.611
aX:-0.831,aY:-0.217,aZ:-0.179,gX:33.386,gY:9.766,gZ:-8.972
aX:-0.904,aY:-0.108,aZ:-0.182,gX:25.085,gY:7.629,gZ:-0.549
aX:-1.057,aY:-0.000,aZ:-0.237,gX:17.334,gY:0.854,gZ:8.118
aX:-1.196,aY:0.070,aZ:-0.260,gX:15.381,gY:-0.305,gZ:11.658
aX:-1.240,aY:0.136,aZ:-0.241,gX:17.273,gY:-1.221,gZ:14.343
aX:-1.174,aY:0.138,aZ:-0.219,gX:20.142,gY:0.366,gZ:16.052
aX:-1.053,aY:0.126,aZ:-0.193,gX:24.048,gY:9.766,gZ:14.954
aX:-0.945,aY:0.089,aZ:-0.157,gX:25.818,gY:19.409,gZ:16.724
aX:-0.828,aY:0.033,aZ:-0.101,gX:24.353,gY:16.724,gZ:21.118
aX:-0.699,aY:0.048,aZ:-0.066,gX:25.879,gY:13.794,gZ:19.165
aX:-0.723,aY:0.064,aZ:-0.081,gX:23.987,gY:1.831,gZ:16.846
aX:-0.792,aY:0.046,aZ:-0.069,gX:22.034,gY:-6.348,gZ:20.508
aX:-0.832,aY:0.006,aZ:-0.068,gX:25.024,gY:-6.836,gZ:23.682
aX:-0.831,aY:-0.003,aZ:-0.073,gX:26.306,gY:-5.615,gZ:19.104
aX:-0.874,aY:0.024,aZ:-0.087,gX:23.987,gY:-6.226,gZ:8.545
aX:-0.911,aY:0.065,aZ:-0.089,gX:21.362,gY:-3.174,gZ:-0.061
aX:-0.928,aY:0.094,aZ:-0.059,gX:18.982,gY:-1.953,gZ:-3.906
aX:-0.910,aY:0.119,aZ:-0.035,gX:15.320,gY:-2.930,gZ:-5.005
aX:-0.899,aY:0.120,aZ:-0.033,gX:13.489,gY:-5.798,gZ:-5.188
aX:-0.890,aY:0.113,aZ:-0.023,gX:12.390,gY:-7.202,gZ:-4.150
aX:-0.893,aY:0.080,aZ:-0.016,gX:10.681,gY:-6.287,gZ:-3.540
aX:-0.909,aY:0.055,aZ:-0.032,gX:10.254,gY:-4.761,gZ:-3.052
aX:-0.944,aY:0.030,aZ:-0.056,gX:8.545,gY:-3.662,gZ:-5.432
aX:-0.978,aY:-0.001,aZ:-0.082,gX:5.554,gY:-2.808,gZ:-10.193
aX:-1.040,aY:-0.029,aZ:-0.084,gX:0.183,gY:-2.991,gZ:-13.245
aX:-1.144,aY:-0.050,aZ:-0.082,gX:-6.592,gY:-4.639,gZ:-12.207
aX:-1.203,aY:-0.044,aZ:-0.040,gX:-12.512,gY:-1.648,gZ:-6.226
aX:-1.147,aY:-0.003,aZ:0.004,gX:-16.846,gY:4.761,gZ:-2.502
aX:-1.084,aY:0.063,aZ:0.003,gX:-18.982,gY:8.911,gZ:-2.380
aX:-1.079,aY:0.108,aZ:-0.018,gX:-20.386,gY:10.620,gZ:-2.991
aX:-1.109,aY:0.106,aZ:-0.107,gX:-20.630,gY:11.902,gZ:-1.343
aX:-1.181,aY:0.008,aZ:-0.257,gX:-22.888,gY:8.362,gZ:4.822
aX:-1.260,aY:-0.134,aZ:-0.226,gX:-20.264,gY:4.456,gZ:10.315
aX:-1.286,aY:-0.182,aZ:-0.172,gX:-18.921,gY:6.958,gZ:11.658
aX:-1.226,aY:-0.153,aZ:-0.203,gX:-23.743,gY:19.226,gZ:4.578
aX:-1.033,aY:-0.069,aZ:-0.266,gX:-25.513,gY:27.222,gZ:-3.113
aX:-0.809,aY:0.033,aZ:-0.307,gX:-26.062,gY:18.616,gZ:-8.057
aX:-0.636,aY:0.111,aZ:-0.390,gX:-27.710,gY:1.648,gZ:-7.324
aX:-0.655,aY:0.187,aZ:-0.349,gX:-21.729,gY:-5.737,gZ:-0.549
aX:-0.826,aY:0.154,aZ:-0.319,gX:-12.146,gY:-5.371,gZ:6.775
aX:-1.034,aY:0.101,aZ:-0.269,gX:-8.057,gY:-2.075,gZ:15.686
aX:-1.198,aY:0.047,aZ:-0.233,gX:-8.545,gY:2.686,gZ:20.386
aX:-1.175,aY:0.039,aZ:-0.209,gX:-11.230,gY:9.094,gZ:16.846
aX:-1.079,aY:0.019,aZ:-0.181,gX:-12.024,gY:10.071,gZ:3.052
aX:-1.047,aY:0.046,aZ:-0.177,gX:-16.113,gY:2.502,gZ:-11.780
aX:-0.937,aY:0.091,aZ:-0.171,gX:-22.217,gY:-6.958,gZ:-20.935
aX:-0.848,aY:0.109,aZ:-0.154,gX:-24.719,gY:-16.785,gZ:-22.156
aX:-0.765,aY:0.095,aZ:-0.128,gX:-25.635,gY:-19.043,gZ:-18.860
aX:-0.730,aY:0.108,aZ:-0.146,gX:-26.428,gY:-15.747,gZ:-12.329
aX:-0.763,aY:0.115,aZ:-0.164,gX:-27.771,gY:-10.620,gZ:-3.906
aX:-0.887,aY:0.176,aZ:-0.182,gX:-29.358,gY:-6.775,gZ:4.089
aX:-0.988,aY:0.199,aZ:-0.175,gX:-29.907,gY:-3.845,gZ:8.179
aX:-1.032,aY:0.201,aZ:-0.161,gX:-26.672,gY:-2.808,gZ:8.118
aX:-1.083,aY:0.179,aZ:-0.148,gX:-23.437,gY:-1.770,gZ:4.639
aX:-1.062,aY:0.172,aZ:-0.126,gX:-23.193,gY:-0.488,gZ:-0.732
aX:-1.008,aY:0.129,aZ:-0.114,gX:-23.804,gY:-2.319,gZ:-6.470
aX:-0.937,aY:0.103,aZ:-0.148,gX:-26.123,gY:-4.517,gZ:-12.207
aX:-0.914,aY:0.104,aZ:-0.161,gX:-30.212,gY:-2.441,gZ:-12.939
aX:-0.927,aY:0.117,aZ:-0.149,gX:-32.654,gY:3.052,gZ:-7.996
aX:-0.940,aY:0.138,aZ:-0.125,gX:-34.790,gY:8.057,gZ:-2.808
aX:-0.973,aY:0.173,aZ:-0.092,gX:-36.804,gY:10.986,gZ:-1.526
aX:-1.009,aY:0.208,aZ:-0.086,gX:-34.424,gY:12.756,gZ:-3.418
aX:-1.038,aY:0.240,aZ:-0.085,gX:-31.433,gY:15.381,gZ:-6.897
aX:-1.032,aY:0.279,aZ:-0.066,gX:-29.480,gY:18.127,gZ:-11.047
a