Accelerometer sample rate = 119.00 Hz
Gyroscope sample rate = 119.00 Hz

aX:-0.854,aY:0.062,aZ:-0.261,gX:-28.381,gY:12.207,gZ:2.441
aX:-0.907,aY:0.080,aZ:-0.302,gX:49.927,gY:22.949,gZ:-19.958
aX:-0.960,aY:0.068,aZ:-0.297,gX:13.916,gY:-0.366,gZ:-4.089
aX:-0.956,aY:0.073,aZ:-0.300,gX:0.122,gY:-7.080,gZ:2.258
aX:-0.960,aY:0.078,aZ:-0.307,gX:-0.488,gY:-7.080,gZ:2.563
aX:-0.962,aY:0.076,aZ:-0.302,gX:-1.038,gY:-7.141,gZ:3.235
aX:-0.956,aY:0.077,aZ:-0.295,gX:-1.343,gY:-6.775,gZ:3.479
aX:-0.953,aY:0.084,aZ:-0.301,gX:-1.770,gY:-6.836,gZ:3.174
aX:-0.965,aY:0.085,aZ:-0.315,gX:-2.991,gY:-7.141,gZ:3.235
aX:-0.972,aY:0.074,aZ:-0.317,gX:-3.601,gY:-7.385,gZ:4.150
aX:-0.972,aY:0.072,aZ:-0.307,gX:-1.892,gY:-6.958,gZ:4.456
aX:-0.966,aY:0.086,aZ:-0.291,gX:0.000,gY:-6.653,gZ:3.357
aX:-0.958,aY:0.091,aZ:-0.279,gX:0.854,gY:-5.920,gZ:3.052
aX:-0.926,aY:0.092,aZ:-0.278,gX:2.747,gY:-6.653,gZ:2.991
aX:-0.890,aY:0.104,aZ:-0.293,gX:3.235,gY:-7.690,gZ:1.831
aX:-0.879,aY:0.087,aZ:-0.319,gX:-1.282,gY:-8.728,gZ:2.136
aX:-0.900,aY:0.056,aZ:-0.293,gX:-7.019,gY:-6.897,gZ:4.456
aX:-0.931,aY:0.047,aZ:-0.261,gX:-9.033,gY:-6.714,gZ:5.066
aX:-0.941,aY:0.098,aZ:-0.264,gX:-10.010,gY:-8.850,gZ:2.686
aX:-0.965,aY:0.115,aZ:-0.313,gX:-9.460,gY:-11.658,gZ:1.099
aX:-0.972,aY:0.147,aZ:-0.335,gX:-8.240,gY:-9.705,gZ:3.296
aX:-1.004,aY:0.197,aZ:-0.321,gX:-10.742,gY:-7.996,gZ:6.165
aX:-1.053,aY:0.212,aZ:-0.355,gX:-14.954,gY:-8.301,gZ:7.690
aX:-1.094,aY:0.212,aZ:-0.403,gX:-16.663,gY:-10.315,gZ:6.348
aX:-1.087,aY:0.221,aZ:-0.376,gX:-12.329,gY:-11.169,gZ:3.052
aX:-1.050,aY:0.239,aZ:-0.361,gX:-5.920,gY:-14.465,gZ:0.000
aX:-1.030,aY:0.257,aZ:-0.339,gX:-0.122,gY:-16.296,gZ:-0.122
aX:-1.013,aY:0.243,aZ:-0.347,gX:1.404,gY:-15.869,gZ:2.319
aX:-1.047,aY:0.188,aZ:-0.342,gX:0.977,gY:-17.334,gZ:7.690
aX:-1.125,aY:0.135,aZ:-0.348,gX:-2.808,gY:-16.174,gZ:14.404
aX:-1.196,aY:0.144,aZ:-0.335,gX:-10.254,gY:-15.259,gZ:15.076
aX:-1.267,aY:0.189,aZ:-0.369,gX:-16.541,gY:-16.174,gZ:9.949
aX:-1.330,aY:0.228,aZ:-0.391,gX:-14.526,gY:-14.709,gZ:3.479
aX:-1.349,aY:0.272,aZ:-0.476,gX:-7.690,gY:-11.108,gZ:-1.038
aX:-1.333,aY:0.236,aZ:-0.555,gX:-0.610,gY:-4.089,gZ:-0.977
aX:-1.264,aY:0.107,aZ:-0.603,gX:4.761,gY:7.263,gZ:1.099
aX:-1.176,aY:-0.065,aZ:-0.641,gX:12.878,gY:11.780,gZ:2.075
aX:-1.086,aY:-0.197,aZ:-0.683,gX:24.231,gY:8.301,gZ:4.089
aX:-1.024,aY:-0.251,aZ:-0.624,gX:33.813,gY:6.958,gZ:8.850
aX:-0.993,aY:-0.260,aZ:-0.600,gX:29.358,gY:8.240,gZ:15.503
aX:-0.982,aY:-0.300,aZ:-0.538,gX:27.771,gY:14.038,gZ:26.550
aX:-0.918,aY:-0.338,aZ:-0.517,gX:23.926,gY:25.879,gZ:37.109
aX:-0.912,aY:-0.373,aZ:-0.482,gX:-9.888,gY:30.823,gZ:31.494
aX:-0.992,aY:-0.321,aZ:-0.430,gX:-13.367,gY:32.593,gZ:30.334
aX:-1.014,aY:-0.227,aZ:-0.397,gX:-24.719,gY:37.170,gZ:23.132
aX:-1.011,aY:-0.112,aZ:-0.389,gX:-30.945,gY:36.133,gZ:13.611
aX:-0.998,aY:-0.033,aZ:-0.407,gX:-32.532,gY:32.166,gZ:11.841
aX:-0.904,aY:-0.059,aZ:-0.413,gX:-34.302,gY:21.545,gZ:8.911
aX:-0.848,aY:-0.036,aZ:-0.384,gX:-30.396,gY:9.216,gZ:2.136
aX:-0.807,aY:-0.039,aZ:-0.316,gX:-34.912,gY:6.836,gZ:-1.770
aX:-0.780,aY:-0.050,aZ:-0.257,gX:-40.833,gY:1.221,gZ:1.465
aX:-0.744,aY:-0.076,aZ:-0.220,gX:-44.495,gY:-7.385,gZ:8.240
aX:-0.690,aY:-0.110,aZ:-0.179,gX:-49.683,gY:-17.639,gZ:14.832
aX:-0.629,aY:-0.144,aZ:-0.185,gX:-56.519,gY:-26.306,gZ:16.235
aX:-0.627,aY:-0.157,aZ:-0.187,gX:-57.861,gY:-25.146,gZ:13.855
aX:-0.653,aY:-0.161,aZ:-0.173,gX:-54.138,gY:-16.052,gZ:11.902
aX:-0.695,aY:-0.148,aZ:-0.172,gX:-49.072,gY:-10.681,gZ:7.324
aX:-0.737,aY:-0.127,aZ:-0.221,gX:-41.626,gY:-14.771,gZ:1.160
aX:-0.752,aY:-0.111,aZ:-0.278,gX:-32.471,gY:-21.667,gZ:-3.479
aX:-0.824,aY:-0.136,aZ:-0.297,gX:-23.804,gY:-29.541,gZ:-4.395
aX:-0.822,aY:-0.176,aZ:-0.310,gX:-17.151,gY:-29.907,gZ:-1.038
aX:-0.828,aY:-0.225,aZ:-0.342,gX:-18.066,gY:-27.832,gZ:3.479
aX:-0.880,aY:-0.264,aZ:-0.320,gX:-16.113,gY:-20.874,gZ:8.240
aX:-0.988,aY:-0.255,aZ:-0.331,gX:-13.062,gY:-10.254,gZ:11.536
aX:-1.055,aY:-0.208,aZ:-0.325,gX:-11.047,gY:1.892,gZ:16.235
aX:-1.086,aY:-0.168,aZ:-0.306,gX:-5.005,gY:12.207,gZ:19.348
aX:-1.029,aY:-0.194,aZ:-0.307,gX:3.845,gY:23.987,gZ:22.644
aX:-1.068,aY:-0.195,aZ:-0.268,gX:9.460,gY:41.870,gZ:25.757
aX:-1.115,aY:-0.160,aZ:-0.241,gX:21.545,gY:64.392,gZ:24.597
aX:-1.070,aY:-0.133,aZ:-0.313,gX:37.964,gY:85.999,gZ:17.273
aX:-1.069,aY:-0.231,aZ:-0.581,gX:58.472,gY:99.915,gZ:12.024
aX:-1.178,aY:-0.358,aZ:-0.494,gX:74.829,gY:110.657,gZ:20.996
aX:-1.480,aY:-0.528,aZ:-0.312,gX:51.697,gY:96.375,gZ:29.907
aX:-1.569,aY:-0.457,aZ:-0.143,gX:21.362,gY:44.434,gZ:35.889
aX:-1.091,aY:-0.275,aZ:-0.321,gX:12.146,gY:-10.376,gZ:18.005
aX:-0.783,aY:-0.199,aZ:-0.399,gX:0.061,gY:-32.776,gZ:-15.381
aX:-0.617,aY:-0.188,aZ:-0.462,gX:2.136,gY:-28.198,gZ:-36.011
aX:-0.652,aY:-0.248,aZ:-0.429,gX:14.404,gY:-27.039,gZ:-39.551
aX:-0.691,aY:-0.273,aZ:-0.339,gX:21.179,gY:-24.231,gZ:-28.320
aX:-0.775,aY:-0.277,aZ:-0.290,gX:13.123,gY:-24.963,gZ:-19.897
aX:-0.857,aY:-0.178,aZ:-0.296,gX:10.071,gY:-18.677,gZ:-14.099
aX:-0.836,aY:-0.032,aZ:-0.257,gX:13.123,gY:-12.695,gZ:-17.090
aX:-0.809,aY:0.111,aZ:-0.309,gX:12.268,gY:-7.629,gZ:-30.212
aX:-0.816,aY:0.063,aZ:-0.357,gX:10.681,gY:-18.066,gZ:-40.283
aX:-0.853,aY:0.038,aZ:-0.354,gX:23.437,gY:-28.931,gZ:-31.982
aX:-0.851,aY:0.000,aZ:-0.420,gX:25.757,gY:-23.315,gZ:-24.170
aX:-0.859,aY:-0.073,aZ:-0.436,gX:21.118,gY:-15.503,gZ:-15.686
aX:-0.853,aY:-0.131,aZ:-0.389,gX:14.343,gY:-8.179,gZ:-8.545
aX:-0.859,aY:-0.152,aZ:-0.339,gX:9.399,gY:-2.991,gZ:-6.348
aX:-0.827,aY:-0.106,aZ:-0.332,gX:4.639,gY:-1.160,gZ:-8.362
aX:-0.703,aY:-0.027,aZ:-0.376,gX:-1.221,gY:-4.150,gZ:-11.292
aX:-0.609,aY:0.017,aZ:-0.320,gX:0.000,gY:-11.353,gZ:-8.057
aX:-0.560,aY:0.041,aZ:-0.271,gX:4.395,gY:-17.151,gZ:-3.540
aX:-0.654,aY:0.044,aZ:-0.241,gX:5.615,gY:-22.156,gZ:-1.831
aX:-0.768,aY:0.016,aZ:-0.247,gX:4.211,gY:-25.146,gZ:-4.883
aX:-0.904,aY:-0.004,aZ:-0.312,gX:-3.418,gY:-32.104,gZ:-11.414
aX:-0.967,aY:0.041,aZ:-0.391,gX:-5.737,gY:-36.804,gZ:-18.066
aX:-1.001,aY:0.090,aZ:-0.467,gX:-3.174,gY:-35.156,gZ:-20.630
aX:-0.940,aY:0.091,aZ:-0.531,gX:-1.709,gY:-31.738,gZ:-19.348
aX:-0.959,aY:0.097,aZ:-0.445,gX:6.653,gY:-22.583,gZ:-11.414
aX:-0.941,aY:0.083,aZ:-0.391,gX:12.451,gY:-5.920,gZ:-4.639
aX:-0.938,aY:0.070,aZ:-0.327,gX:11.475,gY:-0.732,gZ:-0.977
aX:-0.971,aY:0.055,aZ:-0.374,gX:6.470,gY:0.427,gZ:0.305
aX:-0.969,aY:0.039,aZ:-0.420,gX:0.427,gY:1.282,gZ:1.526
aX:-0.998,aY:0.095,aZ:-0.364,gX:0.244,gY:-2.258,gZ:2.686
aX:-0.985,aY:0.145,aZ:-0.433,gX:1.282,gY:-7.019,gZ:-1.099
aX:-1.018,aY:0.130,aZ:-0.513,gX:1.160,gY:-12.329,gZ:-3.357
aX:-1.131,aY:0.104,aZ:-0.530,gX:5.432,gY:-10.315,gZ:-2.197
aX:-1.220,aY:0.048,aZ:-0.575,gX:4.578,gY:-5.798,gZ:0.244
aX:-1.312,aY:0.013,aZ:-0.682,gX:3.174,gY:-3.540,gZ:0.244
aX:-1.396,aY:-0.030,aZ:-0.742,gX:-0.671,gY:-2.075,gZ:-0.610
aX:-1.422,aY:-0.004,aZ:-0.655,gX:-4.639,gY:6.531,gZ:-5.676
aX:-1.361,aY:0.047,aZ:-0.640,gX:-12.085,gY:9.277,gZ:-16.907
aX:-1.275,aY:-0.003,aZ:-0.660,gX:-15.076,gY:6.958,gZ:-22.766
aX:-1.170,aY:-0.038,aZ:-0.743,gX:-12.451,gY:3.418,gZ:-16.052
aX:-1.128,aY:-0.013,aZ:-0.711,gX:-9.155,gY:6.470,gZ:-2.869
aX:-1.074,aY:-0.068,aZ:-0.624,gX:4.944,gY:19.165,gZ:14.404
aX:-1.007,aY:-0.123,aZ:-0.440,gX:31.799,gY:39.185,gZ:32.837
aX:-0.892,aY:-0.157,aZ:-0.458,gX:44.678,gY:62.500,gZ:51.758
aX:-0.908,aY:-0.138,aZ:-0.428,gX:26.001,gY:68.481,gZ:56.274
aX:-0.832,aY:-0.182,aZ:-0.349,gX:5.554,gY:64.819,gZ:48.950
aX:-0.845,aY:-0.122,aZ:-0.201,gX:-13.000,gY:51.453,gZ:32.654
aX:-0.792,aY:-0.047,aZ:-0.280,gX:-10.681,gY:44.373,gZ:20.752
aX:-0.860,aY:0.025,aZ:-0.261,gX:-25.085,gY:27.466,gZ:8.179
aX:-0.901,aY:0.081,aZ:-0.295,gX:-19.226,gY:29.358,gZ:2.014
aX:-0.819,aY:0.084,aZ:-0.305,gX:-23.132,gY:26.978,gZ:0.488
aX:-0.686,aY:0.029,aZ:-0.361,gX:-23.071,gY:9.338,gZ:-0.122
aX:-0.591,aY:-0.086,aZ:-0.337,gX:-14.648,gY:-13.000,gZ:9.155
aX:-0.569,aY:-0.194,aZ:-0.263,gX:-10.803,gY:-16.418,gZ:22.766
aX:-0.591,aY:-0.223,aZ:-0.150,gX:-15.625,gY:-4.333,gZ:32.532
aX:-0.607,aY:-0.254,aZ:-0.114,gX:-26.611,gY:13.000,gZ:38.513
aX:-0.615,aY:-0.238,aZ:-0.139,gX:-39.612,gY:22.949,gZ:38.940
aX:-0.615,aY:-0.191,aZ:-0.163,gX:-45.349,gY:25.818,gZ:35.217
aX:-0.606,aY:-0.164,aZ:-0.140,gX:-44.739,gY:21.484,gZ:25.391
aX:-0.662,aY:-0.174,aZ:-0.124,gX:-37.659,gY:13.245,gZ:10.620
aX:-0.770,aY:-0.175,aZ:-0.121,gX:-28.442,gY:1.892,gZ:-5.432
aX:-0.843,aY:-0.206,aZ:-0.156,gX:-19.897,gY:-8.545,gZ:-14.038
aX:-0.915,aY:-0.206,aZ:-0.218,gX:-14.343,gY:-17.944,gZ:-15.381
aX:-0.969,aY:-0.157,aZ:-0.244,gX:-16.785,gY:-20.996,gZ:-18.738
aX:-1.032,aY:-0.081,aZ:-0.253,gX:-21.790,gY:-24.841,gZ:-24.841
aX:-1.029,aY:-0.026,aZ:-0.239,gX:-24.170,gY:-35.706,gZ:-17.578
aX:-1.024,aY:-0.006,aZ:-0.232,gX:-24.048,gY:-42.664,gZ:-3.174
aX:-0.953,aY:-0.033,aZ:-0.245,gX:-26.489,gY:-38.147,gZ:5.249
aX:-0.932,aY:-0.056,aZ:-0.216,gX:-27.466,gY:-26.367,gZ:7.996
aX:-0.934,aY:-0.088,aZ:-0.211,gX:-20.081,gY:-7.385,gZ:10.193
aX:-0.989,aY:-0.144,aZ:-0.162,gX:-11.536,gY:14.771,gZ:13.062
aX:-1.088,aY:-0.162,aZ:-0.097,gX:-4.028,gY:30.762,gZ:15.503
aX:-1.209,aY:-0.131,aZ:-0.143,gX:4.761,gY:38.330,gZ:16.052
aX:-1.295,aY:-0.117,aZ:-0.269,gX:17.944,gY:44.678,gZ:14.221
aX:-1.363,aY:-0.180,aZ:-0.459,gX:34.973,gY:51.453,gZ:14.160
aX:-1.450,aY:-0.258,aZ:-0.446,gX:55.237,gY:65.857,gZ:22.888
aX:-1.622,aY:-0.328,aZ:-0.424,gX:49.500,gY:64.514,gZ:31.738
aX:-1.600,aY:-0.385,aZ:-0.359,gX:22.217,gY:38.147,gZ:35.278
aX:-1.295,aY:-0.332,aZ:-0.347,gX:8.057,gY:-6.653,gZ:27.466
aX:-0.970,aY:-0.272,aZ:-0.361,gX:5.615,gY:-27.100,gZ:3.113
aX:-0.788,aY:-0.224,aZ:-0.297,gX:5.310,gY:-32.227,gZ:-19.531
aX:-0.685,aY:-0.191,aZ:-0.249,gX:18.372,gY:-38.940,gZ:-23.926
aX:-0.657,aY:-0.184,aZ:-0.225,gX:22.827,gY:-44.189,gZ:-19.714
aX:-0.671,aY:-0.205,aZ:-0.225,gX:19.226,gY:-43.213,gZ:-10.376
aX:-0.743,aY:-0.191,aZ:-0.256,gX:15.259,gY:-32.593,gZ:-3.418
aX:-0.824,aY:-0.147,aZ:-0.296,gX:17.090,gY:-19.653,gZ:-3.845
aX:-0.918,aY:-0.108,aZ:-0.311,gX:19.958,gY:-16.174,gZ:-6.836
aX:-0.978,aY:-0.057,aZ:-0.370,gX:16.663,gY:-16.968,gZ:-15.015
aX:-0.925,aY:-0.024,aZ:-0.421,gX:20.020,gY:-20.081,gZ:-24.475
aX:-0.894,aY:-0.045,aZ:-0.417,gX:27.588,gY:-17.700,gZ:-32.959
aX:-0.907,aY:-0.078,aZ:-0.444,gX:32.715,gY:-10.498,gZ:-38.391
aX:-0.927,aY:-0.128,aZ:-0.424,gX:31.799,gY:-5.493,gZ:-36.316
aX:-0.927,aY:-0.108,aZ:-0.384,gX:25.085,gY:-4.211,gZ:-28.442
aX:-0.853,aY:-0.061,aZ:-0.403,gX:13.367,gY:-10.437,gZ:-23.254
aX:-0.701,aY:-0.027,aZ:-0.404,gX:4.028,gY:-16.663,gZ:-21.179
aX:-0.594,aY:0.007,aZ:-0.359,gX:1.831,gY:-18.616,gZ:-17.273
aX:-0.501,aY:0.046,aZ:-0.353,gX:3.601,gY:-19.043,gZ:-10.742
aX:-0.483,aY:0.035,aZ:-0.290,gX:6.897,gY:-19.836,gZ:-3.113
aX:-0.535,aY:-0.004,aZ:-0.229,gX:9.155,gY:-18.921,gZ:-0.793
aX:-0.624,aY:-0.037,aZ:-0.235,gX:4.395,gY:-20.752,gZ:-1.221
aX:-0.754,aY:-0.076,aZ:-0.255,gX:-1.343,gY:-25.330,gZ:-4.272
aX:-0.839,aY:0.003,aZ:-0.321,gX:-4.761,gY:-30.151,gZ:-12.024
aX:-0.869,aY:0.054,aZ:-0.410,gX:-5.615,gY:-33.264,gZ:-17.273
aX:-0.965,aY:0.117,aZ:-0.417,gX:-6.775,gY:-41.565,gZ:-16.357
aX:-1.031,aY:0.157,aZ:-0.399,gX:6.042,gY:-30.823,gZ:-10.315
aX:-1.073,aY:0.165,aZ:-0.463,gX:4.578,gY:-21.423,gZ:-9.399
aX:-1.140,aY:0.125,aZ:-0.510,gX:6.531,gY:-12.146,gZ:-4.089
aX:-1.199,aY:0.125,aZ:-0.462,gX:2.991,gY:-7.019,gZ:-2.075
aX:-1.172,aY:0.146,aZ:-0.471,gX:3.296,gY:-3.296,gZ:-1.770
aX:-1.153,aY:0.143,aZ:-0.525,gX:3.235,gY:-3.052,gZ:-3.906
aX:-1.173,aY:0.122,aZ:-0.597,gX:-1.587,gY:-3.540,gZ:-7.690
aX:-1.214,aY:0.083,aZ:-0.623,gX:-4.395,gY:-2.930,gZ:-8.545
aX:-1.255,aY:0.031,aZ:-0.655,gX:-3.906,gY:-2.502,gZ:-4.700
aX:-1.300,aY:0.004,aZ:-0.718,gX:-1.221,gY:0.549,gZ:1.709
aX:-1.341,aY:-0.045,aZ:-0.715,gX:-3.845,gY:9.583,gZ:5.615
aX:-1.337,aY:-0.102,aZ:-0.662,gX:-6.836,gY:22.522,gZ:-1.709
aX:-1.267,aY:-0.271,aZ:-0.681,gX:-5.127,gY:25.208,gZ:-13.367
aX:-1.219,aY:-0.233,aZ:-0.729,gX:-10.559,gY:17.029,gZ:-13.367
aX:-1.134,aY:-0.158,aZ:-0.751,gX:-18.738,gY:5.676,gZ:0.427
aX:-1.111,aY:-0.115,aZ:-0.541,gX:7.690,gY:17.212,gZ:21.667
aX:-0.938,aY:-0.054,aZ:-0.464,gX:28.870,gY:45.288,gZ:40.955
aX:-0.806,aY:-0.059,aZ:-0.491,gX:15.076,gY:64.697,gZ:48.157
aX:-0.783,aY:-0.033,aZ:-0.300,gX:-9.827,gY:72.510,gZ:36.743
aX:-0.815,aY:-0.091,aZ:-0.241,gX:-13.306,gY:67.383,gZ:26.855
aX:-0.938,aY:-0.114,aZ:-0.157,gX:-25.330,gY:56.641,gZ:25.208
aX:-0.983,aY:-0.064,aZ:-0.181,gX:-39.734,gY:48.828,gZ:25.085
aX:-0.896,aY:0.019,aZ:-0.288,gX:-55.908,gY:37.231,gZ:10.986
aX:-0.749,aY:0.025,aZ:-0.416,gX:-51.758,gY:12.817,gZ:-0.061
aX:-0.660,aY:0.010,aZ:-0.421,gX:-41.382,gY:-14.221,gZ:3.601
aX:-0.600,aY:-0.050,aZ:-0.310,gX:-30.518,gY:-15.137,gZ:10.925
aX:-0.541,aY:-0.115,aZ:-0.143,gX:-31.799,gY:-2.747,gZ:7.751
aX:-0.483,aY:-0.124,aZ:-0.036,gX:-42.297,gY:6.836,gZ:2.380
aX:-0.407,aY:-0.163,aZ:-0.066,gX:-49.072,gY:2.319,gZ:3.906
aX:-0.385,aY:-0.192,aZ:-0.076,gX:-56.274,gY:-1.465,gZ:9.583
aX:-0.414,aY:-0.165,aZ:-0.102,gX:-54.382,gY:5.493,gZ:5.493
aX:-0.535,aY:-0.163,aZ:-0.085,gX:-42.969,gY:12.573,gZ:-4.517
aX:-0.750,aY:-0.161,aZ:-0.120,gX:-34.729,gY:10.193,gZ:-11.902
aX:-0.880,aY:-0.162,aZ:-0.197,gX:-29.419,gY:-4.822,gZ:-11.719
aX:-1.053,aY:-0.161,aZ:-0.241,gX:-29.846,gY:-34.912,gZ:-3.723
aX:-1.024,aY:-0.174,aZ:-0.292,gX:-28.015,gY:-49.316,gZ:-3.418
aX:-1.146,aY:-0.149,aZ:-0.396,gX:-28.625,gY:-53.528,gZ:-6.714
aX:-1.256,aY:-0.077,aZ:-0.461,gX:-18.494,gY:-42.725,gZ:-4.883
aX:-1.261,aY:-0.032,aZ:-0.410,gX:-18.494,gY:-17.090,gZ:-3.784
aX:-1.198,aY:-0.014,aZ:-0.363,gX:-19.470,gY:-9.583,gZ:1.160
aX:-1.228,aY:-0.049,aZ:-0.304,gX:-11.719,gY:-5.981,gZ:17.090
aX:-1.297,aY:-0.084,aZ:-0.236,gX:7.690,gY:23.010,gZ:31.860
aX:-1.304,aY:-0.132,aZ:-0.166,gX:28.564,gY:61.035,gZ:34.973
aX:-1.208,aY:-0.105,aZ:-0.143,gX:50.781,gY:88.196,gZ:34.058
aX:-1.099,aY:-0.076,aZ:-0.382,gX:61.951,gY:100.342,gZ:24.231
aX:-1.135,aY:-0.200,aZ:-0.651,gX:42.419,gY:83.862,gZ:19.165
aX:-1.378,aY:-0.384,aZ:-0.352,gX:25.146,gY:51.575,gZ:33.752
aX:-1.322,aY:-0.475,aZ:-0.246,gX:15.625,gY:19.653,gZ:46.997
aX:-1.051,aY:-0.371,aZ:-0.344,gX:-13.367,gY:-41.931,gZ:27.405
aX:-0.790,aY:-0.163,aZ:-0.404,gX:-17.151,gY:-83.740,gZ:-2.747
aX:-0.637,aY:-0.182,aZ:-0.404,gX:3.296,gY:-75.867,gZ:-26.367
aX:-0.656,aY:-0.250,aZ:-0.279,gX:30.273,gY:-44.617,gZ:-29.419
aX:-0.749,aY:-0.261,aZ:-0.145,gX:40.283,gY:-11.169,gZ:-19.775
aX:-0.838,aY:-0.197,aZ:-0.189,gX:29.968,gY:3.540,gZ:-13.794
aX:-0.905,aY:-0.139,aZ:-0.290,gX:16.724,gY:3.296,gZ:-15.503
aX:-0.938,aY:-0.084,aZ:-0.287,gX:11.047,gY:-3.235,gZ:-19.775
aX:-0.945,aY:-0.020,aZ:-0.344,gX:9.766,gY:-16.296,gZ:-27.527
aX:-0.917,aY:0.071,aZ:-0.419,gX:10.010,gY:-28.198,gZ:-35.828
aX:-0.866,aY:0.072,aZ:-0.406,gX:20.752,gY:-26.184,gZ:-39.307
aX:-0.791,aY:0.015,aZ:-0.374,gX:29.785,gY:-13.367,gZ:-39.063
aX:-0.714,aY:-0.030,aZ:-0.371,gX:33.508,gY:-2.991,gZ:-34.729
aX:-0.666,aY:-0.069,aZ:-0.389,gX:28.259,gY:0.671,gZ:-31.494
aX:-0.588,aY:-0.069,aZ:-0.363,gX:17.700,gY:-2.502,gZ:-30.640
aX:-0.522,aY:-0.092,aZ:-0.284,gX:2.686,gY:-10.376,gZ:-29.480
aX:-0.515,aY:-0.054,aZ:-0.264,gX:-3.418,gY:-15.625,gZ:-20.569
aX:-0.548,aY:-0.018,aZ:-0.282,gX:-1.953,gY:-16.052,gZ:-10.315
aX:-0.613,aY:-0.017,aZ:-0.290,gX:-0.916,gY:-16.174,gZ:-0.488
aX:-0.708,aY:-0.026,aZ:-0.281,gX:-4.089,gY:-17.578,gZ:2.319
aX:-0.843,aY:0.009,aZ:-0.309,gX:-5.005,gY:-17.395,gZ:2.441
aX:-0.980,aY:0.028,aZ:-0.294,gX:-6.958,gY:-15.503,gZ:4.089
aX:-1.039,aY:0.058,aZ:-0.384,gX:-11.047,gY:-21.851,gZ:3.540
aX:-1.081,aY:0.125,aZ:-0.523,gX:-13.489,gY:-31.616,gZ:0.244
aX:-1.147,aY:0.172,aZ:-0.573,gX:-4.822,gY:-28.687,gZ:-0.793
aX:-1.188,aY:0.128,aZ:-0.501,gX:6.104,gY:-9.705,gZ:-1.953
aX:-1.154,aY:0.096,aZ:-0.384,gX:7.446,gY:-0.122,gZ:-5.676
aX:-1.102,aY:0.130,aZ:-0.341,gX:8.179,gY:-2.014,gZ:-6.836
aX:-1.050,aY:0.159,aZ:-0.384,gX:1.892,gY:-12.024,gZ:-6.165
aX:-1.058,aY:0.154,aZ:-0.440,gX:-1.282,gY:-14.709,gZ:-2.686
aX:-1.110,aY:0.090,aZ:-0.484,gX:-2.197,gY:-12.390,gZ:1.343
aX:-1.165,aY:-0.035,aZ:-0.554,gX:-5.371,gY:-10.559,gZ:5.005
aX:-1.198,aY:-0.097,aZ:-0.698,gX:-5.066,gY:-10.681,gZ:7.141
aX:-1.240,aY:-0.125,aZ:-0.718,gX:-2.319,gY:-10.498,gZ:6.653
aX:-1.303,aY:-0.052,aZ:-0.603,gX:0.366,gY:1.221,gZ:1.465
aX:-1.287,aY:-0.044,aZ:-0.553,gX:0.183,gY:12.146,gZ:-7.812
aX:-1.282,aY:-0.086,aZ:-0.578,gX:-0.244,gY:9.033,gZ:-10.559
aX:-1.209,aY:-0.045,aZ:-0.649,gX:-3.662,gY:2.014,gZ:-3.540
aX:-1.156,aY:-0.007,aZ:-0.611,gX:-4.089,gY:0.977,gZ:10.132
aX:-1.107,aY:0.029,aZ:-0.530,gX:29.175,gY:24.536,gZ:31.189
aX:-0.872,aY:-0.034,aZ:-0.515,gX:37.659,gY:48.218,gZ:47.485
aX:-0.797,aY:-0.083,aZ:-0.464,gX:30.518,gY:61.279,gZ:51.819
aX:-0.802,aY:-0.178,aZ:-0.337,gX:15.869,gY:65.369,gZ:42.358
aX:-0.835,aY:-0.220,aZ:-0.292,gX:3.845,gY:52.856,gZ:32.166
aX:-0.972,aY:-0.202,aZ:-0.251,gX:-14.771,gY:41.443,gZ:28.198
aX:-1.026,aY:-0.163,aZ:-0.307,gX:-27.771,gY:38.269,gZ:26.794
aX:-0.997,aY:-0.108,aZ:-0.347,gX:-36.621,gY:40.039,gZ:20.691
aX:-0.927,aY:-0.029,aZ:-0.400,gX:-41.626,gY:39.307,gZ:10.925
aX:-0.813,aY:-0.020,aZ:-0.428,gX:-36.011,gY:24.902,gZ:2.930
aX:-0.740,aY:-0.067,aZ:-0.374,gX:-24.536,gY:8.850,gZ:6.836
aX:-0.699,aY:-0.110,aZ:-0.260,gX:-20.020,gY:6.226,gZ:13.245
aX:-0.590,aY:-0.145,aZ:-0.155,gX:-26.001,gY:11.597,gZ:15.442
aX:-0.509,aY:-0.177,aZ:-0.101,gX:-35.889,gY:12.634,gZ:17.822
aX:-0.475,aY:-0.161,aZ:-0.050,gX:-43.945,gY:11.108,gZ:19.775
aX:-0.451,aY:-0.137,aZ:-0.040,gX:-47.119,gY:12.146,gZ:17.273
aX:-0.444,aY:-0.103,aZ:-0.042,gX:-45.654,gY:11.780,gZ:10.254
aX:-0.531,aY:-0.126,aZ:-0.070,gX:-35.889,gY:-2.808,gZ:3.357
aX:-0.635,aY:-0.142,aZ:-0.131,gX:-33.142,gY:-14.526,gZ:-2.197
aX:-0.747,aY:-0.196,aZ:-0.136,gX:-27.039,gY:-14.526,gZ:-2.319
aX:-0.900,aY:-0.217,aZ:-0.120,gX:-25.513,gY:-12.817,gZ:0.488
aX:-1.040,aY:-0.212,aZ:-0.161,gX:-23.987,gY:-9.827,gZ:4.578
aX:-1.128,aY:-0.249,aZ:-0.285,gX:-24.353,gY:-9.338,gZ:10.559
aX:-1.279,aY:-0.211,aZ:-0.391,gX:-29.907,gY:-5.432,gZ:9.644
aX:-1.392,aY:-0.108,aZ:-0.397,gX:-29.358,gY:3.479,gZ:6.897
aX:-1.341,aY:-0.017,aZ:-0.237,gX:-28.442,gY:9.338,gZ:2.625
aX:-1.289,aY:-0.055,aZ:-0.155,gX:-24.902,gY:16.296,gZ:-7.263
aX:-1.306,aY:-0.057,aZ:-0.114,gX:-11.353,gY:23.010,gZ:-8.301
aX:-1.219,aY:-0.169,aZ:-0.279,gX:11.475,gY:35.828,gZ:-3.540
aX:-1.213,aY:-0.223,aZ:-0.280,gX:16.479,gY:46.570,gZ:4.639
aX:-1.393,aY:-0.225,aZ:-0.134,gX:33.997,gY:46.387,gZ:19.836
aX:-1.205,aY:-0.248,aZ:-0.225,gX:26.794,gY:36.133,gZ:17.761
aX:-1.093,aY:-0.285,aZ:-0.498,gX:-11.841,gY:-33.936,gZ:-4.700
aX:-0.978,aY:-0.213,aZ:-0.415,gX:-13.123,gY:-92.651,gZ:-9.399
aX:-0.842,aY:-0.229,aZ:-0.313,gX:4.395,gY:-83.435,gZ:-10.437
aX:-0.792,aY:-0.339,aZ:-0.241,gX:18.494,gY:-44.617,gZ:-9.644
aX:-0.830,aY:-0.344,aZ:-0.175,gX:14.771,gY:-13.306,gZ:-9.399
aX:-0.895,aY:-0.274,aZ:-0.205,gX:6.897,gY:0.122,gZ:-15.808
aX:-0.940,aY:-0.177,aZ:-0.273,gX:2.869,gY:-2.563,gZ:-25.818
aX:-0.965,aY:-0.098,aZ:-0.262,gX:2.502,gY:-10.681,gZ:-36.621
aX:-0.970,aY:-0.030,aZ:-0.280,gX:3.662,gY:-16.968,gZ:-48.645
aX:-0.989,aY:0.013,aZ:-0.304,gX:4.150,gY:-21.729,gZ:-56.213
aX:-0.956,aY:0.037,aZ:-0.359,gX:6.531,gY:-21.606,gZ:-58.044
aX:-0.887,aY:0.001,aZ:-0.417,gX:10.986,gY:-15.503,gZ:-53.284
aX:-0.795,aY:-0.009,aZ:-0.395,gX:17.700,gY:-4.761,gZ:-43.396
aX:-0.675,aY:-0.012,aZ:-0.358,gX:17.212,gY:-0.977,gZ:-35.034
aX:-0.539,aY:-0.028,aZ:-0.284,gX:8.789,gY:-3.235,gZ:-31.860
aX:-0.425,aY:-0.047,aZ:-0.230,gX:0.671,gY:-5.798,gZ:-29.236
aX:-0.367,aY:-0.033,aZ:-0.247,gX:-7.141,gY:-10.071,gZ:-24.841
aX:-0.419,aY:-0.032,aZ:-0.255,gX:-11.353,gY:-16.357,gZ:-17.456
aX:-0.507,aY:-0.004,aZ:-0.225,gX:-11.292,gY:-21.057,gZ:-11.597
aX:-0.637,aY:0.022,aZ:-0.224,gX:-18.555,gY:-24.841,gZ:-12.695
aX:-0.734,aY:0.046,aZ:-0.221,gX:-21.179,gY:-29.968,gZ:-15.564
aX:-0.867,aY:0.101,aZ:-0.288,gX:-23.254,gY:-35.278,gZ:-20.630
aX:-1.016,aY:0.169,aZ:-0.383,gX:-22.644,gY:-36.987,gZ:-24.109
aX:-1.136,aY:0.197,aZ:-0.446,gX:-14.038,gY:-30.151,gZ:-22.644
aX:-1.180,aY:0.145,aZ:-0.499,gX:-10.620,gY:-22.217,gZ:-18.188
aX:-1.160,aY:0.100,aZ:-0.525,gX:-4.761,gY:-11.658,gZ:-16.479
aX:-1.111,aY:0.057,aZ:-0.451,gX:-1.831,gY:-7.263,gZ:-17.151
aX:-1.029,aY:0.049,aZ:-0.412,gX:-9.399,gY:-2.136,gZ:-17.212
aX:-1.001,aY:0.048,aZ:-0.316,gX:-18.982,gY:1.404,gZ:-12.939
aX:-1.000,aY:0.108,aZ:-0.253,gX:-29.236,gY:8.606,gZ:-7.202
aX:-0.981,aY:0.160,aZ:-0.296,gX:-46.814,gY:5.798,gZ:-1.648
aX:-1.000,aY:0.205,aZ:-0.409,gX:-52.063,gY:-0.732,gZ:3.601
aX:-0.991,aY:0.217,aZ:-0.473,gX:-49.683,gY:-3.174,gZ:1.648
aX:-1.044,aY:0.288,aZ:-0.476,gX:-43.030,gY:-5.798,gZ:-6.714
aX:-1.134,aY:0.322,aZ:-0.514,gX:-31.250,gY:-8.972,gZ:-15.076
aX:-1.203,aY:0.311,aZ:-0.592,gX:-19.226,gY:-9.705,gZ:-16.235
aX:-1.179,aY:0.243,aZ:-0.708,gX:-12.451,gY:-7.263,gZ:-9.033
aX:-1.165,aY:0.070,aZ:-0.670,gX:-11.108,gY:0.610,gZ:-3.784
aX:-1.168,aY:0.009,aZ:-0.528,gX:-10.742,gY:13.062,gZ:-8.667
aX:-1.184,aY:-0.051,aZ:-0.500,gX:-10.986,gY:11.780,gZ:-15.564
aX:-1.171,aY:-0.123,aZ:-0.642,gX:-15.991,gY:2.808,gZ:-13.916
aX:-1.137,aY:-0.111,aZ:-0.710,gX:-23.437,gY:-5.066,gZ:-5.005
aX:-1.156,aY:-0.182,aZ:-0.532,gX:-15.869,gY:-2.991,gZ:8.667
aX:-1.187,aY:-0.149,aZ:-0.393,gX:1.953,gY:15.198,gZ:19.775
aX:-1.038,aY:-0.118,aZ:-0.393,gX:15.686,gY:32.532,gZ:25.391
aX:-0.796,aY:-0.110,aZ:-0.427,gX:7.812,gY:35.522,gZ:17.212
aX:-0.693,aY:-0.128,aZ:-0.321,gX:-8.484,gY:38.086,gZ:0.732
aX:-0.742,aY:-0.161,aZ:-0.201,gX:-10.681,gY:39.978,gZ:-5.127
aX:-0.850,aY:-0.136,aZ:-0.193,gX:-12.695,gY:32.410,gZ:-2.808
aX:-0.900,aY:-0.120,aZ:-0.238,gX:-15.076,gY:26.123,gZ:4.333
aX:-0.956,aY:-0.080,aZ:-0.251,gX:-20.081,gY:19.714,gZ:10.437
aX:-0.908,aY:-0.107,aZ:-0.352,gX:-23.315,gY:21.545,gZ:11.230
aX:-0.878,aY:-0.147,aZ:-0.357,gX:-23.499,gY:9.827,gZ:10.071
aX:-0.888,aY:-0.157,aZ:-0.275,gX:-28.076,gY:6.470,gZ:0.793
aX:-0.836,aY:-0.201,aZ:-0.275,gX:-37.170,gY:6.165,gZ:-10.925
aX:-0.843,aY:-0.170,aZ:-0.235,gX:-43.396,gY:2.869,gZ:-15.930
aX:-0.823,aY:-0.147,aZ:-0.243,gX:-53.284,gY:3.113,gZ:-14.832
aX:-0.781,aY:-0.157,aZ:-0.226,gX:-62.805,gY:5.859,gZ:-10.376
aX:-0.709,aY:-0.142,aZ:-0.225,gX:-66.406,gY:10.254,gZ:-10.742
aX:-0.664,aY:-0.133,aZ:-0.188,gX:-63.965,gY:13.794,gZ:-14.648
aX:-0.644,aY:-0.126,aZ:-0.173,gX:-61.951,gY:15.991,gZ:-16.846
aX:-0.645,aY:-0.152,aZ:-0.215,gX:-60.303,gY:13.489,gZ:-18.066
aX:-0.680,aY:-0.142,aZ:-0.209,gX:-58.350,gY:10.254,gZ:-17.639
aX:-0.719,aY:-0.157,aZ:-0.191,gX:-60.486,gY:14.526,gZ:-18.250
aX:-0.790,aY:-0.142,aZ:-0.164,gX:-62.378,gY:14.221,gZ:-17.578
aX:-0.846,aY:-0.120,aZ:-0.131,gX:-60.364,gY:16.357,gZ:-15.625
aX:-0.862,aY:-0.096,aZ:-0.118,gX:-58.044,gY:13.123,gZ:-14.832
aX:-0.851,aY:-0.090,aZ:-0.114,gX:-61.951,gY:5.005,gZ:-18.982
aX:-0.865,aY:-0.055,aZ:-0.091,gX:-61.646,gY:-2.991,gZ:-25.146
aX:-0.868,aY:-0.013,aZ:-0.107,gX:-58.594,gY:-6.836,gZ:-31.616
aX:-0.867,aY:0.013,aZ:-0.113,gX:-54.993,gY:-7.874,gZ:-36.560
aX:-0.865,aY:0.014,aZ:-0.135,gX:-49.988,gY:-11.597,gZ:-37.781
aX:-0.853,aY:-0.013,aZ:-0.111,gX:-46.326,gY:-17.090,gZ:-36.865
aX:-0.865,aY:-0.000,aZ:-0.092,gX:-46.021,gY:-20.996,gZ:-37.048
aX:-0.893,aY:0.022,aZ:-0.086,gX:-48.340,gY:-18.250,gZ:-38.574
aX:-0.952,aY:0.023,aZ:-0.062,gX:-53.406,gY:-13.245,gZ:-39.001
aX:-1.030,aY:-0.004,aZ:-0.072,gX:-57.434,gY:-9.094,gZ:-38.452
aX:-1.097,aY:-0.067,aZ:-0.093,gX:-59.143,gY:-6.958,gZ:-35.889
aX:-1.207,aY:-0.034,aZ:-0.076,gX:-57.495,gY:-3.052,gZ:-33.936
aX:-1.250,aY:0.029,aZ:-0.158,gX:-56.396,gY:3.052,gZ:-34.973
aX:-1.272,aY:0.060,aZ:-0.173,gX:-53.284,gY:8.057,gZ:-35.461
aX:-1.285,aY:0.036,aZ:-0.114,gX:-48.950,gY:11.780,gZ:-31.128
aX:-1.286,aY:-0.011,aZ:-0.092,gX:-51.086,gY:10.864,gZ:-21.179
aX:-1.324,aY:-0.148,aZ:-0.271,gX:-53.589,gY:8.179,gZ:-7.324
aX:-1.625,aY:-0.380,aZ:-0.579,gX:-51.331,gY:20.691,gZ:15.930
aX:-1.808,aY:-0.547,aZ:-0.423,gX:-47.791,gY:47.302,gZ:57.739
aX:-1.575,aY:-0.810,aZ:-0.515,gX:-79.529,gY:25.391,gZ:61.829
aX:-1.180,aY:-0.665,aZ:-0.464,gX:-83.252,gY:18.616,gZ:19.592
aX:-0.702,aY:-0.357,aZ:-0.613,gX:-96.130,gY:38.818,gZ:-30.273
aX:-0.433,aY:-0.067,aZ:-0.705,gX:-112.183,gY:39.246,gZ:-62.805
aX:-0.352,aY:0.052,aZ:-0.520,gX:-108.704,gY:19.775,gZ:-77.515
aX:-0.343,aY:0.074,aZ:-0.423,gX:-86.121,gY:5.981,gZ:-72.632
aX:-0.452,aY:0.067,aZ:-0.447,gX:-71.350,gY:3.723,gZ:-62.561
aX:-0.687,aY:0.061,aZ:-0.450,gX:-64.331,gY:5.859,gZ:-42.175
aX:-0.844,aY:0.038,aZ:-0.442,gX:-76.294,gY:3.540,gZ:-19.226
aX:-0.983,aY:0.024,aZ:-0.438,gX:-89.478,gY:-11.047,gZ:-3.723
aX:-1.118,aY:-0.047,aZ:-0.503,gX:-92.346,gY:-14.160,gZ:-4.211
aX:-1.199,aY:-0.117,aZ:-0.551,gX:-93.628,gY:-2.502,gZ:-9.155
aX:-1.161,aY:-0.146,aZ:-0.542,gX:-90.881,gY:13.245,gZ:-20.569
aX:-1.009,aY:-0.109,aZ:-0.464,gX:-97.229,gY:19.043,gZ:-38.025
aX:-0.885,aY:-0.024,aZ:-0.441,gX:-106.079,gY:18.433,gZ:-51.697
aX:-0.852,aY:0.071,aZ:-0.464,gX:-116.272,gY:5.859,gZ:-56.763
aX:-0.795,aY:0.157,aZ:-0.429,gX:-121.460,gY:-2.747,gZ:-49.316
aX:-0.720,aY:0.193,aZ:-0.341,gX:-121.155,gY:-3.662,gZ:-40.466
aX:-0.723,aY:0.229,aZ:-0.278,gX:-108.887,gY:-3.235,gZ:-36.865
aX:-0.816,aY:0.210,aZ:-0.241,gX:-95.581,gY:-5.371,gZ:-33.813
aX:-0.959,aY:0.170,aZ:-0.249,gX:-92.285,gY:-10.925,gZ:-31.738
aX:-1.030,aY:0.170,aZ:-0.250,gX:-93.567,gY:-13.367,gZ:-35.522
aX:-1.073,aY:0.166,aZ:-0.240,gX:-96.008,gY:-11.536,gZ:-41.504
aX:-1.072,aY:0.191,aZ:-0.236,gX:-91.309,gY:-8.850,gZ:-45.227
aX:-1.001,aY:0.228,aZ:-0.286,gX:-90.393,gY:-9.399,gZ:-49.194
aX:-0.933,aY:0.258,aZ:-0.301,gX:-82.275,gY:-4.150,gZ:-46.570
aX:-0.904,aY:0.282,aZ:-0.279,gX:-79.163,gY:0.061,gZ:-39.978
aX:-0.905,aY:0.241,aZ:-0.235,gX:-70.984,gY:5.920,gZ:-28.503
aX:-0.907,aY:0.139,aZ:-0.177,gX:-69.397,gY:8.423,gZ:-19.348
aX:-0.922,aY:0.067,aZ:-0.154,gX:-76.538,gY:7.507,gZ:-14.771
aX:-0.917,aY:0.045,aZ:-0.210,gX:-83.191,gY:4.150,gZ:-15.259
aX:-0.950,aY:0.060,aZ:-0.253,gX:-85.510,gY:2.502,gZ:-15.686
aX:-0.969,aY:0.076,aZ:-0.321,gX:-86.670,gY:2.197,gZ:-15.991
aX:-1.000,aY:0.125,aZ:-0.310,gX:-83.740,gY:5.127,gZ:-14.526
aX:-0.997,aY:0.156,aZ:-0.295,gX:-78.186,gY:9.583,gZ:-13.245
aX:-0.949,aY:0.164,aZ:-0.289,gX:-74.036,gY:12.024,gZ:-12.146
aX:-0.879,aY:0.153,aZ:-0.240,gX:-72.449,gY:7.690,gZ:-12.878
aX:-0.838,aY:0.165,aZ:-0.225,gX:-69.031,gY:3.296,gZ:-15.747
aX:-0.903,aY:0.156,aZ:-0.158,gX:-68.237,gY:-7.935,gZ:-15.503
aX:-1.017,aY:0.189,aZ:-0.216,gX:-76.965,gY:-18.372,gZ:-8.301
aX:-1.097,aY:0.211,aZ:-0.288,gX:-85.388,gY:-20.935,gZ:1.404
aX:-1.150,aY:0.224,aZ:-0.326,gX:-85.876,gY:-16.052,gZ:8.850
aX:-1.203,aY:0.225,aZ:-0.447,gX:-76.782,gY:-13.428,gZ:10.559
aX:-1.330,aY:0.025,aZ:-0.511,gX:-62.378,gY:-10.254,gZ:9.521
aX:-1.494,aY:-0.169,aZ:-0.387,gX:-68.542,gY:1.099,gZ:1.831
aX:-1.597,aY:-0.088,aZ:-0.429,gX:-83.069,gY:-2.380,gZ:-16.907
aX:-1.503,aY:0.099,aZ:-0.664,gX:-75.256,gY:-20.386,gZ:-42.786
aX:-1.333,aY:-0.010,aZ:-0.888,gX:-42.603,gY:-39.246,gZ:-50.659
aX:-1.238,aY:-0.183,aZ:-0.789,gX:-20.996,gY:-31.677,gZ:-43.579
aX:-1.166,aY:-0.331,aZ:-0.614,gX:-18.677,gY:-8.789,gZ:-23.071
aX:-1.092,aY:-0.220,aZ:-0.519,gX:-37.903,gY:9.216,gZ:-4.395
aX:-0.993,aY:-0.140,aZ:-0.624,gX:-51.575,gY:24.109,gZ:9.583
aX:-0.885,aY:-0.150,aZ:-0.580,gX:-47.302,gY:37.415,gZ:12.512
aX:-0.769,aY:-0.156,aZ:-0.532,gX:-48.584,gY:38.940,gZ:8.972
aX:-0.799,aY:-0.238,aZ:-0.432,gX:-54.993,gY:29.907,gZ:7.507
aX:-0.848,aY:-0.223,aZ:-0.398,gX:-48.096,gY:26.978,gZ:6.836
aX:-0.961,aY:-0.153,aZ:-0.406,gX:-57.617,gY:26.550,gZ:-0.244
aX:-0.956,aY:-0.122,aZ:-0.456,gX:-68.665,gY:21.179,gZ:-3.357
aX:-0.874,aY:-0.100,aZ:-0.482,gX:-72.876,gY:8.118,gZ:-3.052
aX:-0.775,aY:-0.118,aZ:-0.487,gX:-74.219,gY:3.235,gZ:0.671
aX:-0.675,aY:-0.175,aZ:-0.406,gX:-79.895,gY:2.502,gZ:1.709
aX:-0.654,aY:-0.198,aZ:-0.322,gX:-86.914,gY:2.808,gZ:-0.305
aX:-0.689,aY:-0.196,aZ:-0.299,gX:-87.769,gY:9.277,gZ:-1.221
aX:-0.715,aY:-0.157,aZ:-0.262,gX:-90.210,gY:20.813,gZ:-2.563
aX:-0.668,aY:-0.148,aZ:-0.237,gX:-90.759,gY:22.583,gZ:-6.104
aX:-0.621,aY:-0.120,aZ:-0.221,gX:-90.149,gY:19.348,gZ:-14.832
aX:-0.572,aY:-0.090,aZ:-0.169,gX:-85.144,gY:6.348,gZ:-24.719
aX:-0.584,aY:-0.065,aZ:-0.140,gX:-79.468,gY:-13.855,gZ:-30.640
aX:-0.626,aY:-0.045,aZ:-0.136,gX:-75.989,gY:-32.410,gZ:-31.494
aX:-0.693,aY:-0.026,aZ:-0.201,gX:-72.388,gY:-42.603,gZ:-28.870
aX:-0.772,aY:-0.040,aZ:-0.227,gX:-67.444,gY:-41.870,gZ:-24.902
aX:-0.820,aY:-0.081,aZ:-0.250,gX:-58.350,gY:-37.109,gZ:-20.813
aX:-0.907,aY:-0.131,aZ:-0.242,gX:-49.011,gY:-41.260,gZ:-12.939
aX:-1.037,aY:-0.133,aZ:-0.273,gX:-47.607,gY:-49.988,gZ:-4.822
aX:-1.101,aY:-0.130,aZ:-0.313,gX:-49.622,gY:-49.194,gZ:-1.892
aX:-1.099,aY:-0.180,aZ:-0.358,gX:-57.495,gY:-45.654,gZ:0.061
aX:-1.181,aY:-0.173,aZ:-0.376,gX:-55.908,gY:-35.950,gZ:9.460
aX:-1.178,aY:-0.165,aZ:-0.390,gX:-41.687,gY:-8.911,gZ:16.174
aX:-1.276,aY:-0.105,aZ:-0.362,gX:-22.827,gY:28.015,gZ:16.724
aX:-1.305,aY:-0.078,aZ:-0.396,gX:0.305,gY:68.237,gZ:17.212
aX:-1.421,aY:-0.098,aZ:-0.555,gX:27.527,gY:104.980,gZ:20.874
aX:-1.345,aY:-0.119,aZ:-0.559,gX:71.045,gY:140.503,gZ:36.987
aX:-1.339,aY:-0.265,aZ:-0.607,gX:55.481,gY:140.442,gZ:36.682
aX:-1.363,aY:-0.247,aZ:-0.330,gX:22.583,gY:69.275,gZ:41.443
aX:-1.076,aY:-0.386,aZ:-0.304,gX:8.240,gY:-2.686,gZ:30.762
aX:-0.816,aY:-0.338,aZ:-0.251,gX:1.709,gY:-52.612,gZ:12.146
aX:-0.607,aY:-0.252,aZ:-0.307,gX:-0.183,gY:-64.392,gZ:-6.775
aX:-0.674,aY:-0.318,aZ:-0.328,gX:12.939,gY:-58.716,gZ:-14.404
aX:-0.819,aY:-0.413,aZ:-0.236,gX:28.137,gY:-32.898,gZ:-8.545
aX:-0.962,aY:-0.373,aZ:-0.257,gX:25.146,gY:-9.033,gZ:-4.395
aX:-1.028,aY:-0.236,aZ:-0.408,gX:16.724,gY:5.371,gZ:-8.911
aX:-1.064,aY:-0.108,aZ:-0.458,gX:11.536,gY:4.700,gZ:-15.259
aX:-1.006,aY:-0.047,aZ:-0.361,gX:16.235,gY:-0.916,gZ:-22.156
aX:-0.852,aY:0.010,aZ:-0.328,gX:23.254,gY:-4.822,gZ:-37.842
aX:-0.776,aY:0.073,aZ:-0.347,gX:27.405,gY:-9.827,gZ:-49.988
aX:-0.671,aY:0.084,aZ:-0.320,gX:34.546,gY:-12.207,gZ:-51.697
aX:-0.512,aY:-0.010,aZ:-0.261,gX:31.250,gY:-12.939,gZ:-47.302
aX:-0.405,aY:-0.032,aZ:-0.226,gX:17.578,gY:-19.348,gZ:-45.227
aX:-0.371,aY:-0.036,aZ:-0.226,gX:10.803,gY:-28.015,gZ:-44.983
aX:-0.318,aY:-0.018,aZ:-0.215,gX:5.798,gY:-33.630,gZ:-39.368
aX:-0.372,aY:0.007,aZ:-0.269,gX:4.761,gY:-36.255,gZ:-26.794
aX:-0.406,aY:-0.009,aZ:-0.361,gX:5.676,gY:-31.189,gZ:-11.169
aX:-0.587,aY:-0.060,aZ:-0.354,gX:11.719,gY:-22.522,gZ:-0.671
aX:-0.781,aY:-0.050,aZ:-0.313,gX:14.038,gY:-18.921,gZ:2.930
aX:-0.957,aY:-0.004,aZ:-0.337,gX:5.188,gY:-20.020,gZ:1.099
aX:-1.099,aY:0.053,aZ:-0.450,gX:-5.249,gY:-28.320,gZ:-3.357
aX:-1.284,aY:0.120,aZ:-0.690,gX:-10.010,gY:-32.898,gZ:-7.263
aX:-1.445,aY:0.194,aZ:-0.848,gX:-8.301,gY:-19.653,gZ:-8.850
aX:-1.336,aY:0.172,aZ:-0.706,gX:-4.028,gY:2.075,gZ:-13.123
aX:-1.106,aY:0.123,aZ:-0.481,gX:1.038,gY:-0.183,gZ:-24.109
aX:-0.997,aY:0.176,aZ:-0.419,gX:3.845,gY:-6.348,gZ:-28.381
aX:-1.035,aY:0.265,aZ:-0.443,gX:2.747,gY:-8.362,gZ:-25.940
aX:-1.081,aY:0.300,aZ:-0.509,gX:-3.296,gY:-4.822,gZ:-12.634
aX:-1.077,aY:0.278,aZ:-0.581,gX:-9.399,gY:2.930,gZ:4.333
aX:-1.094,aY:0.181,aZ:-0.566,gX:-9.033,gY:14.282,gZ:17.883
aX:-1.154,aY:0.053,aZ:-0.670,gX:-2.747,gY:22.827,gZ:23.254
aX:-1.141,aY:-0.080,aZ:-0.804,gX:2.502,gY:20.447,gZ:20.264
aX:-1.178,aY:-0.209,aZ:-0.672,gX:4.028,gY:23.193,gZ:12.817
aX:-1.148,aY:-0.223,aZ:-0.644,gX:-3.845,gY:27.222,gZ:-0.549
aX:-1.133,aY:-0.307,aZ:-0.542,gX:-15.503,gY:23.987,gZ:-6.348
aX:-1.062,aY:-0.207,aZ:-0.515,gX:-11.963,gY:18.433,gZ:-3.052
aX:-1.036,aY:-0.080,aZ:-0.475,gX:3.479,gY:23.437,gZ:11.230
aX:-0.930,aY:0.001,aZ:-0.480,gX:13.306,gY:33.386,gZ:27.466
aX:-0.870,aY:0.029,aZ:-0.447,gX:9.033,gY:45.593,gZ:31.433
aX:-0.897,aY:-0.021,aZ:-0.371,gX:1.770,gY:58.655,gZ:28.748
aX:-0.941,aY:-0.141,aZ:-0.304,gX:-1.221,gY:61.890,gZ:25.269
aX:-1.013,aY:-0.197,aZ:-0.271,gX:-12.817,gY:49.500,gZ:20.020
aX:-1.014,aY:-0.167,aZ:-0.257,gX:-22.400,gY:41.565,gZ:15.747
aX:-0.929,aY:-0.109,aZ:-0.283,gX:-33.875,gY:33.997,gZ:6.958
aX:-0.774,aY:-0.080,aZ:-0.317,gX:-42.603,gY:21.484,gZ:-0.427
aX:-0.679,aY:-0.032,aZ:-0.346,gX:-41.138,gY:12.634,gZ:0.793
aX:-0.606,aY:-0.066,aZ:-0.300,gX:-35.095,gY:5.310,gZ:10.559
aX:-0.599,aY:-0.111,aZ:-0.212,gX:-33.325,gY:3.845,gZ:19.836
aX:-0.604,aY:-0.126,aZ:-0.157,gX:-35.156,gY:3.418,gZ:23.926
aX:-0.623,aY:-0.129,aZ:-0.153,gX:-41.443,gY:2.319,gZ:26.489
aX:-0.640,aY:-0.151,aZ:-0.173,gX:-50.171,gY:2.441,gZ:26.001
aX:-0.641,aY:-0.170,aZ:-0.180,gX:-50.476,gY:3.235,gZ:22.339
aX:-0.650,aY:-0.180,aZ:-0.152,gX:-44.434,gY:3.906,gZ:16.235
aX:-0.716,aY:-0.166,aZ:-0.150,gX:-36.926,gY:4.456,gZ:10.498
aX:-0.800,aY:-0.171,aZ:-0.176,gX:-29.907,gY:1.160,gZ:5.798
aX:-0.859,aY:-0.159,aZ:-0.215,gX:-28.992,gY:-8.545,gZ:3.662
aX:-0.879,aY:-0.131,aZ:-0.233,gX:-29.724,gY:-18.250,gZ:0.061
aX:-0.888,aY:-0.121,aZ:-0.230,gX:-27.649,gY:-22.644,gZ:-3.174
aX:-0.947,aY:-0.129,aZ:-0.206,gX:-23.437,gY:-23.804,gZ:-3.479
aX:-1.024,aY:-0.141,aZ:-0.177,gX:-23.132,gY:-23.193,gZ:-0.061
aX:-1.062,aY:-0.131,aZ:-0.178,gX:-25.879,gY:-15.808,gZ:3.174
aX:-1.144,aY:-0.112,aZ:-0.196,gX:-22.034,gY:-3.418,gZ:8.789
aX:-1.256,aY:-0.124,aZ:-0.208,gX:-7.385,gY:19.897,gZ:19.409
aX:-1.313,aY:-0.120,aZ:-0.172,gX:10.132,gY:51.575,gZ:24.597
aX:-1.367,aY:-0.069,aZ:-0.125,gX:28.687,gY:74.524,gZ:22.522
aX:-1.386,aY:-0.085,aZ:-0.404,gX:51.636,gY:89.661,gZ:25.024
aX:-1.507,aY:-0.315,aZ:-0.563,gX:52.246,gY:94.604,gZ:39.001
aX:-1.553,aY:-0.445,aZ:-0.316,gX:19.409,gY:70.435,gZ:55.481
aX:-1.443,aY:-0.466,aZ:-0.340,gX:2.563,gY:24.353,gZ:44.434
aX:-1.182,aY:-0.354,aZ:-0.302,gX:-17.578,gY:-41.016,gZ:10.681
aX:-0.916,aY:-0.187,aZ:-0.252,gX:-8.179,gY:-72.388,gZ:-14.465
aX:-0.695,aY:-0.120,aZ:-0.261,gX:2.563,gY:-83.252,gZ:-30.579
aX:-0.617,aY:-0.098,aZ:-0.303,gX:9.888,gY:-73.364,gZ:-34.058
aX:-0.630,aY:-0.137,aZ:-0.292,gX:17.212,gY:-50.659,gZ:-31.311
aX:-0.708,aY:-0.215,aZ:-0.259,gX:24.658,gY:-27.344,gZ:-20.874
aX:-0.854,aY:-0.174,aZ:-0.302,gX:22.339,gY:-14.404,gZ:-12.878
aX:-0.962,aY:-0.100,aZ:-0.322,gX:20.996,gY:-12.512,gZ:-12.024
aX:-0.998,aY:-0.057,aZ:-0.293,gX:16.052,gY:-9.399,gZ:-17.944
aX:-0.982,aY:0.025,aZ:-0.292,gX:12.939,gY:-13.367,gZ:-27.710
aX:-0.935,aY:0.108,aZ:-0.383,gX:14.648,gY:-16.174,gZ:-35.156
aX:-0.847,aY:0.116,aZ:-0.439,gX:23.254,gY:-10.742,gZ:-34.119
aX:-0.692,aY:0.066,aZ:-0.411,gX:29.236,gY:-2.625,gZ:-25.330
aX:-0.572,aY:0.006,aZ:-0.403,gX:26.001,gY:-2.869,gZ:-19.104
aX:-0.541,aY:-0.024,aZ:-0.357,gX:20.020,gY:-8.606,gZ:-18.494
aX:-0.502,aY:-0.072,aZ:-0.336,gX:16.113,gY:-20.264,gZ:-20.447
aX:-0.515,aY:-0.098,aZ:-0.278,gX:16.296,gY:-27.100,gZ:-18.799
aX:-0.545,aY:-0.063,aZ:-0.233,gX:13.916,gY:-30.518,gZ:-9.949
aX:-0.580,aY:-0.024,aZ:-0.281,gX:10.254,gY:-33.081,gZ:-3.113
aX:-0.645,aY:0.003,aZ:-0.308,gX:8.728,gY:-29.724,gZ:0.610
aX:-0.732,aY:-0.009,aZ:-0.331,gX:7.874,gY:-23.376,gZ:3.113
aX:-0.817,aY:-0.030,aZ:-0.362,gX:4.028,gY:-24.231,gZ:3.784
aX:-0.952,aY:0.015,aZ:-0.394,gX:4.578,gY:-30.518,gZ:2.625
aX:-1.035,aY:0.048,aZ:-0.484,gX:3.052,gY:-31.982,gZ:0.061
aX:-1.158,aY:0.098,aZ:-0.558,gX:3.906,gY:-31.860,gZ:-0.916
aX:-1.252,aY:0.109,aZ:-0.535,gX:10.315,gY:-21.301,gZ:-1.160
aX:-1.264,aY:0.106,aZ:-0.525,gX:10.681,gY:-11.902,gZ:-4.028
aX:-1.226,aY:0.109,aZ:-0.500,gX:11.414,gY:-8.850,gZ:-8.789
aX:-1.146,aY:0.138,aZ:-0.460,gX:12.268,gY:-9.705,gZ:-13.367
aX:-1.090,aY:0.177,aZ:-0.511,gX:11.597,gY:-14.160,gZ:-14.526
aX:-1.118,aY:0.161,aZ:-0.559,gX:8.606,gY:-10.803,gZ:-9.705
aX:-1.165,aY:0.122,aZ:-0.696,gX:5.066,gY:-8.301,gZ:-0.854
aX:-1.228,aY:0.026,aZ:-0.780,gX:2.747,gY:-6.409,gZ:7.385
aX:-1.269,aY:-0.039,aZ:-0.677,gX:5.371,gY:3.113,gZ:8.240
aX:-1.220,aY:-0.048,aZ:-0.621,gX:5.920,gY:14.160,gZ:-1.343
aX:-1.166,aY:-0.147,aZ:-0.646,gX:7.202,gY:15.076,gZ:-8.789
aX:-1.182,aY:-0.116,aZ:-0.647,gX:4.333,gY:6.165,gZ:-4.700
aX:-1.143,aY:-0.111,aZ:-0.672,gX:7.263,gY:4.272,gZ:9.521
aX:-1.063,aY:-0.098,aZ:-0.538,gX:24.170,gY:15.015,gZ:26.184
aX:-0.871,aY:-0.097,aZ:-0.522,gX:44.678,gY:43.762,gZ:44.800
aX:-0.803,aY:-0.089,aZ:-0.444,gX:26.367,gY:52.307,gZ:48.706
aX:-0.758,aY:-0.147,aZ:-0.376,gX:21.729,gY:59.021,gZ:46.814
aX:-0.806,aY:-0.192,aZ:-0.296,gX:4.639,gY:48.889,gZ:38.086
aX:-0.854,aY:-0.203,aZ:-0.317,gX:-9.949,gY:40.527,gZ:31.189
aX:-0.917,aY:-0.170,aZ:-0.289,gX:-27.039,gY:27.649,gZ:26.367
aX:-0.965,aY:-0.088,aZ:-0.310,gX:-32.898,gY:23.560,gZ:21.667
aX:-0.891,aY:-0.051,aZ:-0.356,gX:-36.194,gY:29.602,gZ:14.954
aX:-0.782,aY:-0.051,aZ:-0.406,gX:-37.415,gY:24.231,gZ:9.888
aX:-0.710,aY:-0.091,aZ:-0.435,gX:-30.212,gY:9.216,gZ:11.169
aX:-0.738,aY:-0.162,aZ:-0.347,gX:-25.391,gY:2.258,gZ:17.395
aX:-0.763,aY:-0.172,aZ:-0.224,gX:-27.893,gY:5.554,gZ:19.592
aX:-0.705,aY:-0.171,aZ:-0.165,gX:-36.438,gY:7.141,gZ:20.142
aX:-0.656,aY:-0.164,aZ:-0.163,gX:-46.753,gY:-0.244,gZ:21.667
aX:-0.616,aY:-0.142,aZ:-0.187,gX:-54.626,gY:-5.432,gZ:22.644
aX:-0.588,aY:-0.135,aZ:-0.189,gX:-55.420,gY:-9.827,gZ:20.508
aX:-0.563,aY:-0.138,aZ:-0.192,gX:-48.157,gY:-13.428,gZ:15.442
aX:-0.566,aY:-0.156,aZ:-0.201,gX:-37.598,gY:-13.123,gZ:8.667
aX:-0.649,aY:-0.191,aZ:-0.186,gX:-31.677,gY:-12.268,gZ:-0.244
aX:-0.733,aY:-0.190,aZ:-0.159,gX:-28.931,gY:-8.484,gZ:-1.831
aX:-0.809,aY:-0.190,aZ:-0.178,gX:-31.189,gY:-5.615,gZ:-4.272
aX:-0.875,aY:-0.162,aZ:-0.183,gX:-37.231,gY:-7.568,gZ:-5.737
aX:-0.978,aY:-0.118,aZ:-0.227,gX:-38.879,gY:-18.494,gZ:-8.606
aX:-1.102,aY:-0.070,aZ:-0.304,gX:-35.034,gY:-26.428,gZ:-6.470
aX:-1.066,aY:-0.058,aZ:-0.347,gX:-29.358,gY:-14.587,gZ:-7.935
aX:-1.121,aY:-0.131,aZ:-0.329,gX:-16.602,gY:-1.648,gZ:-2.991
aX:-1.141,aY:-0.192,aZ:-0.323,gX:-5.127,gY:10.864,gZ:13.794
aX:-1.176,aY:-0.241,aZ:-0.216,gX:4.761,gY:25.757,gZ:23.621
aX:-1.087,aY:-0.229,aZ:-0.244,gX:3.113,gY:38.330,gZ:11.292
aX:-1.251,aY:-0.265,aZ:-0.318,gX:-7.263,gY:34.912,gZ:-0.061
aX:-1.370,aY:-0.324,aZ:-0.261,gX:14.343,gY:38.330,gZ:20.142
aX:-1.583,aY:-0.293,aZ:-0.156,gX:31.494,gY:44.312,gZ:48.523
aX:-1.641,aY:-0.167,aZ:-0.260,gX:31.067,gY:44.922,gZ:53.223
aX:-1.297,aY:-0.187,aZ:-0.478,gX:22.583,gY:31.921,gZ:17.395
aX:-0.966,aY:-0.339,aZ:-0.580,gX:0.671,gY:-24.597,gZ:-20.081
aX:-0.987,aY:-0.404,aZ:-0.305,gX:1.831,gY:-67.749,gZ:-15.991
aX:-0.932,aY:-0.411,aZ:-0.237,gX:6.714,gY:-63.477,gZ:-3.235
aX:-0.820,aY:-0.356,aZ:-0.244,gX:-2.563,gY:-55.725,gZ:-3.296
aX:-0.738,aY:-0.356,aZ:-0.265,gX:-7.812,gY:-47.546,gZ:-10.803
aX:-0.708,aY:-0.305,aZ:-0.306,gX:-8.057,gY:-33.813,gZ:-13.672
aX:-0.811,aY:-0.183,aZ:-0.354,gX:-7.812,gY:-14.038,gZ:-13.550
aX:-0.931,aY:-0.100,aZ:-0.394,gX:-2.258,gY:-4.517,gZ:-13.733
aX:-1.004,aY:-0.081,aZ:-0.434,gX:-3.845,gY:-2.197,gZ:-13.916
aX:-0.981,aY:-0.116,aZ:-0.416,gX:-4.089,gY:0.732,gZ:-20.630
aX:-0.874,aY:-0.114,aZ:-0.394,gX:2.991,gY:-1.648,gZ:-37.170
aX:-0.825,aY:-0.047,aZ:-0.374,gX:12.512,gY:3.052,gZ:-52.979
aX:-0.754,aY:-0.017,aZ:-0.332,gX:15.747,gY:13.611,gZ:-63.843
aX:-0.725,aY:-0.039,aZ:-0.282,gX:11.902,gY:15.076,gZ:-64.819
aX:-0.672,aY:-0.108,aZ:-0.269,gX:2.869,gY:7.507,gZ:-60.242
aX:-0.635,aY:-0.120,aZ:-0.271,gX:-6.348,gY:-2.014,gZ:-59.082
aX:-0.608,aY:-0.085,aZ:-0.260,gX:-10.132,gY:-4.272,gZ:-55.725
aX:-0.590,aY:0.007,aZ:-0.249,gX:-11.292,gY:0.488,gZ:-49.438
aX:-0.536,aY:0.028,aZ:-0.312,gX:-9.155,gY:4.028,gZ:-37.415
aX:-0.601,aY:0.041,aZ:-0.324,gX:-1.343,gY:6.409,gZ:-20.569
aX:-0.659,aY:0.073,aZ:-0.298,gX:5.188,gY:10.315,gZ:-5.920
aX:-0.738,aY:0.057,aZ:-0.283,gX:-1.282,gY:7.751,gZ:-2.502
aX:-0.819,aY:0.053,aZ:-0.314,gX:-11.230,gY:0.366,gZ:-7.324
aX:-0.948,aY:0.041,aZ:-0.357,gX:-14.099,gY:-5.615,gZ:-10.864
aX:-1.008,aY:0.028,aZ:-0.375,gX:-14.099,gY:-4.700,gZ:-13.123
aX:-1.017,aY:0.039,aZ:-0.396,gX:-9.949,gY:-4.150,gZ:-16.968
aX:-0.958,aY:0.027,aZ:-0.363,gX:-2.075,gY:-1.221,gZ:-21.179
aX:-0.911,aY:0.012,aZ:-0.297,gX:3.723,gY:3.296,gZ:-21.667
aX:-0.854,aY:-0.029,aZ:-0.246,gX:-0.977,gY:6.531,gZ:-17.212
aX:-0.822,aY:-0.011,aZ:-0.215,gX:-13.428,gY:2.502,gZ:-12.512
aX:-0.823,aY:0.048,aZ:-0.194,gX:-24.841,gY:1.831,gZ:-6.897
aX:-0.855,aY:0.104,aZ:-0.193,gX:-33.813,gY:5.188,gZ:-2.075
aX:-0.918,aY:0.177,aZ:-0.265,gX:-44.250,gY:9.399,gZ:1.465
aX:-0.979,aY:0.166,aZ:-0.287,gX:-49.377,gY:16.052,gZ:1.038
aX:-1.022,aY:0.139,aZ:-0.264,gX:-48.096,gY:19.287,gZ:-2.625
aX:-1.080,aY:0.163,aZ:-0.285,gX:-44.678,gY:17.212,gZ:-8.850
aX:-1.127,aY:0.210,aZ:-0.308,gX:-43.518,gY:12.573,gZ:-14.771
aX:-1.121,aY:0.261,aZ:-0.317,gX:-41.382,gY:10.803,gZ:-17.822
aX:-1.083,aY:0.325,aZ:-0.292,gX:-38.635,gY:10.437,gZ:-19.287
aX:-1.058,aY:0.399,aZ:-0.251,gX:-35.706,gY:11.230,gZ:-20.203
aX:-1.047,aY:0.448,aZ:-0.257,gX:-33.386,gY:14.771,gZ:-20.752
aX:-1.033,aY:0.434,aZ:-0.239,gX:-30.884,gY:21.057,gZ:-19.409
aX:-0.978,aY:0.292,aZ:-0.309,gX:-23.315,gY:22.461,gZ:-17.456
aX:-0.998,aY:0.062,aZ:-0.438,gX:-1.343,gY:11.719,gZ:-10.925
aX:-1.081,aY:-0.115,aZ:-0.496,gX:17.395,gY:11.658,gZ:-2.625
aX:-1.047,aY:-0.146,aZ:-0.573,gX:21.362,gY:-10.620,gZ:-9.827
aX:-0.956,aY:-0.170,aZ:-0.632,gX:31.982,gY:-13.855,gZ:-20.508
aX:-0.914,aY:-0.198,aZ:-0.612,gX:27.405,gY:-11.169,gZ:-25.330
aX:-0.975,aY:-0.323,aZ:-0.456,gX:6.836,gY:-2.808,gZ:-23.254
aX:-1.062,aY:-0.461,aZ:-0.249,gX:-3.052,gY:9.460,gZ:-7.141
aX:-1.173,aY:-0.645,aZ:-0.154,gX:2.686,gY:21.179,gZ:12.329
aX:-1.173,aY:-0.572,aZ:-0.183,gX:3.174,gY:26.611,gZ:18.860
aX:-1.206,aY:-0.400,aZ:-0.249,gX:-15.869,gY:31.433,gZ:11.841
aX:-1.169,aY:-0.157,aZ:-0.360,gX:-28.381,gY:25.208,gZ:-5.493
aX:-1.065,aY:-0.094,aZ:-0.498,gX:-53.467,gY:7.690,gZ:-23.193
aX:-1.059,aY:0.059,aZ:-0.420,gX:-60.669,gY:-11.658,gZ:-33.569
aX:-1.024,aY:0.077,aZ:-0.355,gX:-54.749,gY:-11.963,gZ:-30.457
aX:-0.932,aY:0.076,aZ:-0.279,gX:-60.791,gY:-10.864,gZ:-18.555
aX:-0.751,aY:0.056,aZ:-0.209,gX:-70.007,gY:-8.850,gZ:-4.517
aX:-0.611,aY:0.038,aZ:-0.146,gX:-69.702,gY:-3.723,gZ:7.935
aX:-0.533,aY:-0.000,aZ:-0.059,gX:-62.927,gY:1.221,gZ:18.982
aX:-0.542,aY:-0.036,aZ:0.012,gX:-54.321,gY:-0.610,gZ:20.935
aX:-0.655,aY:-0.057,aZ:-0.010,gX:-46.936,gY:0.916,gZ:13.611
aX:-0.765,aY:-0.139,aZ:-0.127,gX:-46.692,gY:5.371,gZ:1.404
aX:-0.915,aY:-0.078,aZ:-0.108,gX:-43.945,gY:6.897,gZ:-8.789
aX:-0.934,aY:-0.049,aZ:-0.157,gX:-41.748,gY:3.235,gZ:-17.395
aX:-0.916,aY:-0.003,aZ:-0.204,gX:-40.283,gY:-5.005,gZ:-25.269
aX:-0.883,aY:0.010,aZ:-0.203,gX:-37.720,gY:-2.686,gZ:-30.151
aX:-0.895,aY:-0.027,aZ:-0.141,gX:-40.344,gY:2.930,gZ:-31.677
aX:-0.950,aY:-0.079,aZ:-0.093,gX:-45.898,gY:9.766,gZ:-30.273
aX:-1.012,aY:-0.104,aZ:-0.072,gX:-53.223,gY:11.230,gZ:-30.212
aX:-1.071,aY:-0.087,aZ:-0.092,gX:-60.303,gY:6.470,gZ:-34.302
aX:-1.129,aY:-0.032,aZ:-0.120,gX:-65.918,gY:0.122,gZ:-42.419
aX:-1.201,aY:0.043,aZ:-0.147,gX:-61.829,gY:-3.601,gZ:-47.668
aX:-1.244,aY:0.136,aZ:-0.140,gX:-48.950,gY:-0.061,gZ:-43.579
aX:-1.257,aY:0.233,aZ:-0.127,gX:-32.898,gY:9.949,gZ:-33.203
aX:-1.275,aY:0.236,aZ:-0.156,gX:-19.531,gY:20.691,gZ:-18.066
aX:-1.383,aY:0.114,aZ:-0.214,gX:-4.272,gY:35.095,gZ:2.930
aX:-1.469,aY:-0.131,aZ:-0.271,gX:8.423,gY:56.519,gZ:30.029
aX:-1.403,aY:-0.422,aZ:-0.228,gX:-25.818,gY:46.692,gZ:43.518
aX:-1.274,aY:-0.467,aZ:-0.190,gX:-71.228,gY:-4.211,gZ:22.522
aX:-0.997,aY:-0.443,aZ:-0.334,gX:-69.763,gY:-21.790,gZ:-21.545
aX:-0.846,aY:-0.561,aZ:-0.540,gX:-61.340,gY:-6.531,gZ:-29.114
aX:-0.805,aY:-0.347,aZ:-0.506,gX:-72.571,gY:3.052,gZ:-26.855
aX:-0.666,aY:-0.162,aZ:-0.535,gX:-78.613,gY:11.292,gZ:-26.855
aX:-0.615,aY:-0.141,aZ:-0.462,gX:-82.153,gY:6.531,gZ:-23.621
aX:-0.646,aY:-0.112,aZ:-0.409,gX:-75.623,gY:15.076,gZ:-16.785
aX:-0.772,aY:-0.080,aZ:-0.326,gX:-77.759,gY:16.113,gZ:-12.024
aX:-0.880,aY:-0.011,aZ:-0.280,gX:-79.956,gY:-1.953,gZ:-10.742
aX:-0.938,aY:0.019,aZ:-0.335,gX:-82.520,gY:-7.141,gZ:-18.616
aX:-0.962,aY:0.072,aZ:-0.458,gX:-91.553,gY:-8.118,gZ:-33.508
aX:-1.116,aY:0.080,aZ:-0.518,gX:-91.858,gY:-14.648,gZ:-37.842
aX:-1.066,aY:0.056,aZ:-0.519,gX:-91.736,gY:-14.038,gZ:-40.039
aX:-0.984,aY:0.021,aZ:-0.439,gX:-93.750,gY:-6.042,gZ:-40.955
aX:-0.908,aY:0.044,aZ:-0.361,gX:-97.900,gY:2.686,gZ:-31.677
aX:-0.812,aY:0.083,aZ:-0.298,gX:-109.253,gY:10.071,gZ:-19.226
aX:-0.739,aY:0.074,aZ:-0.238,gX:-122.009,gY:13.000,gZ:-9.827
aX:-0.750,aY:0.062,aZ:-0.214,gX:-121.643,gY:10.010,gZ:-3.967
aX:-0.847,aY:0.080,aZ:-0.254,gX:-117.249,gY:-0.183,gZ:-5.005
aX:-0.895,aY:0.092,aZ:-0.287,gX:-116.028,gY:-4.944,gZ:-11.658
aX:-0.972,aY:0.124,aZ:-0.283,gX:-115.723,gY:-9.521,gZ:-16.663
aX:-0.996,aY:0.117,aZ:-0.280,gX:-115.479,gY:-5.554,gZ:-15.381
aX:-0.994,aY:0.141,aZ:-0.240,gX:-115.601,gY:0.916,gZ:-13.977
aX:-0.988,aY:0.184,aZ:-0.273,gX:-110.657,gY:7.690,gZ:-14.343
aX:-1.011,aY:0.223,aZ:-0.267,gX:-104.004,gY:11.230,gZ:-18.066
aX:-1.012,aY:0.219,aZ:-0.265,gX:-97.961,gY:12.817,gZ:-23.315
aX:-0.970,aY:0.195,aZ:-0.253,gX:-92.651,gY:12.268,gZ:-28.625
aX:-0.927,aY:0.165,aZ:-0.220,gX:-91.064,gY:13.794,gZ:-32.593
aX:-0.877,aY:0.178,aZ:-0.240,gX:-91.614,gY:12.939,gZ:-34.363
aX:-0.823,aY:0.160,aZ:-0.318,gX:-91.064,gY:11.902,gZ:-34.363
aX:-0.850,aY:0.148,aZ:-0.321,gX:-91.125,gY:18.921,gZ:-30.518
aX:-0.901,aY:0.190,aZ:-0.456,gX:-87.036,gY:30.457,gZ:-23.132
aX:-0.872,aY:0.018,aZ:-0.620,gX:-63.171,gY:45.654,gZ:-11.963
aX:-0.817,aY:-0.387,aZ:-0.449,gX:-34.668,gY:50.537,gZ:4.333
aX:-1.049,aY:-0.435,aZ:-0.432,gX:-37.720,gY:29.480,gZ:8.484
aX:-1.299,aY:-0.169,aZ:-0.183,gX:-44.495,gY:32.532,gZ:-3.113
aX:-1.414,aY:-0.132,aZ:-0.093,gX:-68.359,gY:26.611,gZ:-16.602
aX:-1.588,aY:-0.123,aZ:-0.237,gX:-82.458,gY:0.854,gZ:-17.639
aX:-1.562,aY:-0.053,aZ:-0.433,gX:-79.407,gY:-15.808,gZ:-12.573
aX:-1.285,aY:-0.001,aZ:-0.413,gX:-86.365,gY:-13.489,gZ:-9.216
aX:-1.099,aY:0.013,aZ:-0.232,gX:-88.318,gY:-1.526,gZ:-6.042
aX:-1.034,aY:-0.075,aZ:-0.055,gX:-87.341,gY:7.996,gZ:7.629
aX:-1.009,aY:-0.140,aZ:-0.022,gX:-95.825,gY:0.793,gZ:19.714
aX:-0.923,aY:-0.147,aZ:-0.075,gX:-103.943,gY:-12.878,gZ:18.494
aX:-0.851,aY:-0.091,aZ:-0.137,gX:-102.722,gY:-23.926,gZ:13.245
aX:-0.791,aY:-0.077,aZ:-0.099,gX:-100.830,gY:-32.471,gZ:9.277
aX:-0.774,aY:-0.031,aZ:-0.083,gX:-99.670,gY:-39.917,gZ:1.892
aX:-0.784,aY:0.001,aZ:-0.067,gX:-87.952,gY:-38.452,gZ:2.625
aX:-0.778,aY:0.012,aZ:-0.109,gX:-77.881,gY:-40.894,gZ:5.554
aX:-0.754,aY:-0.032,aZ:-0.135,gX:-74.463,gY:-44.312,gZ:6.958
aX:-0.800,aY:-0.077,aZ:-0.104,gX:-70.435,gY:-44.800,gZ:9.460
aX:-0.776,aY:-0.158,aZ:-0.119,gX:-65.735,gY:-38.513,gZ:10.986
aX:-0.807,aY:-0.187,aZ:-0.123,gX:-66.528,gY:-32.166,gZ:1.953
aX:-0.849,aY:-0.195,aZ:-0.118,gX:-62.012,gY:-29.724,gZ:-13.062
aX:-0.943,aY:-0.154,aZ:-0.152,gX:-55.786,gY:-34.912,gZ:-24.231
aX:-0.970,aY:-0.088,aZ:-0.185,gX:-51.392,gY:-37.292,gZ:-32.104
aX:-0.981,aY:-0.021,aZ:-0.223,gX:-49.438,gY:-36.438,gZ:-37.292
aX:-0.923,aY:0.022,aZ:-0.255,gX:-43.823,gY:-34.851,gZ:-38.086
aX:-0.952,aY:0.045,aZ:-0.227,gX:-36.133,gY:-32.593,gZ:-32.471
aX:-0.934,aY:0.018,aZ:-0.201,gX:-31.250,gY:-26.855,gZ:-19.043
aX:-0.995,aY:0.015,aZ:-0.179,gX:-34.607,gY:-20.630,gZ:-3.235
aX:-1.083,aY:0.001,aZ:-0.220,gX:-37.354,gY:-16.113,gZ:7.874
aX:-1.152,aY:-0.027,aZ:-0.232,gX:-35.095,gY:-14.648,gZ:15.686
aX:-1.239,aY:-0.065,aZ:-0.273,gX:-26.489,gY:-11.475,gZ:22.217
aX:-1.278,aY:-0.093,aZ:-0.413,gX:-20.630,gY:-4.211,gZ:23.499
aX:-1.430,aY:-0.215,aZ:-0.517,gX:-20.813,gY:3.662,gZ:20.081
aX:-1.572,aY:-0.356,aZ:-0.492,gX:-8.667,gY:20.874,gZ:29.663
aX:-1.554,aY:-0.413,aZ:-0.449,gX:-5.371,gY:29.236,gZ:39.124
aX:-1.687,aY:-0.413,aZ:-0.373,gX:-17.090,gY:27.954,gZ:43.030
aX:-1.531,aY:-0.397,aZ:-0.412,gX:-19.165,gY:38.147,gZ:41.809
aX:-1.145,aY:-0.390,aZ:-0.397,gX:-10.193,gY:51.208,gZ:23.376
aX:-0.915,aY:-0.333,aZ:-0.314,gX:-1.160,gY:60.669,gZ:-0.183
aX:-0.745,aY:-0.200,aZ:-0.241,gX:-1.099,gY:58.044,gZ:-22.522
aX:-0.583,aY:-0.136,aZ:-0.352,gX:-1.587,gY:36.682,gZ:-36.133
aX:-0.641,aY:-0.086,aZ:-0.432,gX:-2.502,gY:-2.563,gZ:-34.973
aX:-0.719,aY:-0.146,aZ:-0.464,gX:-0.854,gY:-29.236,gZ:-20.996
aX:-0.755,aY:-0.230,aZ:-0.490,gX:-4.517,gY:-34.302,gZ:-3.540
aX:-0.771,aY:-0.305,aZ:-0.439,gX:-7.202,gY:-33.630,gZ:9.583
aX:-0.812,aY:-0.400,aZ:-0.379,gX:-10.010,gY:-41.077,gZ:21.057
aX:-0.835,aY:-0.414,aZ:-0.387,gX:-18.005,gY:-45.105,gZ:20.630
aX:-0.855,aY:-0.387,aZ:-0.430,gX:-31.738,gY:-41.870,gZ:4.639
aX:-0.843,aY:-0.353,aZ:-0.507,gX:-41.748,gY:-30.273,gZ:-16.296
aX:-0.858,aY:-0.313,aZ:-0.556,gX:-38.574,gY:-14.465,gZ:-37.842
aX:-0.840,aY:-0.227,aZ:-0.509,gX:-30.151,gY:-0.488,gZ:-54.077
aX:-0.842,aY:-0.100,aZ:-0.456,gX:-24.475,gY:4.639,gZ:-64.758
aX:-0.805,aY:0.010,aZ:-0.424,gX:-22.156,gY:-0.549,gZ:-68.359
aX:-0.751,aY:0.063,aZ:-0.349,gX:-19.226,gY:-9.705,gZ:-63.599
aX:-0.648,aY:0.082,aZ:-0.327,gX:-16.724,gY:-17.578,gZ:-52.490
aX:-0.562,aY:0.075,aZ:-0.339,gX:-16.479,gY:-25.696,gZ:-41.260
aX:-0.552,aY:0.033,aZ:-0.389,gX:-15.259,gY:-30.762,gZ:-31.982
aX:-0.632,aY:-0.013,aZ:-0.444,gX:-14.038,gY:-30.762,gZ:-23.315
aX:-0.741,aY:-0.082,aZ:-0.483,gX:-10.132,gY:-21.179,gZ:-13.062
aX:-0.832,aY:-0.164,aZ:-0.421,gX:-10.315,gY:-5.371,gZ:-6.653
aX:-0.901,aY:-0.203,aZ:-0.381,gX:-17.151,gY:-2.441,gZ:-5.859
aX:-0.941,aY:-0.194,aZ:-0.410,gX:-25.146,gY:-4.089,gZ:-13.550
aX:-0.980,aY:-0.120,aZ:-0.468,gX:-34.058,gY:-3.967,gZ:-25.208
aX:-0.988,aY:-0.001,aZ:-0.524,gX:-37.292,gY:-4.272,gZ:-35.278
aX:-0.981,aY:0.051,aZ:-0.596,gX:-24.231,gY:-2.563,gZ:-39.551
aX:-0.948,aY:0.043,aZ:-0.499,gX:-10.254,gY:5.371,gZ:-36.560
aX:-0.957,aY:0.072,aZ:-0.329,gX:-6.348,gY:11.230,gZ:-33.569
aX:-0.965,aY:0.120,aZ:-0.282,gX:-13.123,gY:12.146,gZ:-31.433
aX:-1.010,aY:0.101,aZ:-0.318,gX:-29.663,gY:2.686,gZ:-29.968
aX:-1.115,aY:0.083,aZ:-0.408,gX:-36.621,gY:-2.563,gZ:-25.391
aX:-1.152,aY:0.074,aZ:-0.501,gX:-39.917,gY:-4.761,gZ:-24.170
aX:-1.168,aY:0.056,aZ:-0.561,gX:-34.424,gY:-0.061,gZ:-20.264
aX:-1.175,aY:0.023,aZ:-0.640,gX:-28.931,gY:11.414,gZ:-15.320
aX:-1.202,aY:-0.025,aZ:-0.675,gX:-25.024,gY:19.897,gZ:-12.024
aX:-1.216,aY:-0.096,aZ:-0.622,gX:-23.071,gY:23.010,gZ:-12.817
aX:-1.153,aY:-0.101,aZ:-0.595,gX:-21.118,gY:27.832,gZ:-18.799
aX:-1.046,aY:-0.123,aZ:-0.573,gX:-18.250,gY:29.358,gZ:-28.687
aX:-0.946,aY:-0.168,aZ:-0.655,gX:-13.123,gY:23.560,gZ:-29.419
aX:-0.920,aY:-0.186,aZ:-0.588,gX:-14.709,gY:3.845,gZ:-23.621
aX:-1.023,aY:-0.130,aZ:-0.385,gX:-3.967,gY:2.991,gZ:-11.108
aX:-1.067,aY:-0.100,aZ:-0.405,gX:11.475,gY:23.926,gZ:8.179
aX:-0.958,aY:-0.106,aZ:-0.433,gX:-3.906,gY:36.072,gZ:23.682
aX:-0.933,aY:-0.106,aZ:-0.380,gX:-17.944,gY:41.870,gZ:25.024
aX:-0.944,aY:-0.188,aZ:-0.355,gX:-25.208,gY:41.016,gZ:19.043
aX:-1.026,aY:-0.212,aZ:-0.313,gX:-36.438,gY:35.034,gZ:11.780
aX:-1.070,aY:-0.158,aZ:-0.301,gX:-38.574,gY:27.344,gZ:10.681
aX:-1.000,aY:-0.064,aZ:-0.318,gX:-42.358,gY:28.931,gZ:7.263
aX:-0.870,aY:0.004,aZ:-0.337,gX:-44.067,gY:35.767,gZ:3.418
aX:-0.774,aY:0.041,aZ:-0.335,gX:-42.664,gY:29.114,gZ:5.737
aX:-0.728,aY:0.010,aZ:-0.285,gX:-40.588,gY:22.827,gZ:11.169
aX:-0.724,aY:-0.047,aZ:-0.226,gX:-43.457,gY:20.691,gZ:12.390
aX:-0.724,aY:-0.046,aZ:-0.165,gX:-42.908,gY:20.996,gZ:13.733
aX:-0.695,aY:-0.081,aZ:-0.167,gX:-45.227,gY:20.447,gZ:15.930
aX:-0.672,aY:-0.102,aZ:-0.182,gX:-47.119,gY:12.939,gZ:20.508
aX:-0.638,aY:-0.125,aZ:-0.165,gX:-45.288,gY:8.667,gZ:22.461
aX:-0.613,aY:-0.126,aZ:-0.136,gX:-37.781,gY:9.521,gZ:17.578
aX:-0.649,aY:-0.123,aZ:-0.123,gX:-30.762,gY:13.794,gZ:11.475
aX:-0.754,aY:-0.111,aZ:-0.146,gX:-25.146,gY:17.334,gZ:8.789
aX:-0.853,aY:-0.127,aZ:-0.158,gX:-21.729,gY:18.433,gZ:10.925
aX:-0.876,aY:-0.173,aZ:-0.165,gX:-23.682,gY:16.541,gZ:13.000
aX:-0.953,aY:-0.167,aZ:-0.118,gX:-29.541,gY:4.761,gZ:9.155
aX:-1.012,aY:-0.119,aZ:-0.130,gX:-27.771,gY:-5.432,gZ:6.042
aX:-1.022,aY:-0.081,aZ:-0.184,gX:-27.161,gY:-14.954,gZ:5.310
aX:-1.035,aY:-0.095,aZ:-0.193,gX:-25.208,gY:-17.761,gZ:4.089
aX:-1.050,aY:-0.166,aZ:-0.158,gX:-18.127,gY:-10.010,gZ:5.310
aX:-1.032,aY:-0.220,aZ:-0.112,gX:-11.047,gY:2.014,gZ:9.338
aX:-1.071,aY:-0.227,aZ:-0.071,gX:-5.249,gY:13.611,gZ:14.893
aX:-1.088,aY:-0.213,aZ:-0.068,gX:-0.427,gY:25.391,gZ:18.311
aX:-1.159,aY:-0.180,aZ:-0.036,gX:-1.343,gY:31.860,gZ:14.893
aX:-1.247,aY:-0.121,aZ:-0.044,gX:5.554,gY:38.025,gZ:12.146
aX:-1.323,aY:-0.079,aZ:-0.118,gX:12.451,gY:42.725,gZ:7.202
aX:-1.404,aY:-0.147,aZ:-0.334,gX:37.537,gY:49.194,gZ:12.939
aX:-1.480,aY:-0.292,aZ:-0.343,gX:58.105,gY:64.331,gZ:31.494
aX:-1.473,aY:-0.388,aZ:-0.242,gX:39.185,gY:55.969,gZ:44.434
aX:-1.212,aY:-0.499,aZ:-0.263,gX:-1.831,gY:14.771,gZ:34.912
aX:-0.970,aY:-0.404,aZ:-0.289,gX:-20.264,gY:-32.104,gZ:7.141
aX:-0.794,aY:-0.215,aZ:-0.224,gX:-19.348,gY:-49.133,gZ:-16.174
aX:-0.663,aY:-0.143,aZ:-0.236,gX:-10.071,gY:-48.645,gZ:-31.128
aX:-0.654,aY:-0.150,aZ:-0.283,gX:-1.099,gY:-44.128,gZ:-34.790
aX:-0.715,aY:-0.217,aZ:-0.330,gX:4.517,gY:-31.372,gZ:-28.687
aX:-0.844,aY:-0.217,aZ:-0.236,gX:0.916,gY:-15.381,gZ:-14.954
aX:-0.904,aY:-0.139,aZ:-0.192,gX:-5.554,gY:-3.113,gZ:-10.864
aX:-0.989,aY:-0.065,aZ:-0.216,gX:-7.996,gY:-3.296,gZ:-17.456
aX:-1.078,aY:-0.006,aZ:-0.291,gX:-9.583,gY:-13.489,gZ:-26.062
aX:-1.054,aY:0.062,aZ:-0.348,gX:-13.855,gY:-32.654,gZ:-34.424
aX:-0.948,aY:0.095,aZ:-0.350,gX:0.305,gY:-36.743,gZ:-40.344
aX:-0.867,aY:0.086,aZ:-0.311,gX:16.663,gY:-23.499,gZ:-42.664
aX:-0.781,aY:0.068,aZ:-0.272,gX:24.353,gY:-11.475,gZ:-39.490
aX:-0.724,aY:0.020,aZ:-0.246,gX:26.306,gY:-8.301,gZ:-29.053
aX:-0.688,aY:-0.017,aZ:-0.248,gX:23.743,gY:-12.451,gZ:-17.944
aX:-0.617,aY:-0.036,aZ:-0.252,gX:15.625,gY:-19.958,gZ:-12.756
aX:-0.563,aY:-0.047,aZ:-0.257,gX:9.888,gY:-24.963,gZ:-13.245
aX:-0.556,aY:-0.035,aZ:-0.267,gX:7.324,gY:-27.222,gZ:-14.648
aX:-0.585,aY:-0.022,aZ:-0.277,gX:9.155,gY:-27.405,gZ:-11.169
aX:-0.624,aY:-0.010,aZ:-0.305,gX:8.850,gY:-27.710,gZ:-5.676
aX:-0.710,aY:-0.031,aZ:-0.287,gX:6.287,gY:-28.809,gZ:-3.296
aX:-0.805,aY:-0.063,aZ:-0.301,gX:6.409,gY:-26.978,gZ:-1.160
aX:-0.923,aY:-0.073,aZ:-0.295,gX:2.930,gY:-26.489,gZ:-1.526
aX:-1.028,aY:-0.063,aZ:-0.346,gX:-6.165,gY:-30.823,gZ:-3.235
aX:-1.084,aY:0.022,aZ:-0.376,gX:-13.855,gY:-34.241,gZ:-6.409
aX:-1.086,aY:0.100,aZ:-0.399,gX:-8.484,gY:-29.541,gZ:-6.836
aX:-1.071,aY:0.150,aZ:-0.416,gX:-5.310,gY:-25.391,gZ:-9.094
aX:-1.035,aY:0.139,aZ:-0.397,gX:-5.005,gY:-23.926,gZ:-11.230
aX:-1.047,aY:0.166,aZ:-0.363,gX:2.991,gY:-23.010,gZ:-11.780
aX:-1.033,aY:0.168,aZ:-0.341,gX:6.104,gY:-19.897,gZ:-8.545
aX:-1.016,aY:0.154,aZ:-0.368,gX:5.676,gY:-16.968,gZ:-5.005
aX:-0.994,aY:0.155,aZ:-0.389,gX:0.977,gY:-15.442,gZ:-3.784
aX:-0.967,aY:0.162,aZ:-0.466,gX:-2.625,gY:-15.442,gZ:-2.319
aX:-1.018,aY:0.137,aZ:-0.519,gX:-3.540,gY:-14.709,gZ:1.709
aX:-1.063,aY:0.096,aZ:-0.553,gX:-4.333,gY:-12.939,gZ:6.409
aX:-1.162,aY:0.030,aZ:-0.575,gX:-5.188,gY:-10.498,gZ:9.766
aX:-1.294,aY:-0.034,aZ:-0.677,gX:-5.737,gY:-7.751,gZ:13.855
aX:-1.378,aY:-0.049,aZ:-0.699,gX:-11.475,gY:1.526,gZ:14.038
aX:-1.401,aY:-0.002,aZ:-0.608,gX:-17.456,gY:6.226,gZ:5.066
aX:-1.359,aY:-0.007,aZ:-0.627,gX:-16.663,gY:5.676,gZ:-8.606
aX:-1.357,aY:-0.061,aZ:-0.704,gX:-9.277,gY:-1.526,gZ:-16.174
aX:-1.323,aY:-0.009,aZ:-0.706,gX:0.122,gY:-6.897,gZ:-9.583
aX:-1.158,aY:-0.058,aZ:-0.644,gX:13.794,gY:-0.854,gZ:8.301
aX:-1.038,aY:-0.078,aZ:-0.464,gX:41.931,gY:23.315,gZ:27.893
aX:-0.841,aY:-0.092,aZ:-0.473,gX:52.185,gY:48.889,gZ:48.035
aX:-0.794,aY:-0.144,aZ:-0.454,gX:27.161,gY:56.641,gZ:54.565
aX:-0.792,aY:-0.239,aZ:-0.261,gX:11.353,gY:61.523,gZ:49.194
aX:-0.819,aY:-0.252,aZ:-0.227,gX:-0.488,gY:54.382,gZ:39.429
aX:-0.879,aY:-0.209,aZ:-0.221,gX:-18.982,gY:48.645,gZ:30.823
aX:-1.031,aY:-0.102,aZ:-0.262,gX:-27.466,gY:34.729,gZ:25.330
aX:-1.037,aY:-0.031,aZ:-0.344,gX:-28.503,gY:34.424,gZ:18.494
aX:-0.943,aY:0.003,aZ:-0.386,gX:-24.658,gY:33.203,gZ:8.423
aX:-0.788,aY:-0.029,aZ:-0.349,gX:-21.851,gY:28.625,gZ:-1.770
aX:-0.656,aY:-0.054,aZ:-0.278,gX:-17.517,gY:9.277,gZ:-4.456
aX:-0.575,aY:-0.107,aZ:-0.222,gX:-16.968,gY:-6.592,gZ:1.282
aX:-0.554,aY:-0.132,aZ:-0.181,gX:-23.499,gY:-8.667,gZ:10.925
aX:-0.525,aY:-0.157,aZ:-0.168,gX:-32.349,gY:0.549,gZ:22.095
aX:-0.517,aY:-0.202,aZ:-0.153,gX:-40.771,gY:12.756,gZ:32.227
aX:-0.560,aY:-0.213,aZ:-0.178,gX:-42.603,gY:24.231,gZ:38.025
aX:-0.603,aY:-0.178,aZ:-0.206,gX:-36.682,gY:30.151,gZ:36.682
aX:-0.619,aY:-0.156,aZ:-0.165,gX:-30.640,gY:28.015,gZ:28.625
aX:-0.654,aY:-0.150,aZ:-0.120,gX:-26.794,gY:20.386,gZ:17.090
aX:-0.694,aY:-0.158,aZ:-0.099,gX:-21.973,gY:5.920,gZ:8.545
aX:-0.772,aY:-0.151,aZ:-0.103,gX:-19.470,gY:-11.414,gZ:5.310
aX:-0.856,aY:-0.150,aZ:-0.163,gX:-21.606,gY:-25.269,gZ:7.385
aX:-0.937,aY:-0.201,aZ:-0.206,gX:-20.874,gY:-34.180,gZ:11.536
aX:-1.002,aY:-0.225,aZ:-0.266,gX:-19.104,gY:-37.048,gZ:7.935
aX:-1.065,aY:-0.255,aZ:-0.274,gX:-17.029,gY:-37.415,gZ:3.113
aX:-1.001,aY:-0.235,aZ:-0.229,gX:-13.245,gY:-29.724,gZ:-0.916
aX:-0.945,aY:-0.223,aZ:-0.161,gX:-20.081,gY:-21.362,gZ:-8.423
aX:-0.950,aY:-0.168,aZ:-0.126,gX:-23.010,gY:-12.451,gZ:-12.817
aX:-0.995,aY:-0.084,aZ:-0.124,gX:-25.269,gY:-4.089,gZ:-13.672
aX:-1.131,aY:-0.021,aZ:-0.195,gX:-21.912,gY:6.348,gZ:-12.146
aX:-1.258,aY:-0.028,aZ:-0.211,gX:-8.728,gY:25.269,gZ:-4.456
aX:-1.322,aY:-0.055,aZ:-0.290,gX:1.343,gY:42.175,gZ:4.639
aX:-1.398,aY:-0.118,aZ:-0.529,gX:21.545,gY:54.871,gZ:22.583
aX:-1.486,aY:-0.373,aZ:-0.623,gX:12.756,gY:60.303,gZ:41.748
aX:-1.848,aY:-0.517,aZ:-0.316,gX:1.770,gY:37.231,gZ:68.054
aX:-1.852,aY:-0.597,aZ:-0.193,gX:-6.470,gY:35.217,gZ:66.650
aX:-1.316,aY:-0.469,aZ:-0.417,gX:-32.288,gY:-20.630,gZ:25.574
aX:-0.840,aY:-0.331,aZ:-0.481,gX:-25.269,gY:-70.007,gZ:-14.648
aX:-0.620,aY:-0.297,aZ:-0.322,gX:1.587,gY:-59.082,gZ:-30.640
aX:-0.577,aY:-0.225,aZ:-0.243,gX:23.499,gY:-33.142,gZ:-33.264
aX:-0.689,aY:-0.184,aZ:-0.072,gX:26.917,gY:-12.329,gZ:-30.823
aX:-0.794,aY:-0.175,aZ:-0.083,gX:20.264,gY:-8.972,gZ:-23.437
aX:-0.893,aY:-0.126,aZ:-0.323,gX:10.986,gY:-21.729,gZ:-17.700
aX:-1.004,aY:-0.094,aZ:-0.380,gX:13.489,gY:-22.278,gZ:-6.592
aX:-1.067,aY:-0.046,aZ:-0.339,gX:16.785,gY:-14.709,gZ:-2.502
aX:-0.961,aY:-0.020,aZ:-0.327,gX:13.489,gY:-23.987,gZ:-15.747
aX:-0.841,aY:-0.048,aZ:-0.329,gX:24.780,gY:-33.508,gZ:-31.311
aX:-0.773,aY:-0.055,aZ:-0.288,gX:34.912,gY:-20.996,gZ:-40.649
aX:-0.702,aY:-0.056,aZ:-0.240,gX:35.400,gY:-7.690,gZ:-46.448
aX:-0.657,aY:-0.072,aZ:-0.201,gX:33.142,gY:-2.930,gZ:-47.180
aX:-0.600,aY:-0.045,aZ:-0.214,gX:26.978,gY:-9.888,gZ:-48.035
aX:-0.560,aY:0.015,aZ:-0.264,gX:13.977,gY:-27.710,gZ:-43.030
aX:-0.489,aY:0.103,aZ:-0.311,gX:7.812,gY:-38.818,gZ:-31.616
aX:-0.449,aY:0.169,aZ:-0.290,gX:12.573,gY:-38.147,gZ:-14.771
aX:-0.492,aY:0.174,aZ:-0.313,gX:25.208,gY:-34.851,gZ:1.221
aX:-0.595,aY:0.082,aZ:-0.368,gX:36.499,gY:-29.785,gZ:15.686
aX:-0.719,aY:-0.047,aZ:-0.404,gX:41.321,gY:-23.132,gZ:22.034
aX:-0.862,aY:-0.132,aZ:-0.441,gX:37.415,gY:-17.700,gZ:23.071
aX:-1.030,aY:-0.175,aZ:-0.445,gX:23.376,gY:-16.174,gZ:18.066
aX:-1.122,aY:-0.184,aZ:-0.512,gX:10.315,gY:-22.644,gZ:7.141
aX:-1.194,aY:-0.157,aZ:-0.571,gX:8.728,gY:-28.076,gZ:-4.150
aX:-1.204,aY:-0.099,aZ:-0.640,gX:11.963,gY:-26.367,gZ:-15.625
aX:-1.195,aY:0.011,aZ:-0.637,gX:9.583,gY:-29.602,gZ:-24.597
aX:-1.178,aY:0.046,aZ:-0.566,gX:11.902,gY:-24.780,gZ:-26.245
aX:-1.130,aY:0.069,aZ:-0.498,gX:10.254,gY:-15.625,gZ:-24.231
aX:-1.101,aY:0.152,aZ:-0.491,gX:4.089,gY:-14.343,gZ:-22.827
aX:-1.125,aY:0.219,aZ:-0.516,gX:1.343,gY:-14.221,gZ:-17.883
aX:-1.130,aY:0.209,aZ:-0.608,gX:2.319,gY:-13.916,gZ:-12.512
aX:-1.137,aY:0.075,aZ:-0.687,gX:3.418,gY:-11.597,gZ:-6.042
aX:-1.204,aY:-0.008,aZ:-0.917,gX:2.991,gY:-7.385,gZ:6.714
aX:-1.308,aY:-0.122,aZ:-0.799,gX:1.282,gY:12.451,gZ:21.729
aX:-1.169,aY:-0.180,aZ:-0.735,gX:-8.484,gY:22.827,gZ:22.400
aX:-1.099,aY:-0.191,aZ:-0.582,gX:-5.310,gY:21.118,gZ:12.756
aX:-1.098,aY:-0.129,aZ:-0.573,gX:25.208,gY:28.809,gZ:18.433
aX:-1.022,aY:-0.161,aZ:-0.692,gX:52.429,gY:41.687,gZ:42.603
aX:-0.871,aY:-0.202,aZ:-0.626,gX:28.748,gY:39.612,gZ:57.983
aX:-0.859,aY:-0.236,aZ:-0.529,gX:22.278,gY:43.030,gZ:57.861
aX:-0.808,aY:-0.350,aZ:-0.487,gX:10.620,gY:55.603,gZ:49.438
aX:-0.848,aY:-0.397,aZ:-0.374,gX:-1.892,gY:59.387,gZ:40.161
aX:-0.831,aY:-0.398,aZ:-0.262,gX:-18.555,gY:57.678,gZ:28.809
aX:-0.924,aY:-0.284,aZ:-0.272,gX:-38.879,gY:39.185,gZ:10.559
aX:-0.910,aY:-0.166,aZ:-0.372,gX:-55.237,gY:33.020,gZ:-6.042
aX:-0.780,aY:-0.106,aZ:-0.470,gX:-65.979,gY:20.447,gZ:-17.456
aX:-0.665,aY:-0.038,aZ:-0.487,gX:-61.890,gY:3.845,gZ:-17.212
aX:-0.582,aY:-0.062,aZ:-0.411,gX:-50.171,gY:-8.850,gZ:-2.625
aX:-0.528,aY:-0.120,aZ:-0.314,gX:-45.410,gY:-5.066,gZ:11.658
aX:-0.451,aY:-0.104,aZ:-0.155,gX:-48.157,gY:3.906,gZ:18.677
aX:-0.400,aY:-0.127,aZ:-0.046,gX:-55.176,gY:7.446,gZ:21.118
aX:-0.389,aY:-0.157,aZ:0.005,gX:-61.035,gY:3.662,gZ:16.907
aX:-0.454,aY:-0.133,aZ:-0.039,gX:-61.279,gY:0.488,gZ:8.667
aX:-0.561,aY:-0.083,aZ:-0.133,gX:-61.646,gY:-3.174,gZ:-0.488
aX:-0.655,aY:-0.079,aZ:-0.208,gX:-56.091,gY:-7.812,gZ:-5.188
aX:-0.735,aY:-0.139,aZ:-0.237,gX:-52.612,gY:-23.010,gZ:-4.517
aX:-0.878,aY:-0.216,aZ:-0.261,gX:-47.791,gY:-47.546,gZ:7.141
aX:-1.065,aY:-0.351,aZ:-0.364,gX:-41.077,gY:-57.251,gZ:25.269
aX:-1.239,aY:-0.390,aZ:-0.531,gX:-41.687,gY:-49.072,gZ:25.391
aX:-1.485,aY:-0.361,aZ:-0.581,gX:-43.945,gY:-20.996,gZ:16.052
aX:-1.582,aY:-0.362,aZ:-0.489,gX:-39.978,gY:9.094,gZ:8.362
aX:-1.545,aY:-0.349,aZ:-0.277,gX:-35.706,gY:17.578,gZ:9.338
aX:-1.464,aY:-0.243,aZ:-0.208,gX:-27.771,gY:37.048,gZ:12.756
aX:-1.122,aY:-0.119,aZ:-0.278,gX:-10.986,gY:63.660,gZ:0.061
aX:-1.010,aY:-0.159,aZ:-0.523,gX:7.568,gY:71.350,gZ:-17.212
aX:-1.101,aY:-0.347,aZ:-0.482,gX:18.677,gY:76.172,gZ:-4.150
aX:-1.137,aY:-0.441,aZ:-0.318,gX:0.549,gY:55.359,gZ:16.663
aX:-1.164,aY:-0.444,aZ:-0.263,gX:-5.005,gY:12.024,gZ:27.222
aX:-0.915,aY:-0.300,aZ:-0.234,gX:-21.790,gY:-35.828,gZ:10.498
aX:-0.658,aY:-0.120,aZ:-0.377,gX:-10.803,gY:-46.997,gZ:-14.709
aX:-0.624,aY:-0.096,aZ:-0.418,gX:5.920,gY:-35.400,gZ:-34.180
aX:-0.755,aY:-0.162,aZ:-0.327,gX:29.785,gY:-9.705,gZ:-29.663
aX:-0.879,aY:-0.210,aZ:-0.266,gX:36.072,gY:11.353,gZ:-20.874
aX:-0.982,aY:-0.190,aZ:-0.253,gX:34.485,gY:14.587,gZ:-16.663
aX:-0.974,aY:-0.146,aZ:-0.277,gX:32.837,gY:11.536,gZ:-20.813
aX:-0.914,aY:-0.047,aZ:-0.267,gX:30.396,gY:6.836,gZ:-33.752
aX:-0.858,aY:0.069,aZ:-0.293,gX:30.151,gY:-1.587,gZ:-47.485
aX:-0.803,aY:0.116,aZ:-0.352,gX:30.579,gY:-15.503,gZ:-54.260
aX:-0.745,aY:0.087,aZ:-0.366,gX:33.203,gY:-29.175,gZ:-48.767
aX:-0.646,aY:0.027,aZ:-0.346,gX:38.330,gY:-31.860,gZ:-36.133
aX:-0.571,aY:-0.036,aZ:-0.337,gX:41.504,gY:-26.550,gZ:-27.161
aX:-0.547,aY:-0.089,aZ:-0.306,gX:40.833,gY:-18.188,gZ:-22.217
aX:-0.524,aY:-0.084,aZ:-0.270,gX:32.471,gY:-14.771,gZ:-17.883
aX:-0.549,aY:-0.073,aZ:-0.276,gX:20.691,gY:-15.808,gZ:-11.292
aX:-0.599,aY:-0.063,aZ:-0.333,gX:18.860,gY:-15.503,gZ:-4.272
aX:-0.679,aY:-0.091,aZ:-0.339,gX:18.799,gY:-10.315,gZ:1.648
aX:-0.782,aY:-0.092,aZ:-0.307,gX:12.207,gY:-8.179,gZ:3.906
aX:-0.869,aY:-0.030,aZ:-0.285,gX:8.972,gY:-11.230,gZ:1.770
aX:-0.909,aY:0.023,aZ:-0.338,gX:1.404,gY:-18.982,gZ:-2.930
aX:-1.036,aY:0.076,aZ:-0.401,gX:6.714,gY:-23.987,gZ:-3.784
aX:-1.099,aY:0.096,aZ:-0.471,gX:12.085,gY:-17.639,gZ:-6.042
aX:-1.114,aY:0.099,aZ:-0.467,gX:22.278,gY:-10.010,gZ:-7.080
aX:-1.081,aY:0.073,aZ:-0.382,gX:26.306,gY:-2.380,gZ:-7.141
aX:-1.031,aY:0.057,aZ:-0.279,gX:27.832,gY:3.601,gZ:-7.019
aX:-0.999,aY:0.102,aZ:-0.251,gX:24.475,gY:2.991,gZ:-10.010
aX:-0.930,aY:0.145,aZ:-0.318,gX:15.320,gY:-4.944,gZ:-10.681
aX:-0.918,aY:0.198,aZ:-0.420,gX:9.094,gY:-12.329,gZ:-9.399
aX:-0.961,aY:0.215,aZ:-0.522,gX:9.521,gY:-14.954,gZ:-3.906
aX:-1.010,aY:0.145,aZ:-0.594,gX:12.939,gY:-11.536,gZ:3.601
aX:-1.125,aY:0.011,aZ:-0.585,gX:10.986,gY:-8.301,gZ:9.521
aX:-1.239,aY:-0.069,aZ:-0.731,gX:8.179,gY:-1.526,gZ:12.451
aX:-1.325,aY:-0.122,aZ:-0.881,gX:3.052,gY:-3.113,gZ:15.015
aX:-1.439,aY:-0.152,aZ:-0.795,gX:-2.930,gY:0.366,gZ:15.137
aX:-1.423,aY:-0.208,aZ:-0.741,gX:-10.864,gY:4.028,gZ:5.127
aX:-1.359,aY:-0.273,aZ:-0.686,gX:-11.536,gY:0.854,gZ:-6.897
aX:-1.293,aY:-0.225,aZ:-0.684,gX:-11.963,gY:-9.094,gZ:-13.977
aX:-1.173,aY:-0.140,aZ:-0.641,gX:-10.620,gY:-15.137,gZ:-11.536
aX:-1.058,aY:-0.102,aZ:-0.573,gX:2.686,gY:-2.869,gZ:4.089
aX:-0.948,aY:-0.093,aZ:-0.436,gX:14.526,gY:26.917,gZ:24.963
aX:-0.777,aY:-0.117,aZ:-0.404,gX:11.719,gY:50.842,gZ:43.091
aX:-0.790,aY:-0.145,aZ:-0.261,gX:-20.752,gY:49.011,gZ:39.124
aX:-0.848,aY:-0.142,aZ:-0.226,gX:-25.513,gY:47.546,gZ:31.494
aX:-0.937,aY:-0.140,aZ:-0.277,gX:-29.480,gY:45.898,gZ:22.278
aX:-1.004,aY:-0.141,aZ:-0.319,gX:-41.199,gY:37.598,gZ:16.602
aX:-1.076,aY:-0.085,aZ:-0.349,gX:-54.871,gY:26.367,gZ:13.062
aX:-1.006,aY:-0.038,aZ:-0.395,gX:-58.899,gY:23.682,gZ:5.249
aX:-0.866,aY:-0.058,aZ:-0.391,gX:-60.608,gY:17.822,gZ:-4.761
aX:-0.709,aY:-0.068,aZ:-0.328,gX:-55.786,gY:4.272,gZ:-6.714
aX:-0.659,aY:-0.095,aZ:-0.270,gX:-48.279,gY:-6.165,gZ:1.770
aX:-0.602,aY:-0.131,aZ:-0.216,gX:-53.345,gY:-9.460,gZ:12.390
aX:-0.549,aY:-0.150,aZ:-0.160,gX:-63.171,gY:-5.615,gZ:16.479
aX:-0.503,aY:-0.160,aZ:-0.099,gX:-66.223,gY:0.793,gZ:18.127
aX:-0.526,aY:-0.148,aZ:-0.059,gX:-66.345,gY:7.263,gZ:17.395
aX:-0.533,aY:-0.104,aZ:-0.078,gX:-66.772,gY:9.094,gZ:10.986
aX:-0.574,aY:-0.062,aZ:-0.099,gX:-61.279,gY:-0.061,gZ:3.418
aX:-0.612,aY:-0.009,aZ:-0.131,gX:-52.673,gY:-12.146,gZ:-3.357
aX:-0.601,aY:0.004,aZ:-0.192,gX:-41.626,gY:-18.005,gZ:-10.376
aX:-0.637,aY:-0.003,aZ:-0.206,gX:-28.992,gY:-20.203,gZ:-11.536
aX:-0.728,aY:-0.037,aZ:-0.195,gX:-18.311,gY:-14.954,gZ:-9.521
aX:-0.824,aY:-0.096,aZ:-0.257,gX:-13.367,gY:-1.404,gZ:-8.301
aX:-0.947,aY:-0.210,aZ:-0.265,gX:-9.338,gY:6.836,gZ:-4.028
aX:-1.105,aY:-0.302,aZ:-0.255,gX:-11.780,gY:7.568,gZ:-1.831
aX:-1.132,aY:-0.390,aZ:-0.283,gX:-17.822,gY:7.202,gZ:2.991
aX:-1.160,aY:-0.399,aZ:-0.209,gX:-27.283,gY:10.742,gZ:8.179
aX:-1.204,aY:-0.311,aZ:-0.178,gX:-37.781,gY:11.536,gZ:5.981
aX:-1.200,aY:-0.223,aZ:-0.188,gX:-44.617,gY:11.292,gZ:2.136
aX:-1.219,aY:-0.173,aZ:-0.161,gX:-40.344,gY:17.456,gZ:-9.399
aX:-1.293,aY:-0.098,aZ:-0.122,gX:-26.794,gY:27.771,gZ:-21.362
aX:-1.393,aY:-0.015,aZ:-0.193,gX:-3.540,gY:35.522,gZ:-20.569
aX:-1.404,aY:-0.107,aZ:-0.465,gX:15.686,gY:38.757,gZ:-7.935
aX:-1.540,aY:-0.220,aZ:-0.509,gX:10.437,gY:21.851,gZ:14.709
aX:-1.845,aY:-0.219,aZ:-0.123,gX:6.531,gY:11.414,gZ:47.852
aX:-1.499,aY:-0.420,aZ:-0.288,gX:-6.775,gY:21.667,gZ:33.752
aX:-1.094,aY:-0.496,aZ:-0.462,gX:-48.584,gY:-42.419,gZ:1.404
aX:-0.885,aY:-0.218,aZ:-0.397,gX:-34.973,gY:-89.294,gZ:-14.282
aX:-0.626,aY:-0.235,aZ:-0.246,gX:-9.216,gY:-68.604,gZ:-33.691
aX:-0.566,aY:-0.266,aZ:-0.158,gX:-9.949,gY:-42.297,gZ:-45.166
aX:-0.593,aY:-0.270,aZ:-0.231,gX:-11.475,gY:-23.376,gZ:-45.898
aX:-0.722,aY:-0.310,aZ:-0.292,gX:-10.315,gY:-8.301,gZ:-36.804
aX:-0.825,aY:-0.308,aZ:-0.289,gX:-10.803,gY:-0.427,gZ:-29.297
aX:-0.895,aY:-0.236,aZ:-0.297,gX:-16.479,gY:-2.991,gZ:-34.607
aX:-0.930,aY:-0.116,aZ:-0.453,gX:-34.546,gY:-9.399,gZ:-49.866
aX:-0.937,aY:-0.104,aZ:-0.469,gX:-43.396,gY:-26.001,gZ:-52.063
aX:-0.775,aY:-0.103,aZ:-0.402,gX:-33.813,gY:-29.846,gZ:-49.561
aX:-0.679,aY:-0.128,aZ:-0.395,gX:-25.146,gY:-11.841,gZ:-51.392
aX:-0.643,aY:-0.138,aZ:-0.327,gX:-23.071,gY:9.644,gZ:-50.598
aX:-0.607,aY:-0.153,aZ:-0.277,gX:-25.208,gY:25.085,gZ:-46.692
aX:-0.643,aY:-0.113,aZ:-0.258,gX:-33.997,gY:19.470,gZ:-44.495
aX:-0.698,aY:-0.052,aZ:-0.289,gX:-46.021,gY:3.174,gZ:-44.250
aX:-0.688,aY:-0.016,aZ:-0.294,gX:-56.458,gY:-9.094,gZ:-43.701
aX:-0.662,aY:-0.012,aZ:-0.262,gX:-53.101,gY:-10.864,gZ:-40.894
aX:-0.707,aY:0.000,aZ:-0.251,gX:-47.913,gY:-6.531,gZ:-34.180
aX:-0.737,aY:-0.042,aZ:-0.257,gX:-46.021,gY:-0.244,gZ:-25.146
aX:-0.876,aY:-0.016,aZ:-0.260,gX:-46.143,gY:-1.831,gZ:-18.005
aX:-0.960,aY:-0.010,aZ:-0.334,gX:-48.950,gY:2.136,gZ:-14.893
aX:-1.011,aY:-0.017,aZ:-0.408,gX:-59.509,gY:2.136,gZ:-21.118
aX:-1.119,aY:0.036,aZ:-0.403,gX:-56.824,gY:3.235,gZ:-24.048
aX:-1.095,aY:0.073,aZ:-0.405,gX:-50.171,gY:9.583,gZ:-23.315
aX:-1.000,aY:0.088,aZ:-0.361,gX:-43.396,gY:11.353,gZ:-20.935
aX:-0.905,aY:0.063,aZ:-0.295,gX:-42.480,gY:12.634,gZ:-18.433
aX:-0.875,aY:0.059,aZ:-0.213,gX:-43.152,gY:13.000,gZ:-14.343
aX:-0.886,aY:0.056,aZ:-0.191,gX:-48.828,gY:8.240,gZ:-11.230
aX:-0.894,aY:0.071,aZ:-0.218,gX:-53.345,gY:0.793,gZ:-7.690
aX:-0.907,aY:0.097,aZ:-0.255,gX:-55.664,gY:-3.357,gZ:-6.653
aX:-0.919,aY:0.109,aZ:-0.292,gX:-54.626,gY:-4.028,gZ:-5.554
aX:-0.937,aY:0.109,aZ:-0.282,gX:-51.880,gY:-1.404,gZ:-3.540
aX:-0.953,aY:0.102,aZ:-0.261,gX:-55.420,gY:6.104,gZ:-3.540
aX:-0.957,aY:0.104,aZ:-0.194,gX:-63.660,gY:14.893,gZ:-7.629
aX:-0.928,aY:0.117,aZ:-0.149,gX:-69.031,gY:15.869,gZ:-12.573
aX:-0.911,aY:0.125,aZ:-0.192,gX:-66.162,gY:8.911,gZ:-14.954
aX:-0.929,aY:0.092,aZ:-0.260,gX:-61.340,gY:5.249,gZ:-15.686
aX:-0.952,aY:0.117,aZ:-0.299,gX:-59.143,gY:6.958,gZ:-16.541
aX:-0.928,aY:0.176,aZ:-0.325,gX:-58.533,gY:7.202,gZ:-19.226
aX:-0.920,aY:0.241,aZ:-0.309,gX:-59.265,gY:6.470,gZ:-22.583
aX:-0.970,aY:0.231,aZ:-0.264,gX:-57.800,gY:7.019,gZ:-24.414
aX:-1.056,aY:0.095,aZ:-0.212,gX:-50.720,gY:12.512,gZ:-22.644
aX:-1.138,aY:-0.067,aZ:-0.214,gX:-39.001,gY:20.386,gZ:-16.785
aX:-1.227,aY:-0.106,aZ:-0.286,gX:-37.048,gY:20.691,gZ:-15.686
aX:-1.275,aY:-0.044,aZ:-0.411,gX:-38.269,gY:6.897,gZ:-22.034
aX:-1.297,aY:0.008,aZ:-0.573,gX:-36.133,gY:-3.357,gZ:-25.024
aX:-1.307,aY:0.015,aZ:-0.620,gX:-37.170,gY:-3.845,gZ:-21.973
aX:-1.165,aY:-0.061,aZ:-0.596,gX:-33.264,gY:0.488,gZ:-18.677
aX:-0.958,aY:-0.217,aZ:-0.469,gX:-29.785,gY:1.404,gZ:-14.954
aX:-0.807,aY:-0.402,aZ:-0.338,gX:-32.776,gY:3.418,gZ:-11.597
aX:-0.726,aY:-0.499,aZ:-0.124,gX:-36.072,gY:10.742,gZ:-6.775
aX:-0.722,aY:-0.486,aZ:0.068,gX:-35.583,gY:22.522,gZ:2.014
aX:-0.692,aY:-0.340,aZ:-0.012,gX:-38.391,gY:21.667,gZ:7.690
aX:-0.699,aY:-0.172,aZ:-0.165,gX:-54.932,gY:9.644,gZ:5.859
aX:-0.841,aY:-0.154,aZ:-0.320,gX:-71.960,gY:-2.441,gZ:-1.709
aX:-1.038,aY:-0.106,aZ:-0.372,gX:-80.750,gY:-16.418,gZ:-8.484
aX:-1.162,aY:-0.110,aZ:-0.404,gX:-84.900,gY:-19.287,gZ:-6.836
aX:-1.156,aY:-0.124,aZ:-0.373,gX:-94.177,gY:-18.127,gZ:-7.507
aX:-1.065,aY:-0.137,aZ:-0.348,gX:-101.318,gY:-13.184,gZ:-10.254
aX:-0.947,aY:-0.109,aZ:-0.254,gX:-100.037,gY:-5.615,gZ:-11.963
aX:-0.862,aY:-0.033,aZ:-0.119,gX:-95.337,gY:2.991,gZ:-15.503
aX:-0.819,aY:0.031,aZ:-0.023,gX:-88.379,gY:7.935,gZ:-19.470
aX:-0.763,aY:0.031,aZ:-0.048,gX:-83.557,gY:9.216,gZ:-24.414
aX:-0.765,aY:0.006,aZ:-0.109,gX:-89.539,gY:3.906,gZ:-30.640
aX:-0.825,aY:0.063,aZ:-0.069,gX:-85.571,gY:-0.793,gZ:-31.982
aX:-0.842,aY:0.099,aZ:-0.067,gX:-77.942,gY:-0.977,gZ:-32.227
aX:-0.849,aY:0.129,aZ:-0.063,gX:-71.472,gY:-1.282,gZ:-33.142
aX:-0.896,aY:0.121,aZ:-0.045,gX:-64.697,gY:-0.671,gZ:-33.142
aX:-0.951,aY:0.095,aZ:-0.011,gX:-56.824,gY:3.296,gZ:-29.602
aX:-0.983,aY:0.069,aZ:-0.021,gX:-56.519,gY:2.930,gZ:-28.564
aX:-1.030,aY:0.051,aZ:-0.007,gX:-61.523,gY:-1.831,gZ:-32.227
aX:-1.137,aY:0.048,aZ:0.026,gX:-63.904,gY:-4.883,gZ:-36.987
aX:-1.259,aY:0.050,aZ:0.031,gX:-47.546,gY:1.831,gZ:-34.424
aX:-1.320,aY:0.080,aZ:0.009,gX:-30.457,gY:10.437,gZ:-28.259
aX:-1.277,aY:0.127,aZ:-0.038,gX:-16.174,gY:13.550,gZ:-23.071
aX:-1.165,aY:0.117,aZ:-0.077,gX:-10.132,gY:8.728,gZ:-18.860
aX:-1.117,aY:-0.052,aZ:-0.133,gX:-5.432,gY:11.047,gZ:-8.118
aX:-1.206,aY:-0.284,aZ:-0.255,gX:-0.916,gY:36.743,gZ:14.648
aX:-1.297,aY:-0.539,aZ:-0.257,gX:-33.813,gY:50.476,gZ:31.799
aX:-1.341,aY:-0.605,aZ:-0.100,gX:-77.820,gY:22.217,gZ:22.217
aX:-1.049,aY:-0.338,aZ:-0.223,gX:-84.900,gY:-21.912,gZ:-18.982
aX:-0.880,aY:-0.343,aZ:-0.556,gX:-84.229,gY:-36.438,gZ:-52.368
aX:-0.907,aY:-0.261,aZ:-0.576,gX:-72.266,gY:-23.682,gZ:-54.993
aX:-0.835,aY:-0.074,aZ:-0.549,gX:-54.504,gY:-2.197,gZ:-41.260
aX:-0.823,aY:-0.039,aZ:-0.489,gX:-53.711,gY:-2.625,gZ:-23.254
aX:-0.705,aY:-0.053,aZ:-0.415,gX:-56.213,gY:13.245,gZ:-15.686
aX:-0.702,aY:-0.100,aZ:-0.373,gX:-60.242,gY:18.372,gZ:-12.573
aX:-0.921,aY:-0.027,aZ:-0.364,gX:-68.848,gY:-5.920,gZ:-4.456
aX:-1.089,aY:0.091,aZ:-0.415,gX:-70.679,gY:-15.015,gZ:-2.686
aX:-1.103,aY:0.149,aZ:-0.527,gX:-78.003,gY:-12.390,gZ:-16.724
aX:-1.055,aY:0.122,aZ:-0.590,gX:-76.416,gY:-24.170,gZ:-30.090
aX:-0.984,aY:0.090,aZ:-0.529,gX:-60.974,gY:-33.569,gZ:-35.400
aX:-0.875,aY:0.098,aZ:-0.450,gX:-48.523,gY:-30.945,gZ:-35.583
aX:-0.770,aY:0.127,aZ:-0.393,gX:-46.936,gY:-21.179,gZ:-30.701
aX:-0.764,aY:0.129,aZ:-0.308,gX:-49.377,gY:-8.240,gZ:-18.677
aX:-0.755,aY:0.111,aZ:-0.224,gX:-53.040,gY:0.183,gZ:-4.822
aX:-0.759,aY:0.073,aZ:-0.220,gX:-60.913,gY:1.282,gZ:0.061
aX:-0.821,aY:0.097,aZ:-0.244,gX:-67.017,gY:-6.104,gZ:-2.747
aX:-0.902,aY:0.113,aZ:-0.297,gX:-77.332,gY:-18.127,gZ:-13.245
aX:-1.065,aY:0.162,aZ:-0.292,gX:-72.754,gY:-32.349,gZ:-28.503
aX:-1.094,aY:0.151,aZ:-0.334,gX:-59.326,gY:-35.950,gZ:-38.635
aX:-1.081,aY:0.141,aZ:-0.378,gX:-57.434,gY:-35.278,gZ:-46.448
aX:-1.055,aY:0.189,aZ:-0.327,gX:-57.434,gY:-25.757,gZ:-45.166
aX:-0.968,aY:0.160,aZ:-0.330,gX:-54.565,gY:-11.353,gZ:-38.391
aX:-0.916,aY:0.128,aZ:-0.284,gX:-59.204,gY:-3.113,gZ:-29.663
aX:-0.881,aY:0.155,aZ:-0.223,gX:-58.838,gY:3.906,gZ:-20.630
aX:-0.847,aY:0.174,aZ:-0.256,gX:-55.359,gY:1.465,gZ:-16.846
aX:-0.841,aY:0.181,aZ:-0.267,gX:-53.345,gY:-1.770,gZ:-13.489
aX:-0.908,aY:0.159,aZ:-0.314,gX:-51.392,gY:0.488,gZ:-10.010
aX:-1.003,aY:0.092,aZ:-0.342,gX:-53.528,gY:0.916,gZ:-7.996
aX:-1.101,aY:0.050,aZ:-0.355,gX:-56.824,gY:3.418,gZ:-8.057
aX:-1.181,aY:0.068,aZ:-0.400,gX:-62.073,gY:2.441,gZ:-13.550
aX:-1.239,aY:0.157,aZ:-0.489,gX:-65.491,gY:-1.282,gZ:-20.386
aX:-1.284,aY:0.275,aZ:-0.540,gX:-59.326,gY:-2.258,gZ:-24.109
aX:-1.258,aY:0.323,aZ:-0.650,gX:-45.288,gY:-0.183,gZ:-20.325
aX:-1.245,aY:0.258,aZ:-0.600,gX:-31.372,gY:9.827,gZ:-12.878
aX:-1.205,aY:0.200,aZ:-0.536,gX:-22.461,gY:20.081,gZ:-12.695
aX:-1.235,aY:0.066,aZ:-0.570,gX:-17.273,gY:19.104,gZ:-15.198
aX:-1.255,aY:-0.142,aZ:-0.746,gX:-15.808,gY:9.521,gZ:-12.268
aX:-1.218,aY:-0.269,aZ:-0.862,gX:-17.761,gY:-3.174,gZ:-5.432
aX:-1.181,aY:-0.278,aZ:-0.741,gX:-22.400,gY:-3.845,gZ:0.061
aX:-1.147,aY:-0.216,aZ:-0.567,gX:-28.320,gY:4.150,gZ:12.024
aX:-1.028,aY:-0.129,aZ:-0.467,gX:-41.077,gY:13.123,gZ:26.733
aX:-0.914,aY:-0.140,aZ:-0.422,gX:-35.278,gY:22.827,gZ:36.316
aX:-0.821,aY:-0.166,aZ:-0.377,gX:-24.231,gY:36.987,gZ:36.987
aX:-0.748,aY:-0.139,aZ:-0.329,gX:-29.114,gY:41.992,gZ:32.654
aX:-0.785,aY:-0.113,aZ:-0.305,gX:-36.499,gY:41.626,gZ:23.682
aX:-0.887,aY:-0.094,aZ:-0.265,gX:-42.664,gY:37.720,gZ:19.043
aX:-0.927,aY:-0.073,aZ:-0.290,gX:-45.471,gY:32.532,gZ:21.606
aX:-0.940,aY:-0.031,aZ:-0.341,gX:-46.082,gY:24.780,gZ:22.766
aX:-0.856,aY:-0.091,aZ:-0.366,gX:-45.227,gY:13.184,gZ:18.616
aX:-0.810,aY:-0.157,aZ:-0.317,gX:-46.326,gY:1.648,gZ:14.526
aX:-0.768,aY:-0.183,aZ:-0.225,gX:-52.795,gY:0.183,gZ:13.062
aX:-0.732,aY:-0.185,aZ:-0.204,gX:-63.904,gY:1.099,gZ:9.216
aX:-0.710,aY:-0.148,aZ:-0.225,gX:-71.106,gY:0.427,gZ:2.380
aX:-0.671,aY:-0.115,aZ:-0.240,gX:-69.763,gY:0.488,gZ:-2.625
aX:-0.637,aY:-0.116,aZ:-0.219,gX:-64.148,gY:-0.732,gZ:-4.333
aX:-0.653,aY:-0.112,aZ:-0.175,gX:-57.373,gY:0.793,gZ:-7.446
aX:-0.699,aY:-0.106,aZ:-0.176,gX:-51.636,gY:-2.136,gZ:-12.451
aX:-0.749,aY:-0.092,aZ:-0.200,gX:-47.913,gY:-11.108,gZ:-16.541
aX:-0.789,aY:-0.084,aZ:-0.224,gX:-43.884,gY:-21.973,gZ:-17.273
aX:-0.814,aY:-0.083,aZ:-0.231,gX:-37.231,gY:-29.602,gZ:-15.747
aX:-0.845,aY:-0.104,aZ:-0.219,gX:-32.715,gY:-32.410,gZ:-13.123
aX:-0.859,aY:-0.108,aZ:-0.214,gX:-29.724,gY:-31.616,gZ:-10.315
aX:-0.847,aY:-0.120,aZ:-0.222,gX:-29.907,gY:-26.184,gZ:-7.690
aX:-0.831,aY:-0.129,aZ:-0.201,gX:-30.945,gY:-17.517,gZ:-4.883
aX:-0.857,aY:-0.119,aZ:-0.175,gX:-31.433,gY:-7.019,gZ:-5.920
aX:-0.868,aY:-0.092,aZ:-0.217,gX:-30.762,gY:-2.869,gZ:-8.911
aX:-0.909,aY:-0.084,aZ:-0.236,gX:-25.635,gY:-4.639,gZ:-5.493
aX:-0.918,aY:-0.096,aZ:-0.248,gX:-19.287,gY:-5.432,gZ:-1.099
aX:-0.963,aY:-0.092,aZ:-0.261,gX:-15.747,gY:-6.653,gZ:-0.732
aX:-1.009,aY:-0.094,aZ:-0.238,gX:-9.583,gY:-4.883,gZ:1.465
aX:-1.059,aY:-0.088,aZ:-0.219,gX:-6.287,gY:2.808,gZ:4.028
aX:-1.137,aY:-0.061,aZ:-0.215,gX:-2.197,gY:17.212,gZ:6.592
aX:-1.190,aY:-0.076,aZ:-0.298,gX:5.554,gY:36.621,gZ:5.920
aX:-1.346,aY:-0.155,aZ:-0.415,gX:18.372,gY:57.617,gZ:5.676
aX:-1.521,aY:-0.178,aZ:-0.417,gX:44.312,gY:82.703,gZ:17.517
aX:-1.605,aY:-0.251,aZ:-0.494,gX:49.194,gY:98.572,gZ:29.846
aX:-1.896,aY:-0.310,aZ:-0.440,gX:23.254,gY:77.820,gZ:41.992
aX:-1.649,aY:-0.350,aZ:-0.431,gX:4.456,gY:43.701,gZ:49.561
aX:-1.171,aY:-0.385,aZ:-0.499,gX:-12.329,gY:0.122,gZ:30.762
aX:-0.867,aY:-0.258,aZ:-0.408,gX:-13.428,gY:-15.564,gZ:-2.075
aX:-0.628,aY:-0.164,aZ:-0.310,gX:-1.343,gY:-28.931,gZ:-23.254
aX:-0.585,aY:-0.138,aZ:-0.247,gX:4.761,gY:-34.302,gZ:-32.349
aX:-0.632,aY:-0.216,aZ:-0.154,gX:12.939,gY:-32.959,gZ:-29.114
aX:-0.708,aY:-0.236,aZ:-0.179,gX:10.498,gY:-24.170,gZ:-18.982
aX:-0.793,aY:-0.127,aZ:-0.281,gX:3.601,gY:-24.109,gZ:-14.893
aX:-0.896,aY:-0.042,aZ:-0.338,gX:4.456,gY:-23.621,gZ:-10.681
aX:-0.979,aY:-0.004,aZ:-0.345,gX:5.249,gY:-20.020,gZ:-6.592
aX:-0.989,aY:-0.054,aZ:-0.366,gX:4.639,gY:-23.376,gZ:-8.789
aX:-0.908,aY:-0.081,aZ:-0.354,gX:13.184,gY:-19.714,gZ:-14.465
aX:-0.878,aY:-0.071,aZ:-0.346,gX:19.775,gY:-5.798,gZ:-23.987
aX:-0.840,aY:-0.077,aZ:-0.337,gX:19.470,gY:2.502,gZ:-30.579
aX:-0.774,aY:-0.088,aZ:-0.323,gX:12.817,gY:4.517,gZ:-31.799
aX:-0.748,aY:-0.082,aZ:-0.285,gX:7.080,gY:2.380,gZ:-30.945
aX:-0.755,aY:-0.051,aZ:-0.244,gX:3.540,gY:-2.747,gZ:-26.428
aX:-0.673,aY:0.003,aZ:-0.247,gX:-0.610,gY:-11.353,gZ:-21.667
aX:-0.586,aY:0.033,aZ:-0.230,gX:-0.427,gY:-19.958,gZ:-18.738
aX:-0.561,aY:0.051,aZ:-0.258,gX:4.578,gY:-26.550,gZ:-17.639
aX:-0.600,aY:0.025,aZ:-0.290,gX:7.996,gY:-28.992,gZ:-16.357
aX:-0.693,aY:-0.000,aZ:-0.320,gX:8.911,gY:-26.062,gZ:-15.991
aX:-0.783,aY:-0.020,aZ:-0.343,gX:6.714,gY:-24.658,gZ:-15.259
aX:-0.893,aY:-0.030,aZ:-0.396,gX:-5.798,gY:-34.241,gZ:-20.203
aX:-0.987,aY:-0.006,aZ:-0.419,gX:-3.967,gY:-34.790,gZ:-21.362
aX:-1.007,aY:0.018,aZ:-0.448,gX:-1.953,gY:-27.893,gZ:-21.362
aX:-1.007,aY:0.047,aZ:-0.438,gX:-5.188,gY:-24.902,gZ:-19.165
aX:-0.989,aY:0.071,aZ:-0.400,gX:-4.944,gY:-17.700,gZ:-16.479
aX:-0.934,aY:0.086,aZ:-0.372,gX:-6.226,gY:-11.963,gZ:-16.357
aX:-0.936,aY:0.124,aZ:-0.373,gX:-7.141,gY:-9.766,gZ:-16.541
aX:-0.909,aY:0.124,aZ:-0.438,gX:-8.179,gY:-7.874,gZ:-12.817
aX:-0.938,aY:0.153,aZ:-0.447,gX:-7.690,gY:-7.202,gZ:-7.080
aX:-0.932,aY:0.159,aZ:-0.420,gX:-3.601,gY:-2.625,gZ:-3.052
aX:-0.915,aY:0.135,aZ:-0.409,gX:0.916,gY:0.732,gZ:-2.319
aX:-0.920,aY:0.131,aZ:-0.411,gX:1.099,gY:-1.221,gZ:-2.319
aX:-0.918,aY:0.110,aZ:-0.442,gX:0.122,gY:0.244,gZ:-0.244
aX:-0.926,aY:0.077,aZ:-0.472,gX:-1.038,gY:3.357,gZ:4.028
aX:-0.944,aY:0.040,aZ:-0.459,gX:-2.014,gY:10.254,gZ:7.935
aX:-0.967,aY:0.019,aZ:-0.424,gX:-7.629,gY:16.663,gZ:11.169
aX:-1.000,aY:0.006,aZ:-0.398,gX:-14.954,gY:20.447,gZ:13.184
aX:-1.012,aY:0.017,aZ:-0.480,gX:-21.301,gY:16.846,gZ:11.536
aX:-1.059,aY:0.042,aZ:-0.531,gX:-22.705,gY:12.024,gZ:7.080
aX:-1.128,aY:0.099,aZ:-0.499,gX:-18.982,gY:12.634,gZ:0.000
aX:-1.176,aY:0.141,aZ:-0.492,gX:-14.648,gY:11.963,gZ:-5.798
aX:-1.229,aY:0.158,aZ:-0.534,gX:-11.047,gY:9.033,gZ:-10.681
aX:-1.267,aY:0.147,aZ:-0.589,gX:-7.324,gY:5.371,gZ:-14.587
aX:-1.261,aY:0.118,aZ:-0.665,gX:0.305,gY:4.272,gZ:-14.893
aX:-1.236,aY:0.064,aZ:-0.674,gX:8.057,gY:9.094,gZ:-11.230
aX:-1.176,aY:-0.005,aZ:-0.598,gX:11.108,gY:18.188,gZ:-6.958
aX:-1.058,aY:-0.086,aZ:-0.535,gX:7.019,gY:20.752,gZ:-3.174
aX:-0.914,aY:-0.137,aZ:-0.505,gX:-3.357,gY:14.160,gZ:-0.366
aX:-0.829,aY:-0.160,aZ:-0.425,gX:-7.507,gY:8.057,gZ:2.991
aX:-0.833,aY:-0.114,aZ:-0.365,gX:-9.216,gY:6.348,gZ:9.094
aX:-0.898,aY:-0.058,aZ:-0.334,gX:-7.568,gY:7.751,gZ:20.630
aX:-0.922,aY:-0.019,aZ:-0.356,gX:-0.549,gY:13.611,gZ:32.471
aX:-0.929,aY:0.006,aZ:-0.341,gX:11.292,gY:21.973,gZ:39.429
aX:-0.882,aY:-0.015,aZ:-0.316,gX:13.550,gY:30.273,gZ:41.138
aX:-0.898,aY:-0.005,aZ:-0.314,gX:2.136,gY:31.250,gZ:29.907
aX:-0.898,aY:-0.051,aZ:-0.296,gX:-5.066,gY:23.987,gZ:18.921
aX:-0.931,aY:-0.071,aZ:-0.250,gX:-6.653,gY:20.569,gZ:10.925
aX:-0.918,aY:-0.064,aZ:-0.232,gX:-10.315,gY:19.104,gZ:8.789
aX:-0.875,aY:-0.054,aZ:-0.226,gX:-12.085,gY:18.311,gZ:11.414
aX:-0.828,aY:-0.050,aZ:-0.237,gX:-17.395,gY:13.550,gZ:14.038
aX:-0.864,aY:-0.038,aZ:-0.226,gX:-22.156,gY:9.216,gZ:17.822
aX:-0.852,aY:-0.051,aZ:-0.265,gX:-19.836,gY:11.353,gZ:21.301
aX:-0.848,aY:-0.064,aZ:-0.279,gX:-18.188,gY:9.216,gZ:23.499
aX:-0.873,aY:-0.053,aZ:-0.274,gX:-14.587,gY:8.545,gZ:24.780
aX:-0.866,aY:-0.096,aZ:-0.243,gX:-12.573,gY:3.723,gZ:26.428
aX:-0.851,aY:-0.143,aZ:-0.207,gX:-11.169,gY:0.671,gZ:27.771
aX:-0.835,aY:-0.152,aZ:-0.194,gX:-13.550,gY:-1.221,gZ:26.184
aX:-0.863,aY:-0.124,aZ:-0.198,gX:-14.648,gY:-3.540,gZ:25.208
aX:-0.841,aY:-0.105,aZ:-0.201,gX:-14.648,gY:-3.418,gZ:23.376
aX:-0.815,aY:-0.111,aZ:-0.207,gX:-14.160,gY:-4.150,gZ:20.325
aX:-0.827,aY:-0.049,aZ:-0.210,gX:-11.414,gY:-5.554,gZ:15.625
aX:-0.818,aY:-0.014,aZ:-0.213,gX:-7.446,gY:-6.653,gZ:13.245
aX:-0.793,aY:-0.036,aZ:-0.234,gX:-1.465,gY:-8.850,gZ:13.855
aX:-0.801,aY:-0.097,aZ:-0.224,gX:4.456,gY:-6.897,gZ:16.113
aX:-0.820,aY:-0.161,aZ:-0.177,gX:10.620,gY:-0.366,gZ:19.287
aX:-0.821,aY:-0.204,aZ:-0.126,gX:10.803,gY:7.690,gZ:19.592
aX:-0.831,aY:-0.216,aZ:-0.103,gX:6.714,gY:9.155,gZ:17.822
aX:-0.861,aY:-0.219,aZ:-0.120,gX:0.854,gY:6.470,gZ:15.442
aX:-0.918,aY:-0.177,aZ:-0.134,gX:-4.944,gY:3.235,gZ:11.841
aX:-0.990,aY:-0.144,aZ:-0.175,gX:-5.127,gY:1.953,gZ:8.240
aX:-1.029,aY:-0.151,aZ:-0.178,gX:-0.854,gY:2.563,gZ:9.399
aX:-1.065,aY:-0.183,aZ:-0.142,gX:3.235,gY:5.554,gZ:12.939
aX:-1.150,aY:-0.144,aZ:-0.135,gX:5.432,gY:12.207,gZ:13.977
aX:-1.224,aY:-0.056,aZ:-0.129,gX:14.282,gY:24.048,gZ:9.155
aX:-1.360,aY:-0.050,aZ:-0.396,gX:27.527,gY:41.748,gZ:1.404
aX:-1.428,aY:-0.232,aZ:-0.464,gX:53.345,gY:72.266,gZ:10.925
aX:-1.543,aY:-0.437,aZ:-0.341,gX:64.209,gY:88.379,gZ:33.569
aX:-1.607,aY:-0.487,aZ:-0.184,gX:44.373,gY:64.087,gZ:53.955
aX:-1.288,aY:-0.384,aZ:-0.131,gX:26.306,gY:47.607,gZ:44.617
aX:-1.111,aY:-0.324,aZ:-0.321,gX:6.836,gY:27.832,gZ:2.136
aX:-1.004,aY:-0.267,aZ:-0.411,gX:4.456,gY:-6.531,gZ:-12.207
aX:-0.983,aY:-0.231,aZ:-0.362,gX:8.911,gY:-32.043,gZ:-13.000
aX:-0.898,aY:-0.223,aZ:-0.381,gX:10.498,gY:-53.833,gZ:-14.954
aX:-0.837,aY:-0.192,aZ:-0.340,gX:3.601,gY:-71.289,gZ:-20.630
aX:-0.745,aY:-0.147,aZ:-0.415,gX:3.235,gY:-71.838,gZ:-27.649
aX:-0.709,aY:-0.133,aZ:-0.390,gX:10.925,gY:-60.303,gZ:-25.085
aX:-0.699,aY:-0.142,aZ:-0.342,gX:20.325,gY:-36.011,gZ:-17.822
aX:-0.786,aY:-0.157,aZ:-0.272,gX:19.531,gY:-19.043,gZ:-9.644
aX:-0.852,aY:-0.148,aZ:-0.277,gX:14.526,gY:-11.963,gZ:-5.920
aX:-0.877,aY:-0.114,aZ:-0.332,gX:11.963,gY:-6.714,gZ:-8.423
aX:-0.856,aY:-0.089,aZ:-0.356,gX:10.864,gY:-4.944,gZ:-16.479
aX:-0.839,aY:-0.068,aZ:-0.358,gX:11.169,gY:-7.446,gZ:-26.062
aX:-0.844,aY:-0.052,aZ:-0.364,gX:13.489,gY:-9.399,gZ:-32.227
aX:-0.876,aY:-0.048,aZ:-0.381,gX:13.855,gY:-7.935,gZ:-32.715
aX:-0.925,aY:-0.076,aZ:-0.392,gX:10.071,gY:-0.854,gZ:-28.076
aX:-0.860,aY:-0.049,aZ:-0.368,gX:4.700,gY:0.916,gZ:-24.048
aX:-0.698,aY:0.000,aZ:-0.370,gX:-1.343,gY:-1.831,gZ:-26.245
aX:-0.601,aY:0.018,aZ:-0.324,gX:-0.671,gY:-6.592,gZ:-29.358
aX:-0.564,aY:0.030,aZ:-0.301,gX:2.991,gY:-12.085,gZ:-29.053
aX:-0.596,aY:-0.007,aZ:-0.284,gX:3.784,gY:-26.123,gZ:-23.804
aX:-0.657,aY:-0.022,aZ:-0.278,gX:1.282,gY:-32.837,gZ:-17.639
aX:-0.744,aY:0.001,aZ:-0.311,gX:-7.141,gY:-34.851,gZ:-16.785
aX:-0.803,aY:0.018,aZ:-0.373,gX:-16.541,gY:-36.621,gZ:-19.226
aX:-0.894,aY:0.050,aZ:-0.401,gX:-16.174,gY:-37.720,gZ:-18.677
aX:-0.944,aY:0.085,aZ:-0.430,gX:-12.634,gY:-36.011,gZ:-16.785
aX:-0.997,aY:0.111,aZ:-0.453,gX:-9.277,gY:-31.433,gZ:-15.747
aX:-1.026,aY:0.129,aZ:-0.471,gX:-3.845,gY:-22.766,gZ:-14.648
aX:-1.042,aY:0.129,aZ:-0.475,gX:-3.296,gY:-16.724,gZ:-15.747
aX:-1.032,aY:0.121,aZ:-0.475,gX:-0.793,gY:-12.329,gZ:-16.235
aX:-1.013,aY:0.117,aZ:-0.452,gX:-2.075,gY:-10.193,gZ:-17.334
aX:-0.946,aY:0.099,aZ:-0.451,gX:-2.930,gY:-10.132,gZ:-16.296
aX:-0.931,aY:0.116,aZ:-0.406,gX:-6.653,gY:-10.681,gZ:-13.062
aX:-0.879,aY:0.122,aZ:-0.432,gX:-4.883,gY:-5.310,gZ:-6.897
aX:-0.947,aY:0.124,aZ:-0.418,gX:-4.517,gY:-6.165,gZ:-2.197
aX:-0.944,aY:0.120,aZ:-0.448,gX:-10.376,gY:2.319,gZ:-1.892
aX:-0.961,aY:0.127,aZ:-0.462,gX:-13.062,gY:-2.319,gZ:-0.793
aX:-0.959,aY:0.133,aZ:-0.491,gX:-15.930,gY:-4.150,gZ:-0.793
aX:-0.944,aY:0.149,aZ:-0.482,gX:-15.381,gY:0.610,gZ:-3.784
aX:-0.940,aY:0.178,aZ:-0.478,gX:-12.207,gY:5.371,gZ:-4.211
aX:-0.958,aY:0.175,aZ:-0.537,gX:-8.240,gY:4.028,gZ:0.427
aX:-0.970,aY:0.149,aZ:-0.558,gX:-3.418,gY:4.211,gZ:7.324
aX:-0.983,aY:0.107,aZ:-0.536,gX:0.610,gY:7.629,gZ:12.024
aX:-1.020,aY:0.057,aZ:-0.500,gX:4.761,gY:12.634,gZ:13.916
aX:-1.094,aY:0.024,aZ:-0.498,gX:1.831,gY:15.320,gZ:12.573
aX:-1.189,aY:0.009,aZ:-0.586,gX:-5.981,gY:12.085,gZ:10.681
aX:-1.262,aY:0.019,aZ:-0.737,gX:-11.230,gY:4.089,gZ:14.221
aX:-1.251,aY:-0.047,aZ:-0.841,gX:-8.911,gY:-1.526,gZ:21.790
aX:-1.144,aY:-0.119,aZ:-0.704,gX:0.000,gY:12.878,gZ:22.827
aX:-1.030,aY:-0.194,aZ:-0.569,gX:4.822,gY:23.987,gZ:14.343
aX:-0.955,aY:-0.240,aZ:-0.457,gX:8.362,gY:20.691,gZ:4.333
aX:-0.941,aY:-0.211,aZ:-0.406,gX:11.902,gY:14.526,gZ:0.122
aX:-0.961,aY:-0.182,aZ:-0.451,gX:7.202,gY:5.310,gZ:6.775
aX:-1.020,aY:-0.109,aZ:-0.421,gX:9.521,gY:2.075,gZ:19.775
aX:-0.955,aY:-0.081,aZ:-0.389,gX:17.700,gY:12.024,gZ:32.959
aX:-0.861,aY:-0.014,aZ:-0.346,gX:18.311,gY:18.982,gZ:40.344
aX:-0.823,aY:-0.007,aZ:-0.363,gX:1.953,gY:15.869,gZ:36.438
aX:-0.858,aY:-0.007,aZ:-0.373,gX:-8.362,gY:7.568,gZ:32.288
aX:-0.869,aY:-0.112,aZ:-0.353,gX:-13.977,gY:15.137,gZ:27.649
aX:-0.887,aY:-0.148,aZ:-0.247,gX:-12.024,gY:22.156,gZ:28.381
aX:-0.871,aY:-0.129,aZ:-0.244,gX:-13.000,gY:28.442,gZ:31.067
aX:-0.793,aY:-0.094,aZ:-0.265,gX:-17.578,gY:30.579,gZ:24.963
aX:-0.770,aY:-0.077,aZ:-0.295,gX:-23.254,gY:15.991,gZ:19.775
aX:-0.775,aY:-0.113,aZ:-0.292,gX:-21.973,gY:2.502,gZ:21.912
aX:-0.799,aY:-0.146,aZ:-0.289,gX:-21.484,gY:3.296,gZ:25.818
aX:-0.783,aY:-0.177,aZ:-0.286,gX:-22.705,gY:8.362,gZ:26.794
aX:-0.770,aY:-0.176,aZ:-0.272,gX:-22.095,gY:11.414,gZ:25.146
aX:-0.734,aY:-0.184,aZ:-0.251,gX:-21.912,gY:9.033,gZ:23.315
aX:-0.751,aY:-0.177,aZ:-0.246,gX:-24.292,gY:6.409,gZ:22.522
aX:-0.774,aY:-0.171,aZ:-0.226,gX:-28.809,gY:4.456,gZ:18.555
aX:-0.809,aY:-0.162,aZ:-0.223,gX:-34.180,gY:-3.235,gZ:13.489
aX:-0.821,aY:-0.167,aZ:-0.224,gX:-36.438,gY:-12.878,gZ:10.071
aX:-0.841,aY:-0.156,aZ:-0.224,gX:-36.926,gY:-19.897,gZ:5.981
aX:-0.914,aY:-0.130,aZ:-0.224,gX:-34.424,gY:-25.024,gZ:0.061
aX:-0.951,aY:-0.109,aZ:-0.249,gX:-31.982,gY:-33.203,gZ:-3.296
aX:-0.966,aY:-0.089,aZ:-0.286,gX:-28.809,gY:-42.725,gZ:-3.906
aX:-0.953,aY:-0.097,aZ:-0.327,gX:-26.123,gY:-47.363,gZ:-1.343
aX:-0.919,aY:-0.115,aZ:-0.328,gX:-23.315,gY:-46.082,gZ:2.502
aX:-0.922,aY:-0.117,aZ:-0.261,gX:-20.813,gY:-41.199,gZ:5.798
aX:-0.938,aY:-0.095,aZ:-0.266,gX:-20.020,gY:-37.781,gZ:7.202
aX:-0.850,aY:-0.088,aZ:-0.372,gX:-19.226,gY:-30.334,gZ:8.362
aX:-0.831,aY:-0.160,aZ:-0.426,gX:-13.733,gY:-10.071,gZ:13.184
aX:-0.840,aY:-0.231,aZ:-0.376,gX:-3.418,gY:13.672,gZ:12.939
aX:-0.789,aY:-0.243,aZ:-0.261,gX:5.493,gY:29.114,gZ:8.728
aX:-0.805,aY:-0.221,aZ:-0.205,gX:9.277,gY:27.832,gZ:4.272
aX:-0.941,aY:-0.207,aZ:-0.182,gX:9.216,gY:19.470,gZ:1.404
aX:-1.039,aY:-0.221,aZ:-0.214,gX:8.606,gY:13.794,gZ:-1.770
aX:-1.062,aY:-0.235,aZ:-0.241,gX:8.911,gY:7.568,gZ:-2.563
aX:-1.052,aY:-0.229,aZ:-0.269,gX:9.216,gY:3.418,gZ:-3.723
aX:-1.038,aY:-0.202,aZ:-0.290,gX:10.803,gY:4.883,gZ:-5.554
aX:-0.981,aY:-0.149,aZ:-0.337,gX:15.503,gY:11.475,gZ:-9.033
aX:-1.009,aY:-0.213,aZ:-0.427,gX:22.522,gY:24.597,gZ:-6.897
aX:-1.105,aY:-0.323,aZ:-0.455,gX:30.945,gY:48.462,gZ:7.629
aX:-1.211,aY:-0.376,aZ:-0.304,gX:39.612,gY:75.684,gZ:24.109
aX:-1.351,aY:-0.309,aZ:-0.213,gX:42.542,gY:83.008,gZ:29.968
aX:-1.428,aY:-0.198,aZ:-0.268,gX:30.090,gY:62.561,gZ:27.588
aX:-1.316,aY:-0.122,aZ:-0.289,gX:20.386,gY:37.292,gZ:18.494
aX:-1.012,aY:-0.284,aZ:-0.544,gX:18.738,gY:31.860,gZ:-8.240
aX:-1.115,aY:-0.414,aZ:-0.551,gX:14.832,gY:21.301,gZ:-8.484
aX:-1.194,aY:-0.376,aZ:-0.446,gX:23.315,gY:34.851,gZ:12.878
aX:-1.109,aY:-0.309,aZ:-0.372,gX:14.343,gY:36.804,gZ:18.372
aX:-0.881,aY:-0.260,aZ:-0.462,gX:-5.066,gY:9.399,gZ:-1.099
aX:-0.764,aY:-0.232,aZ:-0.498,gX:-3.357,gY:-25.574,gZ:-16.663
aX:-0.746,aY:-0.240,aZ:-0.441,gX:9.277,gY:-29.907,gZ:-16.357
aX:-0.727,aY:-0.249,aZ:-0.380,gX:13.428,gY:-17.517,gZ:-13.916
aX:-0.741,aY:-0.220,aZ:-0.366,gX:13.489,gY:-13.489,gZ:-14.771
aX:-0.764,aY:-0.212,aZ:-0.431,gX:12.329,gY:-12.451,gZ:-15.991
aX:-0.834,aY:-0.240,aZ:-0.423,gX:12.512,gY:-7.751,gZ:-14.771
aX:-0.853,aY:-0.246,aZ:-0.408,gX:10.620,gY:-6.287,gZ:-19.165
aX:-0.828,aY:-0.207,aZ:-0.404,gX:1.343,gY:-10.925,gZ:-29.968
aX:-0.823,aY:-0.163,aZ:-0.397,gX:-2.502,gY:-11.597,gZ:-35.828
aX:-0.799,aY:-0.145,aZ:-0.402,gX:-9.338,gY:-7.141,gZ:-38.513
aX:-0.806,aY:-0.124,aZ:-0.407,gX:-12.085,gY:-4.272,gZ:-37.720
aX:-0.776,aY:-0.106,aZ:-0.416,gX:-13.123,gY:-2.563,gZ:-35.339
aX:-0.738,aY:-0.097,aZ:-0.411,gX:-12.695,gY:-3.357,gZ:-31.250
aX:-0.714,aY:-0.099,aZ:-0.365,gX:-9.277,gY:-3.906,gZ:-27.283
aX:-0.695,aY:-0.108,aZ:-0.356,gX:-10.986,gY:-4.028,gZ:-27.039
aX:-0.740,aY:-0.088,aZ:-0.321,gX:-8.484,gY:-6.104,gZ:-25.452
aX:-0.777,aY:-0.090,aZ:-0.328,gX:-5.127,gY:-7.751,gZ:-21.729
aX:-0.809,aY:-0.108,aZ:-0.335,gX:-3.906,gY:-11.353,gZ:-16.357
aX:-0.855,aY:-0.117,aZ:-0.326,gX:-9.033,gY:-12.451,gZ:-13.916
aX:-0.855,aY:-0.114,aZ:-0.362,gX:-10.376,gY:-9.033,gZ:-13.428
aX:-0.837,aY:-0.077,aZ:-0.387,gX:-17.151,gY:-11.353,gZ:-15.808
aX:-0.832,aY:-0.048,aZ:-0.429,gX:-19.043,gY:-9.949,gZ:-17.151
aX:-0.860,aY:-0.022,aZ:-0.407,gX:-18.555,gY:-8.545,gZ:-15.198
aX:-0.890,aY:-0.026,aZ:-0.389,gX:-18.188,gY:-5.005,gZ:-12.817
aX:-0.915,aY:-0.021,aZ:-0.373,gX:-19.226,gY:-2.625,gZ:-12.512
aX:-0.936,aY:-0.002,aZ:-0.368,gX:-18.799,gY:-2.136,gZ:-12.268
aX:-0.934,aY:0.020,aZ:-0.397,gX:-18.860,gY:-2.319,gZ:-10.498
aX:-0.941,aY:0.009,aZ:-0.414,gX:-20.081,gY:-1.892,gZ:-8.240
aX:-0.940,aY:0.002,aZ:-0.388,gX:-20.386,gY:-0.183,gZ:-4.822
aX:-0.935,aY:-0.004,aZ:-0.369,gX:-25.513,gY:-0.061,gZ:-3.479
aX:-0.919,aY:0.010,aZ:-0.359,gX:-29.663,gY:-4.211,gZ:-3.052
aX:-0.896,aY:0.025,aZ:-0.365,gX:-31.921,gY:-9.216,gZ:-2.563
aX:-0.903,aY:0.040,aZ:-0.353,gX:-32.043,gY:-10.986,gZ:-0.610
aX:-0.917,aY:0.050,aZ:-0.351,gX:-33.020,gY:-9.094,gZ:0.793
aX:-0.958,aY:0.062,aZ:-0.364,gX:-34.912,gY:-6.714,gZ:2.075
aX:-0.972,aY:0.057,aZ:-0.364,gX:-35.339,gY:-3.479,gZ:3.296
aX:-0.974,aY:0.035,aZ:-0.371,gX:-39.917,gY:-2.563,gZ:2.869
aX:-0.993,aY:0.039,aZ:-0.338,gX:-42.969,gY:1.343,gZ:0.000
aX:-0.983,aY:0.046,aZ:-0.343,gX:-47.241,gY:4.761,gZ:-5.310
aX:-0.945,aY:0.077,aZ:-0.353,gX:-50.354,gY:8.301,gZ:-9.888
aX:-0.891,aY:0.152,aZ:-0.379,gX:-52.246,gY:11.902,gZ:-14.587
aX:-0.836,aY:0.230,aZ:-0.422,gX:-52.002,gY:11.780,gZ:-18.494
aX:-0.804,aY:0.259,aZ:-0.405,gX:-46.875,gY:8.606,gZ:-19.470
aX:-0.817,aY:0.239,aZ:-0.387,gX:-37.109,gY:6.531,gZ:-17.029
aX:-0.848,aY:0.150,aZ:-0.399,gX:-27.954,gY:7.019,gZ:-12.756
aX:-0.914,aY:-0.038,aZ:-0.426,gX:-15.930,gY:11.292,gZ:-8.484
aX:-0.976,aY:-0.196,aZ:-0.359,gX:-0.916,gY:23.621,gZ:-5.432
aX:-0.973,aY:-0.193,aZ:-0.340,gX:-2.319,gY:23.743,gZ:-13.000
aX:-0.961,aY:-0.077,aZ:-0.362,gX:-10.254,gY:7.874,gZ:-26.550
aX:-0.974,aY:-0.006,aZ:-0.425,gX:-20.752,gY:-12.146,gZ:-37.537
aX:-1.001,aY:-0.039,aZ:-0.461,gX:-27.283,gY:-25.452,gZ:-40.833
aX:-1.023,aY:-0.137,aZ:-0.426,gX:-28.259,gY:-24.658,gZ:-39.795
aX:-1.038,aY:-0.167,aZ:-0.388,gX:-25.696,gY:-15.564,gZ:-33.691
aX:-0.987,aY:-0.165,aZ:-0.382,gX:-24.536,gY:-5.066,gZ:-23.254
aX:-0.972,aY:-0.165,aZ:-0.362,gX:-25.879,gY:5.615,gZ:-15.930
aX:-0.971,aY:-0.156,aZ:-0.366,gX:-30.151,gY:10.742,gZ:-14.099
aX:-1.006,aY:-0.170,aZ:-0.348,gX:-33.875,gY:6.592,gZ:-15.198
aX:-1.049,aY:-0.176,aZ:-0.358,gX:-34.363,gY:1.709,gZ:-17.151
aX:-1.067,aY:-0.173,aZ:-0.355,gX:-31.372,gY:-1.160,gZ:-17.822
aX:-1.021,aY:-0.154,aZ:-0.347,gX:-27.710,gY:-0.732,gZ:-17.151
aX:-0.954,aY:-0.116,aZ:-0.349,gX:-26.672,gY:-0.305,gZ:-14.771
aX:-0.893,aY:-0.088,aZ:-0.331,gX:-28.625,gY:1.343,gZ:-9.888
aX:-0.869,aY:-0.079,aZ:-0.295,gX:-30.762,gY:3.540,gZ:-3.540
aX:-0.888,aY:-0.105,aZ:-0.256,gX:-30.457,gY:5.493,gZ:3.540
aX:-0.924,aY:-0.112,aZ:-0.257,gX:-30.334,gY:5.493,gZ:9.460
aX:-0.967,aY:-0.118,aZ:-0.285,gX:-32.288,gY:1.770,gZ:10.376
aX:-1.008,aY:-0.114,aZ:-0.301,gX:-32.043,gY:-3.357,gZ:7.996
aX:-1.010,aY:-0.118,aZ:-0.298,gX:-30.457,gY:-6.104,gZ:2.319
aX:-0.990,aY:-0.124,aZ:-0.287,gX:-28.198,gY:-6.592,gZ:-2.441
aX:-0.948,aY:-0.108,aZ:-0.272,gX:-23.682,gY:-4.272,gZ:-2.991
aX:-0.925,aY:-0.083,aZ:-0.282,gX:-22.583,gY:-2.197,gZ:-0.732
aX:-0.918,aY:-0.083,aZ:-0.292,gX:-25.452,gY:-2.441,gZ:1.099
aX:-0.948,aY:-0.095,aZ:-0.284,gX:-27.832,gY:-2.686,gZ:1.526
aX:-0.949,aY:-0.110,aZ:-0.279,gX:-26.917,gY:-2.563,gZ:0.916
aX:-0.940,aY:-0.125,aZ:-0.268,gX:-26.306,gY:-3.723,gZ:0.671
aX:-0.941,aY:-0.127,aZ:-0.258,gX:-24.414,gY:-4.944,gZ:0.793
aX:-0.941,aY:-0.127,aZ:-0.263,gX:-23.315,gY:-3.784,gZ:0.854
aX:-0.953,aY:-0.128,aZ:-0.272,gX:-21.973,gY:-2.686,gZ:0.305
aX:-0.963,aY:-0.117,aZ:-0.296,gX:-22.339,gY:-3.174,gZ:-1.282
aX:-0.977,aY:-0.101,aZ:-0.319,gX:-23.926,gY:-3.662,gZ:-3.113
aX:-0.981,aY:-0.088,aZ:-0.326,gX:-23.621,gY:-3.174,gZ:-3.906
aX:-0.970,aY:-0.084,aZ:-0.308,gX:-24.841,gY:-4.211,gZ:-4.211
aX:-0.970,aY:-0.086,aZ:-0.302,gX:-25.696,gY:-5.310,gZ:-4.395
aX:-0.969,aY:-0.096,aZ:-0.308,gX:-23.682,gY:-2.747,gZ:-3.052
aX:-0.966,aY:-0.106,aZ:-0.313,gX:-22.461,gY:-0.427,gZ:-2.380
aX:-0.960,aY:-0.112,aZ:-0.323,gX:-21.240,gY:1.526,gZ:-2.808
aX:-0.951,aY:-0.103,aZ:-0.332,gX:-18.555,gY:2.014,gZ:-3.601
aX:-0.947,aY:-0.090,aZ:-0.338,gX:-17.029,gY:2.319,gZ:-4.150
aX:-0.938,aY:-0.081,aZ:-0.338,gX:-15.686,gY:3.357,gZ:-3.967
aX:-0.926,aY:-0.079,aZ:-0.335,gX:-14.404,gY:3.479,gZ:-3.540
aX:-0.919,aY:-0.089,aZ:-0.336,gX:-13.733,gY:2.197,gZ:-2.808
aX:-0.925,aY:-0.099,aZ:-0.342,gX:-13.184,gY:1.160,gZ:-2.258
aX:-0.939,aY:-0.114,aZ:-0.347,gX:-12.146,gY:0.427,gZ:-1.831
aX:-0.949,aY:-0.126,aZ:-0.348,gX:-11.292,gY:-0.916,gZ:-1.465
aX:-0.960,aY:-0.120,aZ:-0.356,gX:-10.559,gY:-1.160,gZ:-1.526
aX:-0.951,aY:-0.111,aZ:-0.349,gX:-8.667,gY:0.000,gZ:-1.404
aX:-0.948,aY:-0.090,aZ:-0.347,gX:-7.507,gY:0.977,gZ:-1.648
aX:-0.942,aY:-0.064,aZ:-0.339,gX:-6.897,gY:1.526,gZ:-2.136
aX:-0.942,aY:-0.047,aZ:-0.342,gX:-5.737,gY:2.563,gZ:-2.014
aX:-0.941,aY:-0.041,aZ:-0.352,gX:-4.028,gY:2.991,gZ:-1.709
aX:-0.940,aY:-0.040,aZ:-0.353,gX:-2.869,gY:3.052,gZ:-1.648
aX:-0.937,aY:-0.039,aZ:-0.351,gX:-1.099,gY:2.808,gZ:-1.709
aX:-0.936,aY:-0.038,aZ:-0.349,gX:0.488,gY:2.258,gZ:-1.953
aX:-0.933,aY:-0.038,aZ:-0.356,gX:0.916,gY:1.343,gZ:-1.587
aX:-0.937,aY:-0.049,aZ:-0.365,gX:1.343,gY:-0.183,gZ:-0.244
aX:-0.943,aY:-0.065,aZ:-0.363,gX:1.221,gY:-1.465,gZ:1.465
aX:-0.948,aY:-0.079,aZ:-0.361,gX:0.244,gY:-1.770,gZ:1.831
aX:-0.945,aY:-0.086,aZ:-0.364,gX:-0.366,gY:-1.831,gZ:1.526
aX:-0.939,aY:-0.086,aZ:-0.367,gX:-0.488,gY:-0.977,gZ:0.732
aX:-0.934,aY:-0.082,aZ:-0.365,gX:-1.038,gY:0.366,gZ:0.244
aX:-0.930,aY:-0.082,aZ:-0.362,gX:-0.427,gY:0.732,gZ:0.183
aX:-0.930,aY:-0.077,aZ:-0.353,gX:-0.793,gY:0.549,gZ:0.122
aX:-0.936,aY:-0.070,aZ:-0.352,gX:-1.465,gY:0.183,gZ:-0.122
aX:-0.937,aY:-0.064,aZ:-0.356,gX:-1.404,gY:0.427,gZ:-0.366
aX:-0.939,aY:-0.062,aZ:-0.358,gX:-1.953,gY:0.610,gZ:-0.854
aX:-0.942,aY:-0.059,aZ:-0.352,gX:-2.625,gY:0.793,gZ:-1.038
aX:-0.947,aY:-0.052,aZ:-0.354,gX:-2.502,gY:0.793,gZ:-1.282
aX:-0.943,aY:-0.047,aZ:-0.360,gX:-2.625,gY:0.427,gZ:-1.404
aX:-0.943,aY:-0.048,aZ:-0.365,gX:-2.686,gY:0.183,gZ:-1.465
aX:-0.945,aY:-0.050,aZ:-0.362,gX:-1.770,gY:1.038,gZ:-1.282
aX:-0.948,aY:-0.048,aZ:-0.360,gX:-1.343,gY:1.221,gZ:-0.916
aX:-0.944,aY:-0.045,aZ:-0.361,gX:-1.343,gY:1.221,gZ:-0.549
aX:-0.942,aY:-0.039,aZ:-0.363,gX:-0.793,gY:0.916,gZ:-0.488
aX:-0.939,aY:-0.040,aZ:-0.367,gX:-0.488,gY:1.404,gZ:-0.244
aX:-0.937,aY:-0.046,aZ:-0.357,gX:0.000,gY:1.831,gZ:0.305
aX:-0.939,aY:-0.048,aZ:-0.358,gX:-0.244,gY:1.465,gZ:0.366
aX:-0.942,aY:-0.051,aZ:-0.356,gX:0.488,gY:-0.122,gZ:0.671
aX:-0.943,aY:-0.056,aZ:-0.364,gX:0.122,gY:0.366,gZ:0.549
aX:-0.940,aY:-0.058,aZ:-0.368,gX:-0.488,gY:0.366,gZ:0.488
aX:-0.942,aY:-0.060,aZ:-0.365,gX:-0.427,gY:1.038,gZ:0.366
aX:-0.944,aY:-0.058,aZ:-0.360,gX:-1.038,gY:1.221,gZ:0.244
aX:-0.941,aY:-0.051,aZ:-0.364,gX:-1.831,gY:1.343,gZ:0.183
aX:-0.940,aY:-0.049,aZ:-0.367,gX:-2.319,gY:0.916,gZ:0.122
aX:-0.937,aY:-0.053,aZ:-0.364,gX:-2.380,gY:1.343,gZ:-0.061
aX:-0.936,aY:-0.056,aZ:-0.360,gX:-1.953,gY:1.587,gZ:0.000
aX:-0.935,aY:-0.056,aZ:-0.354,gX:-2.136,gY:1.404,gZ:-0.427
aX:-0.938,aY:-0.054,aZ:-0.353,gX:-2.747,gY:0.916,gZ:-0.671
a