Accelerometer sample rate = 119.00 Hz
Gyroscope sample rate = 119.00 Hz

aX:-0.864,aY:0.094,aZ:-0.197,gX:-29.053,gY:12.329,gZ:2.441
aX:-0.912,aY:0.125,aZ:-0.230,gX:119.019,gY:51.880,gZ:-41.748
aX:-0.968,aY:0.093,aZ:-0.210,gX:9.583,gY:7.507,gZ:-10.132
aX:-0.964,aY:0.075,aZ:-0.209,gX:-3.357,gY:0.610,gZ:-2.258
aX:-0.973,aY:0.069,aZ:-0.230,gX:-4.395,gY:0.061,gZ:-1.038
aX:-0.981,aY:0.050,aZ:-0.254,gX:-5.127,gY:-0.305,gZ:1.587
aX:-0.977,aY:0.045,aZ:-0.251,gX:-5.066,gY:1.709,gZ:4.883
aX:-0.972,aY:0.047,aZ:-0.237,gX:-5.737,gY:3.540,gZ:5.798
aX:-0.965,aY:0.054,aZ:-0.235,gX:-7.141,gY:4.333,gZ:5.554
aX:-0.956,aY:0.052,aZ:-0.237,gX:-8.606,gY:2.502,gZ:4.333
aX:-0.971,aY:0.051,aZ:-0.250,gX:-9.155,gY:1.587,gZ:2.747
aX:-0.992,aY:0.042,aZ:-0.251,gX:-7.690,gY:1.770,gZ:1.221
aX:-0.992,aY:0.058,aZ:-0.205,gX:-6.531,gY:3.723,gZ:0.244
aX:-0.950,aY:0.088,aZ:-0.189,gX:-5.920,gY:5.249,gZ:-1.465
aX:-0.930,aY:0.097,aZ:-0.190,gX:-5.554,gY:3.052,gZ:-1.343
aX:-0.938,aY:0.105,aZ:-0.201,gX:-6.836,gY:2.319,gZ:0.549
aX:-0.964,aY:0.094,aZ:-0.236,gX:-7.629,gY:1.953,gZ:3.235
aX:-0.978,aY:0.073,aZ:-0.252,gX:-7.629,gY:1.953,gZ:6.592
aX:-0.966,aY:0.054,aZ:-0.231,gX:-7.996,gY:3.540,gZ:9.888
aX:-0.959,aY:0.039,aZ:-0.229,gX:-10.437,gY:4.028,gZ:11.230
aX:-0.964,aY:0.016,aZ:-0.230,gX:-12.207,gY:2.686,gZ:12.451
aX:-0.945,aY:-0.003,aZ:-0.226,gX:-14.282,gY:2.380,gZ:12.634
aX:-0.927,aY:-0.010,aZ:-0.220,gX:-15.869,gY:2.563,gZ:10.315
aX:-0.902,aY:0.001,aZ:-0.223,gX:-17.883,gY:2.930,gZ:6.348
aX:-0.867,aY:0.016,aZ:-0.240,gX:-20.020,gY:2.014,gZ:2.563
aX:-0.821,aY:0.030,aZ:-0.248,gX:-20.935,gY:0.732,gZ:-0.793
aX:-0.760,aY:0.063,aZ:-0.227,gX:-19.104,gY:-0.549,gZ:-3.967
aX:-0.713,aY:0.099,aZ:-0.208,gX:-13.977,gY:-3.296,gZ:-6.348
aX:-0.672,aY:0.094,aZ:-0.220,gX:-7.690,gY:-2.258,gZ:-5.676
aX:-0.645,aY:0.047,aZ:-0.223,gX:-0.732,gY:1.404,gZ:-1.526
aX:-0.602,aY:0.119,aZ:-0.169,gX:2.930,gY:6.531,gZ:3.235
aX:-0.585,aY:0.178,aZ:-0.105,gX:5.249,gY:8.850,gZ:5.920
aX:-0.561,aY:0.194,aZ:-0.095,gX:4.089,gY:12.085,gZ:6.531
aX:-0.595,aY:0.161,aZ:-0.134,gX:3.357,gY:12.512,gZ:7.324
aX:-0.681,aY:0.128,aZ:-0.198,gX:3.357,gY:15.381,gZ:14.282
aX:-0.716,aY:0.061,aZ:-0.293,gX:1.160,gY:17.395,gZ:21.240
aX:-0.767,aY:-0.014,aZ:-0.243,gX:6.714,gY:21.606,gZ:27.161
aX:-0.849,aY:-0.039,aZ:-0.188,gX:13.306,gY:32.471,gZ:27.344
aX:-0.877,aY:-0.119,aZ:-0.175,gX:21.606,gY:39.185,gZ:25.024
aX:-1.069,aY:-0.329,aZ:-0.211,gX:36.865,gY:42.358,gZ:24.963
aX:-1.348,aY:-0.477,aZ:-0.125,gX:39.917,gY:51.636,gZ:28.320
aX:-1.682,aY:-0.453,aZ:-0.233,gX:16.968,gY:31.555,gZ:14.648
aX:-1.922,aY:-0.456,aZ:-0.342,gX:-9.888,gY:-4.150,gZ:1.587
aX:-1.818,aY:-0.405,aZ:-0.251,gX:-1.953,gY:-9.583,gZ:-25.574
aX:-1.513,aY:-0.346,aZ:-0.086,gX:-5.493,gY:5.676,gZ:-41.382
aX:-1.395,aY:-0.306,aZ:-0.026,gX:-5.188,gY:10.254,gZ:-39.429
aX:-1.408,aY:-0.063,aZ:0.007,gX:-9.705,gY:5.493,gZ:-32.898
aX:-1.389,aY:0.203,aZ:-0.149,gX:-17.944,gY:-1.526,gZ:-28.137
aX:-1.302,aY:0.348,aZ:-0.336,gX:-15.259,gY:-17.944,gZ:-19.348
aX:-1.115,aY:0.364,aZ:-0.335,gX:-5.493,gY:-20.081,gZ:-3.479
aX:-0.906,aY:0.253,aZ:-0.239,gX:1.282,gY:-20.081,gZ:17.944
aX:-0.732,aY:0.109,aZ:-0.109,gX:5.981,gY:-15.442,gZ:33.936
aX:-0.637,aY:-0.029,aZ:0.007,gX:6.836,gY:-9.399,gZ:42.664
aX:-0.631,aY:-0.155,aZ:0.094,gX:6.836,gY:-4.639,gZ:45.593
aX:-0.695,aY:-0.258,aZ:0.121,gX:2.625,gY:-0.427,gZ:42.786
aX:-0.766,aY:-0.288,aZ:0.101,gX:-5.554,gY:3.784,gZ:34.302
aX:-0.797,aY:-0.225,aZ:0.044,gX:-11.230,gY:3.296,gZ:20.813
aX:-0.781,aY:-0.136,aZ:-0.043,gX:-13.184,gY:-5.981,gZ:3.845
aX:-0.770,aY:-0.073,aZ:-0.087,gX:-13.123,gY:-18.738,gZ:-11.841
aX:-0.743,aY:0.006,aZ:-0.069,gX:-10.437,gY:-21.545,gZ:-29.297
aX:-0.691,aY:0.090,aZ:-0.023,gX:-3.906,gY:-16.663,gZ:-42.603
aX:-0.648,aY:0.056,aZ:0.027,gX:0.427,gY:-11.963,gZ:-45.593
aX:-0.602,aY:-0.016,aZ:0.000,gX:1.709,gY:-13.977,gZ:-41.260
aX:-0.673,aY:0.006,aZ:0.037,gX:0.244,gY:-14.221,gZ:-34.973
aX:-0.708,aY:0.040,aZ:0.066,gX:1.404,gY:-11.108,gZ:-27.710
aX:-0.776,aY:0.042,aZ:-0.028,gX:-6.958,gY:-14.832,gZ:-26.062
aX:-0.968,aY:0.045,aZ:-0.155,gX:-4.883,gY:-14.954,gZ:-22.278
aX:-1.179,aY:-0.057,aZ:-0.214,gX:9.216,gY:-11.230,gZ:-14.526
aX:-1.254,aY:-0.057,aZ:-0.255,gX:17.639,gY:-4.211,gZ:-6.958
aX:-1.044,aY:0.008,aZ:-0.254,gX:4.517,gY:4.456,gZ:-11.353
aX:-0.946,aY:0.034,aZ:-0.075,gX:-4.517,gY:5.188,gZ:-22.461
aX:-0.762,aY:-0.011,aZ:0.019,gX:10.864,gY:10.620,gZ:-20.264
aX:-0.708,aY:-0.053,aZ:0.026,gX:15.564,gY:8.728,gZ:-17.700
aX:-1.051,aY:0.079,aZ:-0.451,gX:-1.343,gY:9.155,gZ:-15.015
aX:-1.491,aY:0.262,aZ:-0.822,gX:-23.743,gY:10.925,gZ:15.076
aX:-1.566,aY:-0.115,aZ:-1.030,gX:-25.635,gY:-19.836,gZ:60.120
aX:-1.353,aY:-0.422,aZ:-0.707,gX:-6.287,gY:-23.193,gZ:52.429
aX:-1.379,aY:-0.269,aZ:-0.345,gX:20.142,gY:5.432,gZ:22.461
aX:-1.369,aY:-0.057,aZ:-0.227,gX:-6.348,gY:-1.526,gZ:-8.484
aX:-1.544,aY:0.146,aZ:-0.440,gX:-26.978,gY:-14.343,gZ:-17.334
aX:-1.519,aY:0.303,aZ:-0.594,gX:-38.147,gY:-33.142,gZ:-7.690
aX:-1.291,aY:0.217,aZ:-0.722,gX:-21.790,gY:-33.264,gZ:-0.610
aX:-1.107,aY:0.160,aZ:-0.615,gX:-3.052,gY:-12.268,gZ:-5.005
aX:-0.970,aY:0.132,aZ:-0.389,gX:9.644,gY:7.202,gZ:-10.498
aX:-0.840,aY:0.059,aZ:-0.210,gX:6.836,gY:7.629,gZ:-10.620
aX:-0.727,aY:0.022,aZ:-0.143,gX:-2.625,gY:-1.343,gZ:-10.193
aX:-0.706,aY:0.011,aZ:-0.163,gX:-12.573,gY:-9.094,gZ:-9.155
aX:-0.766,aY:0.057,aZ:-0.198,gX:-18.066,gY:-15.625,gZ:-3.906
aX:-0.836,aY:0.099,aZ:-0.262,gX:-25.085,gY:-18.921,gZ:8.057
aX:-0.846,aY:0.102,aZ:-0.268,gX:-27.283,gY:-13.855,gZ:22.278
aX:-0.877,aY:0.152,aZ:-0.269,gX:-26.733,gY:-3.174,gZ:30.518
aX:-0.970,aY:0.182,aZ:-0.294,gX:-24.719,gY:1.099,gZ:29.480
aX:-1.115,aY:0.174,aZ:-0.309,gX:-16.541,gY:2.441,gZ:22.888
aX:-1.214,aY:0.105,aZ:-0.293,gX:-6.653,gY:2.014,gZ:13.367
aX:-1.205,aY:0.059,aZ:-0.262,gX:0.977,gY:1.953,gZ:5.310
aX:-1.082,aY:0.046,aZ:-0.251,gX:3.540,gY:4.517,gZ:0.305
aX:-0.932,aY:0.030,aZ:-0.238,gX:0.671,gY:8.789,gZ:-1.282
aX:-0.801,aY:0.015,aZ:-0.206,gX:-9.216,gY:12.390,gZ:1.160
aX:-0.718,aY:0.032,aZ:-0.192,gX:-15.259,gY:12.756,gZ:5.249
aX:-0.671,aY:0.068,aZ:-0.107,gX:-13.916,gY:17.212,gZ:7.812
aX:-0.628,aY:0.102,aZ:-0.057,gX:-11.536,gY:23.804,gZ:7.812
aX:-0.686,aY:0.122,aZ:-0.038,gX:-9.705,gY:26.184,gZ:7.812
aX:-0.660,aY:0.131,aZ:-0.131,gX:-7.690,gY:21.301,gZ:7.568
aX:-0.602,aY:0.100,aZ:-0.287,gX:-6.104,gY:-2.014,gZ:8.301
aX:-0.619,aY:0.103,aZ:-0.326,gX:-1.221,gY:-14.526,gZ:4.028
aX:-0.667,aY:0.092,aZ:-0.267,gX:8.179,gY:-8.789,gZ:-0.366
aX:-0.753,aY:0.049,aZ:-0.208,gX:15.564,gY:6.165,gZ:5.066
aX:-0.749,aY:0.027,aZ:-0.255,gX:6.409,gY:19.836,gZ:11.230
aX:-0.699,aY:-0.023,aZ:-0.229,gX:-2.625,gY:11.230,gZ:18.677
aX:-0.671,aY:-0.001,aZ:-0.192,gX:-3.601,gY:7.629,gZ:25.085
aX:-0.648,aY:0.068,aZ:-0.245,gX:-8.301,gY:11.230,gZ:23.926
aX:-0.711,aY:0.062,aZ:-0.293,gX:-5.859,gY:18.677,gZ:20.203
aX:-0.756,aY:-0.054,aZ:-0.314,gX:3.723,gY:30.762,gZ:22.095
aX:-0.753,aY:-0.236,aZ:-0.206,gX:12.512,gY:42.358,gZ:21.545
aX:-0.948,aY:-0.420,aZ:-0.084,gX:29.419,gY:56.763,gZ:19.958
aX:-1.182,aY:-0.332,aZ:0.001,gX:32.654,gY:70.496,gZ:14.282
aX:-1.563,aY:0.025,aZ:-0.109,gX:27.893,gY:54.077,gZ:-3.174
aX:-1.961,aY:-0.109,aZ:-0.359,gX:10.559,gY:15.259,gZ:-5.493
aX:-1.986,aY:-0.322,aZ:-0.308,gX:3.845,gY:-6.409,gZ:-7.935
aX:-1.862,aY:-0.396,aZ:-0.134,gX:8.057,gY:-13.428,gZ:-22.278
aX:-1.660,aY:-0.444,aZ:-0.149,gX:10.803,gY:4.028,gZ:-27.832
aX:-1.433,aY:-0.289,aZ:-0.108,gX:2.075,gY:33.325,gZ:-32.837
aX:-1.385,aY:-0.043,aZ:-0.100,gX:-8.728,gY:10.254,gZ:-31.921
aX:-1.211,aY:0.060,aZ:-0.145,gX:-12.390,gY:-3.235,gZ:-30.151
aX:-1.035,aY:0.193,aZ:-0.122,gX:-10.742,gY:-15.991,gZ:-25.696
aX:-0.866,aY:0.268,aZ:-0.162,gX:-5.432,gY:-15.015,gZ:-16.174
aX:-0.811,aY:0.241,aZ:-0.148,gX:-0.427,gY:-11.292,gZ:-5.859
aX:-0.806,aY:0.137,aZ:-0.066,gX:9.033,gY:-1.404,gZ:5.005
aX:-0.791,aY:-0.001,aZ:-0.063,gX:14.160,gY:3.418,gZ:14.282
aX:-0.850,aY:-0.156,aZ:-0.022,gX:5.371,gY:0.244,gZ:16.602
aX:-0.874,aY:-0.259,aZ:0.013,gX:3.357,gY:-3.296,gZ:17.944
aX:-0.799,aY:-0.230,aZ:0.021,gX:0.488,gY:-2.441,gZ:11.780
aX:-0.739,aY:-0.141,aZ:-0.002,gX:2.136,gY:0.305,gZ:2.136
aX:-0.652,aY:-0.054,aZ:-0.051,gX:11.963,gY:4.028,gZ:-3.601
aX:-0.576,aY:-0.019,aZ:-0.057,gX:22.217,gY:2.808,gZ:-6.714
aX:-0.523,aY:0.016,aZ:-0.031,gX:28.687,gY:1.587,gZ:-11.169
aX:-0.497,aY:0.074,aZ:-0.031,gX:30.518,gY:-4.578,gZ:-16.235
aX:-0.471,aY:0.061,aZ:0.003,gX:25.818,gY:-18.005,gZ:-18.921
aX:-0.506,aY:-0.048,aZ:-0.054,gX:16.541,gY:-44.617,gZ:-16.968
aX:-0.752,aY:-0.047,aZ:-0.080,gX:3.235,gY:-68.054,gZ:-12.634
aX:-0.881,aY:-0.030,aZ:-0.099,gX:5.676,gY:-35.339,gZ:-17.639
aX:-0.935,aY:-0.053,aZ:-0.087,gX:8.545,gY:-10.986,gZ:-22.888
aX:-0.926,aY:-0.021,aZ:-0.062,gX:1.404,gY:-12.756,gZ:-22.156
aX:-0.919,aY:0.043,aZ:0.010,gX:1.587,gY:-27.710,gZ:-19.836
aX:-1.002,aY:-0.030,aZ:-0.137,gX:9.338,gY:-33.142,gZ:-13.306
aX:-1.129,aY:-0.003,aZ:-0.111,gX:26.245,gY:-19.836,gZ:-0.549
aX:-1.250,aY:0.109,aZ:-0.456,gX:29.663,gY:3.113,gZ:7.874
aX:-1.640,aY:0.144,aZ:-0.809,gX:-15.747,gY:5.676,gZ:12.207
aX:-1.753,aY:-0.118,aZ:-0.846,gX:-10.925,gY:-9.888,gZ:45.593
aX:-1.341,aY:-0.394,aZ:-0.656,gX:-7.935,gY:-18.311,gZ:37.476
aX:-1.213,aY:-0.248,aZ:-0.397,gX:15.503,gY:-4.150,gZ:16.113
aX:-1.098,aY:-0.068,aZ:-0.315,gX:2.258,gY:-0.305,gZ:-2.258
aX:-1.087,aY:0.039,aZ:-0.348,gX:-11.169,gY:-8.118,gZ:-6.531
aX:-1.096,aY:0.115,aZ:-0.380,gX:-17.639,gY:-10.376,gZ:-4.517
aX:-1.035,aY:0.144,aZ:-0.416,gX:-17.578,gY:-14.038,gZ:-7.385
aX:-1.019,aY:0.173,aZ:-0.441,gX:-7.751,gY:-15.320,gZ:-18.555
aX:-1.064,aY:0.238,aZ:-0.393,gX:2.869,gY:-16.296,gZ:-25.696
aX:-1.137,aY:0.283,aZ:-0.362,gX:0.793,gY:-13.855,gZ:-16.296
aX:-1.123,aY:0.216,aZ:-0.305,gX:-1.709,gY:-9.583,gZ:0.427
aX:-1.096,aY:0.156,aZ:-0.242,gX:0.977,gY:2.258,gZ:12.939
aX:-1.100,aY:0.111,aZ:-0.194,gX:-0.610,gY:13.794,gZ:19.531
aX:-1.068,aY:0.074,aZ:-0.227,gX:-6.409,gY:14.954,gZ:24.597
aX:-1.061,aY:0.069,aZ:-0.214,gX:-12.939,gY:6.348,gZ:27.039
aX:-1.059,aY:0.100,aZ:-0.248,gX:-12.146,gY:5.188,gZ:24.231
aX:-1.067,aY:0.121,aZ:-0.281,gX:-8.972,gY:5.066,gZ:16.785
aX:-1.023,aY:0.166,aZ:-0.258,gX:-5.066,gY:6.104,gZ:5.737
aX:-0.919,aY:0.234,aZ:-0.266,gX:-3.906,gY:3.845,gZ:-5.371
aX:-0.837,aY:0.251,aZ:-0.268,gX:0.244,gY:2.441,gZ:-10.437
aX:-0.750,aY:0.222,aZ:-0.238,gX:3.479,gY:6.165,gZ:-8.728
aX:-0.682,aY:0.129,aZ:-0.205,gX:3.540,gY:8.911,gZ:-3.479
aX:-0.626,aY:0.028,aZ:-0.176,gX:6.470,gY:3.845,gZ:3.418
aX:-0.611,aY:0.004,aZ:-0.172,gX:5.371,gY:-3.784,gZ:10.193
aX:-0.582,aY:0.007,aZ:-0.204,gX:-2.808,gY:-2.808,gZ:14.282
aX:-0.518,aY:0.017,aZ:-0.233,gX:-8.911,gY:-2.197,gZ:18.616
aX:-0.500,aY:0.039,aZ:-0.229,gX:-7.446,gY:0.610,gZ:20.691
aX:-0.523,aY:0.035,aZ:-0.157,gX:-0.977,gY:4.700,gZ:20.203
aX:-0.561,aY:0.016,aZ:-0.128,gX:3.357,gY:3.357,gZ:23.132
aX:-0.636,aY:0.051,aZ:-0.157,gX:-0.610,gY:1.953,gZ:25.208
aX:-0.729,aY:0.083,aZ:-0.162,gX:-6.714,gY:6.409,gZ:28.076
aX:-0.763,aY:0.092,aZ:-0.303,gX:-10.071,gY:17.700,gZ:30.396
aX:-0.769,aY:0.001,aZ:-0.458,gX:-11.780,gY:19.104,gZ:31.738
aX:-0.796,aY:-0.115,aZ:-0.370,gX:-3.601,gY:26.733,gZ:31.555
aX:-0.760,aY:-0.208,aZ:-0.188,gX:7.141,gY:37.048,gZ:28.870
aX:-0.875,aY:-0.293,aZ:-0.218,gX:20.691,gY:40.344,gZ:21.851
aX:-1.089,aY:-0.252,aZ:-0.294,gX:28.809,gY:57.312,gZ:18.372
aX:-1.409,aY:-0.159,aZ:-0.239,gX:25.269,gY:64.575,gZ:4.272
aX:-1.761,aY:-0.178,aZ:-0.312,gX:11.902,gY:32.959,gZ:1.709
aX:-2.040,aY:-0.227,aZ:-0.322,gX:9.399,gY:12.634,gZ:1.770
aX:-1.834,aY:-0.208,aZ:-0.106,gX:9.583,gY:-2.380,gZ:-15.442
aX:-1.445,aY:-0.165,aZ:-0.017,gX:10.681,gY:-28.381,gZ:-28.687
aX:-1.196,aY:-0.050,aZ:-0.057,gX:19.104,gY:-23.804,gZ:-33.508
aX:-1.009,aY:0.059,aZ:-0.127,gX:30.518,gY:-1.160,gZ:-35.706
aX:-1.019,aY:0.033,aZ:-0.143,gX:36.011,gY:20.996,gZ:-26.245
aX:-1.141,aY:0.031,aZ:0.069,gX:36.987,gY:22.766,gZ:3.174
aX:-1.189,aY:0.075,aZ:0.084,gX:25.818,gY:15.137,gZ:21.423
aX:-1.192,aY:0.084,aZ:0.018,gX:9.033,gY:-3.845,gZ:19.104
aX:-1.171,aY:0.114,aZ:-0.081,gX:21.851,gY:-11.841,gZ:13.672
aX:-1.080,aY:0.123,aZ:-0.144,gX:35.217,gY:-15.076,gZ:3.479
aX:-0.966,aY:0.093,aZ:-0.126,gX:40.283,gY:-16.907,gZ:-5.737
aX:-0.825,aY:0.051,aZ:-0.049,gX:40.894,gY:-9.155,gZ:-8.362
aX:-0.705,aY:0.024,aZ:0.039,gX:50.354,gY:4.211,gZ:-5.737
aX:-0.575,aY:0.070,aZ:0.053,gX:69.519,gY:17.273,gZ:-3.174
aX:-0.513,aY:0.096,aZ:0.058,gX:82.703,gY:16.113,gZ:-7.202
aX:-0.526,aY:0.072,aZ:-0.082,gX:88.318,gY:7.690,gZ:-13.367
aX:-0.552,aY:0.031,aZ:-0.196,gX:80.933,gY:-4.089,gZ:-17.029
aX:-0.697,aY:0.019,aZ:-0.213,gX:69.397,gY:-10.437,gZ:-14.282
aX:-0.816,aY:-0.017,aZ:-0.302,gX:64.453,gY:-6.897,gZ:-3.418
aX:-0.837,aY:-0.062,aZ:-0.299,gX:56.946,gY:2.563,gZ:6.348
aX:-0.738,aY:-0.082,aZ:-0.206,gX:50.598,gY:8.423,gZ:8.545
aX:-0.685,aY:-0.118,aZ:-0.007,gX:45.593,gY:10.315,gZ:3.357
aX:-0.724,aY:-0.121,aZ:0.218,gX:41.687,gY:6.287,gZ:-6.531
aX:-0.748,aY:-0.035,aZ:0.066,gX:47.302,gY:3.174,gZ:-17.273
aX:-0.930,aY:0.084,aZ:-0.246,gX:31.555,gY:-16.113,gZ:-29.175
aX:-1.400,aY:0.219,aZ:-0.311,gX:44.556,gY:-15.198,gZ:-13.733
aX:-1.921,aY:0.283,aZ:-0.777,gX:16.052,gY:4.028,gZ:23.010
aX:-1.646,aY:-0.198,aZ:-0.837,gX:18.433,gY:-26.733,gZ:70.007
aX:-1.222,aY:-0.152,aZ:-0.662,gX:34.668,gY:-9.460,gZ:41.077
aX:-1.163,aY:-0.087,aZ:-0.364,gX:53.345,gY:-8.728,gZ:9.705
aX:-1.141,aY:-0.042,aZ:-0.255,gX:38.452,gY:-14.954,gZ:-10.498
aX:-1.337,aY:0.157,aZ:-0.212,gX:19.348,gY:-29.297,gZ:-18.799
aX:-1.609,aY:0.345,aZ:-0.429,gX:11.108,gY:-32.837,gZ:-0.854
aX:-1.611,aY:0.266,aZ:-0.652,gX:11.902,gY:-35.706,gZ:26.306
aX:-1.346,aY:0.048,aZ:-0.526,gX:34.668,gY:-19.775,gZ:26.123
aX:-1.104,aY:0.068,aZ:-0.320,gX:66.528,gY:-6.470,gZ:2.991
aX:-0.892,aY:0.064,aZ:-0.223,gX:68.909,gY:-6.470,gZ:-15.259
aX:-0.803,aY:0.002,aZ:-0.151,gX:53.650,gY:-10.071,gZ:-22.888
aX:-0.707,aY:-0.004,aZ:-0.086,gX:36.316,gY:-15.198,gZ:-21.606
aX:-0.683,aY:0.080,aZ:-0.100,gX:19.531,gY:-21.301,gZ:-11.597
aX:-0.734,aY:0.197,aZ:-0.182,gX:6.104,gY:-26.489,gZ:3.296
aX:-0.782,aY:0.193,aZ:-0.248,gX:2.991,gY:-23.315,gZ:22.583
aX:-0.855,aY:0.177,aZ:-0.254,gX:5.859,gY:-15.747,gZ:33.508
aX:-0.935,aY:0.179,aZ:-0.263,gX:6.409,gY:-10.925,gZ:34.119
aX:-1.024,aY:0.188,aZ:-0.271,gX:7.935,gY:-10.315,gZ:28.198
aX:-1.087,aY:0.205,aZ:-0.311,gX:12.207,gY:-10.071,gZ:20.935
aX:-1.111,aY:0.213,aZ:-0.340,gX:19.348,gY:-4.822,gZ:17.700
aX:-1.069,aY:0.179,aZ:-0.339,gX:25.757,gY:4.578,gZ:15.869
aX:-0.967,aY:0.172,aZ:-0.278,gX:30.701,gY:9.888,gZ:14.587
aX:-0.898,aY:0.185,aZ:-0.259,gX:31.250,gY:9.521,gZ:12.939
aX:-0.905,aY:0.218,aZ:-0.279,gX:30.334,gY:5.920,gZ:9.949
aX:-0.932,aY:0.228,aZ:-0.284,gX:30.396,gY:5.554,gZ:10.071
aX:-0.955,aY:0.215,aZ:-0.303,gX:29.663,gY:8.362,gZ:12.695
aX:-0.940,aY:0.193,aZ:-0.290,gX:31.494,gY:11.841,gZ:16.785
aX:-0.926,aY:0.191,aZ:-0.271,gX:32.288,gY:12.573,gZ:19.836
aX:-0.952,aY:0.202,aZ:-0.281,gX:34.607,gY:13.977,gZ:23.865
aX:-0.979,aY:0.230,aZ:-0.251,gX:34.912,gY:15.259,gZ:26.489
aX:-0.998,aY:0.231,aZ:-0.233,gX:32.654,gY:15.686,gZ:28.381
aX:-1.033,aY:0.228,aZ:-0.197,gX:28.015,gY:15.137,gZ:29.907
aX:-1.052,aY:0.254,aZ:-0.181,gX:27.222,gY:12.573,gZ:28.564
aX:-1.031,aY:0.324,aZ:-0.220,gX:26.978,gY:7.385,gZ:24.292
aX:-1.019,aY:0.388,aZ:-0.415,gX:28.381,gY:-1.831,gZ:17.334
aX:-1.140,aY:0.391,aZ:-0.569,gX:45.776,gY:-9.888,gZ:14.099
aX:-1.207,aY:0.302,aZ:-0.494,gX:76.843,gY:-4.211,gZ:17.151
aX:-1.129,aY:0.239,aZ:-0.487,gX:100.952,gY:-1.404,gZ:15.686
aX:-1.017,aY:0.099,aZ:-0.565,gX:123.596,gY:-0.977,gZ:16.235
aX:-0.930,aY:-0.099,aZ:-0.562,gX:142.883,gY:-1.892,gZ:22.156
aX:-0.892,aY:-0.257,aZ:-0.547,gX:152.771,gY:-0.488,gZ:31.067
aX:-0.927,aY:-0.345,aZ:-0.418,gX:143.799,gY:12.451,gZ:41.077
aX:-1.012,aY:-0.270,aZ:-0.378,gX:122.864,gY:21.545,gZ:44.800
aX:-1.023,aY:-0.195,aZ:-0.384,gX:106.445,gY:29.236,gZ:49.927
aX:-0.958,aY:-0.128,aZ:-0.388,gX:102.722,gY:33.447,gZ:56.824
aX:-0.894,aY:-0.106,aZ:-0.366,gX:105.164,gY:32.043,gZ:56.396
aX:-0.899,aY:-0.161,aZ:-0.284,gX:106.750,gY:26.245,gZ:50.293
aX:-1.014,aY:-0.239,aZ:-0.264,gX:102.417,gY:19.958,gZ:40.771
aX:-1.067,aY:-0.223,aZ:-0.294,gX:95.459,gY:11.536,gZ:30.457
aX:-1.042,aY:-0.147,aZ:-0.334,gX:88.989,gY:2.197,gZ:24.414
aX:-0.954,aY:-0.069,aZ:-0.307,gX:89.111,gY:2.747,gZ:24.170
aX:-0.868,aY:-0.011,aZ:-0.273,gX:93.506,gY:10.437,gZ:27.405
aX:-0.808,aY:0.008,aZ:-0.228,gX:98.328,gY:18.066,gZ:29.968
aX:-0.799,aY:-0.006,aZ:-0.232,gX:100.464,gY:21.729,gZ:29.968
aX:-0.817,aY:-0.059,aZ:-0.270,gX:103.577,gY:23.376,gZ:30.273
aX:-0.860,aY:-0.123,aZ:-0.303,gX:108.765,gY:22.034,gZ:31.555
aX:-0.917,aY:-0.177,aZ:-0.277,gX:112.915,gY:18.433,gZ:33.936
aX:-0.937,aY:-0.170,aZ:-0.264,gX:111.389,gY:15.747,gZ:33.691
aX:-0.931,aY:-0.149,aZ:-0.272,gX:107.178,gY:13.306,gZ:32.166
aX:-0.923,aY:-0.119,aZ:-0.266,gX:102.173,gY:13.184,gZ:31.677
aX:-0.918,aY:-0.111,aZ:-0.258,gX:98.083,gY:12.085,gZ:31.555
aX:-0.932,aY:-0.103,aZ:-0.245,gX:96.985,gY:10.864,gZ:26.855
aX:-0.945,aY:-0.085,aZ:-0.245,gX:99.243,gY:8.545,gZ:18.005
aX:-0.932,aY:-0.067,aZ:-0.271,gX:99.487,gY:1.526,gZ:7.935
aX:-0.869,aY:-0.020,aZ:-0.289,gX:100.586,gY:-9.094,gZ:0.732
aX:-0.808,aY:-0.016,aZ:-0.273,gX:94.055,gY:-16.052,gZ:-2.319
aX:-0.791,aY:-0.021,aZ:-0.218,gX:93.811,gY:-15.747,gZ:1.343
aX:-0.837,aY:-0.052,aZ:-0.143,gX:94.971,gY:-8.179,gZ:8.362
aX:-0.887,aY:-0.060,aZ:-0.122,gX:98.511,gY:1.892,gZ:15.808
aX:-0.952,aY:-0.070,aZ:-0.137,gX:95.215,gY:6.653,gZ:19.653
aX:-1.031,aY:-0.068,aZ:-0.179,gX:89.111,gY:5.554,gZ:18.616
aX:-1.083,aY:-0.052,aZ:-0.213,gX:90.027,gY:1.953,gZ:15.747
aX:-1.095,aY:-0.004,aZ:-0.255,gX:93.506,gY:0.732,gZ:11.536
aX:-1.091,aY:-0.021,aZ:-0.288,gX:90.149,gY:3.601,gZ:6.958
aX:-1.078,aY:-0.075,aZ:-0.253,gX:88.379,gY:11.414,gZ:3.174
aX:-1.042,aY:-0.114,aZ:-0.193,gX:86.487,gY:19.409,gZ:-1.526
aX:-1.028,aY:-0.123,aZ:-0.114,gX:82.458,gY:22.278,gZ:-4.272
aX:-1.011,aY:-0.086,aZ:-0.055,gX:80.017,gY:22.705,gZ:-4.944
aX:-0.982,aY:-0.042,aZ:-0.045,gX:75.439,gY:22.522,gZ:-4.700
aX:-1.061,aY:-0.021,aZ:-0.048,gX:70.923,gY:24.231,gZ:-2.930
aX:-1.063,aY:-0.024,aZ:-0.153,gX:65.063,gY:26.306,gZ:2.258
aX:-1.195,aY:-0.111,aZ:-0.307,gX:59.753,gY:18.494,gZ:11.108
aX:-1.346,aY:-0.138,aZ:-0.500,gX:50.110,gY:17.029,gZ:22.461
aX:-1.439,aY:-0.271,aZ:-0.641,gX:27.649,gY:4.517,gZ:30.029
aX:-1.377,aY:-0.396,aZ:-0.581,gX:20.691,gY:-8.789,gZ:33.142
aX:-1.167,aY:-0.354,aZ:-0.357,gX:35.339,gY:-0.244,gZ:24.902
aX:-0.928,aY:-0.208,aZ:-0.245,gX:49.316,gY:11.902,gZ:9.705
aX:-0.714,aY:0.037,aZ:-0.244,gX:43.884,gY:11.414,gZ:-3.296
aX:-0.553,aY:0.125,aZ:-0.323,gX:32.166,gY:13.855,gZ:-10.864
aX:-0.504,aY:0.145,aZ:-0.364,gX:32.166,gY:4.028,gZ:-10.132
aX:-0.652,aY:0.093,aZ:-0.331,gX:44.922,gY:-10.864,gZ:-0.427
aX:-0.837,aY:0.025,aZ:-0.317,gX:56.946,gY:-12.024,gZ:12.512
aX:-0.959,aY:0.003,aZ:-0.279,gX:56.030,gY:-14.832,gZ:19.775
aX:-0.986,aY:0.028,aZ:-0.336,gX:43.884,gY:-19.104,gZ:13.733
aX:-1.064,aY:0.099,aZ:-0.425,gX:37.598,gY:-30.823,gZ:5.981
aX:-1.108,aY:0.126,aZ:-0.490,gX:39.185,gY:-28.870,gZ:0.732
aX:-1.066,aY:0.079,aZ:-0.440,gX:42.786,gY:-18.738,gZ:-1.709
aX:-1.000,aY:0.035,aZ:-0.341,gX:44.189,gY:-7.629,gZ:-0.244
aX:-0.919,aY:0.000,aZ:-0.234,gX:40.894,gY:3.357,gZ:3.235
aX:-0.851,aY:0.018,aZ:-0.159,gX:37.048,gY:9.033,gZ:4.944
aX:-0.815,aY:0.055,aZ:-0.134,gX:33.752,gY:4.517,gZ:8.484
aX:-0.817,aY:0.071,aZ:-0.213,gX:26.428,gY:-3.235,gZ:11.902
aX:-0.890,aY:0.091,aZ:-0.230,gX:22.522,gY:-7.935,gZ:13.977
aX:-0.933,aY:0.060,aZ:-0.255,gX:21.606,gY:-4.639,gZ:13.733
aX:-1.001,aY:0.006,aZ:-0.273,gX:20.996,gY:-2.258,gZ:11.169
aX:-1.045,aY:-0.010,aZ:-0.302,gX:19.958,gY:0.977,gZ:10.376
aX:-1.001,aY:-0.005,aZ:-0.345,gX:15.869,gY:7.202,gZ:9.888
aX:-0.919,aY:0.008,aZ:-0.353,gX:8.423,gY:14.771,gZ:7.874
aX:-0.823,aY:0.012,aZ:-0.298,gX:9.094,gY:24.780,gZ:5.371
aX:-0.744,aY:0.008,aZ:-0.175,gX:14.038,gY:31.189,gZ:0.916
aX:-0.642,aY:0.025,aZ:-0.007,gX:20.996,gY:33.081,gZ:-5.371
aX:-0.516,aY:0.105,aZ:-0.018,gX:22.583,gY:14.648,gZ:-16.907
aX:-0.488,aY:0.183,aZ:-0.042,gX:28.381,gY:-0.305,gZ:-25.208
aX:-0.473,aY:0.264,aZ:-0.109,gX:30.273,gY:4.333,gZ:-25.513
aX:-0.484,aY:0.232,aZ:-0.293,gX:32.166,gY:-5.432,gZ:-15.808
aX:-0.523,aY:0.088,aZ:-0.273,gX:46.692,gY:-14.099,gZ:2.991
aX:-0.605,aY:-0.009,aZ:-0.231,gX:43.945,gY:-5.859,gZ:19.348
aX:-0.697,aY:-0.076,aZ:-0.238,gX:29.846,gY:2.136,gZ:30.212
aX:-0.815,aY:-0.100,aZ:-0.321,gX:14.343,gY:7.385,gZ:39.001
aX:-0.875,aY:-0.122,aZ:-0.417,gX:-1.831,gY:12.756,gZ:41.870
aX:-0.862,aY:-0.145,aZ:-0.403,gX:-0.122,gY:23.743,gZ:39.429
aX:-0.900,aY:-0.114,aZ:-0.292,gX:3.845,gY:31.555,gZ:33.325
aX:-0.872,aY:-0.118,aZ:-0.208,gX:8.179,gY:40.894,gZ:21.057
aX:-0.984,aY:-0.218,aZ:-0.384,gX:24.170,gY:43.457,gZ:13.306
aX:-1.185,aY:-0.301,aZ:-0.373,gX:39.917,gY:39.917,gZ:7.324
aX:-1.608,aY:-0.248,aZ:-0.363,gX:28.748,gY:29.358,gZ:-8.484
aX:-1.954,aY:-0.326,aZ:-0.383,gX:15.625,gY:15.686,gZ:-12.085
aX:-1.760,aY:-0.378,aZ:-0.345,gX:5.493,gY:3.540,gZ:-19.043
aX:-1.485,aY:-0.329,aZ:-0.208,gX:-6.226,gY:-5.554,gZ:-32.288
aX:-1.310,aY:-0.263,aZ:-0.224,gX:-2.747,gY:-5.066,gZ:-26.672
aX:-1.305,aY:-0.148,aZ:-0.212,gX:-6.104,gY:8.728,gZ:-21.179
aX:-1.263,aY:-0.113,aZ:-0.104,gX:-7.751,gY:23.132,gZ:-10.559
aX:-1.220,aY:-0.077,aZ:-0.019,gX:-17.212,gY:16.235,gZ:1.221
aX:-1.161,aY:0.031,aZ:-0.019,gX:-24.841,gY:2.686,gZ:8.972
aX:-1.062,aY:0.143,aZ:-0.049,gX:-23.865,gY:-8.484,gZ:7.080
aX:-0.982,aY:0.178,aZ:-0.077,gX:-20.935,gY:-19.714,gZ:-2.075
aX:-0.924,aY:0.158,aZ:-0.122,gX:-13.550,gY:-23.804,gZ:-8.789
aX:-0.854,aY:0.066,aZ:-0.116,gX:-8.606,gY:-18.494,gZ:-13.000
aX:-0.841,aY:-0.036,aZ:-0.040,gX:-9.583,gY:-14.282,gZ:-13.916
aX:-0.850,aY:-0.092,aZ:0.024,gX:-10.925,gY:-13.611,gZ:-12.207
aX:-0.819,aY:-0.103,aZ:0.011,gX:-12.634,gY:-11.719,gZ:-11.414
aX:-0.814,aY:-0.067,aZ:-0.005,gX:-12.085,gY:-7.507,gZ:-11.719
aX:-0.775,aY:-0.007,aZ:0.000,gX:-4.578,gY:2.319,gZ:-11.414
aX:-0.683,aY:0.032,aZ:-0.010,gX:3.784,gY:9.521,gZ:-13.367
aX:-0.626,aY:0.043,aZ:-0.006,gX:13.794,gY:8.728,gZ:-15.991
aX:-0.614,aY:0.030,aZ:-0.039,gX:21.301,gY:5.493,gZ:-20.935
aX:-0.662,aY:0.051,aZ:-0.082,gX:22.644,gY:-2.136,gZ:-23.254
aX:-0.732,aY:0.030,aZ:-0.118,gX:21.545,gY:-12.024,gZ:-16.663
aX:-0.807,aY:-0.033,aZ:-0.147,gX:21.545,gY:-16.907,gZ:-5.737
aX:-0.809,aY:-0.107,aZ:-0.147,gX:14.954,gY:-13.977,gZ:0.549
aX:-0.780,aY:-0.096,aZ:-0.064,gX:17.456,gY:-2.136,gZ:2.808
aX:-0.712,aY:-0.123,aZ:-0.076,gX:22.705,gY:9.155,gZ:-2.808
aX:-0.852,aY:-0.153,aZ:-0.041,gX:12.512,gY:4.395,gZ:-10.925
aX:-0.910,aY:-0.087,aZ:-0.020,gX:16.357,gY:2.930,gZ:-10.437
aX:-0.943,aY:0.038,aZ:0.002,gX:11.414,gY:-0.183,gZ:-13.367
aX:-0.929,aY:0.048,aZ:0.025,gX:2.686,gY:-3.235,gZ:-16.541
aX:-1.076,aY:0.030,aZ:0.068,gX:2.380,gY:-14.587,gZ:-21.545
aX:-1.644,aY:0.269,aZ:-0.832,gX:-11.963,gY:-23.926,gZ:-13.550
aX:-1.832,aY:0.093,aZ:-1.051,gX:-30.823,gY:-25.757,gZ:26.550
aX:-1.438,aY:-0.323,aZ:-0.825,gX:-15.015,gY:-38.391,gZ:50.659
aX:-1.047,aY:-0.161,aZ:-0.416,gX:9.277,gY:-9.155,gZ:19.653
aX:-0.923,aY:-0.022,aZ:-0.194,gX:8.362,gY:-4.028,gZ:2.014
aX:-0.997,aY:0.078,aZ:-0.262,gX:-14.099,gY:-10.681,gZ:-5.310
aX:-1.306,aY:0.149,aZ:-0.422,gX:-19.043,gY:-24.902,gZ:-0.244
aX:-1.328,aY:0.137,aZ:-0.553,gX:-18.250,gY:-30.029,gZ:1.282
aX:-1.336,aY:0.098,aZ:-0.545,gX:-8.057,gY:-22.644,gZ:-7.812
aX:-1.265,aY:0.207,aZ:-0.499,gX:3.296,gY:-12.390,gZ:-16.907
aX:-1.135,aY:0.222,aZ:-0.449,gX:5.554,gY:-12.146,gZ:-15.625
aX:-1.022,aY:0.150,aZ:-0.313,gX:8.667,gY:-4.517,gZ:-6.775
aX:-0.981,aY:0.096,aZ:-0.187,gX:9.888,gY:4.028,gZ:-1.770
aX:-0.937,aY:0.018,aZ:-0.125,gX:4.517,gY:3.357,gZ:3.113
aX:-0.885,aY:0.031,aZ:-0.117,gX:-5.432,gY:-2.014,gZ:7.507
aX:-0.906,aY:0.078,aZ:-0.138,gX:-14.160,gY:-2.319,gZ:16.357
aX:-0.942,aY:0.118,aZ:-0.181,gX:-21.240,gY:3.052,gZ:26.978
aX:-0.984,aY:0.155,aZ:-0.221,gX:-23.010,gY:12.573,gZ:31.494
aX:-1.011,aY:0.181,aZ:-0.209,gX:-20.447,gY:17.456,gZ:29.419
aX:-1.022,aY:0.164,aZ:-0.171,gX:-13.855,gY:10.681,gZ:22.156
aX:-1.026,aY:0.110,aZ:-0.146,gX:-8.911,gY:5.066,gZ:12.695
aX:-1.029,aY:0.071,aZ:-0.135,gX:-5.859,gY:4.211,gZ:5.676
aX:-1.023,aY:0.044,aZ:-0.175,gX:-8.118,gY:8.484,gZ:4.089
aX:-0.982,aY:0.029,aZ:-0.203,gX:-14.282,gY:19.043,gZ:3.540
aX:-0.869,aY:0.001,aZ:-0.130,gX:-18.799,gY:24.658,gZ:1.709
aX:-0.773,aY:0.044,aZ:-0.114,gX:-17.883,gY:18.433,gZ:-0.244
aX:-0.715,aY:0.094,aZ:-0.158,gX:-18.799,gY:11.780,gZ:-3.906
aX:-0.675,aY:0.153,aZ:-0.140,gX:-12.939,gY:10.681,gZ:-4.944
aX:-0.615,aY:0.196,aZ:-0.277,gX:-9.460,gY:10.010,gZ:-5.188
aX:-0.576,aY:0.158,aZ:-0.176,gX:0.916,gY:6.897,gZ:-2.930
aX:-0.542,aY:0.154,aZ:-0.066,gX:11.536,gY:2.747,gZ:-1.648
aX:-0.535,aY:0.164,aZ:-0.122,gX:22.766,gY:-5.676,gZ:-0.916
aX:-0.566,aY:0.136,aZ:-0.226,gX:28.015,gY:-6.104,gZ:3.601
aX:-0.589,aY:0.046,aZ:-0.330,gX:24.902,gY:-5.310,gZ:12.085
aX:-0.611,aY:-0.082,aZ:-0.258,gX:23.132,gY:0.427,gZ:25.269
aX:-0.640,aY:-0.158,aZ:-0.093,gX:16.357,gY:15.137,gZ:35.095
aX:-0.633,aY:-0.084,aZ:-0.104,gX:2.502,gY:28.503,gZ:36.316
aX:-0.626,aY:-0.022,aZ:-0.253,gX:-9.338,gY:34.912,gZ:33.569
aX:-0.650,aY:-0.101,aZ:-0.500,gX:-5.676,gY:34.973,gZ:34.302
aX:-0.769,aY:-0.280,aZ:-0.437,gX:15.930,gY:37.170,gZ:36.987
aX:-1.102,aY:-0.492,aZ:-0.210,gX:42.175,gY:59.814,gZ:30.640
aX:-1.571,aY:-0.475,aZ:0.074,gX:42.358,gY:72.144,gZ:11.169
aX:-2.278,aY:-0.246,aZ:-0.136,gX:19.409,gY:42.908,gZ:-6.653
aX:-2.383,aY:-0.292,aZ:-0.498,gX:-12.268,gY:-0.977,gZ:-18.372
aX:-1.725,aY:-0.191,aZ:-0.154,gX:-11.597,gY:-37.231,gZ:-62.073
aX:-1.437,aY:-0.129,aZ:0.005,gX:20.752,gY:-40.405,gZ:-59.204
aX:-1.320,aY:-0.031,aZ:0.033,gX:44.373,gY:3.113,gZ:-33.508
aX:-1.184,aY:-0.012,aZ:0.019,gX:27.405,gY:32.349,gZ:-17.517
aX:-1.162,aY:-0.004,aZ:0.050,gX:5.005,gY:28.931,gZ:-6.714
aX:-1.156,aY:0.036,aZ:0.125,gX:-0.488,gY:17.456,gZ:4.822
aX:-1.143,aY:0.109,aZ:0.071,gX:-1.404,gY:3.479,gZ:4.517
aX:-1.191,aY:0.151,aZ:-0.064,gX:8.423,gY:-9.521,gZ:-6.958
aX:-1.194,aY:0.050,aZ:-0.122,gX:18.982,gY:-7.935,gZ:-13.245
aX:-1.114,aY:-0.055,aZ:-0.142,gX:15.991,gY:-8.911,gZ:-10.864
aX:-0.988,aY:-0.124,aZ:-0.096,gX:9.460,gY:-15.625,gZ:-4.883
aX:-0.870,aY:-0.134,aZ:-0.024,gX:7.935,gY:-20.325,gZ:-2.197
aX:-0.734,aY:-0.153,aZ:0.029,gX:4.272,gY:-11.597,gZ:-2.747
aX:-0.588,aY:-0.175,aZ:0.050,gX:1.831,gY:-2.197,gZ:-3.540
aX:-0.474,aY:-0.164,aZ:0.001,gX:-0.854,gY:1.648,gZ:-4.150
aX:-0.411,aY:-0.141,aZ:-0.001,gX:2.014,gY:-1.343,gZ:-4.578
aX:-0.336,aY:-0.075,aZ:-0.003,gX:7.324,gY:-10.559,gZ:-10.986
aX:-0.408,aY:-0.014,aZ:0.017,gX:13.550,gY:-20.447,gZ:-16.785
aX:-0.532,aY:0.059,aZ:0.000,gX:24.292,gY:-19.287,gZ:-15.137
aX:-0.598,aY:0.071,aZ:-0.009,gX:22.217,gY:-17.029,gZ:-14.954
aX:-0.667,aY:0.014,aZ:-0.084,gX:15.198,gY:-24.170,gZ:-14.282
aX:-0.801,aY:-0.030,aZ:-0.185,gX:12.939,gY:-31.616,gZ:-7.019
aX:-0.868,aY:-0.050,aZ:-0.266,gX:13.123,gY:-25.940,gZ:-0.305
aX:-0.942,aY:-0.047,aZ:-0.135,gX:-1.221,gY:-19.592,gZ:-1.465
aX:-1.010,aY:-0.056,aZ:-0.052,gX:-9.399,gY:-10.620,gZ:-2.502
aX:-0.980,aY:-0.074,aZ:-0.038,gX:-10.437,gY:-4.639,gZ:-6.104
aX:-0.960,aY:-0.061,aZ:-0.064,gX:-7.751,gY:-7.751,gZ:-13.794
aX:-0.889,aY:-0.007,aZ:-0.096,gX:-7.507,gY:-0.183,gZ:-18.616
aX:-0.873,aY:0.062,aZ:-0.138,gX:-19.775,gY:-1.770,gZ:-19.287
aX:-1.115,aY:0.086,aZ:-0.532,gX:-29.175,gY:-2.625,gZ:-11.353
aX:-1.290,aY:0.112,aZ:-0.657,gX:-41.565,gY:-8.179,gZ:10.986
aX:-1.505,aY:-0.170,aZ:-0.621,gX:-32.715,gY:-47.668,gZ:42.847
aX:-1.304,aY:-0.218,aZ:-0.556,gX:-28.564,gY:-29.541,gZ:44.067
aX:-1.468,aY:-0.038,aZ:-0.322,gX:-19.165,gY:-17.761,gZ:30.151
aX:-1.392,aY:0.122,aZ:-0.401,gX:-29.053,gY:-8.972,gZ:-0.061
aX:-1.490,aY:0.159,aZ:-0.416,gX:-26.245,gY:-13.428,gZ:-21.912
aX:-1.638,aY:0.270,aZ:-0.461,gX:-15.869,gY:-16.541,gZ:-25.024
aX:-1.567,aY:0.260,aZ:-0.525,gX:-8.789,gY:-17.700,gZ:-15.930
aX:-1.380,aY:0.229,aZ:-0.550,gX:0.916,gY:-15.259,gZ:-10.315
aX:-1.205,aY:0.259,aZ:-0.471,gX:12.634,gY:-11.292,gZ:-13.306
aX:-1.022,aY:0.233,aZ:-0.393,gX:21.973,gY:-5.859,gZ:-16.479
aX:-0.914,aY:0.128,aZ:-0.294,gX:28.931,gY:-2.319,gZ:-15.381
aX:-0.863,aY:-0.040,aZ:-0.190,gX:32.593,gY:-0.183,gZ:-7.935
aX:-0.801,aY:-0.126,aZ:-0.137,gX:27.161,gY:1.526,gZ:-1.892
aX:-0.762,aY:-0.106,aZ:-0.189,gX:13.916,gY:-0.671,gZ:5.798
aX:-0.785,aY:-0.063,aZ:-0.245,gX:-1.465,gY:-2.014,gZ:14.648
aX:-0.842,aY:-0.049,aZ:-0.255,gX:-18.188,gY:-2.930,gZ:15.991
aX:-0.898,aY:-0.011,aZ:-0.262,gX:-31.921,gY:-6.714,gZ:9.888
aX:-0.958,aY:0.060,aZ:-0.287,gX:-38.086,gY:-9.827,gZ:0.000
aX:-0.984,aY:0.180,aZ:-0.292,gX:-31.311,gY:-9.766,gZ:-5.188
aX:-0.971,aY:0.223,aZ:-0.255,gX:-16.663,gY:-2.747,gZ:-0.305
aX:-0.930,aY:0.208,aZ:-0.208,gX:-7.690,gY:11.719,gZ:8.972
aX:-0.847,aY:0.169,aZ:-0.129,gX:-2.075,gY:26.550,gZ:18.677
aX:-0.799,aY:0.132,aZ:-0.123,gX:-6.653,gY:32.959,gZ:23.682
aX:-0.817,aY:0.126,aZ:-0.093,gX:-11.597,gY:34.424,gZ:24.414
aX:-0.841,aY:0.132,aZ:-0.061,gX:-14.038,gY:30.701,gZ:22.766
aX:-0.862,aY:0.114,aZ:-0.014,gX:-16.052,gY:22.888,gZ:16.602
aX:-0.856,aY:0.165,aZ:-0.090,gX:-17.639,gY:13.062,gZ:7.690
aX:-0.863,aY:0.189,aZ:-0.233,gX:-14.526,gY:11.047,gZ:5.554
aX:-0.829,aY:0.137,aZ:-0.299,gX:-15.442,gY:18.677,gZ:9.094
aX:-0.726,aY:0.051,aZ:-0.189,gX:-12.329,gY:23.437,gZ:10.315
aX:-0.658,aY:0.071,aZ:-0.049,gX:-6.531,gY:17.639,gZ:6.958
aX:-0.646,aY:0.141,aZ:-0.030,gX:-4.517,gY:14.587,gZ:3.235
aX:-0.678,aY:0.188,aZ:-0.128,gX:-6.287,gY:16.846,gZ:2.747
aX:-0.692,aY:0.151,aZ:-0.309,gX:-6.348,gY:17.212,gZ:8.545
aX:-0.642,aY:0.025,aZ:-0.387,gX:-1.465,gY:11.292,gZ:14.832
aX:-0.648,aY:-0.075,aZ:-0.243,gX:11.902,gY:3.906,gZ:18.555
aX:-0.700,aY:-0.060,aZ:-0.103,gX:14.526,gY:6.958,gZ:17.334
aX:-0.680,aY:0.033,aZ:-0.320,gX:3.113,gY:8.423,gZ:10.559
aX:-0.618,aY:-0.061,aZ:-0.564,gX:-8.789,gY:-2.991,gZ:9.949
aX:-0.558,aY:-0.264,aZ:-0.423,gX:4.761,gY:-6.104,gZ:21.301
aX:-0.743,aY:-0.508,aZ:-0.228,gX:20.996,gY:8.728,gZ:24.109
aX:-1.107,aY:-0.569,aZ:0.009,gX:33.630,gY:51.636,gZ:29.358
aX:-1.622,aY:-0.211,aZ:0.037,gX:20.935,gY:84.839,gZ:21.973
aX:-2.321,aY:-0.033,aZ:-0.271,gX:-3.906,gY:61.584,gZ:31.921
aX:-2.315,aY:-0.339,aZ:-0.535,gX:-17.883,gY:17.395,gZ:51.331
aX:-2.276,aY:-0.547,aZ:-0.276,gX:-1.038,gY:18.066,gZ:17.334
aX:-1.973,aY:-0.699,aZ:0.003,gX:3.601,gY:8.301,gZ:-11.292
aX:-1.598,aY:-0.318,aZ:0.137,gX:-10.986,gY:-6.714,gZ:-33.569
aX:-1.332,aY:0.008,aZ:0.027,gX:-27.405,gY:-42.480,gZ:-47.852
aX:-1.065,aY:0.207,aZ:-0.115,gX:-31.128,gY:-59.265,gZ:-46.692
aX:-0.812,aY:0.302,aZ:-0.152,gX:-22.766,gY:-45.593,gZ:-32.410
aX:-0.683,aY:0.352,aZ:-0.121,gX:-8.972,gY:-25.452,gZ:-12.329
aX:-0.672,aY:0.325,aZ:-0.077,gX:7.019,gY:-0.977,gZ:8.240
aX:-0.669,aY:0.202,aZ:-0.017,gX:16.968,gY:15.259,gZ:24.170
aX:-0.726,aY:0.051,aZ:0.008,gX:21.362,gY:18.921,gZ:32.471
aX:-0.817,aY:-0.079,aZ:0.052,gX:22.827,gY:18.127,gZ:33.508
aX:-0.883,aY:-0.172,aZ:0.046,gX:19.226,gY:8.850,gZ:27.222
aX:-0.880,aY:-0.209,aZ:0.035,gX:12.573,gY:-2.563,gZ:18.616
aX:-0.844,aY:-0.191,aZ:0.034,gX:5.920,gY:-6.836,gZ:11.353
aX:-0.793,aY:-0.116,aZ:-0.002,gX:1.282,gY:-2.991,gZ:4.944
aX:-0.778,aY:-0.060,aZ:-0.075,gX:2.197,gY:0.916,gZ:-1.038
aX:-0.752,aY:-0.049,aZ:-0.080,gX:10.071,gY:7.935,gZ:-6.348
aX:-0.747,aY:-0.067,aZ:-0.054,gX:15.930,gY:9.827,gZ:-13.062
aX:-0.702,aY:-0.102,aZ:-0.070,gX:11.230,gY:-0.732,gZ:-20.386
aX:-0.662,aY:-0.175,aZ:-0.142,gX:-3.601,gY:-33.203,gZ:-27.771
aX:-0.817,aY:-0.042,aZ:-0.027,gX:-27.588,gY:-54.260,gZ:-35.583
aX:-0.774,aY:-0.008,aZ:-0.134,gX:-36.560,gY:-32.471,gZ:-40.466
aX:-0.668,aY:-0.045,aZ:-0.077,gX:-35.889,gY:-10.437,gZ:-32.532
aX:-0.579,aY:-0.064,aZ:-0.007,gX:-26.733,gY:-7.690,gZ:-21.240
aX:-0.622,aY:0.039,aZ:-0.032,gX:-8.240,gY:-15.625,gZ:-13.733
aX:-0.690,aY:0.137,aZ:-0.098,gX:1.465,gY:-15.747,gZ:-12.024
aX:-0.766,aY:0.146,aZ:-0.128,gX:6.531,gY:-14.954,gZ:-12.024
aX:-0.814,aY:0.111,aZ:-0.174,gX:16.724,gY:-15.259,gZ:-10.010
aX:-0.796,aY:0.050,aZ:-0.155,gX:23.437,gY:-10.925,gZ:-8.362
aX:-0.774,aY:-0.071,aZ:-0.107,gX:33.142,gY:-12.512,gZ:-4.578
aX:-0.721,aY:-0.224,aZ:-0.093,gX:34.729,gY:-8.179,gZ:-3.113
aX:-0.964,aY:-0.275,aZ:-0.086,gX:24.353,gY:-6.836,gZ:-2.136
aX:-1.303,aY:-0.132,aZ:-0.666,gX:-8.057,gY:-1.099,gZ:2.869
aX:-1.727,aY:-0.119,aZ:-0.914,gX:-18.799,gY:-31.189,gZ:39.307
aX:-1.386,aY:-0.333,aZ:-0.859,gX:-35.583,gY:-25.269,gZ:62.134
aX:-1.280,aY:-0.166,aZ:-0.476,gX:-16.846,gY:-10.498,gZ:28.198
aX:-1.319,aY:-0.009,aZ:-0.234,gX:-4.761,gY:13.306,gZ:-1.587
aX:-1.777,aY:0.131,aZ:-0.287,gX:-16.235,gY:9.460,gZ:-24.658
aX:-2.062,aY:0.457,aZ:-0.625,gX:-31.799,gY:-9.949,gZ:-16.785
aX:-1.534,aY:0.109,aZ:-0.736,gX:-9.888,gY:-50.232,gZ:-13.428
aX:-1.449,aY:0.029,aZ:-0.499,gX:44.739,gY:-23.193,gZ:-45.776
aX:-1.240,aY:0.148,aZ:-0.192,gX:50.781,gY:2.075,gZ:-61.523
aX:-1.005,aY:0.131,aZ:-0.036,gX:23.926,gY:1.709,gZ:-38.025
aX:-0.824,aY:0.073,aZ:-0.029,gX:6.714,gY:4.944,gZ:-18.677
aX:-0.857,aY:0.004,aZ:-0.103,gX:-2.563,gY:7.385,gZ:-5.432
aX:-0.917,aY:-0.025,aZ:-0.189,gX:-10.498,gY:4.822,gZ:7.080
aX:-0.893,aY:0.023,aZ:-0.198,gX:-19.775,gY:2.686,gZ:13.916
aX:-0.847,aY:0.082,aZ:-0.204,gX:-22.400,gY:5.249,gZ:14.465
aX:-0.844,aY:0.153,aZ:-0.204,gX:-25.391,gY:10.437,gZ:15.320
aX:-0.818,aY:0.229,aZ:-0.228,gX:-29.480,gY:4.456,gZ:11.780
aX:-0.751,aY:0.263,aZ:-0.241,gX:-23.926,gY:-1.404,gZ:4.089
aX:-0.775,aY:0.240,aZ:-0.245,gX:-9.338,gY:0.732,gZ:-3.296
aX:-0.821,aY:0.184,aZ:-0.210,gX:6.409,gY:5.798,gZ:-3.540
aX:-0.782,aY:0.084,aZ:-0.121,gX:17.517,gY:11.963,gZ:5.798
aX:-0.711,aY:0.019,aZ:-0.101,gX:17.517,gY:16.357,gZ:13.062
aX:-0.684,aY:-0.027,aZ:-0.164,gX:6.775,gY:10.132,gZ:15.320
aX:-0.715,aY:0.015,aZ:-0.192,gX:-1.953,gY:0.671,gZ:12.451
aX:-0.657,aY:0.073,aZ:-0.223,gX:-9.094,gY:-3.052,gZ:6.409
aX:-0.559,aY:0.129,aZ:-0.239,gX:-4.211,gY:-12.756,gZ:8.301
aX:-0.511,aY:0.183,aZ:-0.219,gX:-1.587,gY:-12.878,gZ:16.235
aX:-0.578,aY:0.189,aZ:-0.172,gX:-1.038,gY:0.244,gZ:27.588
aX:-0.585,aY:0.160,aZ:-0.262,gX:1.465,gY:12.512,gZ:39.856
aX:-0.636,aY:0.048,aZ:-0.336,gX:2.747,gY:20.874,gZ:51.025
aX:-0.669,aY:-0.060,aZ:-0.260,gX:7.446,gY:30.334,gZ:56.152
aX:-0.655,aY:-0.123,aZ:-0.258,gX:11.292,gY:29.907,gZ:55.054
aX:-0.644,aY:-0.217,aZ:-0.333,gX:11.292,gY:25.146,gZ:47.180
aX:-0.615,aY:-0.373,aZ:-0.304,gX:10.193,gY:20.508,gZ:38.086
aX:-0.801,aY:-0.629,aZ:-0.289,gX:26.245,gY:20.264,gZ:31.372
aX:-1.288,aY:-0.576,aZ:-0.160,gX:28.748,gY:52.551,gZ:22.583
aX:-2.056,aY:-0.247,aZ:-0.192,gX:9.583,gY:77.271,gZ:-1.526
aX:-2.262,aY:-0.413,aZ:-0.520,gX:-14.038,gY:32.166,gZ:14.771
aX:-1.988,aY:-0.240,aZ:-0.348,gX:-4.761,gY:5.249,gZ:-28.748
aX:-1.623,aY:-0.210,aZ:-0.092,gX:13.184,gY:-29.724,gZ:-56.091
aX:-1.500,aY:-0.112,aZ:-0.143,gX:22.461,gY:-26.855,gZ:-45.715
aX:-1.361,aY:0.033,aZ:-0.096,gX:11.353,gY:0.854,gZ:-34.302
aX:-1.262,aY:0.084,aZ:-0.072,gX:-7.996,gY:-4.211,gZ:-20.142
aX:-1.139,aY:0.121,aZ:-0.017,gX:-9.094,gY:-14.404,gZ:-6.714
aX:-1.024,aY:0.140,aZ:-0.008,gX:-3.967,gY:-10.681,gZ:2.136
aX:-1.038,aY:0.165,aZ:-0.075,gX:1.038,gY:-12.207,gZ:12.268
aX:-1.020,aY:0.091,aZ:-0.124,gX:4.517,gY:-7.141,gZ:22.461
aX:-0.992,aY:-0.037,aZ:-0.066,gX:6.531,gY:-2.625,gZ:29.358
aX:-0.913,aY:-0.130,aZ:0.018,gX:7.019,gY:0.000,gZ:25.696
aX:-0.845,aY:-0.186,aZ:0.049,gX:6.958,gY:-1.831,gZ:12.939
aX:-0.758,aY:-0.192,aZ:0.007,gX:5.737,gY:-3.662,gZ:-0.854
aX:-0.701,aY:-0.135,aZ:-0.002,gX:1.587,gY:-3.784,gZ:-13.916
aX:-0.665,aY:-0.063,aZ:0.040,gX:4.578,gY:3.113,gZ:-22.156
aX:-0.597,aY:0.008,aZ:0.089,gX:10.498,gY:12.573,gZ:-24.658
aX:-0.460,aY:0.090,aZ:-0.061,gX:11.230,gY:3.113,gZ:-20.752
aX:-0.423,aY:0.106,aZ:-0.109,gX:5.188,gY:-40.710,gZ:-16.968
aX:-0.646,aY:0.122,aZ:-0.086,gX:9.216,gY:-54.688,gZ:-22.095
aX:-0.744,aY:0.066,aZ:-0.164,gX:10.742,gY:-26.978,gZ:-35.950
aX:-0.808,aY:-0.045,aZ:-0.150,gX:19.470,gY:-12.329,gZ:-30.151
aX:-0.902,aY:-0.094,aZ:-0.134,gX:21.545,gY:-8.789,gZ:-13.733
aX:-0.817,aY:-0.097,aZ:-0.155,gX:25.818,gY:1.770,gZ:-1.709
aX:-0.690,aY:-0.175,aZ:-0.134,gX:28.137,gY:15.869,gZ:4.211
aX:-0.598,aY:-0.228,aZ:-0.090,gX:37.170,gY:17.090,gZ:6.409
aX:-0.532,aY:-0.145,aZ:-0.038,gX:41.321,gY:5.188,gZ:3.845
aX:-0.548,aY:-0.121,aZ:-0.001,gX:41.016,gY:1.953,gZ:2.197
aX:-0.732,aY:-0.014,aZ:0.005,gX:22.888,gY:-1.221,gZ:-0.916
aX:-1.365,aY:0.351,aZ:-0.876,gX:-29.968,gY:-19.287,gZ:1.343
aX:-1.990,aY:0.238,aZ:-1.145,gX:-39.124,gY:-11.353,gZ:39.734
aX:-1.571,aY:-0.500,aZ:-1.002,gX:-29.724,gY:-48.767,gZ:85.144
aX:-1.273,aY:-0.380,aZ:-0.671,gX:9.216,gY:-25.757,gZ:52.002
aX:-1.387,aY:-0.181,aZ:-0.354,gX:3.784,gY:10.193,gZ:14.465
aX:-1.446,aY:-0.096,aZ:-0.301,gX:-12.878,gY:9.766,gZ:-6.775
aX:-1.672,aY:0.126,aZ:-0.300,gX:-10.986,gY:10.254,gZ:-4.211
aX:-1.545,aY:0.407,aZ:-0.368,gX:-12.512,gY:-1.892,gZ:-1.526
aX:-1.331,aY:0.478,aZ:-0.447,gX:-0.183,gY:-10.620,gZ:-14.404
aX:-1.219,aY:0.487,aZ:-0.383,gX:32.959,gY:-2.808,gZ:-24.231
aX:-1.098,aY:0.216,aZ:-0.323,gX:37.781,gY:2.686,gZ:-16.235
aX:-1.057,aY:0.014,aZ:-0.227,gX:26.978,gY:-5.127,gZ:-3.845
aX:-1.004,aY:-0.026,aZ:-0.155,gX:27.405,gY:2.319,gZ:-2.808
aX:-1.022,aY:-0.066,aZ:-0.148,gX:17.029,gY:7.080,gZ:-3.540
aX:-1.038,aY:0.035,aZ:-0.138,gX:3.967,gY:6.958,gZ:1.282
aX:-0.863,aY:0.136,aZ:-0.165,gX:-8.423,gY:4.333,gZ:11.658
aX:-0.733,aY:0.187,aZ:-0.219,gX:-8.972,gY:7.568,gZ:22.278
aX:-0.713,aY:0.240,aZ:-0.237,gX:-6.409,gY:13.428,gZ:25.696
aX:-0.776,aY:0.311,aZ:-0.255,gX:-1.770,gY:13.489,gZ:25.024
aX:-0.833,aY:0.324,aZ:-0.267,gX:6.714,gY:11.108,gZ:19.287
aX:-0.946,aY:0.224,aZ:-0.260,gX:22.095,gY:10.620,gZ:13.306
aX:-1.079,aY:0.093,aZ:-0.255,gX:33.691,gY:15.137,gZ:10.559
aX:-1.048,aY:0.104,aZ:-0.230,gX:36.865,gY:19.226,gZ:8.606
aX:-0.931,aY:0.135,aZ:-0.237,gX:31.799,gY:18.311,gZ:5.554
aX:-0.814,aY:0.113,aZ:-0.260,gX:27.893,gY:14.221,gZ:0.488
aX:-0.724,aY:0.066,aZ:-0.176,gX:30.396,gY:6.958,gZ:0.977
aX:-0.703,aY:0.138,aZ:-0.146,gX:33.203,gY:3.052,gZ:6.104
aX:-0.712,aY:0.261,aZ:-0.123,gX:36.621,gY:6.226,gZ:12.207
aX:-0.717,aY:0.356,aZ:-0.134,gX:38.818,gY:10.132,gZ:14.587
aX:-0.741,aY:0.347,aZ:-0.218,gX:40.466,gY:9.094,gZ:15.442
aX:-0.750,aY:0.251,aZ:-0.256,gX:43.518,gY:3.052,gZ:17.883
aX:-0.730,aY:0.193,aZ:-0.277,gX:49.622,gY:-3.235,gZ:16.357
aX:-0.697,aY:0.147,aZ:-0.234,gX:56.152,gY:-3.052,gZ:11.902
aX:-0.627,aY:0.125,aZ:-0.193,gX:60.364,gY:-3.174,gZ:7.324
aX:-0.553,aY:0.134,aZ:-0.314,gX:61.829,gY:-6.165,gZ:4.822
aX:-0.540,aY:0.109,aZ:-0.440,gX:64.697,gY:-9.460,gZ:8.667
aX:-0.571,aY:0.073,aZ:-0.489,gX:71.411,gY:-9.766,gZ:20.508
aX:-0.523,aY:-0.085,aZ:-0.577,gX:89.722,gY:-13.977,gZ:36.865
aX:-0.841,aY:-0.266,aZ:-0.652,gX:112.976,gY:-7.629,gZ:58.716
aX:-1.223,aY:-0.389,aZ:-0.429,gX:140.137,gY:10.254,gZ:79.773
aX:-1.624,aY:-0.599,aZ:-0.265,gX:122.681,gY:15.930,gZ:81.421
aX:-1.766,aY:-0.640,aZ:-0.386,gX:73.364,gY:9.216,gZ:67.810
aX:-1.818,aY:-0.519,aZ:-0.535,gX:41.260,gY:13.062,gZ:29.053
aX:-1.662,aY:-0.295,aZ:-0.370,gX:51.086,gY:15.015,gZ:-20.508
aX:-1.342,aY:-0.046,aZ:-0.230,gX:70.007,gY:4.028,gZ:-36.316
aX:-1.066,aY:0.114,aZ:-0.229,gX:87.769,gY:-4.150,gZ:-17.334
aX:-0.833,aY:0.178,aZ:-0.245,gX:106.628,gY:-2.747,gZ:12.695
aX:-0.819,aY:0.120,aZ:-0.284,gX:117.981,gY:4.456,gZ:39.001
aX:-0.985,aY:0.004,aZ:-0.271,gX:121.948,gY:27.161,gZ:56.885
aX:-1.296,aY:-0.076,aZ:-0.234,gX:119.751,gY:46.143,gZ:69.275
aX:-1.541,aY:-0.307,aZ:-0.196,gX:114.319,gY:46.692,gZ:73.547
aX:-1.555,aY:-0.375,aZ:-0.243,gX:96.008,gY:15.320,gZ:53.711
aX:-1.363,aY:-0.145,aZ:-0.326,gX:81.970,gY:-15.564,gZ:21.790
aX:-1.152,aY:0.037,aZ:-0.319,gX:77.332,gY:-18.250,gZ:4.456
aX:-0.856,aY:0.037,aZ:-0.235,gX:81.604,gY:-11.047,gZ:2.747
aX:-0.644,aY:-0.004,aZ:-0.144,gX:89.905,gY:-0.977,gZ:5.859
aX:-0.625,aY:-0.055,aZ:-0.061,gX:82.825,gY:5.310,gZ:-0.793
aX:-0.697,aY:-0.097,aZ:-0.005,gX:71.411,gY:-0.183,gZ:-1.282
aX:-0.788,aY:-0.068,aZ:-0.034,gX:82.886,gY:1.587,gZ:8.118
aX:-0.832,aY:-0.078,aZ:-0.016,gX:76.477,gY:3.784,gZ:11.108
aX:-0.930,aY:-0.002,aZ:-0.083,gX:89.233,gY:9.644,gZ:14.282
aX:-0.969,aY:0.070,aZ:-0.233,gX:95.459,gY:23.193,gZ:13.977
aX:-1.024,aY:0.104,aZ:-0.296,gX:91.187,gY:30.090,gZ:13.062
aX:-1.155,aY:0.037,aZ:-0.287,gX:89.478,gY:27.344,gZ:18.799
aX:-1.255,aY:-0.033,aZ:-0.206,gX:86.060,gY:24.658,gZ:29.419
aX:-1.155,aY:-0.002,aZ:-0.151,gX:76.721,gY:26.855,gZ:25.940
aX:-1.005,aY:-0.000,aZ:-0.064,gX:75.317,gY:24.597,gZ:12.634
aX:-0.918,aY:-0.026,aZ:0.038,gX:79.346,gY:23.010,gZ:-1.892
aX:-0.923,aY:0.000,aZ:0.110,gX:84.595,gY:27.100,gZ:-13.000
aX:-1.013,aY:-0.011,aZ:-0.027,gX:84.351,gY:26.489,gZ:-17.334
aX:-1.370,aY:0.090,aZ:-0.297,gX:93.079,gY:36.804,gZ:-5.798
aX:-1.738,aY:0.077,aZ:-0.617,gX:59.143,gY:35.278,gZ:9.521
aX:-1.467,aY:-0.251,aZ:-0.885,gX:28.381,gY:-9.583,gZ:32.471
aX:-1.037,aY:-0.226,aZ:-0.717,gX:49.500,gY:-35.278,gZ:32.837
aX:-0.790,aY:-0.019,aZ:-0.565,gX:82.031,gY:-9.644,gZ:19.592
aX:-0.565,aY:0.083,aZ:-0.513,gX:75.256,gY:-5.432,gZ:6.714
aX:-0.548,aY:0.054,aZ:-0.403,gX:69.946,gY:-8.484,gZ:12.146
aX:-0.644,aY:-0.047,aZ:-0.333,gX:75.684,gY:-4.639,gZ:20.020
aX:-0.770,aY:-0.196,aZ:-0.240,gX:81.421,gY:-3.784,gZ:26.306
aX:-0.943,aY:-0.197,aZ:-0.250,gX:71.655,gY:-13.062,gZ:28.137
aX:-1.018,aY:-0.099,aZ:-0.318,gX:50.659,gY:-30.273,gZ:17.029
aX:-1.041,aY:0.024,aZ:-0.443,gX:37.231,gY:-40.283,gZ:2.441
aX:-1.059,aY:0.061,aZ:-0.537,gX:35.950,gY:-46.692,gZ:-8.545
aX:-1.027,aY:0.040,aZ:-0.499,gX:46.021,gY:-35.522,gZ:-14.282
aX:-0.925,aY:0.034,aZ:-0.399,gX:51.453,gY:-16.724,gZ:-19.653
aX:-0.841,aY:0.082,aZ:-0.262,gX:51.331,gY:-5.249,gZ:-19.592
aX:-0.802,aY:0.106,aZ:-0.164,gX:47.119,gY:0.122,gZ:-9.277
aX:-0.746,aY:0.117,aZ:-0.168,gX:38.574,gY:-2.502,gZ:0.977
aX:-0.764,aY:0.136,aZ:-0.207,gX:33.508,gY:-2.930,gZ:13.977
aX:-0.791,aY:0.154,aZ:-0.280,gX:33.569,gY:-0.671,gZ:23.621
aX:-0.881,aY:0.122,aZ:-0.301,gX:39.673,gY:1.953,gZ:28.870
aX:-0.981,aY:0.098,aZ:-0.324,gX:44.983,gY:0.977,gZ:28.992
aX:-1.014,aY:0.101,aZ:-0.375,gX:45.227,gY:-4.211,gZ:25.635
aX:-1.021,aY:0.125,aZ:-0.397,gX:46.204,gY:-5.432,gZ:21.179
aX:-1.019,aY:0.133,aZ:-0.412,gX:47.119,gY:-0.427,gZ:17.761
aX:-0.984,aY:0.102,aZ:-0.381,gX:50.842,gY:5.005,gZ:15.808
aX:-0.961,aY:0.083,aZ:-0.382,gX:52.795,gY:8.423,gZ:12.817
aX:-0.989,aY:0.086,aZ:-0.371,gX:49.500,gY:13.855,gZ:9.888
aX:-0.971,aY:0.095,aZ:-0.346,gX:43.274,gY:17.883,gZ:7.202
aX:-0.915,aY:0.113,aZ:-0.318,gX:39.368,gY:15.747,gZ:3.845
aX:-0.878,aY:0.130,aZ:-0.316,gX:37.842,gY:7.812,gZ:0.916
aX:-0.884,aY:0.139,aZ:-0.336,gX:39.490,gY:0.671,gZ:2.197
aX:-0.890,aY:0.144,aZ:-0.325,gX:41.382,gY:-1.038,gZ:9.155
aX:-0.901,aY:0.152,aZ:-0.336,gX:39.612,gY:-0.366,gZ:16.724
aX:-0.960,aY:0.178,aZ:-0.357,gX:35.828,gY:0.183,gZ:22.888
aX:-1.017,aY:0.178,aZ:-0.361,gX:33.386,gY:1.892,gZ:25.696
aX:-1.068,aY:0.146,aZ:-0.349,gX:31.128,gY:2.991,gZ:25.146
aX:-1.104,aY:0.151,aZ:-0.311,gX:27.161,gY:3.662,gZ:21.729
aX:-1.100,aY:0.213,aZ:-0.305,gX:21.423,gY:1.953,gZ:14.465
aX:-1.076,aY:0.254,aZ:-0.308,gX:19.409,gY:-1.953,gZ:5.493
aX:-1.031,aY:0.307,aZ:-0.376,gX:22.156,gY:-6.409,gZ:-2.991
aX:-1.016,aY:0.315,aZ:-0.493,gX:33.813,gY:-12.695,gZ:-7.019
aX:-1.046,aY:0.237,aZ:-0.541,gX:55.847,gY:-10.925,gZ:-3.357
aX:-1.019,aY:0.076,aZ:-0.515,gX:76.172,gY:-5.615,gZ:2.136
aX:-0.993,aY:-0.067,aZ:-0.488,gX:88.196,gY:-1.892,gZ:6.409
aX:-0.948,aY:-0.180,aZ:-0.526,gX:94.666,gY:-2.502,gZ:9.766
aX:-0.883,aY:-0.283,aZ:-0.528,gX:92.712,gY:-8.606,gZ:13.184
aX:-0.863,aY:-0.317,aZ:-0.430,gX:87.341,gY:-5.859,gZ:21.118
aX:-0.872,aY:-0.303,aZ:-0.379,gX:74.219,gY:0.793,gZ:29.175
aX:-0.887,aY:-0.245,aZ:-0.375,gX:60.913,gY:8.911,gZ:36.560
aX:-0.907,aY:-0.225,aZ:-0.354,gX:55.603,gY:19.348,gZ:44.128
aX:-0.952,aY:-0.205,aZ:-0.334,gX:58.350,gY:30.029,gZ:46.692
aX:-1.004,aY:-0.184,aZ:-0.311,gX:59.448,gY:31.799,gZ:42.297
aX:-1.078,aY:-0.185,aZ:-0.325,gX:54.260,gY:23.437,gZ:31.799
aX:-1.118,aY:-0.207,aZ:-0.324,gX:48.645,gY:10.803,gZ:19.165
aX:-1.140,aY:-0.171,aZ:-0.333,gX:47.424,gY:-0.061,gZ:6.836
aX:-1.072,aY:-0.091,aZ:-0.327,gX:49.561,gY:-1.831,gZ:-0.916
aX:-0.969,aY:0.004,aZ:-0.309,gX:50.964,gY:1.526,gZ:-1.160
aX:-0.875,aY:0.032,aZ:-0.277,gX:55.725,gY:7.446,gZ:11.475
aX:-0.778,aY:-0.011,aZ:-0.242,gX:58.167,gY:16.113,gZ:23.926
aX:-0.756,aY:-0.078,aZ:-0.196,gX:59.937,gY:23.010,gZ:31.067
aX:-0.788,aY:-0.132,aZ:-0.175,gX:56.274,gY:27.405,gZ:33.325
aX:-0.819,aY:-0.168,aZ:-0.184,gX:52.063,gY:26.672,gZ:28.931
aX:-0.854,aY:-0.167,aZ:-0.184,gX:49.866,gY:22.095,gZ:22.522
aX:-0.835,aY:-0.158,aZ:-0.171,gX:47.058,gY:14.038,gZ:14.954
aX:-0.827,aY:-0.127,aZ:-0.165,gX:39.490,gY:5.676,gZ:4.700
aX:-0.815,aY:-0.095,aZ:-0.166,gX:31.128,gY:-0.488,gZ:-5.249
aX:-0.863,aY:-0.085,aZ:-0.148,gX:26.062,gY:-2.197,gZ:-13.123
aX:-0.927,aY:-0.085,aZ:-0.131,gX:24.719,gY:3.113,gZ:-18.066
aX:-0.967,aY:-0.074,aZ:-0.101,gX:22.705,gY:9.338,gZ:-19.592
aX:-1.005,aY:-0.036,aZ:-0.069,gX:23.376,gY:12.878,gZ:-17.517
aX:-0.990,aY:0.005,aZ:-0.080,gX:28.259,gY:17.456,gZ:-13.672
aX:-0.966,aY:0.049,aZ:-0.099,gX:32.349,gY:20.691,gZ:-9.216
aX:-0.982,aY:0.056,aZ:-0.122,gX:32.166,gY:21.606,gZ:-6.409
aX:-1.064,aY:-0.001,aZ:-0.152,gX:26.794,gY:15.625,gZ:-2.930
aX:-1.118,aY:-0.020,aZ:-0.149,gX:25.513,gY:4.150,gZ:5.188
aX:-1.100,aY:-0.014,aZ:-0.108,gX:23.193,gY:0.183,gZ:9.033
aX:-1.122,aY:-0.024,aZ:-0.060,gX:19.531,gY:4.639,gZ:4.700
aX:-1.176,aY:-0.031,aZ:-0.022,gX:25.391,gY:16.357,gZ:0.610
aX:-1.213,aY:-0.018,aZ:-0.008,gX:41.321,gY:29.297,gZ:-0.671
aX:-1.375,aY:-0.090,aZ:-0.176,gX:58.167,gY:42.908,gZ:0.610
aX:-1.365,aY:-0.163,aZ:-0.428,gX:43.518,gY:43.701,gZ:5.615
aX:-1.377,aY:-0.212,aZ:-0.457,gX:8.545,gY:6.470,gZ:6.958
aX:-1.124,aY:-0.166,aZ:-0.408,gX:5.249,gY:-9.033,gZ:2.930
aX:-0.900,aY:-0.024,aZ:-0.412,gX:17.578,gY:-7.141,gZ:-1.892
aX:-0.758,aY:0.103,aZ:-0.516,gX:6.714,gY:-21.301,gZ:-11.292
aX:-0.664,aY:0.108,aZ:-0.579,gX:14.282,gY:-30.334,gZ:-4.395
aX:-0.643,aY:0.011,aZ:-0.488,gX:25.635,gY:-30.640,gZ:14.954
aX:-0.700,aY:-0.108,aZ:-0.340,gX:39.551,gY:-13.245,gZ:32.410
aX:-0.801,aY:-0.222,aZ:-0.239,gX:38.818,gY:3.418,gZ:37.415
aX:-0.973,aY:-0.230,aZ:-0.225,gX:29.785,gY:2.380,gZ:32.959
aX:-1.065,aY:-0.103,aZ:-0.283,gX:14.404,gY:-12.085,gZ:19.836
aX:-1.088,aY:0.029,aZ:-0.357,gX:6.042,gY:-24.475,gZ:3.113
aX:-1.047,aY:0.116,aZ:-0.439,gX:2.991,gY:-28.137,gZ:-14.160
aX:-1.040,aY:0.122,aZ:-0.439,gX:8.850,gY:-29.663,gZ:-24.292
aX:-0.976,aY:0.094,aZ:-0.377,gX:17.151,gY:-26.794,gZ:-24.902
aX:-0.875,aY:0.070,aZ:-0.299,gX:25.146,gY:-17.029,gZ:-18.738
aX:-0.796,aY:0.050,aZ:-0.223,gX:28.320,gY:-8.667,gZ:-9.338
aX:-0.755,aY:0.004,aZ:-0.194,gX:24.597,gY:-6.836,gZ:0.305
aX:-0.758,aY:-0.016,aZ:-0.196,gX:18.616,gY:-8.179,gZ:10.742
aX:-0.814,aY:-0.018,aZ:-0.212,gX:11.292,gY:-11.841,gZ:20.325
aX:-0.858,aY:-0.011,aZ:-0.248,gX:3.235,gY:-8.179,gZ:24.170
aX:-0.885,aY:0.026,aZ:-0.308,gX:-3.174,gY:-3.784,gZ:21.545
aX:-0.888,aY:0.056,aZ:-0.349,gX:-4.211,gY:-2.441,gZ:16.235
aX:-0.878,aY:0.085,aZ:-0.325,gX:-1.038,gY:-1.038,gZ:9.521
aX:-0.838,aY:0.101,aZ:-0.301,gX:6.165,gY:4.639,gZ:1.892
aX:-0.784,aY:0.059,aZ:-0.237,gX:8.728,gY:10.254,gZ:-4.333
aX:-0.737,aY:0.002,aZ:-0.193,gX:12.695,gY:15.930,gZ:-5.188
aX:-0.684,aY:-0.048,aZ:-0.121,gX:7.141,gY:15.381,gZ:-5.371
aX:-0.601,aY:-0.045,aZ:-0.096,gX:6.409,gY:8.179,gZ:-2.197
aX:-0.486,aY:0.025,aZ:-0.117,gX:-7.751,gY:7.690,gZ:-3.540
aX:-0.465,aY:0.109,aZ:-0.142,gX:-16.968,gY:2.747,gZ:-7.019
aX:-0.510,aY:0.129,aZ:-0.176,gX:-13.062,gY:-1.038,gZ:-1.892
aX:-0.617,aY:0.094,aZ:-0.171,gX:-15.076,gY:-0.488,gZ:9.583
aX:-0.684,aY:0.044,aZ:-0.271,gX:-19.592,gY:4.456,gZ:17.700
aX:-0.760,aY:-0.008,aZ:-0.432,gX:-20.081,gY:13.550,gZ:24.475
aX:-0.775,aY:-0.092,aZ:-0.471,gX:-20.691,gY:28.442,gZ:29.785
aX:-0.750,aY:-0.145,aZ:-0.322,gX:-17.944,gY:40.100,gZ:28.625
aX:-0.764,aY:-0.126,aZ:-0.238,gX:-12.756,gY:48.523,gZ:18.982
aX:-0.839,aY:-0.080,aZ:-0.231,gX:-3.052,gY:60.791,gZ:12.085
aX:-1.009,aY:-0.287,aZ:-0.342,gX:31.982,gY:72.144,gZ:15.198
aX:-1.179,aY:-0.335,aZ:-0.328,gX:36.072,gY:67.139,gZ:17.334
aX:-1.815,aY:-0.097,aZ:-0.046,gX:30.762,gY:44.861,gZ:2.380
aX:-2.072,aY:-0.103,aZ:-0.369,gX:9.827,gY:23.621,gZ:8.118
aX:-2.177,aY:-0.310,aZ:-0.410,gX:0.000,gY:-1.648,gZ:-2.075
aX:-1.955,aY:-0.584,aZ:-0.158,gX:8.118,gY:-6.042,gZ:-25.024
aX:-1.678,aY:-0.607,aZ:-0.073,gX:9.155,gY:-10.681,gZ:-28.137
aX:-1.561,aY:-0.201,aZ:-0.021,gX:-5.615,gY:-4.944,gZ:-40.588
aX:-1.393,aY:0.028,aZ:-0.128,gX:-20.386,gY:-20.203,gZ:-54.749
aX:-1.133,aY:0.164,aZ:-0.188,gX:-29.053,gY:-31.616,gZ:-59.326
aX:-0.904,aY:0.244,aZ:-0.204,gX:-17.273,gY:-28.259,gZ:-42.908
aX:-0.789,aY:0.217,aZ:-0.139,gX:2.075,gY:-12.573,gZ:-16.113
aX:-0.755,aY:0.110,aZ:-0.073,gX:18.127,gY:8.057,gZ:6.958
aX:-0.769,aY:-0.019,aZ:-0.014,gX:22.278,gY:19.775,gZ:23.743
aX:-0.835,aY:-0.129,aZ:0.019,gX:18.005,gY:20.996,gZ:34.180
aX:-0.901,aY:-0.220,aZ:0.027,gX:11.902,gY:14.099,gZ:38.147
aX:-0.862,aY:-0.251,aZ:0.005,gX:0.488,gY:2.991,gZ:33.264
aX:-0.767,aY:-0.212,aZ:-0.059,gX:-12.268,gY:-8.850,gZ:18.860
aX:-0.664,aY:-0.152,aZ:-0.101,gX:-21.301,gY:-16.968,gZ:1.648
aX:-0.571,aY:-0.095,aZ:-0.099,gX:-17.517,gY:-19.348,gZ:-9.888
aX:-0.474,aY:-0.028,aZ:-0.082,gX:-6.042,gY:-14.648,gZ:-15.259
aX:-0.467,aY:0.021,aZ:-0.044,gX:1.526,gY:-13.245,gZ:-19.897
aX:-0.647,aY:-0.020,aZ:-0.050,gX:7.019,gY:-17.639,gZ:-21.667
aX:-0.891,aY:-0.104,aZ:-0.104,gX:11.047,gY:-25.391,gZ:-18.372
aX:-1.029,aY:-0.159,aZ:-0.240,gX:7.263,gY:-39.856,gZ:-9.766
aX:-1.017,aY:-0.176,aZ:-0.347,gX:-9.827,gY:-55.542,gZ:-4.028
aX:-0.829,aY:-0.150,aZ:-0.404,gX:-19.775,gY:-55.908,gZ:-1.221
aX:-0.666,aY:-0.090,aZ:-0.352,gX:-16.785,gY:-48.706,gZ:4.761
aX:-0.521,aY:0.072,aZ:-0.140,gX:-16.113,gY:-34.058,gZ:11.230
aX:-0.412,aY:0.251,aZ:0.090,gX:-25.818,gY:-18.250,gZ:14.832
aX:-0.401,aY:0.266,aZ:0.111,gX:-30.212,gY:-17.456,gZ:12.634
aX:-0.600,aY:0.075,aZ:-0.067,gX:-12.329,gY:-23.926,gZ:13.245
aX:-0.885,aY:0.029,aZ:-0.082,gX:25.574,gY:-16.235,gZ:14.404
aX:-1.171,aY:0.015,aZ:-0.053,gX:46.814,gY:-12.695,gZ:2.808
aX:-1.230,aY:-0.043,aZ:-0.152,gX:30.151,gY:-23.376,gZ:-10.559
aX:-1.196,aY:-0.190,aZ:-0.273,gX:8.789,gY:-28.564,gZ:-18.982
aX:-1.324,aY:-0.280,aZ:-0.323,gX:14.526,gY:-17.517,gZ:-32.043
aX:-1.385,aY:-0.173,aZ:-0.833,gX:26.123,gY:24.170,gZ:-31.921
aX:-1.421,aY:-0.372,aZ:-0.877,gX:-41.077,gY:10.498,gZ:-10.864
aX:-1.263,aY:-0.311,aZ:-0.529,gX:-48.279,gY:-31.250,gZ:12.634
aX:-0.802,aY:-0.052,aZ:-0.273,gX:-19.958,gY:-20.935,gZ:-13.672
aX:-0.765,aY:0.153,aZ:-0.102,gX:5.981,gY:-10.376,gZ:-28.015
aX:-0.979,aY:0.327,aZ:-0.298,gX:5.249,gY:20.569,gZ:-25.818
aX:-2.078,aY:0.622,aZ:-0.506,gX:-18.921,gY:38.757,gZ:-3.967
aX:-2.110,aY:0.174,aZ:-0.948,gX:-52.124,gY:-3.357,gZ:57.373
aX:-1.857,aY:-0.172,aZ:-1.004,gX:-16.296,gY:-40.894,gZ:34.790
aX:-1.477,aY:0.095,aZ:-0.497,gX:38.513,gY:11.108,gZ:-53.955
aX:-1.062,aY:0.207,aZ:-0.198,gX:26.428,gY:15.686,gZ:-76.111
aX:-0.929,aY:0.213,aZ:-0.170,gX:10.559,gY:3.540,gZ:-47.424
aX:-0.852,aY:0.008,aZ:-0.203,gX:-2.808,gY:-5.493,gZ:-18.127
aX:-0.740,aY:-0.115,aZ:-0.229,gX:0.366,gY:5.676,gZ:-5.127
aX:-0.760,aY:-0.101,aZ:-0.246,gX:-2.686,gY:11.353,gZ:2.686
aX:-0.788,aY:-0.071,aZ:-0.224,gX:-12.573,gY:16.235,gZ:7.202
aX:-0.776,aY:0.007,aZ:-0.243,gX:-17.029,gY:14.160,gZ:7.874
aX:-0.778,aY:0.100,aZ:-0.263,gX:-17.029,gY:14.954,gZ:8.118
aX:-0.790,aY:0.193,aZ:-0.282,gX:-21.545,gY:13.855,gZ:5.737
aX:-0.846,aY:0.230,aZ:-0.256,gX:-22.034,gY:15.930,gZ:1.099
aX:-0.843,aY:0.151,aZ:-0.175,gX:-11.658,gY:14.954,gZ:-4.822
aX:-0.825,aY:0.080,aZ:-0.126,gX:0.427,gY:8.606,gZ:-5.188
aX:-0.756,aY:0.098,aZ:-0.149,gX:5.798,gY:6.958,gZ:-0.427
aX:-0.747,aY:0.134,aZ:-0.239,gX:7.568,gY:14.893,gZ:4.700
aX:-0.757,aY:0.089,aZ:-0.322,gX:5.737,gY:24.414,gZ:9.460
aX:-0.729,aY:0.046,aZ:-0.245,gX:4.456,gY:24.780,gZ:10.986
aX:-0.661,aY:0.078,aZ:-0.091,gX:7.324,gY:21.118,gZ:9.094
aX:-0.628,aY:0.151,aZ:-0.068,gX:10.986,gY:16.846,gZ:8.179
aX:-0.632,aY:0.209,aZ:-0.167,gX:10.071,gY:19.470,gZ:13.977
aX:-0.610,aY:0.114,aZ:-0.321,gX:8.789,gY:18.860,gZ:26.184
aX:-0.604,aY:-0.018,aZ:-0.164,gX:10.559,gY:7.385,gZ:37.903
aX:-0.616,aY:-0.007,aZ:-0.083,gX:10.864,gY:6.226,gZ:34.119
aX:-0.656,aY:0.047,aZ:-0.215,gX:9.583,gY:5.920,gZ:26.245
aX:-0.661,aY:0.030,aZ:-0.492,gX:0.244,gY:-5.859,gZ:23.987
aX:-0.625,aY:-0.096,aZ:-0.613,gX:3.906,gY:-9.583,gZ:27.039
aX:-0.612,aY:-0.248,aZ:-0.386,gX:10.254,gY:1.282,gZ:33.081
aX:-0.675,aY:-0.379,aZ:-0.032,gX:14.465,gY:20.508,gZ:31.006
aX:-1.016,aY:-0.487,aZ:-0.116,gX:37.354,gY:55.847,gZ:33.936
aX:-1.430,aY:-0.222,aZ:-0.023,gX:23.560,gY:89.172,gZ:24.658
aX:-2.031,aY:0.095,aZ:-0.357,gX:-9.460,gY:52.979,gZ:0.122
aX:-2.055,aY:-0.256,aZ:-0.646,gX:-26.611,gY:-26.550,gZ:17.944
aX:-2.103,aY:-0.319,aZ:-0.453,gX:24.963,gY:-23.193,gZ:7.996
aX:-1.768,aY:-0.349,aZ:-0.180,gX:36.804,gY:-6.958,gZ:-15.442
aX:-1.562,aY:-0.373,aZ:-0.072,gX:28.198,gY:7.690,gZ:-15.259
aX:-1.353,aY:-0.136,aZ:0.156,gX:10.315,gY:27.039,gZ:-13.855
aX:-1.180,aY:0.044,aZ:0.058,gX:-13.367,gY:3.906,gZ:-15.686
aX:-1.158,aY:0.167,aZ:-0.079,gX:-13.367,gY:-18.555,gZ:-18.616
aX:-1.068,aY:0.206,aZ:-0.130,gX:-4.456,gY:-10.681,gZ:-18.982
aX:-1.105,aY:0.248,aZ:-0.104,gX:5.859,gY:-5.432,gZ:-10.010
aX:-1.093,aY:0.245,aZ:-0.128,gX:15.259,gY:4.578,gZ:-0.549
aX:-1.001,aY:0.140,aZ:-0.112,gX:18.860,gY:10.620,gZ:5.981
aX:-0.882,aY:0.041,aZ:-0.014,gX:15.564,gY:8.911,gZ:7.141
aX:-0.814,aY:-0.038,aZ:0.017,gX:14.404,gY:6.897,gZ:8.179
aX:-0.794,aY:-0.139,aZ:0.006,gX:12.329,gY:11.169,gZ:8.728
aX:-0.771,aY:-0.224,aZ:0.008,gX:3.418,gY:13.733,gZ:6.897
aX:-0.739,aY:-0.196,aZ:-0.002,gX:-9.644,gY:9.644,gZ:0.305
aX:-0.687,aY:-0.100,aZ:-0.066,gX:-11.719,gY:3.601,gZ:-10.559
aX:-0.625,aY:0.005,aZ:-0.115,gX:-6.042,gY:-1.526,gZ:-18.433
aX:-0.651,aY:0.082,aZ:-0.121,gX:-0.610,gY:-8.484,gZ:-23.926
aX:-0.738,aY:0.001,aZ:-0.113,gX:9.338,gY:-16.113,gZ:-28.687
aX:-0.815,aY:-0.100,aZ:-0.136,gX:28.931,gY:-12.878,gZ:-27.222
aX:-0.834,aY:-0.166,aZ:-0.152,gX:25.208,gY:-4.333,gZ:-27.954
aX:-0.786,aY:-0.122,aZ:-0.149,gX:3.296,gY:-5.920,gZ:-31.677
aX:-0.766,aY:-0.138,aZ:-0.100,gX:-13.428,gY:-7.751,gZ:-27.344
aX:-0.658,aY:-0.120,aZ:-0.068,gX:-14.282,gY:-2.136,gZ:-17.334
aX:-0.498,aY:-0.066,aZ:-0.108,gX:-23.376,gY:-2.563,gZ:-12.817
aX:-0.509,aY:0.038,aZ:0.007,gX:-36.987,gY:-11.230,gZ:-14.771
aX:-0.490,aY:0.087,aZ:0.059,gX:-30.762,gY:-9.460,gZ:-10.132
aX:-0.543,aY:0.052,aZ:0.050,gX:-18.921,gY:-8.545,gZ:-4.883
aX:-0.580,aY:0.059,aZ:0.024,gX:-0.122,gY:-4.517,gZ:-0.732
aX:-0.641,aY:0.035,aZ:-0.074,gX:6.958,gY:-9.460,gZ:-0.916
aX:-0.822,aY:0.075,aZ:0.018,gX:11.169,gY:-12.329,gZ:2.686
aX:-1.208,aY:0.195,aZ:-0.550,gX:2.808,gY:-9.583,gZ:9.094
aX:-1.891,aY:0.385,aZ:-0.959,gX:-13.611,gY:17.395,gZ:30.334
aX:-1.977,aY:-0.254,aZ:-0.877,gX:-11.536,gY:-32.227,gZ:84.412
aX:-1.453,aY:-0.240,aZ:-0.480,gX:0.977,gY:-28.503,gZ:49.805
aX:-1.429,aY:-0.042,aZ:-0.261,gX:18.921,gY:-15.991,gZ:-3.723
aX:-1.353,aY:0.004,aZ:-0.242,gX:4.211,gY:-24.170,gZ:-32.959
aX:-1.715,aY:0.170,aZ:-0.270,gX:-4.272,gY:-20.508,gZ:-33.691
aX:-2.039,aY:0.287,aZ:-0.552,gX:-19.775,gY:-23.804,gZ:2.991
aX:-1.623,aY:-0.061,aZ:-0.682,gX:-17.029,gY:-31.738,gZ:35.339
aX:-1.250,aY:-0.052,aZ:-0.516,gX:12.024,gY:0.671,gZ:3.723
aX:-0.999,aY:0.083,aZ:-0.365,gX:18.127,gY:7.202,gZ:-24.292
aX:-0.773,aY:0.153,aZ:-0.218,gX:9.521,gY:2.014,gZ:-34.180
aX:-0.662,aY:0.127,aZ:-0.131,gX:0.977,gY:-2.991,gZ:-37.170
aX:-0.631,aY:0.093,aZ:-0.135,gX:-1.221,gY:-13.306,gZ:-34.058
aX:-0.745,aY:0.119,aZ:-0.213,gX:-5.005,gY:-20.447,gZ:-19.226
aX:-0.790,aY:0.136,aZ:-0.290,gX:-13.123,gY:-18.250,gZ:4.639
aX:-0.726,aY:0.131,aZ:-0.243,gX:-12.939,gY:-10.437,gZ:25.085
aX:-0.698,aY:0.131,aZ:-0.212,gX:-16.724,gY:-2.808,gZ:32.104
aX:-0.720,aY:0.158,aZ:-0.238,gX:-21.423,gY:-5.127,gZ:28.625
aX:-0.816,aY:0.191,aZ:-0.275,gX:-14.282,gY:-7.263,gZ:22.400
aX:-0.974,aY:0.211,aZ:-0.265,gX:-6.104,gY:-0.244,gZ:15.991
aX:-1.087,aY:0.252,aZ:-0.217,gX:-6.104,gY:9.583,gZ:15.442
aX:-1.134,aY:0.213,aZ:-0.249,gX:-4.456,gY:17.029,gZ:20.386
aX:-1.116,aY:0.060,aZ:-0.252,gX:0.366,gY:19.531,gZ:26.062
aX:-1.080,aY:0.003,aZ:-0.217,gX:-0.122,gY:21.606,gZ:22.705
aX:-1.010,aY:0.114,aZ:-0.225,gX:-4.883,gY:16.724,gZ:6.958
aX:-0.926,aY:0.151,aZ:-0.169,gX:-5.432,gY:16.907,gZ:-3.662
aX:-0.832,aY:0.191,aZ:-0.111,gX:3.845,gY:15.930,gZ:-4.578
aX:-0.729,aY:0.200,aZ:-0.125,gX:13.977,gY:16.663,gZ:-0.061
aX:-0.640,aY:0.188,aZ:-0.108,gX:18.982,gY:21.179,gZ:2.380
aX:-0.583,aY:0.169,aZ:-0.032,gX:25.391,gY:13.977,gZ:6.165
aX:-0.594,aY:0.185,aZ:-0.084,gX:26.611,gY:9.033,gZ:9.338
aX:-0.617,aY:0.185,aZ:-0.148,gX:24.475,gY:7.507,gZ:12.085
aX:-0.633,aY:0.147,aZ:-0.164,gX:25.085,gY:7.751,gZ:16.724
aX:-0.638,aY:0.097,aZ:-0.254,gX:24.902,gY:3.235,gZ:23.926
aX:-0.651,aY:0.044,aZ:-0.278,gX:22.644,gY:-1.709,gZ:32.410
aX:-0.606,aY:0.032,aZ:-0.300,gX:22.583,gY:-3.113,gZ:37.170
aX:-0.600,aY:0.023,aZ:-0.294,gX:25.330,gY:-1.099,gZ:42.114
aX:-0.553,aY:0.005,aZ:-0.326,gX:22.827,gY:4.578,gZ:46.936
aX:-0.482,aY:-0.071,aZ:-0.360,gX:22.339,gY:6.836,gZ:49.988
aX:-0.456,aY:-0.236,aZ:-0.170,gX:27.588,gY:4.028,gZ:52.246
aX:-0.661,aY:-0.418,aZ:-0.402,gX:44.800,gY:16.968,gZ:59.692
aX:-0.984,aY:-0.374,aZ:-0.249,gX:75.500,gY:39.551,gZ:65.979
aX:-1.422,aY:-0.156,aZ:-0.098,gX:69.458,gY:50.171,gZ:33.081
aX:-1.965,aY:-0.441,aZ:-0.202,gX:18.860,gY:4.028,gZ:27.893
aX:-2.313,aY:-0.638,aZ:-0.717,gX:-13.428,gY:-29.663,gZ:35.095
aX:-2.283,aY:-0.532,aZ:-0.507,gX:-5.676,gY:-25.146,gZ:-25.879
aX:-1.857,aY:-0.316,aZ:-0.308,gX:0.366,gY:-9.705,gZ:-62.195
aX:-1.626,aY:-0.128,aZ:-0.165,gX:29.724,gY:13.489,gZ:-53.345
aX:-1.333,aY:0.000,aZ:-0.028,gX:49.072,gY:21.973,gZ:-26.062
aX:-1.136,aY:0.102,aZ:-0.002,gX:31.067,gY:-6.348,gZ:-8.667
aX:-0.942,aY:0.308,aZ:0.000,gX:10.681,gY:-28.687,gZ:0.732
aX:-0.892,aY:0.453,aZ:-0.072,gX:15.564,gY:-24.597,gZ:7.324
aX:-0.912,aY:0.396,aZ:-0.131,gX:51.636,gY:3.296,gZ:15.015
aX:-0.987,aY:0.200,aZ:-0.182,gX:84.961,gY:30.762,gZ:30.823
aX:-1.035,aY:-0.024,aZ:-0.194,gX:96.741,gY:42.419,gZ:39.734
aX:-0.972,aY:-0.170,aZ:-0.117,gX:85.632,gY:34.790,gZ:37.537
aX:-0.863,aY:-0.190,aZ:-0.033,gX:58.716,gY:4.761,gZ:20.813
aX:-0.723,aY:-0.143,aZ:-0.032,gX:34.973,gY:-28.076,gZ:1.953
aX:-0.602,aY:-0.061,aZ:-0.067,gX:22.827,gY:-41.443,gZ:-2.380
aX:-0.465,aY:0.026,aZ:-0.156,gX:26.428,gY:-29.236,gZ:0.183
aX:-0.442,aY:-0.001,aZ:-0.124,gX:33.936,gY:-6.470,gZ:4.639
aX:-0.547,aY:-0.037,aZ:-0.094,gX:50.415,gY:15.137,gZ:13.000
aX:-0.708,aY:-0.048,aZ:-0.097,gX:64.087,gY:29.602,gZ:14.038
aX:-0.749,aY:-0.029,aZ:-0.105,gX:73.059,gY:34.546,gZ:11.292
aX:-0.831,aY:-0.103,aZ:-0.089,gX:54.199,gY:27.710,gZ:-0.732
aX:-0.944,aY:-0.121,aZ:-0.072,gX:45.898,gY:16.357,gZ:-9.216
aX:-0.905,aY:-0.030,aZ:-0.149,gX:37.415,gY:2.930,gZ:-20.203
aX:-0.818,aY:0.057,aZ:-0.135,gX:32.776,gY:-1.404,gZ:-21.423
aX:-0.707,aY:0.087,aZ:-0.078,gX:37.415,gY:8.118,gZ:-17.761
aX:-0.601,aY:0.010,aZ:0.008,gX:41.199,gY:16.052,gZ:-18.860
aX:-0.570,aY:-0.014,aZ:-0.045,gX:47.180,gY:21.606,gZ:-19.470
aX:-0.797,aY:-0.024,aZ:-0.019,gX:49.133,gY:0.854,gZ:-16.418
aX:-1.394,aY:0.258,aZ:-0.506,gX:12.573,gY:-2.136,gZ:-3.357
aX:-1.703,aY:0.013,aZ:-0.886,gX:20.264,gY:-13.123,gZ:52.124
aX:-1.424,aY:-0.340,aZ:-0.950,gX:4.150,gY:-42.297,gZ:69.885
aX:-1.319,aY:-0.258,aZ:-0.435,gX:33.386,gY:-20.569,gZ:32.288
aX:-1.565,aY:-0.102,aZ:-0.321,gX:35.278,gY:1.892,gZ:-1.587
aX:-1.703,aY:-0.013,aZ:-0.412,gX:14.587,gY:-11.169,gZ:-18.982
aX:-1.813,aY:0.162,aZ:-0.535,gX:7.202,gY:-20.020,gZ:-13.306
aX:-1.527,aY:0.121,aZ:-0.615,gX:9.277,gY:-25.513,gZ:-1.160
aX:-1.228,aY:-0.001,aZ:-0.464,gX:42.419,gY:-20.752,gZ:-11.841
aX:-1.134,aY:0.031,aZ:-0.365,gX:56.824,gY:-14.587,gZ:-27.100
aX:-1.024,aY:0.046,aZ:-0.326,gX:48.279,gY:-15.747,gZ:-26.978
aX:-0.912,aY:0.055,aZ:-0.266,gX:37.292,gY:-9.766,gZ:-22.400
aX:-0.836,aY:0.060,aZ:-0.222,gX:29.846,gY:-8.057,gZ:-10.559
aX:-0.775,aY:0.088,aZ:-0.231,gX:26.123,gY:-9.460,gZ:-0.122
aX:-0.739,aY:0.117,aZ:-0.255,gX:24.292,gY:-9.033,gZ:11.597
aX:-0.713,aY:0.126,aZ:-0.251,gX:18.677,gY:-6.470,gZ:22.766
aX:-0.713,aY:0.136,aZ:-0.235,gX:16.052,gY:-4.883,gZ:29.053
aX:-0.740,aY:0.174,aZ:-0.239,gX:18.799,gY:-4.150,gZ:30.273
aX:-0.800,aY:0.249,aZ:-0.266,gX:21.240,gY:-6.470,gZ:29.541
aX:-0.819,aY:0.300,aZ:-0.326,gX:21.423,gY:-11.292,gZ:28.870
aX:-0.812,aY:0.297,aZ:-0.354,gX:28.320,gY:-12.085,gZ:27.405
aX:-0.811,aY:0.297,aZ:-0.313,gX:38.940,gY:-7.507,gZ:27.649
aX:-0.832,aY:0.274,aZ:-0.244,gX:45.837,gY:-1.404,gZ:31.006
aX:-0.883,aY:0.239,aZ:-0.219,gX:47.241,gY:1.282,gZ:33.997
aX:-0.968,aY:0.210,aZ:-0.231,gX:45.837,gY:2.563,gZ:35.767
aX:-1.034,aY:0.160,aZ:-0.329,gX:41.321,gY:2.380,gZ:36.499
aX:-1.113,aY:0.055,aZ:-0.363,gX:39.429,gY:4.272,gZ:39.307
aX:-1.187,aY:-0.053,aZ:-0.326,gX:38.452,gY:10.498,gZ:44.312
aX:-1.208,aY:-0.148,aZ:-0.252,gX:35.278,gY:21.790,gZ:48.279
aX:-1.147,aY:-0.131,aZ:-0.099,gX:25.269,gY:32.776,gZ:44.495
aX:-1.097,aY:0.004,aZ:0.004,gX:9.705,gY:29.968,gZ:31.067
aX:-1.047,aY:0.192,aZ:-0.023,gX:-4.150,gY:12.512,gZ:13.123
aX:-1.125,aY:0.289,aZ:-0.519,gX:-8.118,gY:-20.752,gZ:-0.244
aX:-1.433,aY:0.372,aZ:-0.757,gX:36.194,gY:-22.827,gZ:7.935
aX:-1.345,aY:0.183,aZ:-0.798,gX:83.679,gY:3.479,gZ:22.095
aX:-1.122,aY:-0.172,aZ:-0.736,gX:112.000,gY:16.418,gZ:17.273
aX:-1.071,aY:-0.230,aZ:-0.581,gX:125.305,gY:15.808,gZ:15.381
aX:-0.950,aY:-0.161,aZ:-0.487,gX:116.943,gY:4.700,gZ:16.907
aX:-0.906,aY:-0.156,aZ:-0.475,gX:110.107,gY:2.136,gZ:29.297
aX:-0.912,aY:-0.134,aZ:-0.459,gX:103.699,gY:17.578,gZ:44.922
aX:-0.871,aY:-0.066,aZ:-0.432,gX:90.698,gY:31.555,gZ:52.185
aX:-0.790,aY:-0.038,aZ:-0.402,gX:85.449,gY:37.292,gZ:51.880
aX:-0.749,aY:-0.039,aZ:-0.367,gX:93.262,gY:38.818,gZ:49.500
aX:-0.804,aY:-0.083,aZ:-0.307,gX:100.403,gY:40.833,gZ:44.006
aX:-0.908,aY:-0.098,aZ:-0.309,gX:105.042,gY:40.222,gZ:35.889
aX:-0.966,aY:-0.067,aZ:-0.343,gX:109.558,gY:35.156,gZ:28.503
aX:-0.959,aY:-0.006,aZ:-0.367,gX:116.455,gY:22.705,gZ:24.353
aX:-0.881,aY:0.038,aZ:-0.415,gX:124.756,gY:11.047,gZ:23.804
aX:-0.823,aY:0.084,aZ:-0.415,gX:135.132,gY:13.550,gZ:31.128
aX:-0.797,aY:0.057,aZ:-0.391,gX:138.855,gY:22.461,gZ:41.626
aX:-0.868,aY:-0.070,aZ:-0.381,gX:135.254,gY:30.762,gZ:51.758
aX:-0.968,aY:-0.195,aZ:-0.372,gX:128.662,gY:37.476,gZ:54.932
aX:-0.964,aY:-0.211,aZ:-0.376,gX:124.329,gY:39.063,gZ:47.729
aX:-0.907,aY:-0.192,aZ:-0.353,gX:118.713,gY:34.485,gZ:37.659
aX:-0.817,aY:-0.158,aZ:-0.318,gX:113.220,gY:23.071,gZ:27.283
aX:-0.787,aY:-0.154,aZ:-0.281,gX:108.093,gY:10.864,gZ:21.240
aX:-0.766,aY:-0.160,aZ:-0.234,gX:102.905,gY:5.066,gZ:17.517
aX:-0.773,aY:-0.183,aZ:-0.219,gX:93.384,gY:5.127,gZ:12.329
aX:-0.800,aY:-0.180,aZ:-0.209,gX:85.754,gY:7.812,gZ:6.836
aX:-0.838,aY:-0.159,aZ:-0.227,gX:81.665,gY:6.348,gZ:0.427
aX:-0.879,aY:-0.132,aZ:-0.206,gX:81.116,gY:3.418,gZ:-2.136
aX:-0.952,aY:-0.135,aZ:-0.098,gX:75.317,gY:7.263,gZ:-5.066
aX:-1.003,aY:-0.043,aZ:-0.051,gX:86.914,gY:18.188,gZ:-6.836
aX:-1.049,aY:0.039,aZ:-0.131,gX:98.206,gY:30.090,gZ:-10.437
aX:-1.101,aY:0.089,aZ:-0.136,gX:105.164,gY:42.969,gZ:-8.240
aX:-1.096,aY:0.141,aZ:-0.275,gX:105.286,gY:43.701,gZ:-4.150
aX:-1.141,aY:0.070,aZ:-0.350,gX:80.933,gY:23.682,gZ:-4.028
aX:-1.169,aY:-0.005,aZ:-0.247,gX:78.064,gY:10.559,gZ:-0.122
aX:-1.099,aY:-0.053,aZ:-0.115,gX:84.717,gY:14.771,gZ:7.324
aX:-0.997,aY:-0.041,aZ:0.011,gX:86.243,gY:19.775,gZ:7.751
aX:-0.892,aY:0.000,aZ:0.084,gX:86.426,gY:22.522,gZ:0.366
aX:-0.896,aY:0.003,aZ:0.133,gX:83.984,gY:22.461,gZ:-10.437
aX:-0.988,aY:0.046,aZ:0.016,gX:92.224,gY:31.555,gZ:-15.564
aX:-1.194,aY:0.041,aZ:-0.282,gX:95.032,gY:39.551,gZ:-16.907
aX:-1.396,aY:-0.022,aZ:-0.656,gX:81.055,gY:36.804,gZ:-3.357
aX:-1.544,aY:-0.383,aZ:-0.831,gX:45.349,gY:-8.301,gZ:17.883
aX:-1.239,aY:-0.480,aZ:-0.839,gX:26.184,gY:-40.955,gZ:28.625
aX:-1.007,aY:-0.196,aZ:-0.512,gX:62.500,gY:-32.837,gZ:29.541
aX:-0.747,aY:0.040,aZ:-0.460,gX:63.599,gY:-14.771,gZ:13.245
aX:-0.671,aY:0.137,aZ:-0.427,gX:67.505,gY:-13.550,gZ:8.484
aX:-0.693,aY:0.108,aZ:-0.391,gX:77.271,gY:-3.418,gZ:18.799
aX:-0.764,aY:-0.030,aZ:-0.304,gX:85.938,gY:3.784,gZ:29.907
aX:-0.886,aY:-0.124,aZ:-0.241,gX:88.623,gY:7.080,gZ:36.316
aX:-1.026,aY:-0.099,aZ:-0.256,gX:78.491,gY:-3.052,gZ:34.973
aX:-1.047,aY:-0.004,aZ:-0.305,gX:62.256,gY:-17.578,gZ:22.827
aX:-1.014,aY:0.072,aZ:-0.385,gX:50.720,gY:-36.499,gZ:7.446
aX:-0.997,aY:0.090,aZ:-0.424,gX:54.871,gY:-42.664,gZ:0.854
aX:-0.961,aY:0.063,aZ:-0.396,gX:58.105,gY:-38.635,gZ:-1.282
aX:-0.879,aY:0.026,aZ:-0.374,gX:60.059,gY:-30.701,gZ:-1.770
aX:-0.839,aY:0.020,aZ:-0.302,gX:60.120,gY:-20.935,gZ:3.418
aX:-0.783,aY:-0.020,aZ:-0.248,gX:54.871,gY:-7.751,gZ:11.902
aX:-0.749,aY:-0.071,aZ:-0.233,gX:42.603,gY:0.854,gZ:18.738
aX:-0.818,aY:-0.104,aZ:-0.242,gX:35.400,gY:6.104,gZ:28.076
aX:-0.905,aY:-0.100,aZ:-0.271,gX:26.978,gY:12.817,gZ:32.043
aX:-0.958,aY:-0.095,aZ:-0.291,gX:17.517,gY:15.076,gZ:26.489
aX:-0.997,aY:-0.090,aZ:-0.296,gX:11.475,gY:6.470,gZ:16.663
aX:-1.019,aY:-0.047,aZ:-0.315,gX:11.902,gY:-2.136,gZ:7.996
aX:-1.020,aY:-0.008,aZ:-0.339,gX:14.648,gY:-3.113,gZ:1.648
aX:-1.008,aY:0.009,aZ:-0.353,gX:13.733,gY:2.441,gZ:-2.808
aX:-0.988,aY:-0.011,aZ:-0.277,gX:8.362,gY:8.911,gZ:-6.714
aX:-0.885,aY:-0.010,aZ:-0.256,gX:1.099,gY:9.644,gZ:-13.428
aX:-0.833,aY:-0.000,aZ:-0.217,gX:-6.836,gY:1.221,gZ:-18.555
aX:-0.749,aY:0.032,aZ:-0.165,gX:-0.366,gY:8.484,gZ:-12.817
aX:-0.613,aY:0.091,aZ:-0.258,gX:-9.155,gY:6.348,gZ:-10.315
aX:-0.585,aY:0.107,aZ:-0.210,gX:-8.484,gY:-4.150,gZ:-7.202
aX:-0.646,aY:0.119,aZ:-0.053,gX:2.319,gY:-5.676,gZ:-3.113
aX:-0.727,aY:0.136,aZ:-0.123,gX:3.052,gY:-6.958,gZ:-3.296
aX:-0.893,aY:0.138,aZ:-0.241,gX:4.944,gY:-1.526,gZ:2.258
aX:-0.907,aY:0.089,aZ:-0.419,gX:3.235,gY:6.653,gZ:13.000
aX:-0.823,aY:-0.003,aZ:-0.443,gX:6.470,gY:-10.742,gZ:25.574
aX:-0.763,aY:0.002,aZ:-0.221,gX:18.616,gY:-15.198,gZ:27.344
aX:-0.752,aY:0.089,aZ:-0.107,gX:22.339,gY:-1.831,gZ:12.878
aX:-0.791,aY:0.152,aZ:-0.148,gX:28.809,gY:9.644,gZ:6.287
aX:-0.769,aY:0.081,aZ:-0.401,gX:21.851,gY:20.691,gZ:11.047
aX:-0.720,aY:-0.075,aZ:-0.481,gX:13.977,gY:20.874,gZ:17.151
aX:-0.669,aY:-0.152,aZ:-0.354,gX:17.578,gY:20.325,gZ:18.311
aX:-0.685,aY:-0.166,aZ:-0.299,gX:20.447,gY:18.127,gZ:14.526
aX:-0.614,aY:-0.279,aZ:-0.336,gX:15.198,gY:16.418,gZ:13.184
aX:-0.583,aY:-0.461,aZ:-0.312,gX:18.433,gY:8.179,gZ:11.780
aX:-0.758,aY:-0.538,aZ:-0.412,gX:30.396,gY:15.930,gZ:14.465
aX:-1.221,aY:-0.383,aZ:-0.063,gX:45.044,gY:50.903,gZ:18.677
aX:-1.478,aY:-0.182,aZ:-0.098,gX:32.227,gY:62.317,gZ:21.606
aX:-1.723,aY:-0.263,aZ:-0.291,gX:9.705,gY:27.100,gZ:32.043
aX:-2.113,aY:-0.261,aZ:-0.608,gX:8.850,gY:16.418,gZ:28.809
aX:-2.122,aY:-0.274,aZ:-0.542,gX:0.671,gY:14.709,gZ:0.793
aX:-1.628,aY:-0.304,aZ:-0.432,gX:-8.118,gY:-12.085,gZ:-31.921
aX:-1.273,aY:-0.198,aZ:-0.337,gX:-6.348,gY:-39.612,gZ:-46.021
aX:-1.095,aY:-0.107,aZ:-0.198,gX:-4.333,gY:-36.316,gZ:-37.903
aX:-1.013,aY:-0.088,aZ:-0.093,gX:-2.136,gY:-14.771,gZ:-21.240
aX:-0.975,aY:-0.122,aZ:-0.059,gX:-2.319,gY:6.958,gZ:-4.822
aX:-0.967,aY:-0.143,aZ:-0.049,gX:-5.371,gY:14.160,gZ:5.981
aX:-0.950,aY:-0.102,aZ:-0.056,gX:-13.977,gY:1.953,gZ:6.348
aX:-0.886,aY:-0.042,aZ:-0.125,gX:-24.475,gY:-10.864,gZ:-2.258
aX:-0.823,aY:-0.031,aZ:-0.137,gX:-38.757,gY:-21.240,gZ:-13.916
aX:-0.745,aY:-0.005,aZ:-0.089,gX:-28.076,gY:-19.958,gZ:-13.916
aX:-0.647,aY:-0.004,aZ:0.007,gX:-16.235,gY:-5.859,gZ:-12.451
aX:-0.622,aY:-0.009,aZ:0.070,gX:-1.404,gY:9.705,gZ:-10.315
aX:-0.615,aY:-0.025,aZ:0.094,gX:8.972,gY:24.048,gZ:-9.460
aX:-0.597,aY:-0.002,aZ:0.060,gX:12.634,gY:26.917,gZ:-13.489
aX:-0.615,aY:0.017,aZ:0.002,gX:11.841,gY:12.512,gZ:-22.888
aX:-0.658,aY:0.047,aZ:-0.055,gX:7.629,gY:-10.315,gZ:-30.701
aX:-0.778,aY:0.061,aZ:-0.164,gX:9.460,gY:-28.137,gZ:-34.424
aX:-0.870,aY:0.040,aZ:-0.264,gX:18.555,gY:-25.452,gZ:-25.818
aX:-0.869,aY:0.018,aZ:-0.300,gX:22.217,gY:-10.681,gZ:-13.062
aX:-0.814,aY:0.018,aZ:-0.238,gX:12.451,gY:3.601,gZ:-7.446
aX:-0.668,aY:0.013,aZ:-0.127,gX:4.150,gY:14.282,gZ:-7.080
aX:-0.681,aY:-0.095,aZ:-0.033,gX:4.456,gY:16.541,gZ:-5.920
aX:-0.692,aY:-0.157,aZ:-0.049,gX:17.151,gY:20.752,gZ:-5.005
aX:-0.641,aY:-0.080,aZ:-0.101,gX:9.644,gY:-4.089,gZ:-19.470
aX:-0.633,aY:0.127,aZ:-0.120,gX:18.433,gY:-18.738,gZ:-26.733
aX:-0.789,aY:0.144,aZ:-0.385,gX:27.039,gY:-16.968,gZ:-19.409
aX:-1.510,aY:0.320,aZ:-0.814,gX:-36.987,gY:-19.592,gZ:4.456
aX:-1.954,aY:-0.276,aZ:-1.011,gX:-35.156,gY:-74.219,gZ:89.600
aX:-1.344,aY:-0.881,aZ:-1.096,gX:-23.926,gY:-59.570,gZ:100.891
aX:-1.368,aY:-0.403,aZ:-0.509,gX:29.236,gY:-4.456,gZ:41.931
aX:-1.341,aY:-0.199,aZ:-0.314,gX:11.353,gY:18.250,gZ:-8.240
aX:-1.182,aY:0.075,aZ:-0.169,gX:5.920,gY:-7.568,gZ:-46.448
aX:-1.336,aY:0.242,aZ:-0.163,gX:3.418,gY:-18.738,gZ:-52.673
aX:-1.603,aY:0.298,aZ:-0.322,gX:-0.549,gY:-25.879,gZ:-22.766
aX:-1.447,aY:0.148,aZ:-0.527,gX:-12.756,gY:-27.588,gZ:13.184
aX:-1.223,aY:0.015,aZ:-0.662,gX:-7.324,gY:-21.851,gZ:22.400
aX:-1.244,aY:0.066,aZ:-0.688,gX:10.010,gY:4.272,gZ:12.085
aX:-1.160,aY:0.086,aZ:-0.432,gX:12.878,gY:30.334,gZ:1.892
aX:-1.075,aY:0.029,aZ:-0.321,gX:3.235,gY:17.273,gZ:-12.146
aX:-0.939,aY:-0.031,aZ:-0.294,gX:-1.282,gY:-2.686,gZ:-20.142
aX:-0.800,aY:0.010,aZ:-0.232,gX:0.000,gY:-13.794,gZ:-20.813
aX:-0.662,aY:0.050,aZ:-0.169,gX:0.183,gY:-15.320,gZ:-13.855
aX:-0.543,aY:0.080,aZ:-0.159,gX:-5.066,gY:-9.644,gZ:-2.441
aX:-0.561,aY:0.107,aZ:-0.146,gX:-5.676,gY:1.038,gZ:8.118
aX:-0.723,aY:0.150,aZ:-0.161,gX:-3.784,gY:8.911,gZ:17.883
aX:-0.870,aY:0.166,aZ:-0.189,gX:-8.972,gY:9.949,gZ:23.865
aX:-1.058,aY:0.145,aZ:-0.241,gX:-15.137,gY:3.113,gZ:25.818
aX:-1.130,aY:0.092,aZ:-0.291,gX:-18.738,gY:-1.465,gZ:21.301
aX:-1.113,aY:0.065,aZ:-0.321,gX:-13.733,gY:-3.113,gZ:13.367
aX:-1.066,aY:0.087,aZ:-0.328,gX:-8.911,gY:5.737,gZ:4.761
aX:-0.950,aY:0.100,aZ:-0.320,gX:-8.789,gY:19.653,gZ:-1.465
aX:-0.789,aY:0.109,aZ:-0.323,gX:-11.353,gY:27.039,gZ:-4.822
aX:-0.647,aY:0.103,aZ:-0.242,gX:-0.732,gY:23.193,gZ:-4.761
aX:-0.523,aY:0.114,aZ:-0.147,gX:14.526,gY:18.188,gZ:-5.493
aX:-0.441,aY:0.101,aZ:-0.062,gX:24.475,gY:16.479,gZ:-6.958
aX:-0.440,aY:0.046,aZ:-0.111,gX:29.541,gY:19.714,gZ:-0.427
aX:-0.476,aY:-0.002,aZ:-0.062,gX:25.940,gY:29.053,gZ:12.939
aX:-0.577,aY:-0.021,aZ:0.088,gX:20.874,gY:31.433,gZ:21.423
aX:-0.621,aY:0.042,aZ:-0.001,gX:13.855,gY:19.287,gZ:21.240
aX:-0.672,aY:0.082,aZ:-0.163,gX:6.897,gY:13.428,gZ:19.958
aX:-0.688,aY:0.057,aZ:-0.504,gX:-0.916,gY:6.531,gZ:18.616
aX:-0.653,aY:-0.083,aZ:-0.653,gX:5.249,gY:-1.892,gZ:28.442
aX:-0.604,aY:-0.283,aZ:-0.549,gX:15.686,gY:9.705,gZ:39.246
aX:-0.596,aY:-0.505,aZ:-0.180,gX:26.733,gY:31.067,gZ:43.396
aX:-0.919,aY:-0.555,aZ:-0.066,gX:27.283,gY:62.744,gZ:35.339
aX:-1.243,aY:-0.423,aZ:0.052,gX:37.659,gY:107.849,gZ:31.128
aX:-1.925,aY:-0.034,aZ:-0.049,gX:8.667,gY:84.839,gZ:11.719
aX:-2.100,aY:-0.107,aZ:-0.529,gX:-22.461,gY:7.996,gZ:18.005
aX:-2.241,aY:-0.152,aZ:-0.671,gX:-0.061,gY:-41.626,gZ:-22.766
aX:-2.029,aY:-0.505,aZ:-0.319,gX:51.270,gY:-8.301,gZ:-48.401
aX:-1.824,aY:-0.537,aZ:0.039,gX:38.574,gY:4.700,gZ:-38.330
aX:-1.643,aY:-0.210,aZ:0.144,gX:-2.319,gY:-8.301,gZ:-46.936
aX:-1.411,aY:0.032,aZ:0.009,gX:-30.579,gY:-50.598,gZ:-52.307
aX:-1.076,aY:0.096,aZ:-0.165,gX:-32.166,gY:-72.632,gZ:-48.889
aX:-0.776,aY:0.195,aZ:-0.208,gX:-14.709,gY:-54.321,gZ:-32.593
aX:-0.678,aY:0.278,aZ:-0.152,gX:7.507,gY:-15.564,gZ:-12.146
aX:-0.707,aY:0.266,aZ:-0.137,gX:25.574,gY:20.752,gZ:2.686
aX:-0.750,aY:0.169,aZ:-0.116,gX:28.809,gY:38.330,gZ:19.836
aX:-0.814,aY:0.066,aZ:-0.060,gX:26.489,gY:36.682,gZ:38.147
aX:-0.879,aY:-0.082,aZ:-0.026,gX:19.531,gY:26.062,gZ:47.791
aX:-0.951,aY:-0.250,aZ:-0.038,gX:11.047,gY:11.658,gZ:39.001
aX:-0.930,aY:-0.304,aZ:-0.072,gX:-0.488,gY:-1.648,gZ:16.357
aX:-0.849,aY:-0.232,aZ:-0.095,gX:-10.193,gY:-13.306,gZ:-5.066
aX:-0.682,aY:-0.110,aZ:-0.102,gX:-12.512,gY:-17.090,gZ:-21.179
aX:-0.563,aY:-0.005,aZ:-0.071,gX:-4.333,gY:-9.827,gZ:-22.827
aX:-0.510,aY:0.023,aZ:-0.034,gX:6.226,gY:1.648,gZ:-17.517
aX:-0.574,aY:-0.044,aZ:-0.032,gX:9.216,gY:3.235,gZ:-19.104
aX:-0.670,aY:-0.096,aZ:-0.076,gX:5.676,gY:-4.333,gZ:-27.832
aX:-0.731,aY:-0.090,aZ:-0.099,gX:-4.761,gY:-18.799,gZ:-35.828
aX:-0.708,aY:-0.102,aZ:-0.118,gX:-15.503,gY:-35.278,gZ:-40.283
aX:-0.666,aY:-0.077,aZ:-0.189,gX:-23.071,gY:-41.626,gZ:-38.391
aX:-0.670,aY:-0.038,aZ:-0.245,gX:-22.400,gY:-26.123,gZ:-24.353
aX:-0.684,aY:-0.062,aZ:-0.162,gX:-20.142,gY:-2.563,gZ:-2.747
aX:-0.685,aY:-0.019,aZ:-0.092,gX:-24.231,gY:10.437,gZ:8.606
aX:-0.756,aY:0.036,aZ:-0.042,gX:-31.128,gY:14.526,gZ:5.310
aX:-0.800,aY:0.049,aZ:-0.022,gX:-24.902,gY:15.808,gZ:-4.578
aX:-0.802,aY:0.057,aZ:-0.115,gX:-12.817,gY:5.066,gZ:-17.761
aX:-0.809,aY:-0.024,aZ:-0.106,gX:-0.427,gY:-20.569,gZ:-30.518
aX:-1.270,aY:0.138,aZ:-0.702,gX:15.930,gY:-18.433,gZ:-28.748
aX:-1.728,aY:0.163,aZ:-0.796,gX:-27.832,gY:10.559,gZ:6.897
aX:-1.526,aY:-0.382,aZ:-0.795,gX:-34.668,gY:-28.442,gZ:63.110
aX:-1.224,aY:-0.253,aZ:-0.591,gX:-12.329,gY:-2.319,gZ:37.048
aX:-1.576,aY:-0.033,aZ:-0.315,gX:7.751,gY:11.597,gZ:7.874
aX:-1.564,aY:-0.010,aZ:-0.441,gX:-21.240,gY:-1.465,gZ:1.343
aX:-1.678,aY:0.010,aZ:-0.417,gX:-31.128,gY:-15.381,gZ:-11.108
aX:-1.766,aY:0.185,aZ:-0.550,gX:-31.372,gY:-32.471,gZ:-19.348
aX:-1.386,aY:0.146,aZ:-0.667,gX:-21.912,gY:-47.729,gZ:-17.273
aX:-1.138,aY:0.054,aZ:-0.639,gX:0.610,gY:-40.527,gZ:-16.541
aX:-0.990,aY:0.032,aZ:-0.442,gX:16.357,gY:-18.616,gZ:-13.123
aX:-0.828,aY:0.044,aZ:-0.230,gX:11.536,gY:-5.249,gZ:-14.038
aX:-0.744,aY:0.029,aZ:-0.078,gX:-0.244,gY:-0.977,gZ:-15.991
aX:-0.743,aY:0.024,aZ:-0.037,gX:-10.925,gY:-1.282,gZ:-13.000
aX:-0.777,aY:0.070,aZ:-0.089,gX:-19.165,gY:-5.371,gZ:-2.136
aX:-0.777,aY:0.108,aZ:-0.192,gX:-23.865,gY:-6.165,gZ:13.733
aX:-0.787,aY:0.105,aZ:-0.236,gX:-26.062,gY:-5.188,gZ:28.198
aX:-0.855,aY:0.133,aZ:-0.226,gX:-25.574,gY:1.282,gZ:35.217
aX:-0.983,aY:0.171,aZ:-0.249,gX:-28.198,gY:1.709,gZ:31.433
aX:-1.135,aY:0.172,aZ:-0.308,gX:-26.978,gY:-4.883,gZ:23.376
aX:-1.208,aY:0.161,aZ:-0.362,gX:-19.287,gY:-10.742,gZ:14.404
aX:-1.184,aY:0.164,aZ:-0.393,gX:-4.761,gY:-7.996,gZ:5.615
aX:-1.094,aY:0.131,aZ:-0.335,gX:6.104,gY:2.686,gZ:-1.038
aX:-1.003,aY:0.082,aZ:-0.187,gX:11.108,gY:16.296,gZ:-2.014
aX:-0.903,aY:0.049,aZ:-0.117,gX:10.620,gY:22.888,gZ:-0.793
aX:-0.843,aY:0.033,aZ:-0.089,gX:7.690,gY:25.085,gZ:3.052
aX:-0.817,aY:0.027,aZ:-0.090,gX:2.380,gY:23.193,gZ:6.348
aX:-0.821,aY:0.050,aZ:-0.109,gX:0.488,gY:20.996,gZ:7.324
aX:-0.818,aY:0.112,aZ:-0.159,gX:-2.380,gY:22.278,gZ:4.211
aX:-0.810,aY:0.154,aZ:-0.180,gX:-3.601,gY:21.912,gZ:3.662
aX:-0.808,aY:0.160,aZ:-0.182,gX:-0.732,gY:20.874,gZ:6.470
aX:-0.809,aY:0.145,aZ:-0.166,gX:2.747,gY:21.545,gZ:5.310
aX:-0.792,aY:0.115,aZ:-0.170,gX:9.338,gY:17.090,gZ:0.732
aX:-0.793,aY:0.078,aZ:-0.221,gX:16.296,gY:16.418,gZ:0.183
aX:-0.735,aY:0.036,aZ:-0.306,gX:15.442,gY:14.709,gZ:0.244
aX:-0.641,aY:0.008,aZ:-0.301,gX:17.578,gY:8.240,gZ:3.235
aX:-0.545,aY:0.002,aZ:-0.265,gX:24.231,gY:-0.549,gZ:6.714
aX:-0.490,aY:0.013,aZ:-0.252,gX:29.297,gY:-2.808,gZ:10.803
aX:-0.459,aY:0.014,aZ:-0.292,gX:22.278,gY:6.653,gZ:13.306
aX:-0.433,aY:0.001,aZ:-0.347,gX:11.902,gY:15.930,gZ:17.944
aX:-0.391,aY:-0.090,aZ:-0.321,gX:4.639,gY:21.851,gZ:26.611
aX:-0.372,aY:-0.209,aZ:-0.249,gX:-2.625,gY:27.527,gZ:31.250
aX:-0.395,aY:-0.217,aZ:-0.092,gX:-7.751,gY:37.781,gZ:25.879
aX:-0.721,aY:-0.290,aZ:0.031,gX:-9.644,gY:49.194,gZ:13.245
aX:-1.082,aY:-0.276,aZ:-0.220,gX:18.860,gY:89.233,gZ:19.592
aX:-1.823,aY:-0.161,aZ:0.115,gX:40.161,gY:91.125,gZ:15.320
aX:-2.054,aY:-0.356,aZ:-0.196,gX:5.920,gY:24.414,gZ:32.898
aX:-2.372,aY:-0.269,aZ:-0.700,gX:-17.151,gY:-28.259,gZ:34.546
aX:-2.197,aY:-0.214,aZ:-0.371,gX:-16.724,gY:-26.672,gZ:-37.415
aX:-1.968,aY:-0.169,aZ:-0.186,gX:11.536,gY:-6.470,gZ:-54.260
aX:-1.704,aY:-0.071,aZ:0.020,gX:34.546,gY:32.837,gZ:-45.288
aX:-1.370,aY:0.041,aZ:0.160,gX:9.216,gY:18.311,gZ:-32.288
aX:-1.099,aY:0.109,aZ:0.098,gX:-25.391,gY:-22.522,gZ:-26.550
aX:-0.899,aY:0.192,aZ:0.004,gX:-39.429,gY:-44.861,gZ:-26.062
aX:-0.840,aY:0.235,aZ:-0.103,gX:-19.226,gY:-36.438,gZ:-17.944
aX:-0.896,aY:0.222,aZ:-0.091,gX:10.437,gY:-9.399,gZ:-5.127
aX:-0.940,aY:0.131,aZ:-0.051,gX:30.701,gY:13.916,gZ:8.301
aX:-0.930,aY:0.031,aZ:-0.039,gX:36.499,gY:27.893,gZ:17.517
aX:-0.911,aY:-0.066,aZ:-0.057,gX:29.541,gY:23.010,gZ:21.545
aX:-0.856,aY:-0.122,aZ:-0.046,gX:16.541,gY:1.770,gZ:21.545
aX:-0.765,aY:-0.153,aZ:-0.033,gX:8.118,gY:-14.282,gZ:17.944
aX:-0.623,aY:-0.172,aZ:-0.022,gX:-2.258,gY:-22.400,gZ:11.780
aX:-0.512,aY:-0.117,aZ:-0.068,gX:-7.507,gY:-20.691,gZ:7.385
aX:-0.366,aY:-0.083,aZ:-0.024,gX:-3.235,gY:-8.118,gZ:4.211
aX:-0.323,aY:-0.008,aZ:0.063,gX:5.432,gY:5.859,gZ:2.747
aX:-0.344,aY:0.043,aZ:0.029,gX:10.620,gY:5.005,gZ:-6.836
aX:-0.432,aY:0.034,aZ:-0.020,gX:11.169,gY:-15.991,gZ:-21.362
aX:-0.591,aY:-0.009,aZ:-0.120,gX:12.817,gY:-31.433,gZ:-26.489
aX:-0.774,aY:-0.064,aZ:-0.191,gX:7.874,gY:-39.490,gZ:-21.851
aX:-0.902,aY:-0.123,aZ:-0.151,gX:-0.671,gY:-38.574,gZ:-12.451
aX:-0.837,aY:-0.150,aZ:-0.157,gX:-1.587,gY:-20.020,gZ:-4.456
aX:-0.687,aY:-0.179,aZ:-0.150,gX:-4.395,gY:2.930,gZ:-1.709
aX:-0.769,aY:-0.159,aZ:-0.121,gX:-15.198,gY:8.484,gZ:-7.812
aX:-0.798,aY:-0.026,aZ:-0.035,gX:-5.798,gY:13.672,gZ:-10.620
aX:-1.177,aY:0.081,aZ:-0.714,gX:-7.996,gY:9.521,gZ:-13.611
aX:-1.788,aY:0.377,aZ:-1.055,gX:-61.218,gY:-3.174,gZ:17.029
aX:-1.590,aY:-0.330,aZ:-0.929,gX:-41.870,gY:-50.171,gZ:87.952
aX:-1.163,aY:-0.391,aZ:-0.403,gX:-12.756,gY:-15.137,gZ:44.922
aX:-1.350,aY:-0.114,aZ:-0.052,gX:12.329,gY:6.287,gZ:-8.362
aX:-1.669,aY:0.072,aZ:-0.184,gX:-20.813,gY:1.831,gZ:-26.306
aX:-2.374,aY:0.353,aZ:-0.346,gX:-32.715,gY:9.094,gZ:-13.489
aX:-2.117,aY:0.330,aZ:-0.659,gX:-42.114,gY:-14.771,gZ:14.038
aX:-1.469,aY:0.165,aZ:-0.773,gX:-2.502,gY:-33.447,gZ:-14.587
aX:-1.196,aY:0.179,aZ:-0.575,gX:34.851,gY:-30.029,gZ:-55.542
aX:-1.004,aY:0.098,aZ:-0.259,gX:37.842,gY:-21.240,gZ:-39.856
aX:-0.775,aY:-0.005,aZ:-0.062,gX:15.442,gY:-11.108,gZ:-20.874
aX:-0.569,aY:-0.072,aZ:0.038,gX:3.235,gY:-0.244,gZ:-12.573
aX:-0.498,aY:-0.131,aZ:0.041,gX:-5.249,gY:5.920,gZ:-6.409
aX:-0.717,aY:-0.087,aZ:-0.079,gX:-15.564,gY:3.357,gZ:8.789
aX:-0.802,aY:0.005,aZ:-0.195,gX:-24.353,gY:3.052,gZ:30.579
aX:-0.734,aY:0.076,aZ:-0.185,gX:-31.921,gY:5.615,gZ:41.992
aX:-0.836,aY:0.161,aZ:-0.161,gX:-35.034,gY:12.573,gZ:39.734
aX:-0.978,aY:0.238,aZ:-0.188,gX:-39.612,gY:4.822,gZ:31.189
aX:-1.073,aY:0.276,aZ:-0.254,gX:-33.936,gY:-10.864,gZ:18.066
aX:-1.082,aY:0.239,aZ:-0.360,gX:-15.442,gY:-18.738,gZ:4.272
aX:-1.052,aY:0.174,aZ:-0.427,gX:3.357,gY:-5.859,gZ:0.488
aX:-0.970,aY:0.106,aZ:-0.288,gX:12.390,gY:17.822,gZ:1.221
aX:-0.823,aY:0.024,aZ:-0.182,gX:11.902,gY:25.574,gZ:0.671
aX:-0.723,aY:-0.023,aZ:-0.131,gX:0.488,gY:21.667,gZ:-4.211
aX:-0.667,aY:0.034,aZ:-0.120,gX:-4.272,gY:15.686,gZ:-11.475
aX:-0.596,aY:0.078,aZ:-0.205,gX:-2.197,gY:10.803,gZ:-13.367
aX:-0.472,aY:0.053,aZ:-0.283,gX:-0.610,gY:4.395,gZ:-9.827
aX:-0.340,aY:0.027,aZ:-0.121,gX:2.930,gY:0.061,gZ:-3.601
aX:-0.234,aY:0.089,aZ:-0.036,gX:9.949,gY:-2.930,gZ:0.854
aX:-0.244,aY:0.161,aZ:-0.090,gX:15.198,gY:-2.808,gZ:6.775
aX:-0.322,aY:0.194,aZ:-0.234,gX:14.099,gY:7.629,gZ:15.930
aX:-0.439,aY:0.087,aZ:-0.385,gX:8.362,gY:8.118,gZ:23.621
aX:-0.618,aY:-0.094,aZ:-0.306,gX:9.705,gY:10.620,gZ:36.316
aX:-0.814,aY:-0.271,aZ:-0.163,gX:10.254,gY:28.503,gZ:50.293
aX:-0.850,aY:-0.435,aZ:-0.153,gX:18.433,gY:45.532,gZ:61.218
aX:-1.156,aY:-0.601,aZ:-0.263,gX:38.574,gY:67.200,gZ:56.396
aX:-1.844,aY:-0.156,aZ:-0.160,gX:52.307,gY:88.379,gZ:24.658
aX:-2.788,aY:0.191,aZ:-0.469,gX:25.269,gY:52.368,gZ:-7.812
aX:-2.868,aY:-0.440,aZ:-0.889,gX:12.146,gY:9.155,gZ:17.029
aX:-1.699,aY:-0.427,aZ:-0.251,gX:2.930,gY:-55.481,gZ:-48.889
aX:-1.126,aY:-0.467,aZ:-0.153,gX:19.714,gY:-79.407,gZ:-47.058
aX:-0.981,aY:-0.341,aZ:-0.053,gX:15.198,gY:-45.593,gZ:-30.090
aX:-0.986,aY:-0.279,aZ:-0.030,gX:2.991,gY:-4.333,gZ:-4.150
aX:-1.081,aY:-0.261,aZ:-0.067,gX:-1.404,gY:16.602,gZ:6.409
aX:-1.098,aY:-0.184,aZ:-0.120,gX:-10.864,gY:40.161,gZ:5.920
aX:-1.104,aY:-0.107,aZ:-0.171,gX:-21.057,gY:37.354,gZ:5.310
aX:-1.125,aY:-0.057,aZ:-0.226,gX:-22.644,gY:12.024,gZ:6.714
aX:-1.092,aY:-0.055,aZ:-0.215,gX:-22.644,gY:-16.235,gZ:6.165
aX:-1.001,aY:-0.079,aZ:-0.193,gX:-20.813,gY:-36.804,gZ:2.747
aX:-0.949,aY:-0.083,aZ:-0.174,gX:-18.860,gY:-44.434,gZ:-4.456
aX:-0.869,aY:-0.087,aZ:-0.110,gX:-14.648,gY:-36.011,gZ:-8.484
aX:-0.823,aY:-0.201,aZ:-0.100,gX:-13.977,gY:-15.869,gZ:-7.568
aX:-0.825,aY:-0.285,aZ:-0.033,gX:-12.329,gY:7.812,gZ:-2.441
aX:-0.824,aY:-0.264,aZ:0.008,gX:-7.080,gY:27.893,gZ:4.150
aX:-0.837,aY:-0.135,aZ:-0.023,gX:0.305,gY:26.611,gZ:7.141
aX:-0.870,aY:-0.033,aZ:-0.133,gX:0.000,gY:14.526,gZ:5.005
aX:-0.969,aY:0.045,aZ:-0.182,gX:-3.418,gY:1.160,gZ:-0.732
aX:-1.054,aY:0.040,aZ:-0.240,gX:-3.601,gY:-9.766,gZ:-1.465
aX:-1.135,aY:-0.016,aZ:-0.304,gX:-16.907,gY:-17.151,gZ:-1.648
aX:-1.125,aY:-0.099,aZ:-0.339,gX:-18.799,gY:-14.709,gZ:0.427
aX:-1.078,aY:-0.144,aZ:-0.233,gX:-10.559,gY:-2.380,gZ:3.784
aX:-1.028,aY:-0.165,aZ:-0.130,gX:-5.249,gY:11.597,gZ:2.686
aX:-0.980,aY:-0.131,aZ:-0.070,gX:-11.597,gY:8.911,gZ:-3.906
aX:-0.960,aY:-0.085,aZ:-0.081,gX:-13.367,gY:-2.136,gZ:-11.169
aX:-0.936,aY:-0.028,aZ:-0.144,gX:-13.550,gY:-8.301,gZ:-15.564
aX:-0.933,aY:-0.003,aZ:-0.179,gX:-9.888,gY:-11.292,gZ:-15.076
aX:-0.923,aY:0.002,aZ:-0.201,gX:-2.258,gY:-8.545,gZ:-10.315
aX:-0.912,aY:-0.015,aZ:-0.182,gX:4.578,gY:-0.244,gZ:-2.747
aX:-0.920,aY:-0.020,aZ:-0.129,gX:7.996,gY:7.324,gZ:2.441
aX:-0.883,aY:-0.040,aZ:-0.157,gX:7.202,gY:7.080,gZ:3.113
aX:-0.887,aY:-0.015,aZ:-0.130,gX:-2.380,gY:-4.211,gZ:-3.052
aX:-0.938,aY:-0.016,aZ:-0.114,gX:1.038,gY:-13.855,gZ:-4.517
aX:-0.958,aY:-0.043,aZ:-0.123,gX:4.089,gY:-16.479,gZ:-5.493
aX:-0.967,aY:-0.051,aZ:-0.128,gX:6.714,gY:-13.794,gZ:-5.737
aX:-0.931,aY:-0.025,aZ:-0.128,gX:7.935,gY:-8.423,gZ:-5.920
aX:-0.878,aY:0.005,aZ:-0.136,gX:7.996,gY:-7.935,gZ:-5.920
aX:-0.860,aY:0.026,aZ:-0.149,gX:8.911,gY:-8.240,gZ:-4.333
aX:-0.879,aY:0.034,aZ:-0.146,gX:11.963,gY:-8.057,gZ:-3.357
aX:-0.902,aY:0.032,aZ:-0.135,gX:13.306,gY:-7.202,gZ:-2.686
aX:-0.910,aY:0.031,aZ:-0.139,gX:10.986,gY:-7.202,gZ:-2.014
aX:-0.905,aY:0.014,aZ:-0.138,gX:9.155,gY:-7.080,gZ:-2.380
aX:-0.887,aY:-0.022,aZ:-0.135,gX:11.414,gY:-9.094,gZ:-3.052
aX:-0.875,aY:-0.047,aZ:-0.138,gX:18.066,gY:-14.893,gZ:-2.441
aX:-0.842,aY:-0.027,aZ:-0.138,gX:21.912,gY:-15.991,gZ:-2.380
aX:-0.810,aY:-0.014,aZ:-0.138,gX:22.705,gY:-13.489,gZ:-0.916
aX:-0.777,aY:-0.021,aZ:-0.112,gX:16.357,gY:-5.676,gZ:-0.732
aX:-0.743,aY:-0.044,aZ:-0.064,gX:11.292,gY:-1.770,gZ:-2.991
aX:-0.751,aY:-0.081,aZ:0.002,gX:13.855,gY:-3.967,gZ:-7.812
aX:-0.837,aY:-0.128,aZ:0.015,gX:23.132,gY:-9.888,gZ:-11.536
aX:-0.936,aY:-0.091,aZ:-0.049,gX:36.072,gY:-11.108,gZ:-12.695
aX:-0.992,aY:-0.015,aZ:-0.123,gX:42.725,gY:-7.263,gZ:-14.099
aX:-0.977,aY:0.020,aZ:-0.191,gX:39.185,gY:-2.625,gZ:-13.977
aX:-0.904,aY:-0.068,aZ:-0.337,gX:24.841,gY:-7.324,gZ:-16.296
aX:-1.166,aY:0.012,aZ:-0.484,gX:3.052,gY:-16.113,gZ:-11.841
aX:-1.354,aY:0.076,aZ:-0.661,gX:-11.719,gY:-4.395,gZ:10.681
aX:-1.460,aY:-0.090,aZ:-0.625,gX:-13.184,gY:-1.282,gZ:37.292
aX:-1.268,aY:-0.156,aZ:-0.504,gX:-15.198,gY:3.723,gZ:31.677
aX:-1.188,aY:-0.116,aZ:-0.419,gX:-10.742,gY:9.521,gZ:7.324
aX:-1.146,aY:0.025,aZ:-0.336,gX:-9.827,gY:9.399,gZ:-10.742
aX:-1.026,aY:0.174,aZ:-0.363,gX:-7.690,gY:9.094,gZ:-21.240
aX:-0.946,aY:0.232,aZ:-0.354,gX:-4.456,gY:2.563,gZ:-27.222
aX:-0.936,aY:0.250,aZ:-0.288,gX:6.592,gY:3.906,gZ:-27.832
aX:-1.081,aY:0.318,aZ:-0.314,gX:8.240,gY:8.789,gZ:-21.118
aX:-1.274,aY:0.313,aZ:-0.472,gX:6.104,gY:3.174,gZ:0.793
aX:-1.324,aY:0.159,aZ:-0.560,gX:10.010,gY:2.625,gZ:28.748
aX:-1.247,aY:-0.007,aZ:-0.505,gX:20.386,gY:14.282,gZ:36.011
aX:-1.127,aY:-0.058,aZ:-0.350,gX:25.757,gY:27.527,gZ:25.696
aX:-1.008,aY:-0.079,aZ:-0.225,gX:17.090,gY:23.437,gZ:10.193
aX:-0.931,aY:-0.087,aZ:-0.204,gX:6.409,gY:10.498,gZ:-0.916
aX:-0.889,aY:-0.090,aZ:-0.200,gX:4.211,gY:7.019,gZ:-4.211
aX:-0.880,aY:-0.077,aZ:-0.213,gX:5.066,gY:4.639,gZ:-4.272
aX:-0.904,aY:-0.045,aZ:-0.234,gX:5.066,gY:0.916,gZ:-3.418
aX:-0.934,aY:0.008,aZ:-0.285,gX:3.540,gY:-2.869,gZ:-3.479
aX:-0.954,aY:0.062,aZ:-0.332,gX:2.991,gY:-4.333,gZ:-4.211
aX:-0.967,aY:0.095,aZ:-0.358,gX:4.639,gY:-3.784,gZ:-4.944
aX:-0.976,aY:0.087,aZ:-0.348,gX:7.324,gY:-2.686,gZ:-3.906
aX:-0.975,aY:0.058,aZ:-0.315,gX:10.925,gY:-2.625,gZ:-0.977
aX:-0.948,aY:0.034,aZ:-0.296,gX:13.855,gY:-4.333,gZ:2.014
aX:-0.920,aY:0.022,aZ:-0.276,gX:12.390,gY:-3.906,gZ:3.479
aX:-0.912,aY:0.025,aZ:-0.267,gX:7.874,gY:-3.906,gZ:2.747
aX:-0.922,aY:0.013,aZ:-0.292,gX:4.578,gY:-5.981,gZ:3.052
aX:-0.958,aY:-0.000,aZ:-0.300,gX:4.150,gY:-7.324,gZ:4.700
aX:-0.986,aY:0.011,aZ:-0.296,gX:6.714,gY:-5.310,gZ:7.324
aX:-0.990,aY:0.017,aZ:-0.302,gX:5.493,gY:-3.967,gZ:9.033
aX:-0.993,aY:0.021,aZ:-0.285,gX:3.906,gY:-3.662,gZ:9.155
aX:-1.003,aY:0.027,aZ:-0.265,gX:1.770,gY:-3.540,gZ:6.165
aX:-1.004,aY:0.034,aZ:-0.266,gX:-0.305,gY:-3.906,gZ:1.282
aX:-0.995,aY:0.035,aZ:-0.262,gX:-0.122,gY:-6.775,gZ:-2.563
aX:-0.964,aY:0.023,aZ:-0.266,gX:2.197,gY:-10.315,gZ:-3.906
aX:-0.954,aY:0.022,aZ:-0.248,gX:3.601,gY:-13.489,gZ:-4.089
aX:-0.943,aY:0.022,aZ:-0.241,gX:3.479,gY:-9.583,gZ:-3.296
aX:-0.950,aY:0.005,aZ:-0.238,gX:1.892,gY:-5.798,gZ:-1.038
aX:-0.967,aY:0.006,aZ:-0.246,gX:-0.305,gY:-3.052,gZ:1.770
aX:-0.984,aY:0.006,aZ:-0.266,gX:-3.662,gY:-1.892,gZ:3.296
aX:-1.001,aY:0.003,aZ:-0.281,gX:-6.165,gY:-1.404,gZ:3.601
aX:-0.996,aY:-0.009,aZ:-0.275,gX:-6.958,gY:-0.366,gZ:3.296
aX:-0.977,aY:-0.020,aZ:-0.261,gX:-5.493,gY:0.183,gZ:2.625
aX:-0.962,aY:-0.027,aZ:-0.243,gX:-2.625,gY:2.197,gZ:1.709
aX:-0.953,aY:-0.019,aZ:-0.244,gX:-1.648,gY:4.089,gZ:-0.244
aX:-0.952,aY:-0.003,aZ:-0.250,gX:-0.854,gY:3.052,gZ:-1.465
aX:-0.970,aY:0.005,aZ:-0.261,gX:-0.977,gY:2.625,gZ:-1.831
aX:-0.978,aY:0.010,aZ:-0.251,gX:-2.380,gY:3.174,gZ:-2.563
aX:-0.977,aY:0.021,aZ:-0.235,gX:-2.869,gY:3.845,gZ:-2.075
aX:-0.949,aY:0.041,aZ:-0.235,gX:-4.150,gY:2.258,gZ:-1.587
aX:-0.945,aY:0.073,aZ:-0.228,gX:-4.150,gY:-1.526,gZ:-0.488
aX:-0.936,aY:0.092,aZ:-0.246,gX:-8.118,gY:-2.808,gZ:-0.183
aX:-0.962,aY:0.098,aZ:-0.262,gX:-9.277,gY:-3.052,gZ:1.160
aX:-0.991,aY:0.071,aZ:-0.275,gX:-6.226,gY:-2.258,gZ:4.883
aX:-0.999,aY:0.041,aZ:-0.289,gX:-4.456,gY:0.183,gZ:8.606
aX:-1.000,aY:0.009,aZ:-0.293,gX:-5.188,gY:3.357,gZ:9.766
aX:-0.996,aY:-0.001,aZ:-0.271,gX:-7.202,gY:4.333,gZ:8.179
aX:-0.987,aY:0.007,aZ:-0.253,gX:-7.935,gY:3.174,gZ:3.479
aX:-0.992,aY:0.015,aZ:-0.249,gX:-8.362,gY:0.244,gZ:-1.587
aX:-0.997,aY:0.032,aZ:-0.268,gX:-8.667,gY:-1.831,gZ:-3.967
aX:-0.986,aY:0.031,aZ:-0.280,gX:-7.996,gY:-2.197,gZ:-5.249
aX:-0.970,aY:0.039,aZ:-0.279,gX:-6.714,gY:-1.892,gZ:-6.042
aX:-0.957,aY:0.052,aZ:-0.265,gX:-6.165,gY:-2.563,gZ:-6.531
aX:-0.949,aY:0.069,aZ:-0.269,gX:-7.507,gY:-2.930,gZ:-6.287
aX:-0.960,aY:0.075,aZ:-0.268,gX:-10.071,gY:-3.113,gZ:-4.395
aX:-0.972,aY:0.065,aZ:-0.269,gX:-10.559,gY:-2.136,gZ:-1.465
aX:-0.969,aY:0.064,aZ:-0.267,gX:-10.925,gY:-1.709,gZ:1.465
aX:-0.954,aY:0.057,aZ:-0.269,gX:-11.292,gY:-1.648,gZ:2.747
aX:-0.954,aY:0.050,aZ:-0.267,gX:-12.512,gY:-2.441,gZ:2.441
aX:-0.978,aY:0.047,aZ:-0.269,gX:-11.963,gY:-2.319,gZ:3.296
aX:-0.979,aY:0.029,aZ:-0.280,gX:-12.146,gY:-1.709,gZ:5.066
aX:-0.953,aY:0.034,aZ:-0.275,gX:-11.658,gY:0.793,gZ:5.493
aX:-0.947,aY:0.070,aZ:-0.250,gX:-10.498,gY:2.808,gZ:3.845
aX:-0.947,aY:0.118,aZ:-0.254,gX:-11.353,gY:3.479,gZ:2.380
aX:-0.959,aY:0.109,aZ:-0.272,gX:-10.681,gY:2.502,gZ:1.587
aX:-0.981,aY:0.080,aZ:-0.260,gX:-5.188,gY:2.625,gZ:2.075
aX:-0.986,aY:0.053,aZ:-0.251,gX:-0.305,gY:1.099,gZ:2.136
aX:-0.982,aY:0.039,aZ:-0.257,gX:1.282,gY:-2.014,gZ:1.160
aX:-0.992,aY:0.043,aZ:-0.271,gX:-0.427,gY:-1.526,gZ:1.160
a