aX:-0.929,aY:-0.048,aZ:-0.288,gX:1.404,gY:-0.610,gZ:-2.075
aX:-0.930,aY:-0.022,aZ:-0.289,gX:2.502,gY:-2.380,gZ:-0.610
aX:-0.933,aY:-0.003,aZ:-0.301,gX:3.174,gY:-2.197,gZ:2.869
aX:-0.934,aY:-0.009,aZ:-0.297,gX:3.174,gY:-0.732,gZ:6.470
aX:-0.944,aY:-0.007,aZ:-0.281,gX:4.333,gY:-0.732,gZ:9.338
aX:-0.962,aY:0.006,aZ:-0.274,gX:5.554,gY:-2.441,gZ:11.047
aX:-0.973,aY:0.017,aZ:-0.285,gX:5.127,gY:-3.723,gZ:11.902
aX:-0.970,aY:0.007,aZ:-0.290,gX:5.066,gY:-3.967,gZ:12.329
aX:-0.968,aY:-0.010,aZ:-0.279,gX:6.470,gY:-3.174,gZ:12.695
aX:-0.972,aY:-0.016,aZ:-0.266,gX:7.141,gY:-2.930,gZ:12.451
aX:-0.975,aY:-0.020,aZ:-0.275,gX:6.042,gY:-3.296,gZ:11.841
aX:-0.974,aY:-0.028,aZ:-0.285,gX:4.578,gY:-3.723,gZ:11.169
aX:-0.975,aY:-0.042,aZ:-0.289,gX:4.456,gY:-3.357,gZ:10.193
aX:-0.970,aY:-0.051,aZ:-0.290,gX:3.784,gY:-3.357,gZ:9.033
aX:-0.966,aY:-0.054,aZ:-0.296,gX:3.540,gY:-3.784,gZ:8.606
aX:-0.963,aY:-0.059,aZ:-0.299,gX:2.869,gY:-4.272,gZ:8.362
aX:-0.957,aY:-0.063,aZ:-0.308,gX:1.465,gY:-4.578,gZ:8.484
aX:-0.948,aY:-0.073,aZ:-0.320,gX:1.648,gY:-3.845,gZ:9.338
aX:-0.940,aY:-0.088,aZ:-0.325,gX:1.648,gY:-2.808,gZ:9.644
aX:-0.932,aY:-0.092,aZ:-0.333,gX:1.587,gY:-2.869,gZ:9.949
aX:-0.926,aY:-0.096,aZ:-0.329,gX:0.671,gY:-3.113,gZ:10.376
aX:-0.930,aY:-0.099,aZ:-0.316,gX:0.244,gY:-3.967,gZ:11.292
aX:-0.939,aY:-0.076,aZ:-0.319,gX:0.366,gY:-3.723,gZ:12.085
aX:-0.918,aY:-0.067,aZ:-0.343,gX:-0.549,gY:-4.761,gZ:12.207
aX:-0.906,aY:-0.078,aZ:-0.354,gX:-0.793,gY:-7.202,gZ:12.390
aX:-0.907,aY:-0.089,aZ:-0.365,gX:0.305,gY:-9.277,gZ:13.123
aX:-0.909,aY:-0.093,aZ:-0.366,gX:1.160,gY:-11.353,gZ:15.503
aX:-0.907,aY:-0.095,aZ:-0.365,gX:0.122,gY:-12.634,gZ:17.944
aX:-0.899,aY:-0.105,aZ:-0.375,gX:0.061,gY:-12.817,gZ:19.714
aX:-0.882,aY:-0.123,aZ:-0.388,gX:0.305,gY:-12.817,gZ:21.057
aX:-0.869,aY:-0.131,aZ:-0.403,gX:-0.244,gY:-13.611,gZ:21.606
aX:-0.840,aY:-0.146,aZ:-0.429,gX:-1.709,gY:-15.930,gZ:22.461
aX:-0.803,aY:-0.169,aZ:-0.450,gX:-3.296,gY:-21.240,gZ:23.010
aX:-0.779,aY:-0.183,aZ:-0.458,gX:-5.981,gY:-26.978,gZ:23.743
aX:-0.751,aY:-0.192,aZ:-0.429,gX:-9.338,gY:-33.020,gZ:25.330
aX:-0.735,aY:-0.202,aZ:-0.426,gX:-10.254,gY:-39.795,gZ:27.527
aX:-0.708,aY:-0.210,aZ:-0.436,gX:-15.015,gY:-44.067,gZ:27.405
aX:-0.687,aY:-0.219,aZ:-0.433,gX:-16.907,gY:-47.791,gZ:27.161
aX:-0.685,aY:-0.235,aZ:-0.415,gX:-18.250,gY:-53.040,gZ:27.466
aX:-0.675,aY:-0.228,aZ:-0.419,gX:-21.606,gY:-60.669,gZ:27.954
aX:-0.707,aY:-0.224,aZ:-0.410,gX:-30.701,gY:-71.411,gZ:28.748
aX:-0.766,aY:-0.219,aZ:-0.431,gX:-32.471,gY:-78.186,gZ:32.349
aX:-0.792,aY:-0.230,aZ:-0.477,gX:-36.133,gY:-80.078,gZ:34.912
aX:-0.836,aY:-0.252,aZ:-0.529,gX:-43.640,gY:-78.064,gZ:35.889
aX:-0.839,aY:-0.274,aZ:-0.522,gX:-45.532,gY:-72.693,gZ:36.377
aX:-0.811,aY:-0.304,aZ:-0.501,gX:-49.377,gY:-72.998,gZ:31.982
aX:-0.816,aY:-0.277,aZ:-0.480,gX:-47.791,gY:-76.050,gZ:23.682
aX:-0.816,aY:-0.225,aZ:-0.499,gX:-42.969,gY:-76.355,gZ:14.465
aX:-0.813,aY:-0.193,aZ:-0.536,gX:-40.161,gY:-73.364,gZ:6.775
aX:-0.759,aY:-0.223,aZ:-0.544,gX:-38.635,gY:-72.021,gZ:5.127
aX:-0.706,aY:-0.267,aZ:-0.491,gX:-40.527,gY:-78.186,gZ:5.981
aX:-0.701,aY:-0.236,aZ:-0.418,gX:-44.922,gY:-91.248,gZ:6.287
aX:-0.758,aY:-0.177,aZ:-0.455,gX:-47.058,gY:-103.943,gZ:9.583
aX:-0.718,aY:-0.147,aZ:-0.596,gX:-47.363,gY:-110.046,gZ:17.212
aX:-0.650,aY:-0.216,aZ:-0.697,gX:-47.424,gY:-116.943,gZ:24.902
aX:-0.616,aY:-0.385,aZ:-0.745,gX:-45.044,gY:-127.991,gZ:31.982
aX:-0.631,aY:-0.519,aZ:-0.680,gX:-44.006,gY:-127.869,gZ:38.696
aX:-0.572,aY:-0.536,aZ:-0.615,gX:-44.189,gY:-118.958,gZ:38.879
aX:-0.646,aY:-0.501,aZ:-0.666,gX:-40.283,gY:-104.675,gZ:29.785
aX:-0.619,aY:-0.470,aZ:-0.761,gX:-33.569,gY:-103.149,gZ:11.353
aX:-0.356,aY:-0.364,aZ:-0.841,gX:-27.771,gY:-109.619,gZ:-1.465
aX:-0.421,aY:-0.506,aZ:-0.824,gX:-17.700,gY:-99.243,gZ:13.000
aX:-0.415,aY:-0.618,aZ:-0.760,gX:-12.939,gY:-93.079,gZ:17.151
aX:-0.354,aY:-0.637,aZ:-0.786,gX:-13.855,gY:-97.839,gZ:12.878
aX:-0.310,aY:-0.598,aZ:-0.857,gX:-16.479,gY:-106.445,gZ:9.949
aX:-0.239,aY:-0.556,aZ:-0.930,gX:-17.517,gY:-107.605,gZ:7.141
aX:-0.171,aY:-0.564,aZ:-0.956,gX:-10.742,gY:-103.455,gZ:8.667
aX:-0.178,aY:-0.597,aZ:-0.962,gX:-4.211,gY:-92.957,gZ:10.376
aX:-0.188,aY:-0.633,aZ:-0.958,gX:-1.404,gY:-76.233,gZ:10.925
aX:-0.156,aY:-0.641,aZ:-0.945,gX:1.953,gY:-58.044,gZ:10.254
aX:-0.138,aY:-0.624,aZ:-0.943,gX:4.150,gY:-44.434,gZ:6.531
aX:-0.143,aY:-0.617,aZ:-0.953,gX:5.676,gY:-33.569,gZ:2.258
aX:-0.142,aY:-0.613,aZ:-0.937,gX:5.493,gY:-22.583,gZ:0.488
aX:-0.136,aY:-0.636,aZ:-0.961,gX:7.141,gY:-18.066,gZ:3.784
aX:-0.124,aY:-0.587,aZ:-0.957,gX:2.502,gY:-20.081,gZ:5.859
aX:-0.102,aY:-0.547,aZ:-0.920,gX:3.601,gY:-23.804,gZ:14.038
aX:-0.082,aY:-0.499,aZ:-0.900,gX:5.615,gY:-23.804,gZ:13.062
aX:-0.075,aY:-0.495,aZ:-0.901,gX:5.920,gY:-12.390,gZ:11.230
aX:-0.101,aY:-0.502,aZ:-0.859,gX:6.714,gY:1.099,gZ:11.230
aX:-0.109,aY:-0.526,aZ:-0.851,gX:9.338,gY:6.348,gZ:10.254
aX:-0.095,aY:-0.529,aZ:-0.857,gX:10.986,gY:10.376,gZ:8.240
aX:-0.075,aY:-0.510,aZ:-0.869,gX:14.587,gY:13.611,gZ:6.592
aX:-0.067,aY:-0.505,aZ:-0.862,gX:18.311,gY:13.245,gZ:3.540
aX:-0.070,aY:-0.507,aZ:-0.873,gX:20.569,gY:14.282,gZ:1.770
aX:-0.067,aY:-0.478,aZ:-0.882,gX:20.691,gY:14.343,gZ:1.709
aX:-0.067,aY:-0.449,aZ:-0.880,gX:20.874,gY:17.273,gZ:2.502
aX:-0.062,aY:-0.436,aZ:-0.873,gX:19.592,gY:22.522,gZ:1.282
aX:-0.074,aY:-0.465,aZ:-0.845,gX:19.226,gY:27.100,gZ:-2.441
aX:-0.109,aY:-0.496,aZ:-0.815,gX:23.193,gY:32.959,gZ:-5.798
aX:-0.111,aY:-0.481,aZ:-0.824,gX:27.649,gY:33.813,gZ:-9.460
aX:-0.153,aY:-0.437,aZ:-0.871,gX:33.569,gY:31.250,gZ:-13.489
aX:-0.158,aY:-0.403,aZ:-0.934,gX:37.170,gY:30.579,gZ:-18.799
aX:-0.141,aY:-0.392,aZ:-0.919,gX:32.898,gY:31.982,gZ:-23.865
aX:-0.149,aY:-0.389,aZ:-0.921,gX:36.194,gY:34.851,gZ:-23.926
aX:-0.216,aY:-0.403,aZ:-1.024,gX:42.480,gY:33.630,gZ:-24.780
aX:-0.323,aY:-0.457,aZ:-0.958,gX:50.232,gY:30.396,gZ:-28.992
aX:-0.348,aY:-0.514,aZ:-1.113,gX:53.711,gY:10.315,gZ:-35.767
aX:-0.350,aY:-0.509,aZ:-1.285,gX:55.664,gY:-5.310,gZ:-37.903
aX:-0.288,aY:-0.416,aZ:-1.388,gX:52.185,gY:-10.437,gZ:-38.452
aX:-0.170,aY:-0.327,aZ:-1.356,gX:43.274,gY:-5.920,gZ:-39.429
aX:-0.197,aY:-0.312,aZ:-1.227,gX:33.325,gY:6.531,gZ:-35.767
aX:-0.331,aY:-0.315,aZ:-1.106,gX:23.499,gY:19.714,gZ:-24.841
aX:-0.380,aY:-0.240,aZ:-1.015,gX:15.320,gY:32.410,gZ:-15.076
aX:-0.337,aY:-0.176,aZ:-0.935,gX:9.949,gY:36.072,gZ:-12.085
aX:-0.290,aY:-0.143,aZ:-0.864,gX:10.315,gY:35.828,gZ:-15.442
aX:-0.277,aY:-0.140,aZ:-0.812,gX:18.250,gY:37.598,gZ:-18.677
aX:-0.304,aY:-0.138,aZ:-0.820,gX:25.757,gY:34.790,gZ:-20.813
aX:-0.347,aY:-0.111,aZ:-0.861,gX:27.100,gY:21.729,gZ:-22.522
aX:-0.405,aY:-0.113,aZ:-0.921,gX:25.879,gY:7.996,gZ:-20.813
aX:-0.427,aY:-0.120,aZ:-0.958,gX:23.254,gY:0.427,gZ:-19.470
aX:-0.410,aY:-0.119,aZ:-1.022,gX:19.104,gY:0.793,gZ:-15.991
aX:-0.400,aY:-0.112,aZ:-1.030,gX:18.616,gY:9.827,gZ:-11.841
aX:-0.403,aY:-0.099,aZ:-1.010,gX:17.944,gY:21.057,gZ:-9.766
aX:-0.392,aY:-0.100,aZ:-0.986,gX:16.785,gY:30.334,gZ:-9.094
aX:-0.396,aY:-0.097,aZ:-0.960,gX:17.395,gY:40.588,gZ:-8.240
aX:-0.398,aY:-0.104,aZ:-0.933,gX:20.386,gY:48.157,gZ:-8.606
aX:-0.423,aY:-0.097,aZ:-0.918,gX:21.729,gY:48.645,gZ:-9.338
aX:-0.413,aY:-0.108,aZ:-0.907,gX:21.545,gY:45.532,gZ:-9.583
aX:-0.424,aY:-0.098,aZ:-0.897,gX:21.851,gY:42.236,gZ:-10.498
aX:-0.432,aY:-0.086,aZ:-0.900,gX:21.057,gY:35.767,gZ:-10.254
aX:-0.442,aY:-0.090,aZ:-0.906,gX:20.630,gY:30.212,gZ:-9.094
aX:-0.477,aY:-0.080,aZ:-0.897,gX:20.325,gY:32.043,gZ:-6.470
aX:-0.486,aY:-0.072,aZ:-0.892,gX:16.968,gY:34.363,gZ:-6.042
aX:-0.494,aY:-0.058,aZ:-0.910,gX:14.465,gY:35.583,gZ:-7.324
aX:-0.506,aY:-0.038,aZ:-0.921,gX:10.498,gY:35.889,gZ:-7.690
aX:-0.510,aY:-0.026,aZ:-0.920,gX:8.667,gY:38.452,gZ:-8.789
aX:-0.526,aY:-0.018,aZ:-0.900,gX:9.216,gY:43.335,gZ:-8.850
aX:-0.526,aY:-0.004,aZ:-0.874,gX:10.681,gY:47.180,gZ:-7.568
aX:-0.560,aY:-0.001,aZ:-0.866,gX:12.146,gY:54.688,gZ:-6.104
aX:-0.553,aY:0.021,aZ:-0.862,gX:12.024,gY:58.472,gZ:-6.042
aX:-0.569,aY:0.040,aZ:-0.845,gX:14.709,gY:58.533,gZ:-6.287
aX:-0.564,aY:0.034,aZ:-0.828,gX:15.991,gY:56.763,gZ:-6.287
aX:-0.589,aY:0.014,aZ:-0.807,gX:15.137,gY:57.190,gZ:-5.493
aX:-0.622,aY:0.009,aZ:-0.782,gX:12.939,gY:60.669,gZ:-3.845
aX:-0.638,aY:0.013,aZ:-0.753,gX:10.986,gY:62.134,gZ:-2.258
aX:-0.653,aY:0.027,aZ:-0.748,gX:10.132,gY:56.763,gZ:-2.380
aX:-0.663,aY:0.033,aZ:-0.750,gX:10.315,gY:48.706,gZ:-3.113
aX:-0.669,aY:0.023,aZ:-0.750,gX:9.094,gY:39.612,gZ:-4.761
aX:-0.676,aY:-0.000,aZ:-0.736,gX:7.996,gY:33.203,gZ:-6.714
aX:-0.705,aY:-0.003,aZ:-0.739,gX:7.812,gY:32.593,gZ:-6.775
aX:-0.708,aY:0.001,aZ:-0.741,gX:6.897,gY:33.630,gZ:-6.653
aX:-0.716,aY:0.003,aZ:-0.729,gX:6.348,gY:33.813,gZ:-7.202
aX:-0.720,aY:0.009,aZ:-0.715,gX:6.958,gY:33.447,gZ:-7.874
aX:-0.730,aY:0.011,aZ:-0.704,gX:7.385,gY:32.776,gZ:-8.423
aX:-0.725,aY:0.029,aZ:-0.698,gX:7.263,gY:31.738,gZ:-7.324
aX:-0.721,aY:0.030,aZ:-0.634,gX:7.080,gY:21.606,gZ:-7.874
aX:-0.738,aY:0.044,aZ:-0.653,gX:3.723,gY:0.488,gZ:-8.484
aX:-0.708,aY:0.031,aZ:-0.663,gX:-1.953,gY:-13.733,gZ:-8.484
aX:-0.704,aY:0.031,aZ:-0.681,gX:-4.272,gY:-26.428,gZ:-8.179
aX:-0.711,aY:0.030,aZ:-0.726,gX:-5.188,gY:-31.250,gZ:-6.714
aX:-0.720,aY:0.033,aZ:-0.745,gX:-4.211,gY:-22.705,gZ:-3.845
aX:-0.717,aY:0.045,aZ:-0.708,gX:-1.343,gY:-15.625,gZ:-2.197
aX:-0.723,aY:0.057,aZ:-0.679,gX:-0.366,gY:-25.635,gZ:-1.831
aX:-0.694,aY:0.057,aZ:-0.670,gX:-3.723,gY:-45.959,gZ:-3.052
aX:-0.681,aY:0.060,aZ:-0.711,gX:-4.211,gY:-57.739,gZ:-1.160
aX:-0.677,aY:0.075,aZ:-0.811,gX:-7.629,gY:-57.068,gZ:-2.136
aX:-0.659,aY:0.065,aZ:-0.767,gX:-4.578,gY:-37.231,gZ:-1.221
aX:-0.658,aY:0.073,aZ:-0.767,gX:-2.258,gY:-33.936,gZ:1.038
aX:-0.665,aY:0.082,aZ:-0.771,gX:-0.061,gY:-30.640,gZ:3.418
aX:-0.660,aY:0.084,aZ:-0.796,gX:0.793,gY:-26.001,gZ:5.493
aX:-0.628,aY:0.069,aZ:-0.794,gX:0.061,gY:-21.362,gZ:5.005
aX:-0.645,aY:0.073,aZ:-0.790,gX:-1.770,gY:-19.348,gZ:2.075
aX:-0.659,aY:0.082,aZ:-0.802,gX:-3.662,gY:-14.221,gZ:1.099
aX:-0.653,aY:0.085,aZ:-0.806,gX:-3.845,gY:-6.836,gZ:0.549
aX:-0.648,aY:0.080,aZ:-0.812,gX:-3.601,gY:0.122,gZ:0.305
aX:-0.632,aY:0.072,aZ:-0.792,gX:-4.150,gY:7.080,gZ:0.366
aX:-0.631,aY:0.055,aZ:-0.770,gX:-2.869,gY:9.644,gZ:-1.160
aX:-0.646,aY:0.055,aZ:-0.771,gX:-2.319,gY:10.864,gZ:-1.221
aX:-0.640,aY:0.062,aZ:-0.766,gX:-3.113,gY:11.780,gZ:-0.549
aX:-0.636,aY:0.059,aZ:-0.764,gX:-2.197,gY:8.545,gZ:0.183
aX:-0.636,aY:0.045,aZ:-0.783,gX:-1.770,gY:4.089,gZ:0.305
aX:-0.629,aY:0.028,aZ:-0.814,gX:-3.296,gY:3.174,gZ:0.183
aX:-0.633,aY:0.018,aZ:-0.793,gX:-3.052,gY:5.371,gZ:-0.183
aX:-0.646,aY:0.014,aZ:-0.774,gX:-1.587,gY:6.775,gZ:0.488
aX:-0.642,aY:0.022,aZ:-0.769,gX:-2.502,gY:3.662,gZ:0.916
aX:-0.640,aY:0.033,aZ:-0.776,gX:-2.319,gY:0.305,gZ:0.366
aX:-0.633,aY:0.044,aZ:-0.789,gX:-1.953,gY:-1.770,gZ:-0.427
aX:-0.644,aY:0.055,aZ:-0.794,gX:-1.465,gY:-0.977,gZ:-0.732
aX:-0.638,aY:0.056,aZ:-0.819,gX:-1.526,gY:0.244,gZ:-2.380
aX:-0.628,aY:0.052,aZ:-0.823,gX:-2.441,gY:1.953,gZ:-2.502
aX:-0.624,aY:0.039,aZ:-0.813,gX:-3.723,gY:5.798,gZ:-2.136
aX:-0.623,aY:0.028,aZ:-0.807,gX:-2.502,gY:8.484,gZ:-0.488
aX:-0.632,aY:0.037,aZ:-0.804,gX:-0.977,gY:9.216,gZ:0.488
aX:-0.647,aY:0.046,aZ:-0.790,gX:-0.122,gY:11.292,gZ:1.648
aX:-0.657,aY:0.055,aZ:-0.786,gX:-0.305,gY:13.855,gZ:3.357
aX:-0.626,aY:0.045,aZ:-0.779,gX:-0.427,gY:14.282,gZ:3.845
aX:-0.635,aY:0.038,aZ:-0.782,gX:-1.038,gY:12.207,gZ:2.075
aX:-0.636,aY:0.042,aZ:-0.773,gX:-0.244,gY:12.817,gZ:0.671
aX:-0.680,aY:0.058,aZ:-0.754,gX:3.601,gY:25.574,gZ:0.977
aX:-0.713,aY:0.077,aZ:-0.749,gX:4.761,gY:36.621,gZ:2.747
aX:-0.683,aY:0.070,aZ:-0.788,gX:2.808,gY:33.386,gZ:5.737
aX:-0.685,aY:0.042,aZ:-0.813,gX:2.319,gY:28.809,gZ:7.446
aX:-0.686,aY:0.021,aZ:-0.844,gX:1.587,gY:31.494,gZ:7.507
aX:-0.687,aY:0.019,aZ:-0.806,gX:3.784,gY:41.321,gZ:7.874
aX:-0.705,aY:0.031,aZ:-0.744,gX:6.592,gY:53.223,gZ:8.484
aX:-0.696,aY:0.047,aZ:-0.690,gX:6.287,gY:57.190,gZ:9.399
aX:-0.674,aY:0.063,aZ:-0.675,gX:5.249,gY:49.133,gZ:8.850
aX:-0.700,aY:0.055,aZ:-0.648,gX:5.005,gY:34.119,gZ:8.972
aX:-0.700,aY:0.033,aZ:-0.654,gX:3.357,gY:18.494,gZ:8.179
aX:-0.713,aY:0.029,aZ:-0.652,gX:1.831,gY:5.798,gZ:6.042
aX:-0.740,aY:0.032,aZ:-0.654,gX:1.831,gY:2.747,gZ:5.615
aX:-0.756,aY:0.045,aZ:-0.683,gX:0.244,gY:1.587,gZ:5.859
aX:-0.751,aY:0.047,aZ:-0.721,gX:1.038,gY:1.038,gZ:6.897
aX:-0.767,aY:0.040,aZ:-0.745,gX:2.808,gY:4.761,gZ:8.240
aX:-0.742,aY:0.019,aZ:-0.734,gX:3.479,gY:9.949,gZ:6.958
aX:-0.755,aY:0.018,aZ:-0.711,gX:3.235,gY:13.367,gZ:5.676
aX:-0.754,aY:0.024,aZ:-0.664,gX:2.136,gY:17.334,gZ:5.859
aX:-0.758,aY:0.029,aZ:-0.627,gX:0.549,gY:19.653,gZ:5.371
aX:-0.766,aY:0.032,aZ:-0.607,gX:0.061,gY:16.235,gZ:5.005
aX:-0.769,aY:0.031,aZ:-0.619,gX:-1.709,gY:6.287,gZ:4.639
aX:-0.771,aY:0.028,aZ:-0.646,gX:-3.113,gY:-2.747,gZ:3.967
aX:-0.775,aY:0.022,aZ:-0.667,gX:-2.136,gY:-5.554,gZ:3.174
aX:-0.771,aY:0.030,aZ:-0.665,gX:-1.404,gY:-3.784,gZ:1.770
aX:-0.769,aY:0.033,aZ:-0.660,gX:-0.793,gY:-0.854,gZ:0.488
aX:-0.774,aY:0.024,aZ:-0.647,gX:-0.854,gY:2.747,gZ:0.427
aX:-0.783,aY:0.011,aZ:-0.640,gX:-1.587,gY:4.089,gZ:1.526
aX:-0.782,aY:-0.001,aZ:-0.649,gX:-1.282,gY:3.479,gZ:3.296
aX:-0.781,aY:-0.007,aZ:-0.653,gX:-0.610,gY:2.197,gZ:2.747
aX:-0.781,aY:-0.004,aZ:-0.647,gX:-0.244,gY:2.197,gZ:1.831
aX:-0.779,aY:-0.000,aZ:-0.642,gX:-0.793,gY:1.160,gZ:0.854
aX:-0.772,aY:-0.000,aZ:-0.641,gX:-1.160,gY:0.122,gZ:0.732
aX:-0.777,aY:-0.000,aZ:-0.650,gX:-1.221,gY:-0.366,gZ:0.305
aX:-0.760,aY:-0.000,aZ:-0.653,gX:-1.038,gY:-0.183,gZ:-0.183
aX:-0.765,aY:-0.000,aZ:-0.648,gX:0.305,gY:-0.916,gZ:-1.282
aX:-0.780,aY:0.011,aZ:-0.653,gX:0.671,gY:-0.610,gZ:-1.404
aX:-0.783,aY:0.027,aZ:-0.657,gX:0.793,gY:-0.427,gZ:-0.549
aX:-0.768,aY:0.031,aZ:-0.661,gX:0.549,gY:0.000,gZ:0.549
aX:-0.770,aY:0.032,aZ:-0.662,gX:-0.366,gY:0.610,gZ:0.366
aX:-0.773,aY:0.034,aZ:-0.659,gX:-0.732,gY:1.404,gZ:1.038
aX:-0.779,aY:0.037,aZ:-0.648,gX:-0.854,gY:2.930,gZ:1.160
aX:-0.784,aY:0.038,aZ:-0.640,gX:-0.610,gY:2.625,gZ:2.014
aX:-0.774,aY:0.035,aZ:-0.641,gX:-0.305,gY:0.916,gZ:1.648
aX:-0.772,aY:0.036,aZ:-0.642,gX:-0.427,gY:-0.610,gZ:0.854
aX:-0.770,aY:0.040,aZ:-0.651,gX:-0.183,gY:-0.549,gZ:0.793
aX:-0.775,aY:0.044,aZ:-0.653,gX:-0.244,gY:0.366,gZ:0.488
aX:-0.773,aY:0.042,aZ:-0.650,gX:-0.305,gY:1.892,gZ:-0.061
aX:-0.771,aY:0.038,aZ:-0.647,gX:-0.671,gY:1.831,gZ:-0.488
aX:-0.783,aY:0.037,aZ:-0.650,gX:-1.038,gY:0.732,gZ:-0.488
aX:-0.774,aY:0.035,aZ:-0.654,gX:-1.404,gY:-0.366,gZ:-0.183
aX:-0.778,aY:0.033,aZ:-0.665,gX:-1.404,gY:-1.343,gZ:0.427
aX:-0.768,aY:0.032,aZ:-0.669,gX:-1.465,gY:-1.038,gZ:0.244
aX:-0.773,aY:0.033,aZ:-0.663,gX:-1.404,gY:0.000,gZ:0.122
aX:-0.764,aY:0.035,aZ:-0.650,gX:-1.282,gY:1.587,gZ:0.000
aX:-0.768,aY:0.031,aZ:-0.645,gX:-1.343,gY:0.671,gZ:-0.610
aX:-0.774,aY:0.029,aZ:-0.651,gX:-2.075,gY:-1.404,gZ:-0.366
aX:-0.775,aY:0.029,aZ:-0.665,gX:-1.465,gY:-2.563,gZ:0.244
aX:-0.760,aY:0.029,aZ:-0.663,gX:-1.404,gY:-3.174,gZ:0.244
aX:-0.764,aY:0.030,aZ:-0.666,gX:-2.625,gY:-2.991,gZ:-0.977
aX:-0.764,aY:0.030,aZ:-0.666,gX:-2.014,gY:-2.380,gZ:-0.366
aX:-0.767,aY:0.032,aZ:-0.664,gX:-1.831,gY:-2.197,gZ:0.122
aX:-0.771,aY:0.033,aZ:-0.659,gX:-2.319,gY:-2.319,gZ:0.427
aX:-0.763,aY:0.036,aZ:-0.661,gX:-1.404,gY:-1.892,gZ:0.366
aX:-0.765,aY:0.036,aZ:-0.658,gX:-1.404,gY:-1.831,gZ:-0.488
aX:-0.763,aY:0.034,aZ:-0.655,gX:-1.709,gY:-1.587,gZ:-0.610
aX:-0.770,aY:0.033,aZ:-0.659,gX:-1.465,gY:-1.282,gZ:0.000
aX:-0.764,aY:0.026,aZ:-0.661,gX:-1.038,gY:-1.831,gZ:0.427
aX:-0.770,aY:0.025,aZ:-0.664,gX:-1.587,gY:-2.075,gZ:0.610
aX:-0.767,aY:0.026,aZ:-0.667,gX:-1.282,gY:-1.892,gZ:0.305
aX:-0.767,aY:0.029,aZ:-0.665,gX:-1.160,gY:-1.587,gZ:-0.183
aX:-0.771,aY:0.030,aZ:-0.658,gX:-1.892,gY:-1.221,gZ:-0.427
aX:-0.766,aY:0.033,aZ:-0.661,gX:-1.465,gY:-1.770,gZ:0.122
aX:-0.762,aY:0.032,aZ:-0.665,gX:-1.587,gY:-1.587,gZ:0.122
aX:-0.763,aY:0.030,aZ:-0.673,gX:-1.770,gY:-2.258,gZ:0.183
aX:-0.755,aY:0.026,aZ:-0.676,gX:-1.038,gY:-2.075,gZ:0.427
aX:-0.762,aY:0.027,aZ:-0.669,gX:-0.610,gY:-0.427,gZ:0.610
aX:-0.761,aY:0.030,aZ:-0.665,gX:-0.977,gY:0.610,gZ:0.854
aX:-0.773,aY:0.034,aZ:-0.667,gX:-0.793,gY:-0.244,gZ:0.916
aX:-0.757,aY:0.034,aZ:-0.667,gX:-0.427,gY:-0.916,gZ:1.160
aX:-0.760,aY:0.033,aZ:-0.668,gX:-1.160,gY:-1.770,gZ:0.488
aX:-0.759,aY:0.034,aZ:-0.665,gX:-1.160,gY:-1.587,gZ:0.610
aX:-0.756,aY:0.033,aZ:-0.666,gX:-1.282,gY:-1.282,gZ:0.488
aX:-0.758,aY:0.029,aZ:-0.668,gX:-1.770,gY:-1.526,gZ:0.488
aX:-0.763,aY:0.028,aZ:-0.677,gX:-1.465,gY:-1.953,gZ:0.671
aX:-0.756,aY:0.027,aZ:-0.679,gX:-1.526,gY:-1.709,gZ:0.549
aX:-0.768,aY:0.030,aZ:-0.676,gX:-1.892,gY:-1.221,gZ:0.244
aX:-0.753,aY:0.032,aZ:-0.672,gX:-0.549,gY:0.305,gZ:1.221
aX:-0.756,aY:0.031,aZ:-0.670,gX:-0.305,gY:0.366,gZ:0.061
aX:-0.760,aY:0.032,aZ:-0.674,gX:-0.977,gY:-0.366,gZ:0.061
aX:-0.754,aY:0.030,aZ:-0.675,gX:-1.160,gY:-0.854,gZ:0.305
aX:-0.752,aY:0.027,aZ:-0.674,gX:-1.587,gY:-1.160,gZ:0.427
aX:-0.755,aY:0.027,aZ:-0.675,gX:-1.892,gY:-0.549,gZ:0.366
aX:-0.756,aY:0.029,aZ:-0.675,gX:-1.831,gY:0.305,gZ:0.122
aX:-0.756,aY:0.031,aZ:-0.674,gX:-1.831,gY:-0.061,gZ:0.000
aX:-0.752,aY:0.028,aZ:-0.674,gX:-2.136,gY:-0.854,gZ:-0.183
aX:-0.760,aY:0.029,aZ:-0.678,gX:-1.343,gY:-0.610,gZ:-0.488
aX:-0.761,aY:0.030,aZ:-0.674,gX:-0.916,gY:0.183,gZ:-0.061
aX:-0.754,aY:0.034,aZ:-0.669,gX:-0.549,gY:0.244,gZ:0.671
aX:-0.750,aY:0.031,aZ:-0.670,gX:-0.427,gY:-0.488,gZ:-0.122
aX:-0.756,aY:0.033,aZ:-0.674,gX:-0.549,gY:-0.671,gZ:-0.244
aX:-0.755,aY:0.035,aZ:-0.674,gX:-1.282,gY:-0.427,gZ:-0.061
aX:-0.755,aY:0.035,aZ:-0.673,gX:-1.587,gY:0.122,gZ:-0.122
aX:-0.756,aY:0.033,aZ:-0.670,gX:-1.892,gY:-0.122,gZ:-0.122
aX:-0.757,aY:0.032,aZ:-0.671,gX:-2.441,gY:-0.977,gZ:-0.122
aX:-0.764,aY:0.030,aZ:-0.675,gX:-2.625,gY:-1.709,gZ:-0.732
aX:-0.755,aY:0.030,aZ:-0.675,gX:-1.282,gY:-1.465,gZ:-0.183
aX:-0.754,aY:0.029,aZ:-0.677,gX:-1.160,gY:-1.160,gZ:-0.305
aX:-0.756,aY:0.032,aZ:-0.678,gX:-1.282,gY:-0.549,gZ:-0.183
aX:-0.755,aY:0.035,aZ:-0.677,gX:-1.038,gY:0.000,gZ:0.061
aX:-0.750,aY:0.037,aZ:-0.675,gX:-1.770,gY:-0.122,gZ:0.427
aX:-0.750,aY:0.034,aZ:-0.673,gX:-1.282,gY:-0.061,gZ:0.061
aX:-0.752,aY:0.031,aZ:-0.674,gX:-1.099,gY:-0.183,gZ:0.183
aX:-0.753,aY:0.031,aZ:-0.674,gX:-1.526,gY:-0.610,gZ:0.244
aX:-0.755,aY:0.032,aZ:-0.679,gX:-1.465,gY:-1.038,gZ:0.305
aX:-0.754,aY:0.032,aZ:-0.680,gX:-1.648,gY:-0.793,gZ:0.671
aX:-0.751,aY:0.031,aZ:-0.675,gX:-0.977,gY:-0.305,gZ:0.854
aX:-0.751,aY:0.031,aZ:-0.679,gX:-1.160,gY:0.061,gZ:0.610
aX:-0.752,aY:0.031,aZ:-0.679,gX:-1.343,gY:-0.305,gZ:0.488
aX:-0.757,aY:0.035,aZ:-0.679,gX:-1.343,gY:-0.671,gZ:0.305
aX:-0.748,aY:0.032,aZ:-0.681,gX:-0.916,gY:-0.488,gZ:0.183
aX:-0.753,aY:0.032,aZ:-0.679,gX:-0.793,gY:0.000,gZ:-0.244
aX:-0.751,aY:0.032,aZ:-0.677,gX:-0.671,gY:0.183,gZ:-0.122
aX:-0.750,aY:0.032,aZ:-0.675,gX:-1.404,gY:-0.122,gZ:-0.061
aX:-0.756,aY:0.031,aZ:-0.680,gX:-1.160,gY:-0.427,gZ:0.427
aX:-0.754,aY:0.034,aZ:-0.681,gX:-0.977,gY:0.732,gZ:1.038
aX:-0.750,aY:0.034,aZ:-0.679,gX:-0.793,gY:0.000,gZ:0.610
aX:-0.750,aY:0.032,aZ:-0.676,gX:-0.366,gY:0.549,gZ:0.610
aX:-0.751,aY:0.032,aZ:-0.678,gX:-0.732,gY:0.244,gZ:0.610
aX:-0.752,aY:0.031,aZ:-0.678,gX:-1.160,gY:-0.244,gZ:0.671
aX:-0.750,aY:0.032,aZ:-0.683,gX:-1.038,gY:-0.549,gZ:0.977
aX:-0.748,aY:0.029,aZ:-0.683,gX:-0.916,gY:-0.183,gZ:0.488
aX:-0.752,aY:0.029,aZ:-0.676,gX:-1.099,gY:0.610,gZ:0.366
aX:-0.750,aY:0.029,aZ:-0.676,gX:-0.977,gY:-0.244,gZ:0.671
aX:-0.750,aY:0.030,aZ:-0.680,gX:-1.099,gY:-0.916,gZ:0.977
aX:-0.752,aY:0.029,aZ:-0.683,gX:-0.854,gY:-1.160,gZ:0.671
aX:-0.751,aY:0.030,aZ:-0.682,gX:-0.671,gY:-1.038,gZ:0.671
aX:-0.753,aY:0.034,aZ:-0.681,gX:-0.549,gY:-0.732,gZ:0.732
aX:-0.752,aY:0.036,aZ:-0.681,gX:-0.793,gY:-0.427,gZ:0.793
aX:-0.746,aY:0.035,aZ:-0.681,gX:-0.977,gY:0.061,gZ:0.977
aX:-0.747,aY:0.033,aZ:-0.680,gX:-1.221,gY:0.427,gZ:0.671
aX:-0.748,aY:0.031,aZ:-0.678,gX:-1.953,gY:0.183,gZ:0.610
aX:-0.749,aY:0.029,aZ:-0.679,gX:-1.404,gY:-0.732,gZ:0.549
aX:-0.759,aY:0.030,aZ:-0.684,gX:-1.221,gY:-1.038,gZ:0.854
aX:-0.749,aY:0.029,aZ:-0.684,gX:-1.282,gY:-0.977,gZ:0.488
aX:-0.746,aY:0.028,aZ:-0.683,gX:-0.793,gY:-0.366,gZ:0.244
aX:-0.750,aY:0.031,aZ:-0.682,gX:-0.854,gY:0.122,gZ:0.488
aX:-0.746,aY:0.032,aZ:-0.681,gX:-1.587,gY:-0.183,gZ:0.488
aX:-0.746,aY:0.033,aZ:-0.683,gX:-1.160,gY:-0.732,gZ:0.427
aX:-0.746,aY:0.030,aZ:-0.684,gX:-1.221,gY:-0.854,gZ:0.671
aX:-0.745,aY:0.028,aZ:-0.684,gX:-2.014,gY:-1.038,gZ:0.366
aX:-0.745,aY:0.028,aZ:-0.683,gX:-1.465,gY:-0.732,gZ:0.549
aX:-0.743,aY:0.029,aZ:-0.683,gX:-1.099,gY:-0.732,gZ:0.549
aX:-0.745,aY:0.029,aZ:-0.683,gX:-1.587,gY:-0.916,gZ:0.671
aX:-0.746,aY:0.031,aZ:-0.685,gX:-1.404,gY:-0.366,gZ:0.732
aX:-0.746,aY:0.031,aZ:-0.687,gX:-1.526,gY:-0.916,gZ:0.488
aX:-0.746,aY:0.032,aZ:-0.687,gX:-2.136,gY:-1.160,gZ:0.000
aX:-0.747,aY:0.031,aZ:-0.690,gX:-1.343,gY:-1.282,gZ:0.061
aX:-0.746,aY:0.031,aZ:-0.688,gX:-1.099,gY:-0.916,gZ:0.488
aX:-0.749,aY:0.030,aZ:-0.687,gX:-1.526,gY:-0.549,gZ:0.427
aX:-0.748,aY:0.031,aZ:-0.686,gX:-1.404,gY:-0.916,gZ:0.122
aX:-0.746,aY:0.033,aZ:-0.687,gX:-1.526,gY:-1.221,gZ:-0.061
aX:-0.745,aY:0.031,aZ:-0.688,gX:-1.831,gY:-1.099,gZ:-0.061
aX:-0.745,aY:0.031,aZ:-0.687,gX:-1.648,gY:-0.549,gZ:0.122
aX:-0.745,aY:0.031,aZ:-0.687,gX:-1.770,gY:-0.427,gZ:0.366
aX:-0.744,aY:0.031,aZ:-0.684,gX:-1.831,gY:0.000,gZ:0.488
aX:-0.743,aY:0.031,aZ:-0.684,gX:-1.648,gY:-0.061,gZ:0.549
aX:-0.745,aY:0.034,aZ:-0.688,gX:-1.160,gY:-0.366,gZ:0.671
aX:-0.742,aY:0.033,aZ:-0.693,gX:-1.587,gY:-0.854,gZ:0.488
aX:-0.742,aY:0.033,aZ:-0.691,gX:-1.465,gY:-0.427,gZ:0.305
aX:-0.740,aY:0.033,aZ:-0.687,gX:-1.587,gY:0.671,gZ:0.244
aX:-0.740,aY:0.030,aZ:-0.685,gX:-1.648,gY:0.366,gZ:0.305
aX:-0.742,aY:0.028,aZ:-0.689,gX:-1.221,gY:-0.183,gZ:0.549
aX:-0.743,aY:0.024,aZ:-0.692,gX:-1.282,gY:-0.793,gZ:0.732
aX:-0.743,aY:0.024,aZ:-0.694,gX:-1.465,gY:-1.221,gZ:1.099
aX:-0.745,aY:0.027,aZ:-0.693,gX:-1.343,gY:-0.732,gZ:1.038
aX:-0.742,aY:0.029,aZ:-0.689,gX:-1.221,gY:-0.122,gZ:1.099
aX:-0.746,aY:0.031,aZ:-0.687,gX:-1.648,gY:0.488,gZ:0.732
aX:-0.747,aY:0.033,aZ:-0.687,gX:-1.160,gY:0.671,gZ:0.671
aX:-0.746,aY:0.032,aZ:-0.688,gX:-0.977,gY:0.610,gZ:0.671
aX:-0.745,aY:0.030,aZ:-0.691,gX:-0.977,gY:-0.122,gZ:0.732
aX:-0.743,aY:0.030,aZ:-0.692,gX:-0.732,gY:-0.061,gZ:0.488
aX:-0.740,aY:0.032,aZ:-0.688,gX:-0.610,gY:0.366,gZ:0.488
aX:-0.742,aY:0.031,aZ:-0.686,gX:-0.793,gY:0.305,gZ:0.488
aX:-0.741,aY:0.030,aZ:-0.688,gX:-0.671,gY:0.122,gZ:0.610
aX:-0.741,aY:0.031,aZ:-0.689,gX:-0.977,gY:-0.061,gZ:0.671
aX:-0.739,aY:0.029,aZ:-0.692,gX:-1.221,gY:-0.183,gZ:0.732
aX:-0.740,aY:0.028,aZ:-0.692,gX:-1.221,gY:-0.183,gZ:0.610
aX:-0.740,aY:0.028,aZ:-0.691,gX:-1.038,gY:0.000,gZ:0.549
aX:-0.740,aY:0.028,aZ:-0.691,gX:-1.221,gY:0.000,gZ:0.671
aX:-0.742,aY:0.030,aZ:-0.692,gX:-1.221,gY:0.000,gZ:0.488
aX:-0.740,aY:0.030,aZ:-0.691,gX:-0.854,gY:0.366,gZ:0.549
aX:-0.739,aY:0.030,aZ:-0.689,gX:-0.916,gY:0.427,gZ:0.732
aX:-0.742,aY:0.029,aZ:-0.690,gX:-1.160,gY:0.244,gZ:0.610
aX:-0.743,aY:0.029,aZ:-0.689,gX:-0.977,gY:-0.122,gZ:0.549
aX:-0.742,aY:0.029,aZ:-0.690,gX:-1.038,gY:0.122,gZ:0.549
aX:-0.743,aY:0.026,aZ:-0.693,gX:-1.160,gY:0.000,gZ:0.671
aX:-0.742,aY:0.027,aZ:-0.692,gX:-0.977,gY:0.000,gZ:0.793
aX:-0.740,aY:0.029,aZ:-0.689,gX:-0.610,gY:0.122,gZ:0.610
aX:-0.741,aY:0.031,aZ:-0.688,gX:-0.793,gY:0.183,gZ:0.488
aX:-0.741,aY:0.032,aZ:-0.691,gX:-0.427,gY:0.366,gZ:0.732
aX:-0.740,aY:0.032,aZ:-0.692,gX:-0.610,gY:0.061,gZ:0.671
aX:-0.739,aY:0.029,aZ:-0.684,gX:-0.916,gY:-0.671,gZ:0.732
aX:-0.740,aY:0.030,aZ:-0.692,gX:-1.343,gY:-1.343,gZ:0.549
aX:-0.742,aY:0.030,aZ:-0.695,gX:-1.221,gY:-0.488,gZ:0.671
aX:-0.739,aY:0.028,aZ:-0.694,gX:-1.221,gY:-0.244,gZ:0.793
aX:-0.739,aY:0.028,aZ:-0.692,gX:-1.282,gY:-0.061,gZ:0.732
aX:-0.741,aY:0.028,aZ:-0.694,gX:-1.221,gY:-0.183,gZ:0.610
aX:-0.738,aY:0.028,aZ:-0.695,gX:-1.221,gY:-0.244,gZ:0.549
aX:-0.738,aY:0.028,aZ:-0.699,gX:-1.160,gY:-0.366,gZ:0.488
aX:-0.741,aY:0.027,aZ:-0.697,gX:-0.916,gY:0.122,gZ:0.549
aX:-0.741,aY:0.028,aZ:-0.694,gX:-1.038,gY:0.244,gZ:0.671
aX:-0.739,aY:0.028,aZ:-0.692,gX:-0.671,gY:0.427,gZ:0.916
aX:-0.738,aY:0.031,aZ:-0.692,gX:-0.427,gY:0.183,gZ:0.854
aX:-0.739,aY:0.030,aZ:-0.691,gX:-0.732,gY:0.122,gZ:0.671
aX:-0.740,aY:0.033,aZ:-0.691,gX:-0.732,gY:0.366,gZ:0.610
aX:-0.740,aY:0.032,aZ:-0.691,gX:-1.038,gY:0.366,gZ:0.793
aX:-0.740,aY:0.030,aZ:-0.692,gX:-1.343,gY:0.244,gZ:0.793
aX:-0.740,aY:0.028,aZ:-0.692,gX:-0.732,gY:0.122,gZ:0.916
aX:-0.741,aY:0.027,aZ:-0.691,gX:-0.793,gY:0.183,gZ:0.916
aX:-0.741,aY:0.025,aZ:-0.693,gX:-1.160,gY:0.305,gZ:0.732
aX:-0.740,aY:0.028,aZ:-0.696,gX:-0.854,gY:0.610,gZ:0.610
aX:-0.737,aY:0.028,aZ:-0.698,gX:-1.038,gY:1.099,gZ:0.610
aX:-0.739,aY:0.027,aZ:-0.696,gX:-1.465,gY:1.343,gZ:0.671
aX:-0.739,aY:0.025,aZ:-0.693,gX:-1.282,gY:1.404,gZ:0.732
aX:-0.738,aY:0.027,aZ:-0.696,gX:-1.221,gY:-0.061,gZ:0.427
aX:-0.739,aY:0.027,aZ:-0.695,gX:-1.465,gY:0.488,gZ:0.305
aX:-0.738,aY:0.026,aZ:-0.691,gX:-0.977,gY:1.160,gZ:0.366
aX:-0.739,aY:0.030,aZ:-0.691,gX:-1.038,gY:1.221,gZ:0.061
aX:-0.740,aY:0.034,aZ:-0.693,gX:-1.770,gY:1.160,gZ:-0.244
aX:-0.742,aY:0.034,aZ:-0.695,gX:-1.465,gY:0.610,gZ:0.183
aX:-0.741,aY:0.032,aZ:-0.696,gX:-1.709,gY:-0.244,gZ:0.488
aX:-0.743,aY:0.029,aZ:-0.698,gX:-2.136,gY:0.549,gZ:0.916
aX:-0.741,aY:0.029,aZ:-0.690,gX:-2.075,gY:1.892,gZ:0.854
aX:-0.742,aY:0.029,aZ:-0.690,gX:-3.052,gY:0.793,gZ:0.916
aX:-0.740,aY:0.029,aZ:-0.688,gX:-4.395,gY:-0.610,gZ:0.549
aX:-0.739,aY:0.030,aZ:-0.688,gX:-4.272,gY:-0.916,gZ:0.061
aX:-0.739,aY:0.030,aZ:-0.692,gX:-3.845,gY:-1.099,gZ:-0.305
aX:-0.735,aY:0.026,aZ:-0.690,gX:-4.211,gY:-1.465,gZ:-0.549
aX:-0.739,aY:0.025,aZ:-0.684,gX:-3.052,gY:-0.916,gZ:-0.366
aX:-0.742,aY:0.025,aZ:-0.687,gX:-2.258,gY:-0.366,gZ:0.305
aX:-0.741,aY:0.022,aZ:-0.682,gX:-2.380,gY:-0.183,gZ:0.977
aX:-0.743,aY:0.022,aZ:-0.683,gX:-2.075,gY:-0.793,gZ:0.916
aX:-0.745,aY:0.022,aZ:-0.688,gX:-2.197,gY:-1.709,gZ:0.488
aX:-0.743,aY:0.020,aZ:-0.689,gX:-2.808,gY:-1.587,gZ:0.488
aX:-0.743,aY:0.019,aZ:-0.689,gX:-2.319,gY:-0.732,gZ:0.488
aX:-0.741,aY:0.019,aZ:-0.695,gX:-1.770,gY:-0.916,gZ:0.488
aX:-0.736,aY:0.018,aZ:-0.697,gX:-2.014,gY:-1.404,gZ:0.305
aX:-0.737,aY:0.018,aZ:-0.696,gX:-1.587,gY:-0.916,gZ:0.366
aX:-0.738,aY:0.019,aZ:-0.692,gX:-1.099,gY:-0.610,gZ:0.366
aX:-0.737,aY:0.023,aZ:-0.693,gX:-1.648,gY:-1.587,gZ:0.549
aX:-0.732,aY:0.029,aZ:-0.699,gX:-1.404,gY:-2.625,gZ:0.610
aX:-0.731,aY:0.031,aZ:-0.704,gX:-1.587,gY:-2.747,gZ:0.366
aX:-0.731,aY:0.027,aZ:-0.705,gX:-2.136,gY:-2.380,gZ:-0.061
aX:-0.730,aY:0.023,aZ:-0.707,gX:-2.197,gY:-1.648,gZ:-0.061
aX:-0.730,aY:0.021,aZ:-0.709,gX:-2.441,gY:-1.160,gZ:-0.122
aX:-0.732,aY:0.020,aZ:-0.709,gX:-2.014,gY:-0.610,gZ:0.061
aX:-0.731,aY:0.020,aZ:-0.711,gX:-1.587,gY:0.427,gZ:-0.183
aX:-0.727,aY:0.021,aZ:-0.706,gX:-0.977,gY:0.854,gZ:0.122
aX:-0.726,aY:0.023,aZ:-0.701,gX:-1.709,gY:0.854,gZ:0.122
aX:-0.727,aY:0.025,aZ:-0.702,gX:-2.319,gY:0.366,gZ:0.122
aX:-0.726,aY:0.025,aZ:-0.705,gX:-2.380,gY:-0.610,gZ:0.244
aX:-0.726,aY:0.022,aZ:-0.703,gX:-2.502,gY:-1.221,gZ:0.610
aX:-0.730,aY:0.023,aZ:-0.703,gX:-2.136,gY:-1.526,gZ:0.610
aX:-0.734,aY:0.023,aZ:-0.704,gX:-1.892,gY:-1.038,gZ:0.732
aX:-0.729,aY:0.024,aZ:-0.704,gX:-1.831,gY:-1.099,gZ:0.793
aX:-0.732,aY:0.025,aZ:-0.700,gX:-1.892,gY:-1.038,gZ:0.793
aX:-0.735,aY:0.027,aZ:-0.700,gX:-1.038,gY:-1.343,gZ:0.916
aX:-0.732,aY:0.028,aZ:-0.699,gX:-0.732,gY:-1.953,gZ:1.343
aX:-0.732,aY:0.022,aZ:-0.703,gX:-0.793,gY:-1.770,gZ:1.465
aX:-0.733,aY:0.017,aZ:-0.702,gX:-0.854,gY:-0.916,gZ:1.404
aX:-0.733,aY:0.015,aZ:-0.698,gX:-0.916,gY:-0.427,gZ:1.282
aX:-0.732,aY:0.020,aZ:-0.700,gX:-0.854,gY:-0.366,gZ:0.793
aX:-0.731,aY:0.026,aZ:-0.701,gX:-0.427,gY:-0.427,gZ:0.671
aX:-0.728,aY:0.026,aZ:-0.701,gX:-0.244,gY:-0.488,gZ:0.977
aX:-0.731,aY:0.020,aZ:-0.703,gX:-0.610,gY:-0.549,gZ:1.221
aX:-0.736,aY:0.010,aZ:-0.705,gX:-0.793,gY:-0.427,gZ:1.221
aX:-0.735,aY:0.005,aZ:-0.701,gX:-2.197,gY:-0.488,gZ:0.793
aX:-0.735,aY:0.004,aZ:-0.702,gX:-2.258,gY:0.000,gZ:-0.061
aX:-0.732,aY:0.004,aZ:-0.704,gX:-2.563,gY:0.244,gZ:-0.427
aX:-0.739,aY:0.007,aZ:-0.708,gX:-2.136,gY:0.427,gZ:-0.366
aX:-0.734,aY:0.016,aZ:-0.708,gX:-1.465,gY:1.282,gZ:0.427
aX:-0.728,aY:0.023,aZ:-0.708,gX:0.916,gY:2.563,gZ:0.305
aX:-0.724,aY:0.035,aZ:-0.706,gX:2.258,gY:4.028,gZ:0.366
aX:-0.700,aY:0.035,aZ:-0.704,gX:2.075,gY:4.761,gZ:-0.671
aX:-0.717,aY:0.028,aZ:-0.703,gX:-0.305,gY:2.686,gZ:-1.648
aX:-0.731,aY:0.024,aZ:-0.703,gX:-2.502,gY:0.427,gZ:0.061
aX:-0.724,aY:0.018,aZ:-0.703,gX:-3.113,gY:-1.343,gZ:0.977
aX:-0.726,aY:0.018,aZ:-0.706,gX:-2.136,gY:-1.953,gZ:0.793
aX:-0.734,aY:0.019,aZ:-0.707,gX:-1.038,gY:-1.465,gZ:0.793
aX:-0.729,aY:0.023,aZ:-0.708,gX:-0.244,gY:-0.610,gZ:1.343
aX:-0.726,aY:0.023,aZ:-0.704,gX:0.061,gY:0.244,gZ:1.343
aX:-0.728,aY:0.022,aZ:-0.701,gX:-0.366,gY:0.305,gZ:1.587
aX:-0.732,aY:0.021,aZ:-0.698,gX:-0.549,gY:0.061,gZ:1.648
aX:-0.737,aY:0.018,aZ:-0.704,gX:0.000,gY:0.061,gZ:2.075
aX:-0.734,aY:0.019,aZ:-0.708,gX:0.244,gY:-0.366,gZ:2.075
aX:-0.727,aY:0.022,aZ:-0.709,gX:-0.366,gY:-0.610,gZ:2.136
aX:-0.726,aY:0.022,aZ:-0.706,gX:-0.183,gY:-0.366,gZ:1.343
aX:-0.731,aY:0.023,aZ:-0.706,gX:-0.122,gY:0.244,gZ:0.916
aX:-0.731,aY:0.025,aZ:-0.703,gX:-0.732,gY:0.061,gZ:0.916
aX:-0.735,aY:0.027,aZ:-0.708,gX:-0.610,gY:0.488,gZ:1.648
aX:-0.721,aY:0.020,aZ:-0.707,gX:-0.793,gY:0.122,gZ:1.282
aX:-0.730,aY:0.021,aZ:-0.705,gX:-1.099,gY:0.366,gZ:0.732
aX:-0.730,aY:0.022,aZ:-0.704,gX:-0.732,gY:0.732,gZ:0.793
aX:-0.736,aY:0.023,aZ:-0.703,gX:-0.183,gY:1.465,gZ:0.854
aX:-0.730,aY:0.021,aZ:-0.704,gX:-0.854,gY:1.648,gZ:1.099
aX:-0.729,aY:0.018,aZ:-0.704,gX:-0.732,gY:1.831,gZ:1.221
aX:-0.733,aY:0.017,aZ:-0.704,gX:-0.671,gY:2.136,gZ:1.160
aX:-0.731,aY:0.022,aZ:-0.702,gX:-0.671,gY:2.319,gZ:1.648
aX:-0.723,aY:0.019,aZ:-0.700,gX:-0.427,gY:2.197,gZ:0.854
aX:-0.734,aY:0.019,aZ:-0.700,gX:-0.488,gY:2.075,gZ:0.916
aX:-0.739,aY:0.022,aZ:-0.700,gX:-1.404,gY:1.404,gZ:0.854
aX:-0.732,aY:0.023,aZ:-0.702,gX:-1.221,gY:1.038,gZ:0.610
aX:-0.728,aY:0.021,aZ:-0.705,gX:-0.793,gY:0.610,gZ:0.061
aX:-0.732,aY:0.021,aZ:-0.704,gX:-1.282,gY:0.732,gZ:0.000
aX:-0.730,aY:0.021,aZ:-0.702,gX:-1.343,gY:1.343,gZ:0.488
aX:-0.730,aY:0.021,aZ:-0.699,gX:-1.099,gY:1.526,gZ:0.671
aX:-0.730,aY:0.022,aZ:-0.697,gX:-1.526,gY:1.343,gZ:0.793
aX:-0.735,aY:0.025,aZ:-0.698,gX:-1.221,gY:0.732,gZ:0.427
aX:-0.732,aY:0.021,aZ:-0.701,gX:-1.160,gY:0.366,gZ:0.549
aX:-0.732,aY:0.019,aZ:-0.706,gX:-1.404,gY:0.549,gZ:0.610
aX:-0.733,aY:0.021,aZ:-0.700,gX:-0.916,gY:1.099,gZ:0.793
aX:-0.739,aY:0.022,aZ:-0.699,gX:-0.610,gY:1.343,gZ:0.916
aX:-0.733,aY:0.023,aZ:-0.697,gX:-0.854,gY:1.160,gZ:0.793
aX:-0.735,aY:0.021,aZ:-0.699,gX:-0.366,gY:1.343,gZ:0.366
aX:-0.744,aY:0.020,aZ:-0.699,gX:-0.549,gY:1.404,gZ:0.793
aX:-0.737,aY:0.020,aZ:-0.695,gX:-0.916,gY:0.916,gZ:1.099
aX:-0.735,aY:0.025,aZ:-0.695,gX:0.122,gY:1.160,gZ:0.977
aX:-0.740,aY:0.028,aZ:-0.699,gX:0.488,gY:1.282,gZ:1.160
aX:-0.729,aY:0.027,aZ:-0.693,gX:0.244,gY:2.625,gZ:1.526
aX:-0.740,aY:0.026,aZ:-0.696,gX:0.183,gY:3.601,gZ:1.465
aX:-0.734,aY:0.026,aZ:-0.696,gX:0.366,gY:3.540,gZ:1.953
aX:-0.735,aY:0.022,aZ:-0.693,gX:0.366,gY:2.747,gZ:1.709
aX:-0.740,aY:0.021,aZ:-0.693,gX:0.183,gY:2.136,gZ:1.648
aX:-0.738,aY:0.020,aZ:-0.693,gX:-0.122,gY:1.587,gZ:1.465
aX:-0.737,aY:0.020,aZ:-0.691,gX:-0.549,gY:0.793,gZ:0.916
aX:-0.740,aY:0.020,aZ:-0.696,gX:-0.549,gY:0.549,gZ:0.732
aX:-0.735,aY:0.018,aZ:-0.697,gX:-0.183,gY:0.610,gZ:0.549
aX:-0.737,aY:0.019,aZ:-0.699,gX:-0.366,gY:0.916,gZ:0.488
aX:-0.738,aY:0.023,aZ:-0.695,gX:-0.427,gY:1.160,gZ:0.671
aX:-0.738,aY:0.026,aZ:-0.695,gX:-0.244,gY:1.648,gZ:0.977
aX:-0.737,aY:0.023,aZ:-0.694,gX:-0.366,gY:1.526,gZ:1.099
aX:-0.737,aY:0.022,aZ:-0.694,gX:-0.549,gY:1.282,gZ:0.610
aX:-0.742,aY:0.024,aZ:-0.693,gX:-0.183,gY:1.160,gZ:0.610
aX:-0.737,aY:0.024,aZ:-0.692,gX:-0.427,gY:1.282,gZ:0.549
aX:-0.740,aY:0.024,aZ:-0.687,gX:-0.732,gY:1.770,gZ:0.366
aX:-0.742,aY:0.026,aZ:-0.687,gX:-0.916,gY:1.099,gZ:0.732
aX:-0.747,aY:0.031,aZ:-0.688,gX:-0.977,gY:0.671,gZ:0.854
aX:-0.741,aY:0.029,aZ:-0.692,gX:-1.221,gY:0.244,gZ:0.244
aX:-0.745,aY:0.026,aZ:-0.692,gX:-1.465,gY:0.488,gZ:-0.122
aX:-0.744,aY:0.027,aZ:-0.691,gX:-1.282,gY:0.610,gZ:0.427
aX:-0.745,aY:0.028,aZ:-0.691,gX:-0.854,gY:1.038,gZ:0.854
aX:-0.740,aY:0.026,aZ:-0.688,gX:-0.671,gY:1.160,gZ:0.610
aX:-0.747,aY:0.027,aZ:-0.689,gX:-0.671,gY:0.854,gZ:0.549
aX:-0.739,aY:0.024,aZ:-0.689,gX:-0.854,gY:1.099,gZ:0.793
aX:-0.742,aY:0.024,aZ:-0.689,gX:-0.793,gY:1.221,gZ:0.610
aX:-0.737,aY:0.024,aZ:-0.689,gX:-1.038,gY:0.793,gZ:0.488
aX:-0.745,aY:0.026,aZ:-0.692,gX:-1.099,gY:0.305,gZ:0.488
aX:-0.740,aY:0.028,aZ:-0.692,gX:-1.465,gY:0.061,gZ:0.610
aX:-0.737,aY:0.026,aZ:-0.687,gX:-1.038,gY:-0.061,gZ:0.671
aX:-0.740,aY:0.024,aZ:-0.688,gX:-1.343,gY:-0.549,gZ:0.549
aX:-0.737,aY:0.023,aZ:-0.691,gX:-0.732,gY:-0.977,gZ:0.732
aX:-0.741,aY:0.022,aZ:-0.696,gX:-0.977,gY:-1.221,gZ:0.549
aX:-0.744,aY:0.024,aZ:-0.696,gX:-0.610,gY:-0.427,gZ:1.282
aX:-0.740,aY:0.024,aZ:-0.692,gX:-0.427,gY:-0.122,gZ:1.099
aX:-0.740,aY:0.028,aZ:-0.691,gX:0.000,gY:-0.305,gZ:0.671
aX:-0.738,aY:0.029,aZ:-0.691,gX:-0.549,gY:-0.366,gZ:0.610
aX:-0.739,aY:0.026,aZ:-0.691,gX:-0.732,gY:-0.793,gZ:0.488
aX:-0.744,aY:0.024,aZ:-0.694,gX:-0.977,gY:-0.427,gZ:0.916
aX:-0.743,aY:0.024,aZ:-0.693,gX:-1.099,gY:-0.061,gZ:0.916
aX:-0.747,aY:0.022,aZ:-0.695,gX:-0.549,gY:0.549,gZ:1.160
aX:-0.739,aY:0.019,aZ:-0.696,gX:0.000,gY:1.404,gZ:1.587
aX:-0.737,aY:0.016,aZ:-0.693,gX:-0.061,gY:0.916,gZ:1.221
aX:-0.743,aY:0.020,aZ:-0.693,gX:0.183,gY:1.404,gZ:1.038
aX:-0.744,aY:0.026,aZ:-0.696,gX:0.122,gY:1.160,gZ:1.282
aX:-0.739,aY:0.026,aZ:-0.693,gX:0.549,gY:0.854,gZ:1.282
aX:-0.739,aY:0.025,aZ:-0.692,gX:0.427,gY:0.916,gZ:1.282
aX:-0.739,aY:0.027,aZ:-0.691,gX:0.549,gY:1.160,gZ:0.793
aX:-0.740,aY:0.028,aZ:-0.690,gX:-0.183,gY:1.282,gZ:0.977
aX:-0.740,aY:0.029,aZ:-0.689,gX:-0.122,gY:1.404,gZ:1.099
aX:-0.743,aY:0.028,aZ:-0.690,gX:-0.061,gY:1.404,gZ:1.160
aX:-0.742,aY:0.027,aZ:-0.687,gX:-0.244,gY:1.465,gZ:1.221
aX:-0.744,aY:0.027,aZ:-0.686,gX:-0.244,gY:1.221,gZ:0.671
aX:-0.747,aY:0.030,aZ:-0.688,gX:-0.366,gY:0.793,gZ:0.427
aX:-0.746,aY:0.028,aZ:-0.687,gX:-0.488,gY:0.977,gZ:0.549
aX:-0.743,aY:0.026,aZ:-0.687,gX:-0.366,gY:1.343,gZ:0.610
aX:-0.744,aY:0.025,aZ:-0.688,gX:0.000,gY:1.953,gZ:0.916
aX:-0.741,aY:0.025,aZ:-0.690,gX:-0.549,gY:1.953,gZ:0.977
aX:-0.744,aY:0.025,aZ:-0.689,gX:-0.610,gY:1.892,gZ:0.732
aX:-0.745,aY:0.029,aZ:-0.687,gX:-0.549,gY:1.526,gZ:0.610
aX:-0.742,aY:0.030,aZ:-0.685,gX:-1.221,gY:1.160,gZ:-0.244
aX:-0.742,aY:0.028,aZ:-0.689,gX:-1.221,gY:0.854,gZ:-0.244
aX:-0.747,aY:0.028,aZ:-0.688,gX:-1.343,gY:1.160,gZ:0.122
aX:-0.753,aY:0.029,aZ:-0.685,gX:-1.282,gY:1.770,gZ:0.366
aX:-0.742,aY:0.028,aZ:-0.683,gX:-0.732,gY:2.197,gZ:0.671
aX:-0.741,aY:0.027,aZ:-0.685,gX:-0.549,gY:1.465,gZ:0.183
aX:-0.743,aY:0.027,aZ:-0.685,gX:-1.465,gY:0.793,gZ:0.061
aX:-0.741,aY:0.028,aZ:-0.680,gX:-1.526,gY:0.183,gZ:0.122
aX:-0.750,aY:0.032,aZ:-0.684,gX:-1.465,gY:-0.549,gZ:0.000
aX:-0.739,aY:0.027,aZ:-0.686,gX:-2.563,gY:-0.244,gZ:0.305
aX:-0.747,aY:0.025,aZ:-0.688,gX:-2.014,gY:-0.427,gZ:-0.305
aX:-0.746,aY:0.024,aZ:-0.689,gX:-1.282,gY:0.244,gZ:0.366
aX:-0.747,aY:0.028,aZ:-0.682,gX:-1.770,gY:0.793,gZ:0.488
aX:-0.747,aY:0.032,aZ:-0.684,gX:-1.038,gY:0.854,gZ:0.549
aX:-0.744,aY:0.033,aZ:-0.685,gX:-0.732,gY:0.244,gZ:0.366
aX:-0.748,aY:0.033,aZ:-0.683,gX:-1.648,gY:0.305,gZ:0.244
aX:-0.743,aY:0.029,aZ:-0.684,gX:-1.343,gY:0.366,gZ:0.305
aX:-0.750,aY:0.028,aZ:-0.687,gX:-1.465,gY:0.183,gZ:0.244
aX:-0.755,aY:0.029,aZ:-0.688,gX:-2.136,gY:0.000,gZ:0.305
aX:-0.742,aY:0.027,aZ:-0.688,gX:-1.465,gY:0.000,gZ:0.427
aX:-0.749,aY:0.029,aZ:-0.686,gX:-0.793,gY:0.671,gZ:0.183
aX:-0.739,aY:0.029,aZ:-0.686,gX:-0.671,gY:1.038,gZ:-0.183
aX:-0.745,aY:0.030,aZ:-0.688,gX:-0.977,gY:0.793,gZ:-0.244
aX:-0.747,aY:0.028,aZ:-0.689,gX:-1.160,gY:0.122,gZ:0.122
aX:-0.750,aY:0.026,aZ:-0.684,gX:-1.465,gY:0.183,gZ:0.488
aX:-0.746,aY:0.028,aZ:-0.682,gX:-1.343,gY:0.244,gZ:0.671
aX:-0.744,aY:0.029,aZ:-0.681,gX:-0.854,gY:0.000,gZ:0.244
aX:-0.744,aY:0.031,aZ:-0.683,gX:-1.282,gY:-0.122,gZ:0.122
aX:-0.745,aY:0.030,aZ:-0.686,gX:-1.282,gY:0.000,gZ:0.427
aX:-0.745,aY:0.030,aZ:-0.688,gX:-1.038,gY:-0.305,gZ:0.610
aX:-0.746,aY:0.030,aZ:-0.687,gX:-1.404,gY:-0.244,gZ:0.549
aX:-0.743,aY:0.031,aZ:-0.686,gX:-1.038,gY:0.061,gZ:0.366
aX:-0.746,aY:0.030,aZ:-0.684,gX:-1.160,gY:0.183,gZ:0.183
aX:-0.745,aY:0.030,aZ:-0.685,gX:-1.282,gY:0.183,gZ:0.305
aX:-0.746,aY:0.030,aZ:-0.687,gX:-0.854,gY:0.366,gZ:0.732
aX:-0.750,aY:0.031,aZ:-0.686,gX:-0.793,gY:0.549,gZ:0.916
aX:-0.742,aY:0.028,aZ:-0.687,gX:-0.610,gY:0.916,gZ:1.404
aX:-0.744,aY:0.029,aZ:-0.686,gX:-0.916,gY:0.732,gZ:1.038
aX:-0.744,aY:0.029,aZ:-0.687,gX:-0.977,gY:-0.122,gZ:0.977
aX:-0.744,aY:0.029,aZ:-0.690,gX:-0.916,gY:-0.122,gZ:0.671
aX:-0.744,aY:0.029,aZ:-0.690,gX:-0.732,gY:0.183,gZ:0.916
aX:-0.744,aY:0.029,aZ:-0.685,gX:-0.793,gY:0.610,gZ:0.854
aX:-0.742,aY:0.029,aZ:-0.683,gX:-0.854,gY:0.305,gZ:0.610
aX:-0.744,aY:0.030,aZ:-0.683,gX:-1.160,gY:-0.122,gZ:0.427
aX:-0.743,aY:0.029,aZ:-0.684,gX:-1.282,gY:-0.427,gZ:0.549
aX:-0.747,aY:0.029,aZ:-0.684,gX:-1.282,gY:-0.732,gZ:0.610
aX:-0.746,aY:0.027,aZ:-0.687,gX:-1.343,gY:-0.916,gZ:0.854
aX:-0.749,aY:0.028,aZ:-0.690,gX:-1.282,gY:-0.732,gZ:0.793
aX:-0.741,aY:0.028,aZ:-0.689,gX:-1.221,gY:-0.488,gZ:0.793
aX:-0.747,aY:0.030,aZ:-0.688,gX:-0.854,gY:-0.366,gZ:0.671
aX:-0.746,aY:0.030,aZ:-0.688,gX:-0.610,gY:-0.061,gZ:1.038
aX:-0.740,aY:0.031,aZ:-0.688,gX:-0.671,gY:0.244,gZ:1.099
aX:-0.740,aY:0.030,aZ:-0.687,gX:-0.977,gY:0.366,gZ:0.854
aX:-0.744,aY:0.029,aZ:-0.687,gX:-1.099,gY:0.488,gZ:0.610
aX:-0.743,aY:0.029,aZ:-0.690,gX:-1.038,gY:0.366,gZ:0.793
aX:-0.744,aY:0.027,aZ:-0.689,gX:-1.343,gY:-0.122,gZ:0.671
aX:-0.743,aY:0.027,aZ:-0.688,gX:-1.038,gY:-0.305,gZ:0.488
aX:-0.743,aY:0.027,aZ:-0.690,gX:-0.732,gY:0.122,gZ:0.427
aX:-0.743,aY:0.028,aZ:-0.688,gX:-1.343,gY:-0.061,gZ:0.366
aX:-0.743,aY:0.030,aZ:-0.689,gX:-1.221,gY:0.061,gZ:0.488
aX:-0.748,aY:0.031,aZ:-0.690,gX:-1.099,gY:-0.061,gZ:0.793
aX:-0.744,aY:0.028,aZ:-0.687,gX:-1.282,gY:0.061,gZ:0.549
aX:-0.743,aY:0.026,aZ:-0.687,gX:-1.038,gY:-0.061,gZ:0.732
aX:-0.745,aY:0.028,aZ:-0.688,gX:-1.038,gY:0.000,gZ:0.854
aX:-0.745,aY:0.029,aZ:-0.688,gX:-1.099,gY:0.244,gZ:0.793
aX:-0.750,aY:0.032,aZ:-0.690,gX:-0.916,gY:0.244,gZ:0.854
aX:-0.742,aY:0.032,aZ:-0.689,gX:-0.732,gY:0.183,gZ:1.099
aX:-0.741,aY:0.030,aZ:-0.689,gX:-0.854,gY:0.305,gZ:0.671
aX:-0.743,aY:0.030,aZ:-0.690,gX:-0.977,gY:0.244,gZ:0.793
aX:-0.742,aY:0.031,aZ:-0.689,gX:-0.977,gY:0.305,gZ:0.916
aX:-0.742,aY:0.031,aZ:-0.688,gX:-1.343,gY:0.427,gZ:0.916
aX:-0.743,aY:0.029,aZ:-0.690,gX:-1.038,gY:0.427,gZ:0.977
aX:-0.745,aY:0.027,aZ:-0.689,gX:-0.977,gY:0.427,gZ:1.160
aX:-0.741,aY:0.025,aZ:-0.689,gX:-1.526,gY:0.305,gZ:0.854
aX:-0.740,aY:0.024,aZ:-0.691,gX:-1.221,gY:-0.183,gZ:0.977
aX:-0.739,aY:0.025,aZ:-0.686,gX:-0.610,gY:-0.427,gZ:1.465
aX:-0.738,aY:0.026,aZ:-0.687,gX:-1.099,gY:-0.671,gZ:1.648
aX:-0.741,aY:0.029,aZ:-0.687,gX:-0.916,gY:-1.404,gZ:1.526
aX:-0.745,aY:0.028,aZ:-0.687,gX:-1.282,gY:-1.526,gZ:1.282
aX:-0.742,aY:0.028,aZ:-0.684,gX:-2.319,gY:-1.953,gZ:0.732
aX:-0.741,aY:0.026,aZ:-0.690,gX:-2.136,gY:-2.563,gZ:0.549
aX:-0.741,aY:0.024,aZ:-0.692,gX:-2.197,gY:-2.563,gZ:0.244
aX:-0.742,aY:0.024,aZ:-0.699,gX:-2.869,gY:-2.441,gZ:0.000
aX:-0.741,aY:0.022,aZ:-0.703,gX:-1.770,gY:-1.587,gZ:0.305
aX:-0.743,aY:0.021,aZ:-0.704,gX:-1.465,gY:-0.488,gZ:0.488
aX:-0.742,aY:0.024,aZ:-0.699,gX:-1.160,gY:-0.183,gZ:0.549
aX:-0.739,aY:0.028,aZ:-0.692,gX:-0.671,gY:0.671,gZ:0.671
aX:-0.736,aY:0.031,aZ:-0.692,gX:-0.488,gY:0.977,gZ:0.610
aX:-0.733,aY:0.028,aZ:-0.694,gX:-1.038,gY:0.854,gZ:0.732
aX:-0.737,aY:0.027,aZ:-0.695,gX:-0.671,gY:1.282,gZ:1.099
aX:-0.737,aY:0.026,aZ:-0.697,gX:-0.366,gY:1.648,gZ:1.709
aX:-0.741,aY:0.022,aZ:-0.693,gX:-0.427,gY:1.831,gZ:2.014
aX:-0.744,aY:0.025,aZ:-0.689,gX:0.366,gY:2.625,gZ:1.953
aX:-0.744,aY:0.027,aZ:-0.692,gX:0.793,gY:2.686,gZ:1.343
aX:-0.745,aY:0.028,aZ:-0.690,gX:0.000,gY:2.686,gZ:0.793
aX:-0.745,aY:0.030,aZ:-0.693,gX:-0.183,gY:2.747,gZ:0.610
aX:-0.744,aY:0.029,aZ:-0.692,gX:-0.427,gY:2.808,gZ:0.732
aX:-0.742,aY:0.029,aZ:-0.690,gX:-0.610,gY:2.625,gZ:0.732
aX:-0.741,aY:0.029,aZ:-0.685,gX:-0.305,gY:2.319,gZ:0.793
aX:-0.742,aY:0.031,aZ:-0.685,gX:-0.488,gY:1.953,gZ:0.549
aX:-0.742,aY:0.030,aZ:-0.685,gX:-0.732,gY:1.770,gZ:0.488
aX:-0.742,aY:0.029,aZ:-0.688,gX:-0.793,gY:1.160,gZ:0.427
aX:-0.744,aY:0.029,aZ:-0.688,gX:-1.038,gY:0.610,gZ:0.427
aX:-0.743,aY:0.028,aZ:-0.687,gX:-1.282,gY:0.244,gZ:0.488
aX:-0.745,aY:0.028,aZ:-0.685,gX:-1.343,gY:0.305,gZ:0.549
aX:-0.743,aY:0.030,aZ:-0.685,gX:-1.038,gY:0.305,gZ:0.854
aX:-0.745,aY:0.029,aZ:-0.685,gX:-1.282,gY:-0.061,gZ:0.732
aX:-0.743,aY:0.029,aZ:-0.687,gX:-1.404,gY:-0.732,gZ:0.610
aX:-0.743,aY:0.028,aZ:-0.685,gX:-1.404,gY:-0.977,gZ:0.610
aX:-0.745,aY:0.027,aZ:-0.688,gX:-1.526,gY:-0.793,gZ:0.793
aX:-0.745,aY:0.027,aZ:-0.688,gX:-1.343,gY:-0.549,gZ:0.793
aX:-0.747,aY:0.027,aZ:-0.690,gX:-1.221,gY:-0.366,gZ:0.977
aX:-0.745,aY:0.026,aZ:-0.690,gX:-1.038,gY:-0.061,gZ:1.038
aX:-0.746,aY:0.024,aZ:-0.688,gX:-1.038,gY:0.244,gZ:0.977
aX:-0.744,aY:0.026,aZ:-0.687,gX:-0.916,gY:0.427,gZ:0.793
aX:-0.742,aY:0.026,aZ:-0.687,gX:-0.916,gY:0.427,gZ:0.671
aX:-0.742,aY:0.027,aZ:-0.687,gX:-0.916,gY:0.488,gZ:0.610
aX:-0.743,aY:0.025,aZ:-0.684,gX:-0.854,gY:0.122,gZ:0.793
aX:-0.744,aY:0.024,aZ:-0.687,gX:-1.160,gY:0.000,gZ:0.732
aX:-0.746,aY:0.025,aZ:-0.688,gX:-1.099,gY:-0.122,gZ:0.793
aX:-0.745,aY:0.024,aZ:-0.688,gX:-1.221,gY:-0.122,gZ:0.549
aX:-0.744,aY:0.022,aZ:-0.689,gX:-1.221,gY:-0.305,gZ:0.549
aX:-0.745,aY:0.024,aZ:-0.689,gX:-1.282,gY:-0.244,gZ:0.671
aX:-0.743,aY:0.028,aZ:-0.691,gX:-1.038,gY:-0.061,gZ:0.488
aX:-0.742,aY:0.031,aZ:-0.691,gX:-0.732,gY:0.305,gZ:0.305
aX:-0.742,aY:0.029,aZ:-0.692,gX:-0.916,gY:0.977,gZ:0.366
aX:-0.742,aY:0.028,aZ:-0.687,gX:-1.160,gY:1.587,gZ:0.427
aX:-0.742,aY:0.028,aZ:-0.687,gX:-0.977,gY:1.343,gZ:0.183
aX:-0.743,aY:0.027,aZ:-0.691,gX:-0.977,gY:0.854,gZ:0.183
aX:-0.742,aY:0.027,aZ:-0.695,gX:-0.610,gY:0.916,gZ:0.244
aX:-0.742,aY:0.026,aZ:-0.690,gX:-0.610,gY:0.977,gZ:0.427
aX:-0.742,aY:0.026,aZ:-0.684,gX:-1.038,gY:1.953,gZ:0.610
aX:-0.743,aY:0.029,aZ:-0.685,gX:-0.793,gY:1.770,gZ:0.366
aX:-0.743,aY:0.029,aZ:-0.686,gX:-0.977,gY:1.221,gZ:0.244
aX:-0.744,aY:0.030,aZ:-0.688,gX:-1.038,gY:0.854,gZ:0.366
aX:-0.743,aY:0.028,aZ:-0.689,gX:-0.793,gY:0.549,gZ:0.244
aX:-0.746,aY:0.029,aZ:-0.691,gX:-0.916,gY:0.427,gZ:0.427
aX:-0.744,aY:0.028,aZ:-0.689,gX:-0.916,gY:0.244,gZ:0.671
aX:-0.744,aY:0.029,aZ:-0.688,gX:-1.038,gY:0.488,gZ:0.488
aX:-0.745,aY:0.030,aZ:-0.689,gX:-0.793,gY:0.427,gZ:0.427
aX:-0.745,aY:0.031,aZ:-0.686,gX:-0.793,gY:0.854,gZ:0.366
aX:-0.747,aY:0.030,aZ:-0.684,gX:-0.916,gY:0.549,gZ:0.366
aX:-0.746,aY:0.029,aZ:-0.685,gX:-0.916,gY:0.732,gZ:0.488
aX:-0.746,aY:0.030,aZ:-0.682,gX:-1.343,gY:1.038,gZ:0.305
aX:-0.749,aY:0.031,aZ:-0.684,gX:-0.916,gY:1.038,gZ:0.305
aX:-0.749,aY:0.029,aZ:-0.685,gX:-1.282,gY:0.793,gZ:0.305
aX:-0.747,aY:0.028,aZ:-0.688,gX:-1.770,gY:0.610,gZ:0.366
aX:-0.746,aY:0.026,aZ:-0.689,gX:-1.282,gY:0.854,gZ:0.610
aX:-0.745,aY:0.025,aZ:-0.692,gX:-0.793,gY:1.099,gZ:0.427
aX:-0.746,aY:0.024,aZ:-0.687,gX:-0.977,gY:1.709,gZ:0.488
aX:-0.744,aY:0.025,aZ:-0.684,gX:-0.732,gY:1.709,gZ:0.427
aX:-0.745,aY:0.027,aZ:-0.683,gX:-0.610,gY:1.282,gZ:0.244
aX:-0.744,aY:0.026,aZ:-0.686,gX:-1.282,gY:0.732,gZ:0.000
aX:-0.745,aY:0.026,aZ:-0.688,gX:-0.916,gY:0.732,gZ:0.183
aX:-0.745,aY:0.027,aZ:-0.685,gX:-0.977,gY:1.099,gZ:0.366
aX:-0.746,aY:0.029,aZ:-0.682,gX:-1.587,gY:0.916,gZ:0.244
aX:-0.745,aY:0.032,aZ:-0.683,gX:-0.977,gY:0.610,gZ:0.244
aX:-0.745,aY:0.031,aZ:-0.685,gX:-1.282,gY:0.366,gZ:0.183
aX:-0.747,aY:0.028,aZ:-0.685,gX:-1.526,gY:0.061,gZ:0.244
aX:-0.748,aY:0.028,aZ:-0.683,gX:-1.099,gY:-0.244,gZ:0.549
aX:-0.749,aY:0.032,aZ:-0.683,gX:-1.099,gY:0.305,gZ:0.366
aX:-0.749,aY:0.034,aZ:-0.685,gX:-1.282,gY:0.854,gZ:0.305
aX:-0.749,aY:0.035,aZ:-0.687,gX:-1.465,gY:1.221,gZ:0.122
aX:-0.746,aY:0.032,aZ:-0.685,gX:-1.648,gY:1.404,gZ:0.061
aX:-0.746,aY:0.029,aZ:-0.681,gX:-1.770,gY:1.099,gZ:0.000
aX:-0.747,aY:0.027,aZ:-0.681,gX:-1.282,gY:0.854,gZ:0.000
aX:-0.749,aY:0.028,aZ:-0.683,gX:-0.732,gY:0.549,gZ:0.244
aX:-0.747,aY:0.032,aZ:-0.682,gX:-1.221,gY:0.305,gZ:0.000
aX:-0.747,aY:0.032,aZ:-0.683,gX:-0.916,gY:0.183,gZ:0.244
aX:-0.745,aY:0.031,aZ:-0.682,gX:-1.099,gY:0.305,gZ:0.427
aX:-0.747,aY:0.028,aZ:-0.683,gX:-1.831,gY:0.305,gZ:0.427
aX:-0.749,aY:0.026,aZ:-0.683,gX:-1.465,gY:-0.061,gZ:0.366
aX:-0.747,aY:0.026,aZ:-0.683,gX:-1.343,gY:-0.427,gZ:0.488
aX:-0.747,aY:0.028,aZ:-0.683,gX:-1.648,gY:-0.488,gZ:0.366
aX:-0.747,aY:0.030,aZ:-0.685,gX:-0.977,gY:-0.671,gZ:0.305
aX:-0.746,aY:0.030,aZ:-0.685,gX:-1.099,gY:-0.610,gZ:0.366
aX:-0.746,aY:0.027,aZ:-0.686,gX:-1.831,gY:-0.427,gZ:0.366
aX:-0.746,aY:0.025,aZ:-0.686,gX:-1.648,gY:-0.366,gZ:0.671
aX:-0.747,aY:0.026,aZ:-0.686,gX:-1.099,gY:-0.366,gZ:0.793
aX:-0.746,aY:0.029,aZ:-0.685,gX:-1.648,gY:-0.427,gZ:0.671
aX:-0.749,aY:0.030,aZ:-0.683,gX:-1.038,gY:-0.305,gZ:0.488
aX:-0.745,aY:0.030,aZ:-0.685,gX:-0.916,gY:-0.061,gZ:0.427
aX:-0.746,aY:0.027,aZ:-0.689,gX:-1.587,gY:0.244,gZ:0.549
aX:-0.747,aY:0.027,aZ:-0.692,gX:-1.404,gY:0.977,gZ:0.610
aX:-0.747,aY:0.029,aZ:-0.687,gX:-0.854,gY:1.648,gZ:0.854
aX:-0.747,aY:0.032,aZ:-0.682,gX:-1.099,gY:1.831,gZ:0.793
aX:-0.746,aY:0.030,aZ:-0.679,gX:-0.732,gY:1.404,gZ:0.793
aX:-0.747,aY:0.029,aZ:-0.679,gX:-1.099,gY:1.038,gZ:0.732
aX:-0.746,aY:0.029,aZ:-0.680,gX:-1.648,gY:0.427,gZ:0.671
aX:-0.747,aY:0.029,aZ:-0.684,gX:-1.709,gY:0.244,gZ:0.671
aX:-0.747,aY:0.028,aZ:-0.685,gX:-1.221,gY:0.183,gZ:0.732
aX:-0.746,aY:0.028,aZ:-0.684,gX:-1.404,gY:0.305,gZ:0.671
aX:-0.748,aY:0.028,aZ:-0.684,gX:-1.099,gY:0.000,gZ:0.305
aX:-0.742,aY:0.027,aZ:-0.687,gX:-1.038,gY:-0.183,gZ:0.427
aX:-0.742,aY:0.025,aZ:-0.688,gX:-1.221,gY:0.122,gZ:0.366
aX:-0.749,aY:0.026,aZ:-0.687,gX:-1.099,gY:0.549,gZ:0.549
aX:-0.748,aY:0.026,aZ:-0.686,gX:-0.671,gY:0.305,gZ:0.732
aX:-0.746,aY:0.030,aZ:-0.686,gX:-0.671,gY:0.671,gZ:0.793
aX:-0.745,aY:0.032,aZ:-0.686,gX:-0.977,gY:0.854,gZ:0.732
aX:-0.744,aY:0.031,aZ:-0.683,gX:-1.160,gY:1.099,gZ:0.610
aX:-0.744,aY:0.029,aZ:-0.681,gX:-1.343,gY:1.038,gZ:0.732
aX:-0.747,aY:0.028,aZ:-0.680,gX:-1.160,gY:0.671,gZ:0.793
aX:-0.748,aY:0.027,aZ:-0.683,gX:-0.916,gY:0.000,gZ:0.671
aX:-0.749,aY:0.026,aZ:-0.684,gX:-0.854,gY:-0.183,gZ:0.732
aX:-0.747,aY:0.026,aZ:-0.685,gX:-1.099,gY:0.244,gZ:0.610
aX:-0.747,aY:0.029,aZ:-0.687,gX:-0.977,gY:0.916,gZ:0.732
aX:-0.746,aY:0.031,aZ:-0.683,gX:-1.038,gY:1.160,gZ:0.610
aX:-0.747,aY:0.030,aZ:-0.683,gX:-1.465,gY:0.916,gZ:0.427
aX:-0.749,aY:0.028,aZ:-0.682,gX:-1.282,gY:0.610,gZ:0.732
aX:-0.747,aY:0.026,aZ:-0.680,gX:-0.793,gY:0.244,gZ:0.854
aX:-0.748,aY:0.026,aZ:-0.682,gX:-0.916,gY:0.183,gZ:0.671
aX:-0.747,aY:0.028,aZ:-0.684,gX:-0.916,gY:0.122,gZ:0.610
aX:-0.748,aY:0.029,aZ:-0.684,gX:-0.732,gY:0.183,gZ:0.610
aX:-0.748,aY:0.028,aZ:-0.684,gX:-1.099,gY:0.305,gZ:0.732
aX:-0.748,aY:0.027,aZ:-0.685,gX:-1.282,gY:0.061,gZ:0.671
aX:-0.748,aY:0.028,aZ:-0.685,gX:-0.977,gY:0.244,gZ:0.793
aX:-0.748,aY:0.029,aZ:-0.683,gX:-1.038,gY:0.366,gZ:0.854
aX:-0.751,aY:0.028,aZ:-0.684,gX:-0.916,gY:0.610,gZ:0.854
aX:-0.750,aY:0.027,aZ:-0.686,gX:-0.610,gY:1.099,gZ:0.854
aX:-0.748,aY:0.028,aZ:-0.683,gX:-0.732,gY:0.977,gZ:0.793
aX:-0.748,aY:0.027,aZ:-0.683,gX:-0.916,gY:0.854,gZ:0.793
aX:-0.748,aY:0.028,aZ:-0.685,gX:-0.854,gY:0.671,gZ:0.916
aX:-0.747,aY:0.029,aZ:-0.682,gX:-0.854,gY:0.183,gZ:0.854
aX:-0.746,aY:0.029,aZ:-0.684,gX:-0.977,gY:0.122,gZ:1.099
aX:-0.748,aY:0.028,aZ:-0.683,gX:-1.221,gY:0.427,gZ:0.977
aX:-0.748,aY:0.026,aZ:-0.684,gX:-1.099,gY:0.366,gZ:1.099
aX:-0.749,aY:0.026,aZ:-0.684,gX:-1.160,gY:0.122,gZ:0.854
aX:-0.749,aY:0.027,aZ:-0.685,gX:-0.854,gY:0.122,gZ:0.916
aX:-0.748,aY:0.026,aZ:-0.683,gX:-1.038,gY:0.549,gZ:0.793
aX:-0.748,aY:0.026,aZ:-0.683,gX:-0.793,gY:0.671,gZ:0.916
aX:-0.749,aY:0.026,aZ:-0.683,gX:-0.732,gY:0.488,gZ:0.916
aX:-0.748,aY:0.023,aZ:-0.685,gX:-1.404,gY:0.244,gZ:0.671
aX:-0.749,aY:0.023,aZ:-0.685,gX:-0.977,gY:-0.061,gZ:0.854
aX:-0.748,aY:0.026,aZ:-0.681,gX:-0.732,gY:0.244,gZ:0.916
aX:-0.748,aY:0.030,aZ:-0.682,gX:-0.977,gY:0.122,gZ:0.916
aX:-0.747,aY:0.031,aZ:-0.683,gX:-0.549,gY:-0.122,gZ:0.854
aX:-0.748,aY:0.029,aZ:-0.684,gX:-0.793,gY:-0.061,gZ:0.793
aX:-0.746,aY:0.027,aZ:-0.684,gX:-1.587,gY:-0.061,gZ:0.671
aX:-0.747,aY:0.027,aZ:-0.683,gX:-1.343,gY:0.061,gZ:0.671
aX:-0.747,aY:0.023,aZ:-0.687,gX:-1.038,gY:-0.122,gZ:0.854
aX:-0.750,aY:0.024,aZ:-0.685,gX:-1.343,gY:-0.183,gZ:0.854
aX:-0.749,aY:0.026,aZ:-0.685,gX:-0.366,gY:0.305,gZ:1.160
aX:-0.747,aY:0.027,aZ:-0.685,gX:-0.732,gY:0.549,gZ:1.038
aX:-0.745,aY:0.028,aZ:-0.683,gX:-1.282,gY:0.427,gZ:0.610
aX:-0.746,aY:0.027,aZ:-0.684,gX:-0.671,gY:0.183,gZ:0.854
aX:-0.746,aY:0.025,aZ:-0.685,gX:-0.854,gY:0.366,gZ:0.732
aX:-0.748,aY:0.022,aZ:-0.683,gX:-1.343,gY:0.183,gZ:0.977
aX:-0.750,aY:0.025,aZ:-0.685,gX:-0.671,gY:0.305,gZ:1.160
aX:-0.749,aY:0.026,aZ:-0.685,gX:-0.549,gY:0.305,gZ:1.038
aX:-0.747,aY:0.028,aZ:-0.684,gX:-0.916,gY:0.549,gZ:0.854
aX:-0.745,aY:0.029,aZ:-0.683,gX:-0.610,gY:0.916,gZ:1.099
aX:-0.747,aY:0.028,aZ:-0.681,gX:-0.732,gY:0.671,gZ:0.854
aX:-0.747,aY:0.026,aZ:-0.682,gX:-1.404,gY:0.305,gZ:0.916
aX:-0.749,aY:0.025,aZ:-0.683,gX:-1.038,gY:0.122,gZ:0.793
aX:-0.749,aY:0.025,aZ:-0.685,gX:-0.732,gY:0.488,gZ:1.221
aX:-0.748,aY:0.026,aZ:-0.684,gX:-0.977,gY:0.610,gZ:1.160
aX:-0.749,aY:0.026,aZ:-0.683,gX:-0.671,gY:0.549,gZ:1.038
aX:-0.750,aY:0.026,aZ:-0.681,gX:-0.427,gY:0.793,gZ:0.732
aX:-0.747,aY:0.026,aZ:-0.681,gX:-0.854,gY:0.549,gZ:0.916
aX:-0.747,aY:0.026,aZ:-0.681,gX:-1.038,gY:0.488,gZ:0.854
aX:-0.746,aY:0.027,aZ:-0.684,gX:-1.038,gY:0.122,gZ:0.793
aX:-0.747,aY:0.027,aZ:-0.683,gX:-1.099,gY:-0.183,gZ:0.793
aX:-0.749,aY:0.026,aZ:-0.684,gX:-1.038,gY:0.061,gZ:0.916
aX:-0.748,aY:0.026,aZ:-0.684,gX:-0.977,gY:0.122,gZ:1.099
aX:-0.749,aY:0.026,aZ:-0.684,gX:-1.038,gY:0.244,gZ:0.977
aX:-0.748,aY:0.027,aZ:-0.685,gX:-0.916,gY:0.061,gZ:0.854
aX:-0.749,aY:0.027,aZ:-0.683,gX:-1.099,gY:0.305,gZ:0.732
aX:-0.747,aY:0.027,aZ:-0.680,gX:-0.977,gY:0.488,gZ:0.793
aX:-0.748,aY:0.026,aZ:-0.681,gX:-1.038,gY:0.366,gZ:0.793
aX:-0.747,aY:0.027,aZ:-0.682,gX:-0.916,gY:-0.183,gZ:0.671
aX:-0.747,aY:0.025,aZ:-0.686,gX:-1.160,gY:-0.366,gZ:0.549
aX:-0.748,aY:0.024,aZ:-0.686,gX:-0.977,gY:-0.183,gZ:0.732
aX:-0.749,aY:0.026,aZ:-0.682,gX:-0.671,gY:0.061,gZ:0.793
aX:-0.747,aY:0.028,aZ:-0.681,gX:-0.977,gY:0.000,gZ:0.977
aX:-0.746,aY:0.029,aZ:-0.684,gX:-0.549,gY:0.122,gZ:1.038
aX:-0.748,aY:0.028,aZ:-0.684,gX:-0.488,gY:0.122,gZ:0.793
aX:-0.747,aY:0.028,aZ:-0.683,gX:-0.916,gY:0.305,gZ:0.793
aX:-0.748,aY:0.026,aZ:-0.683,gX:-1.038,gY:0.366,gZ:0.732
aX:-0.749,aY:0.025,aZ:-0.685,gX:-0.916,gY:0.183,gZ:0.671
aX:-0.746,aY:0.024,aZ:-0.684,gX:-1.038,gY:0.061,gZ:0.793
aX:-0.747,aY:0.026,aZ:-0.685,gX:-0.610,gY:-0.183,gZ:0.671
aX:-0.744,aY:0.024,aZ:-0.683,gX:-0.610,gY:-0.244,gZ:0.488
aX:-0.744,aY:0.024,aZ:-0.684,gX:-0.854,gY:0.000,gZ:0.427
aX:-0.744,aY:0.024,aZ:-0.687,gX:-0.854,gY:-0.488,gZ:0.488
aX:-0.744,aY:0.023,aZ:-0.687,gX:-0.977,gY:-0.488,gZ:0.671
aX:-0.746,aY:0.025,aZ:-0.687,gX:-1.221,gY:-0.122,gZ:0.793
aX:-0.746,aY:0.026,aZ:-0.686,gX:-1.038,gY:0.122,gZ:0.671
aX:-0.744,aY:0.025,aZ:-0.687,gX:-0.854,gY:0.122,gZ:0.671
aX:-0.743,aY:0.027,aZ:-0.687,gX:-0.793,gY:0.000,gZ:0.610
aX:-0.745,aY:0.026,aZ:-0.689,gX:-0.671,gY:0.183,gZ:0.732
aX:-0.748,aY:0.026,aZ:-0.686,gX:-0.549,gY:0.671,gZ:0.854
aX:-0.748,aY:0.027,aZ:-0.684,gX:-0.549,gY:0.854,gZ:0.732
aX:-0.747,aY:0.028,aZ:-0.685,gX:-1.038,gY:0.549,gZ:0.549
aX:-0.746,aY:0.029,aZ:-0.683,gX:-0.793,gY:0.244,gZ:0.488
aX:-0.746,aY:0.028,aZ:-0.686,gX:-1.038,gY:-0.183,gZ:0.549
aX:-0.745,aY:0.027,aZ:-0.685,gX:-1.099,gY:-0.244,gZ:0.671
aX:-0.746,aY:0.026,aZ:-0.686,gX:-0.732,gY:0.000,gZ:0.610
aX:-0.747,aY:0.026,aZ:-0.688,gX:-0.916,gY:0.366,gZ:0.549
aX:-0.747,aY:0.026,aZ:-0.688,gX:-1.099,gY:0.305,gZ:0.732
aX:-0.747,aY:0.028,aZ:-0.687,gX:-0.732,gY:0.183,gZ:0.610
aX:-0.748,aY:0.027,aZ:-0.687,gX:-0.916,gY:0.061,gZ:0.549
aX:-0.745,aY:0.027,aZ:-0.684,gX:-0.793,gY:0.122,gZ:0.671
aX:-0.745,aY:0.027,aZ:-0.684,gX:-0.977,gY:0.488,gZ:0.610
aX:-0.746,aY:0.028,aZ:-0.687,gX:-0.977,gY:0.488,gZ:0.244
aX:-0.748,aY:0.027,aZ:-0.686,gX:-1.038,gY:0.122,gZ:0.366
aX:-0.748,aY:0.027,aZ:-0.684,gX:-0.916,gY:-0.122,gZ:0.366
aX:-0.746,aY:0.026,aZ:-0.683,gX:-0.732,gY:-0.366,gZ:0.671
aX:-0.745,aY:0.027,aZ:-0.683,gX:-1.038,gY:-0.854,gZ:0.427
aX:-0.743,aY:0.028,aZ:-0.685,gX:-0.916,gY:-0.977,gZ:0.488
aX:-0.743,aY:0.026,aZ:-0.691,gX:-1.099,gY:-1.282,gZ:0.732
aX:-0.744,aY:0.024,aZ:-0.692,gX:-1.526,gY:-0.916,gZ:0.793
aX:-0.743,aY:0.025,aZ:-0.690,gX:-1.953,gY:-0.244,gZ:0.549
aX:-0.744,aY:0.027,aZ:-0.683,gX:-1.404,gY:0.305,gZ:0.549
aX:-0.742,aY:0.026,aZ:-0.687,gX:-1.282,gY:0.061,gZ:0.305
aX:-0.742,aY:0.025,aZ:-0.691,gX:-1.099,gY:0.061,gZ:0.366
aX:-0.744,aY:0.024,aZ:-0.691,gX:-0.977,gY:0.122,gZ:0.366
aX:-0.746,aY:0.027,aZ:-0.687,gX:-1.343,gY:0.305,gZ:0.122
aX:-0.745,aY:0.029,aZ:-0.688,gX:-0.854,gY:0.610,gZ:0.488
aX:-0.744,aY:0.027,aZ:-0.688,gX:-1.038,gY:0.183,gZ:0.549
aX:-0.742,aY:0.027,aZ:-0.686,gX:-1.343,gY:0.122,gZ:0.183
aX:-0.745,aY:0.024,aZ:-0.687,gX:-1.099,gY:0.488,gZ:0.244
aX:-0.745,aY:0.024,aZ:-0.688,gX:-0.977,gY:0.549,gZ:0.183
aX:-0.745,aY:0.022,aZ:-0.687,gX:-1.831,gY:0.244,gZ:0.244
aX:-0.742,aY:0.024,aZ:-0.686,gX:-1.160,gY:0.183,gZ:0.183
aX:-0.743,aY:0.026,aZ:-0.688,gX:-1.038,gY:0.122,gZ:0.366
aX:-0.743,aY:0.028,aZ:-0.690,gX:-1.648,gY:-0.244,gZ:0.000
aX:-0.744,aY:0.029,aZ:-0.689,gX:-1.038,gY:0.305,gZ:0.061
aX:-0.744,aY:0.026,aZ:-0.688,gX:-1.221,gY:0.549,gZ:0.366
aX:-0.743,aY:0.027,aZ:-0.685,gX:-1.465,gY:0.000,gZ:0.427
aX:-0.741,aY:0.028,aZ:-0.685,gX:-1.099,gY:-0.488,gZ:0.427
aX:-0.741,aY:0.031,aZ:-0.685,gX:-0.916,gY:-0.671,gZ:0.183
aX:-0.743,aY:0.029,aZ:-0.688,gX:-1.282,gY:-0.610,gZ:0.427
aX:-0.741,aY:0.028,aZ:-0.691,gX:-1.221,gY:-0.671,gZ:0.793
aX:-0.743,aY:0.028,aZ:-0.692,gX:-1.526,gY:-0.854,gZ:0.977
aX:-0.743,aY:0.030,aZ:-0.690,gX:-1.587,gY:-1.038,gZ:0.916
aX:-0.742,aY:0.030,aZ:-0.692,gX:-1.221,gY:-0.854,gZ:0.549
aX:-0.742,aY:0.029,aZ:-0.692,gX:-0.854,gY:-0.427,gZ:0.366
aX:-0.742,aY:0.027,aZ:-0.693,gX:-1.221,gY:0.000,gZ:0.244
aX:-0.741,aY:0.028,aZ:-0.691,gX:-0.854,gY:0.183,gZ:0.061
aX:-0.740,aY:0.029,aZ:-0.688,gX:-0.732,gY:0.061,gZ:0.244
aX:-0.741,aY:0.030,aZ:-0.686,gX:-1.526,gY:-0.305,gZ:0.427
aX:-0.741,aY:0.030,aZ:-0.688,gX:-0.977,gY:-0.488,gZ:0.549
aX:-0.739,aY:0.028,aZ:-0.690,gX:-0.854,gY:-0.549,gZ:0.671
aX:-0.741,aY:0.025,aZ:-0.692,gX:-1.587,gY:-0.488,gZ:0.610
aX:-0.744,aY:0.023,aZ:-0.692,gX:-1.465,gY:0.000,gZ:0.610
aX:-0.744,aY:0.024,aZ:-0.693,gX:-0.977,gY:0.305,gZ:0.793
aX:-0.740,aY:0.026,aZ:-0.695,gX:-0.977,gY:0.488,gZ:0.732
aX:-0.739,aY:0.026,aZ:-0.694,gX:-1.160,gY:0.610,gZ:0.488
aX:-0.738,aY:0.026,aZ:-0.693,gX:-0.793,gY:0.549,gZ:0.549
aX:-0.738,aY:0.025,aZ:-0.693,gX:-1.221,gY:0.244,gZ:0.427
aX:-0.739,aY:0.025,aZ:-0.693,gX:-1.038,gY:0.610,gZ:0.366
aX:-0.740,aY:0.026,aZ:-0.692,gX:-0.793,gY:1.282,gZ:0.732
aX:-0.742,aY:0.028,aZ:-0.691,gX:-1.038,gY:1.404,gZ:0.732
aX:-0.741,aY:0.028,aZ:-0.692,gX:-0.916,gY:1.343,gZ:0.732
aX:-0.741,aY:0.029,aZ:-0.690,gX:-0.977,gY:1.099,gZ:0.671
aX:-0.739,aY:0.028,aZ:-0.687,gX:-0.793,gY:0.977,gZ:0.366
aX:-0.741,aY:0.028,aZ:-0.688,gX:-0.793,gY:1.404,gZ:0.427
aX:-0.743,aY:0.027,aZ:-0.688,gX:-0.732,gY:1.160,gZ:0.488
aX:-0.744,aY:0.028,aZ:-0.686,gX:-1.038,gY:0.977,gZ:0.916
aX:-0.744,aY:0.030,aZ:-0.684,gX:-1.038,gY:0.793,gZ:0.671
aX:-0.745,aY:0.030,aZ:-0.685,gX:-0.793,gY:0.488,gZ:0.732
aX:-0.743,aY:0.029,aZ:-0.689,gX:-1.099,gY:0.061,gZ:0.671
aX:-0.746,aY:0.026,aZ:-0.692,gX:-1.099,gY:0.061,gZ:0.732
aX:-0.745,aY:0.026,aZ:-0.689,gX:-0.488,gY:-0.305,gZ:1.099
aX:-0.743,aY:0.029,aZ:-0.686,gX:-0.366,gY:0.122,gZ:1.099
aX:-0.740,aY:0.034,aZ:-0.687,gX:-0.427,gY:0.061,gZ:0.793
aX:-0.740,aY:0.033,aZ:-0.689,gX:-0.610,gY:0.549,gZ:0.610
aX:-0.739,aY:0.029,aZ:-0.689,gX:-1.038,gY:0.610,gZ:0.671
aX:-0.738,aY:0.026,aZ:-0.691,gX:-1.282,gY:0.061,gZ:0.610
aX:-0.741,aY:0.024,aZ:-0.691,gX:-0.916,gY:-0.061,gZ:0.793
aX:-0.739,aY:0.025,aZ:-0.692,gX:-0.610,gY:0.061,gZ:0.793
aX:-0.741,aY:0.025,aZ:-0.694,gX:-0.549,gY:0.488,gZ:0.732
aX:-0.740,aY:0.025,aZ:-0.695,gX:-0.732,gY:0.977,gZ:0.793
aX:-0.742,aY:0.025,aZ:-0.692,gX:-0.793,gY:1.099,gZ:0.854
aX:-0.742,aY:0.024,aZ:-0.690,gX:-1.099,gY:1.160,gZ:0.671
aX:-0.743,aY:0.023,aZ:-0.688,gX:-0.793,gY:1.160,gZ:0.671
aX:-0.743,aY:0.023,aZ:-0.690,gX:-0.854,gY:0.977,gZ:0.671
aX:-0.743,aY:0.025,aZ:-0.688,gX:-0.977,gY:0.610,gZ:0.732
aX:-0.742,aY:0.027,aZ:-0.688,gX:-0.793,gY:0.183,gZ:0.854
aX:-0.744,aY:0.028,aZ:-0.690,gX:-0.671,gY:0.366,gZ:0.732
aX:-0.744,aY:0.030,aZ:-0.686,gX:-1.038,gY:0.916,gZ:0.732
aX:-0.744,aY:0.030,aZ:-0.685,gX:-0.916,gY:0.793,gZ:0.610
aX:-0.744,aY:0.030,aZ:-0.687,gX:-0.977,gY:0.183,gZ:0.671
aX:-0.746,aY:0.028,aZ:-0.686,gX:-1.282,gY:0.061,gZ:0.610
aX:-0.747,aY:0.029,aZ:-0.688,gX:-1.099,gY:0.183,gZ:0.610
aX:-0.747,aY:0.028,aZ:-0.687,gX:-0.854,gY:0.305,gZ:0.671
aX:-0.744,aY:0.027,aZ:-0.688,gX:-1.404,gY:0.244,gZ:0.549
aX:-0.743,aY:0.026,aZ:-0.688,gX:-1.404,gY:0.122,gZ:0.549
aX:-0.744,aY:0.029,aZ:-0.687,gX:-1.099,gY:0.183,gZ:0.610
aX:-0.745,aY:0.028,aZ:-0.687,gX:-0.977,gY:0.122,gZ:0.610
aX:-0.743,aY:0.028,aZ:-0.687,gX:-1.099,gY:-0.061,gZ:0.610
aX:-0.743,aY:0.026,aZ:-0.689,gX:-0.854,gY:0.183,gZ:0.488
aX:-0.743,aY:0.025,aZ:-0.689,gX:-1.343,gY:0.366,gZ:0.671
aX:-0.741,aY:0.025,aZ:-0.691,gX:-0.854,gY:0.488,gZ:0.671
aX:-0.741,aY:0.026,aZ:-0.689,gX:-0.916,gY:0.488,gZ:0.854
aX:-0.742,aY:0.027,aZ:-0.689,gX:-0.916,gY:0.122,gZ:0.732
aX:-0.742,aY:0.027,aZ:-0.689,gX:-0.793,gY:0.061,gZ:0.854
aX:-0.742,aY:0.025,aZ:-0.690,gX:-0.916,gY:-0.122,gZ:0.916
aX:-0.744,aY:0.025,aZ:-0.690,gX:-1.160,gY:-0.122,gZ:0.854
aX:-0.742,aY:0.027,aZ:-0.690,gX:-0.977,gY:0.122,gZ:0.854
aX:-0.741,aY:0.027,aZ:-0.690,gX:-0.916,gY:0.000,gZ:0.793
aX:-0.741,aY:0.028,aZ:-0.691,gX:-1.038,gY:0.122,gZ:0.732
aX:-0.742,aY:0.028,aZ:-0.691,gX:-0.732,gY:0.366,gZ:0.793
aX:-0.741,aY:0.026,aZ:-0.691,gX:-0.610,gY:0.122,gZ:0.916
aX:-0.743,aY:0.025,aZ:-0.690,gX:-1.221,gY:0.305,gZ:0.854
aX:-0.745,aY:0.027,aZ:-0.689,gX:-0.916,gY:0.244,gZ:1.099
aX:-0.743,aY:0.029,aZ:-0.688,gX:-0.610,gY:0.671,gZ:1.099
aX:-0.741,aY:0.030,aZ:-0.689,gX:-0.671,gY:0.732,gZ:0.854
aX:-0.741,aY:0.027,aZ:-0.690,gX:-0.549,gY:0.793,gZ:0.916
aX:-0.743,aY:0.028,aZ:-0.689,gX:-0.854,gY:0.793,gZ:0.854
aX:-0.745,aY:0.028,aZ:-0.687,gX:-1.465,gY:0.732,gZ:0.854
aX:-0.742,aY:0.029,aZ:-0.687,gX:-0.977,gY:0.427,gZ:0.916
aX:-0.741,aY:0.027,aZ:-0.689,gX:-1.099,gY:0.305,gZ:0.610
aX:-0.741,aY:0.024,aZ:-0.690,gX:-1.160,gY:0.244,gZ:0.793
aX:-0.743,aY:0.022,aZ:-0.691,gX:-1.221,gY:0.671,gZ:0.854
aX:-0.742,aY:0.024,aZ:-0.691,gX:-0.977,gY:0.732,gZ:0.732
aX:-0.742,aY:0.026,aZ:-0.692,gX:-1.343,gY:0.610,gZ:0.549
aX:-0.742,aY:0.025,aZ:-0.689,gX:-1.099,gY:0.610,gZ:0.610
aX:-0.743,aY:0.026,aZ:-0.688,gX:-0.977,gY:0.732,gZ:0.916
aX:-0.742,aY:0.025,aZ:-0.687,gX:-1.160,gY:0.610,gZ:0.977
aX:-0.742,aY:0.025,aZ:-0.687,gX:-0.916,gY:0.244,gZ:0.977
aX:-0.744,aY:0.027,aZ:-0.688,gX:-0.671,gY:-0.061,gZ:0.916
aX:-0.745,aY:0.027,aZ:-0.692,gX:-1.099,gY:-0.244,gZ:0.793
aX:-0.743,aY:0.026,aZ:-0.690,gX:-0.977,gY:0.000,gZ:0.854
aX:-0.744,aY:0.027,aZ:-0.687,gX:-1.038,gY:0.549,gZ:0.916
aX:-0.744,aY:0.027,aZ:-0.686,gX:-1.160,gY:0.427,gZ:0.854
aX:-0.743,aY:0.026,aZ:-0.687,gX:-0.793,gY:0.305,gZ:0.916
aX:-0.744,aY:0.028,aZ:-0.686,gX:-0.977,gY:-0.061,gZ:0.793
aX:-0.743,aY:0.027,aZ:-0.686,gX:-0.916,gY:-0.183,gZ:0.793
aX:-0.743,aY:0.027,aZ:-0.687,gX:-0.916,gY:0.000,gZ:0.854
aX:-0.744,aY:0.028,aZ:-0.687,gX:-0.916,gY:-0.061,gZ:0.610
aX:-0.743,aY:0.027,aZ:-0.685,gX:-1.221,gY:-0.549,gZ:0.732
aX:-0.743,aY:0.026,aZ:-0.685,gX:-1.099,gY:-0.732,gZ:0.916
aX:-0.743,aY:0.025,aZ:-0.690,gX:-1.526,gY:-1.038,gZ:0.854
aX:-0.742,aY:0.022,aZ:-0.692,gX:-1.831,gY:-1.221,gZ:0.671
aX:-0.742,aY:0.020,aZ:-0.694,gX:-1.465,gY:-0.549,gZ:0.793
aX:-0.743,aY:0.022,aZ:-0.694,gX:-1.160,gY:0.305,gZ:0.854
aX:-0.741,aY:0.024,aZ:-0.693,gX:-0.732,gY:0.488,gZ:0.793
aX:-0.740,aY:0.025,aZ:-0.691,gX:-0.854,gY:0.610,gZ:0.671
aX:-0.742,aY:0.025,aZ:-0.688,gX:-0.916,gY:0.793,gZ:0.610
aX:-0.741,aY:0.025,aZ:-0.690,gX:-0.977,gY:0.305,gZ:0.488
aX:-0.743,aY:0.024,aZ:-0.689,gX:-1.038,gY:0.366,gZ:0.427
aX:-0.742,aY:0.026,aZ:-0.689,gX:-0.977,gY:-0.244,gZ:0.793
aX:-0.740,aY:0.026,aZ:-0.689,gX:-1.404,gY:-0.488,gZ:0.732
aX:-0.741,aY:0.026,aZ:-0.693,gX:-1.038,gY:-0.427,gZ:0.671
aX:-0.742,aY:0.026,aZ:-0.693,gX:-0.977,gY:0.061,gZ:0.671
aX:-0.743,aY:0.026,aZ:-0.690,gX:-0.977,gY:0.183,gZ:0.854
aX:-0.743,aY:0.026,aZ:-0.688,gX:-0.793,gY:0.305,gZ:0.732
aX:-0.740,aY:0.028,aZ:-0.690,gX:-0.610,gY:0.549,gZ:0.671
aX:-0.739,aY:0.029,aZ:-0.692,gX:-0.366,gY:0.488,gZ:0.671
aX:-0.742,aY:0.028,aZ:-0.691,gX:-0.610,gY:0.854,gZ:0.610
aX:-0.742,aY:0.029,aZ:-0.690,gX:-0.549,gY:0.916,gZ:0.671
aX:-0.741,aY:0.029,aZ:-0.687,gX:-0.916,gY:0.854,gZ:0.549
aX:-0.744,aY:0.026,aZ:-0.688,gX:-1.282,gY:0.427,gZ:0.549
aX:-0.742,aY:0.024,aZ:-0.688,gX:-0.793,gY:0.000,gZ:0.732
aX:-0.741,aY:0.022,aZ:-0.693,gX:-0.549,gY:0.183,gZ:0.549
aX:-0.740,aY:0.022,aZ:-0.693,gX:-0.671,gY:0.549,gZ:0.549
aX:-0.740,aY:0.025,aZ:-0.692,gX:-0.427,gY:1.038,gZ:0.549
aX:-0.739,aY:0.028,aZ:-0.694,gX:-0.061,gY:1.038,gZ:0.671
aX:-0.739,aY:0.026,aZ:-0.691,gX:-0.427,gY:0.916,gZ:0.732
aX:-0.742,aY:0.024,aZ:-0.691,gX:-0.366,gY:1.038,gZ:1.343
aX:-0.746,aY:0.022,aZ:-0.693,gX:-0.366,gY:1.221,gZ:1.343
aX:-0.743,aY:0.025,aZ:-0.691,gX:-0.610,gY:1.221,gZ:1.038
aX:-0.740,aY:0.025,aZ:-0.690,gX:-0.488,gY:1.343,gZ:0.977
aX:-0.744,aY:0.027,aZ:-0.687,gX:-0.427,gY:0.977,gZ:0.793
aX:-0.743,aY:0.027,aZ:-0.683,gX:-0.671,gY:0.793,gZ:0.854
aX:-0.745,aY:0.028,aZ:-0.682,gX:-0.671,gY:0.366,gZ:0.793
aX:-0.746,aY:0.029,aZ:-0.687,gX:-0.610,gY:-0.183,gZ:0.610
aX:-0.746,aY:0.027,aZ:-0.688,gX:-1.038,gY:-0.488,gZ:0.488
aX:-0.745,aY:0.027,aZ:-0.689,gX:-1.038,gY:-0.061,gZ:0.610
aX:-0.744,aY:0.027,aZ:-0.690,gX:-0.854,gY:0.427,gZ:0.549
aX:-0.744,aY:0.028,aZ:-0.688,gX:-1.282,gY:0.366,gZ:0.427
aX:-0.743,aY:0.028,aZ:-0.689,gX:-1.160,gY:0.366,gZ:0.549
aX:-0.741,aY:0.027,aZ:-0.689,gX:-0.854,gY:0.061,gZ:0.610
aX:-0.741,aY:0.026,aZ:-0.690,gX:-1.526,gY:0.061,gZ:0.549
aX:-0.742,aY:0.025,aZ:-0.687,gX:-1.404,gY:0.122,gZ:0.488
aX:-0.743,aY:0.028,aZ:-0.689,gX:-1.282,gY:0.244,gZ:0.549
aX:-0.743,aY:0.028,aZ:-0.690,gX:-1.709,gY:-0.061,gZ:0.488
aX:-0.741,aY:0.028,aZ:-0.691,gX:-1.343,gY:-0.244,gZ:0.732
aX:-0.739,aY:0.028,aZ:-0.690,gX:-1.404,gY:0.061,gZ:0.671
aX:-0.741,aY:0.027,aZ:-0.688,gX:-1.343,gY:0.427,gZ:0.366
aX:-0.743,aY:0.026,aZ:-0.688,gX:-0.977,gY:0.549,gZ:0.488
aX:-0.747,aY:0.026,aZ:-0.687,gX:-0.549,gY:0.549,gZ:0.610
aX:-0.749,aY:0.027,aZ:-0.685,gX:-1.221,gY:0.793,gZ:0.610
aX:-0.745,aY:0.027,aZ:-0.684,gX:-1.038,gY:0.488,gZ:0.671
aX:-0.742,aY:0.028,aZ:-0.687,gX:-0.977,gY:0.122,gZ:0.427
aX:-0.739,aY:0.025,aZ:-0.692,gX:-1.404,gY:-0.488,gZ:0.305
aX:-0.741,aY:0.020,aZ:-0.694,gX:-1.038,gY:-0.549,gZ:0.244
aX:-0.744,aY:0.022,aZ:-0.696,gX:-0.305,gY:-1.160,gZ:0.427
aX:-0.741,aY:0.026,aZ:-0.693,gX:-0.916,gY:0.488,gZ:0.610
aX:-0.739,aY:0.032,aZ:-0.690,gX:-0.427,gY:1.343,gZ:0.854
aX:-0.741,aY:0.034,aZ:-0.690,gX:-0.488,gY:1.282,gZ:0.854
aX:-0.740,aY:0.033,aZ:-0.689,gX:-1.648,gY:1.526,gZ:0.488
aX:-0.741,aY:0.031,aZ:-0.689,gX:-1.587,gY:1.038,gZ:0.488
aX:-0.742,aY:0.027,aZ:-0.690,gX:-1.099,gY:0.488,gZ:0.793
aX:-0.744,aY:0.026,aZ:-0.689,gX:-1.526,gY:0.671,gZ:0.793
aX:-0.744,aY:0.027,aZ:-0.688,gX:-0.916,gY:0.793,gZ:0.671
aX:-0.744,aY:0.028,aZ:-0.687,gX:-0.732,gY:1.282,gZ:0.732
aX:-0.742,aY:0.028,aZ:-0.685,gX:-1.404,gY:1.099,gZ:0.610
aX:-0.743,aY:0.028,aZ:-0.687,gX:-1.099,gY:0.549,gZ:0.732
aX:-0.744,aY:0.026,aZ:-0.688,gX:-0.854,gY:0.732,gZ:0.610
aX:-0.745,aY:0.024,aZ:-0.689,gX:-1.343,gY:0.732,gZ:0.732
aX:-0.744,aY:0.025,aZ:-0.688,gX:-0.977,gY:0.671,gZ:0.732
aX:-0.743,aY:0.027,aZ:-0.686,gX:-0.427,gY:0.549,gZ:0.671
aX:-0.743,aY:0.029,aZ:-0.687,gX:-0.854,gY:0.488,gZ:0.488
aX:-0.743,aY:0.028,aZ:-0.686,gX:-0.854,gY:0.610,gZ:0.549
aX:-0.744,aY:0.026,aZ:-0.687,gX:-1.038,gY:0.793,gZ:0.671
aX:-0.743,aY:0.025,aZ:-0.688,gX:-1.343,gY:0.732,gZ:0.610
aX:-0.745,aY:0.025,aZ:-0.689,gX:-1.038,gY:0.977,gZ:0.671
aX:-0.745,aY:0.026,aZ:-0.689,gX:-0.732,gY:0.977,gZ:0.977
aX:-0.745,aY:0.027,aZ:-0.686,gX:-0.671,gY:1.282,gZ:0.793
aX:-0.746,aY:0.028,aZ:-0.684,gX:-0.732,gY:1.648,gZ:0.488
aX:-0.746,aY:0.027,aZ:-0.683,gX:-0.977,gY:1.282,gZ:0.488
aX:-0.745,aY:0.026,aZ:-0.684,gX:-1.221,gY:0.854,gZ:0.427
aX:-0.745,aY:0.025,aZ:-0.683,gX:-1.160,gY:0.732,gZ:0.366
aX:-0.746,aY:0.026,aZ:-0.685,gX:-1.099,gY:0.305,gZ:0.244
aX:-0.744,aY:0.026,aZ:-0.685,gX:-1.465,gY:0.122,gZ:0.366
aX:-0.746,aY:0.027,aZ:-0.687,gX:-1.282,gY:-0.061,gZ:0.183
aX:-0.746,aY:0.027,aZ:-0.686,gX:-1.221,gY:0.183,gZ:0.244
aX:-0.746,aY:0.027,aZ:-0.684,gX:-1.099,gY:0.427,gZ:0.244
aX:-0.747,aY:0.027,aZ:-0.685,gX:-0.916,gY:0.427,gZ:0.183
aX:-0.746,aY:0.030,aZ:-0.685,gX:-1.221,gY:0.244,gZ:0.122
aX:-0.743,aY:0.030,aZ:-0.685,gX:-1.465,gY:-0.122,gZ:0.244
aX:-0.743,aY:0.029,aZ:-0.687,gX:-1.099,gY:-0.122,gZ:0.244
aX:-0.746,aY:0.028,aZ:-0.685,gX:-0.977,gY:-0.122,gZ:0.244
aX:-0.745,aY:0.028,aZ:-0.684,gX:-1.160,gY:0.061,gZ:0.305
aX:-0.747,aY:0.031,aZ:-0.683,gX:-1.526,gY:-0.549,gZ:-0.061
aX:-0.746,aY:0.031,aZ:-0.687,gX:-1.709,gY:-1.343,gZ:-0.061
aX:-0.741,aY:0.030,aZ:-0.688,gX:-1.892,gY:-1.648,gZ:-0.122
aX:-0.743,aY:0.026,aZ:-0.690,gX:-1.831,gY:-1.160,gZ:-0.366
aX:-0.744,aY:0.026,aZ:-0.684,gX:-1.282,gY:-0.366,gZ:0.244
aX:-0.742,aY:0.030,aZ:-0.683,gX:-0.854,gY:0.061,gZ:0.366
aX:-0.744,aY:0.031,aZ:-0.686,gX:-0.916,gY:0.061,gZ:0.549
aX:-0.745,aY:0.027,aZ:-0.687,gX:-1.221,gY:0.183,gZ:0.549
aX:-0.745,aY:0.024,aZ:-0.691,gX:-1.587,gY:0.366,gZ:0.916
aX:-0.743,aY:0.021,aZ:-0.692,gX:-1.526,gY:0.427,gZ:0.854
aX:-0.742,aY:0.021,aZ:-0.693,gX:-0.916,gY:0.061,gZ:0.610
aX:-0.743,aY:0.023,aZ:-0.693,gX:-0.488,gY:0.061,gZ:0.732
aX:-0.739,aY:0.025,aZ:-0.689,gX:-0.793,gY:0.183,gZ:0.549
aX:-0.739,aY:0.028,aZ:-0.688,gX:-0.977,gY:0.244,gZ:0.488
aX:-0.742,aY:0.030,aZ:-0.689,gX:-1.099,gY:0.061,gZ:0.488
aX:-0.742,aY:0.031,aZ:-0.688,gX:-1.038,gY:0.183,gZ:0.488
aX:-0.742,aY:0.032,aZ:-0.690,gX:-0.916,gY:-0.122,gZ:0.427
aX:-0.743,aY:0.032,aZ:-0.691,gX:-0.854,gY:-0.366,gZ:0.366
aX:-0.742,aY:0.031,aZ:-0.690,gX:-0.732,gY:-0.305,gZ:0.427
aX:-0.743,aY:0.029,aZ:-0.689,gX:-0.671,gY:0.610,gZ:0.549
aX:-0.748,aY:0.030,aZ:-0.689,gX:-0.610,gY:1.221,gZ:0.732
aX:-0.745,aY:0.032,aZ:-0.690,gX:-1.038,gY:1.038,gZ:0.671
aX:-0.745,aY:0.032,aZ:-0.690,gX:-1.099,gY:0.854,gZ:0.732
aX:-0.742,aY:0.032,aZ:-0.690,gX:-0.916,gY:1.099,gZ:0.854
aX:-0.743,aY:0.029,aZ:-0.687,gX:-0.793,gY:1.099,gZ:0.793
aX:-0.744,aY:0.028,aZ:-0.688,gX:-0.366,gY:1.038,gZ:0.916
aX:-0.744,aY:0.027,aZ:-0.688,gX:-0.488,gY:0.671,gZ:0.854
aX:-0.744,aY:0.026,aZ:-0.691,gX:-1.038,gY:0.671,gZ:0.732
aX:-0.744,aY:0.027,aZ:-0.689,gX:-0.916,gY:0.916,gZ:0.854
aX:-0.745,aY:0.030,aZ:-0.687,gX:-0.427,gY:1.343,gZ:1.038
aX:-0.742,aY:0.030,aZ:-0.686,gX:-0.977,gY:1.160,gZ:1.038
aX:-0.743,aY:0.031,aZ:-0.685,gX:-0.793,gY:0.671,gZ:1.099
aX:-0.743,aY:0.030,aZ:-0.684,gX:-0.854,gY:0.610,gZ:1.099
aX:-0.744,aY:0.031,aZ:-0.685,gX:-1.343,gY:0.549,gZ:0.977
aX:-0.743,aY:0.030,aZ:-0.687,gX:-1.282,gY:0.671,gZ:0.916
aX:-0.744,aY:0.029,aZ:-0.687,gX:-0.610,gY:0.793,gZ:1.160
aX:-0.747,aY:0.028,aZ:-0.684,gX:-1.160,gY:0.732,gZ:1.160
aX:-0.748,aY:0.029,aZ:-0.687,gX:-0.977,gY:0.610,gZ:1.160
aX:-0.747,aY:0.027,aZ:-0.687,gX:-0.854,gY:0.549,gZ:0.977
aX:-0.746,aY:0.027,aZ:-0.688,gX:-1.099,gY:0.488,gZ:0.854
aX:-0.746,aY:0.027,aZ:-0.686,gX:-0.793,gY:0.732,gZ:0.793
aX:-0.746,aY:0.028,aZ:-0.686,gX:-0.671,gY:1.038,gZ:0.977
aX:-0.744,aY:0.028,aZ:-0.685,gX:-1.160,gY:0.671,gZ:0.854
aX:-0.744,aY:0.025,aZ:-0.685,gX:-0.732,gY:0.549,gZ:0.916
aX:-0.747,aY:0.024,aZ:-0.683,gX:-0.671,gY:0.671,gZ:0.977
aX:-0.746,aY:0.026,aZ:-0.683,gX:-1.221,gY:0.549,gZ:1.160
aX:-0.747,aY:0.030,aZ:-0.684,gX:-0.916,gY:0.671,gZ:1.282
aX:-0.746,aY:0.032,aZ:-0.686,gX:-0.610,gY:0.732,gZ:0.916
aX:-0.747,aY:0.031,aZ:-0.684,gX:-1.099,gY:1.160,gZ:0.916
aX:-0.747,aY:0.030,aZ:-0.683,gX:-0.854,gY:1.343,gZ:0.854
aX:-0.746,aY:0.028,aZ:-0.682,gX:-0.793,gY:0.793,gZ:0.977
aX:-0.746,aY:0.027,aZ:-0.683,gX:-1.404,gY:0.427,gZ:0.854
aX:-0.747,aY:0.027,aZ:-0.685,gX:-0.977,gY:-0.183,gZ:0.793
aX:-0.746,aY:0.027,aZ:-0.687,gX:-1.038,gY:-0.244,gZ:0.977
aX:-0.746,aY:0.026,aZ:-0.687,gX:-1.282,gY:-0.122,gZ:1.099
aX:-0.746,aY:0.026,aZ:-0.686,gX:-1.099,gY:-0.183,gZ:0.854
aX:-0.750,aY:0.026,aZ:-0.684,gX:-0.793,gY:0.549,gZ:0.916
aX:-0.745,aY:0.025,aZ:-0.683,gX:-0.610,gY:0.977,gZ:1.282
aX:-0.746,aY:0.025,aZ:-0.685,gX:-0.122,gY:0.977,gZ:1.282
aX:-0.744,aY:0.026,aZ:-0.687,gX:-0.488,gY:1.099,gZ:1.404
aX:-0.745,aY:0.027,aZ:-0.687,gX:-0.732,gY:1.038,gZ:1.282
aX:-0.746,aY:0.029,aZ:-0.684,gX:-0.610,gY:0.916,gZ:0.977
aX:-0.745,aY:0.028,aZ:-0.686,gX:-0.305,gY:0.610,gZ:1.221
aX:-0.745,aY:0.024,aZ:-0.681,gX:-0.488,gY:1.221,gZ:1.404
aX:-0.748,aY:0.024,aZ:-0.682,gX:-0.671,gY:1.465,gZ:1.465
aX:-0.749,aY:0.025,aZ:-0.684,gX:-0.549,gY:0.916,gZ:1.282
aX:-0.750,aY:0.027,aZ:-0.684,gX:-0.671,gY:0.671,gZ:1.038
aX:-0.751,aY:0.029,aZ:-0.683,gX:-0.610,gY:0.732,gZ:0.610
aX:-0.749,aY:0.030,aZ:-0.683,gX:-0.488,gY:0.793,gZ:0.488
aX:-0.746,aY:0.029,aZ:-0.682,gX:-0.610,gY:0.977,gZ:0.671
aX:-0.745,aY:0.029,aZ:-0.682,gX:-0.977,gY:0.793,gZ:0.488
aX:-0.747,aY:0.029,aZ:-0.680,gX:-1.038,gY:0.488,gZ:0.488
aX:-0.747,aY:0.029,aZ:-0.680,gX:-1.099,gY:0.061,gZ:0.549
aX:-0.746,aY:0.028,aZ:-0.681,gX:-1.343,gY:-0.366,gZ:0.427
aX:-0.747,aY:0.026,aZ:-0.682,gX:-1.404,gY:-0.916,gZ:0.732
aX:-0.747,aY:0.025,aZ:-0.682,gX:-1.465,gY:-0.671,gZ:0.610
aX:-0.748,aY:0.026,aZ:-0.683,gX:-1.404,gY:-0.122,gZ:0.610
aX:-0.748,aY:0.026,aZ:-0.683,gX:-1.282,gY:-0.183,gZ:0.671
aX:-0.749,aY:0.026,aZ:-0.684,gX:-1.038,gY:-0.305,gZ:0.671
aX:-0.748,aY:0.028,aZ:-0.687,gX:-1.160,gY:-0.244,gZ:0.549
aX:-0.746,aY:0.028,aZ:-0.684,gX:-1.160,gY:0.061,gZ:0.793
aX:-0.744,aY:0.027,aZ:-0.683,gX:-1.587,gY:-0.061,gZ:0.610
aX:-0.746,aY:0.026,aZ:-0.684,gX:-1.343,gY:-0.610,gZ:0.610
aX:-0.746,aY:0.026,aZ:-0.688,gX:-1.099,gY:-0.854,gZ:0.671
aX:-0.743,aY:0.024,aZ:-0.689,gX:-1.099,gY:-0.549,gZ:0.488
aX:-0.747,aY:0.025,aZ:-0.688,gX:-0.977,gY:-0.061,gZ:0.427
aX:-0.746,aY:0.026,aZ:-0.683,gX:-0.488,gY:0.366,gZ:0.732
aX:-0.745,aY:0.030,aZ:-0.682,gX:-0.427,gY:0.427,gZ:0.671
aX:-0.746,aY:0.031,aZ:-0.687,gX:-0.793,gY:0.122,gZ:0.671
aX:-0.748,aY:0.029,aZ:-0.687,gX:-0.916,gY:0.671,gZ:0.854
aX:-0.748,aY:0.027,aZ:-0.685,gX:-1.099,gY:1.343,gZ:0.854
aX:-0.748,aY:0.027,aZ:-0.681,gX:-0.916,gY:1.526,gZ:0.916
aX:-0.748,aY:0.026,aZ:-0.681,gX:-0.610,gY:0.854,gZ:0.916
aX:-0.748,aY:0.026,aZ:-0.683,gX:-0.916,gY:0.061,gZ:0.732
aX:-0.746,aY:0.025,aZ:-0.685,gX:-0.977,gY:-0.061,gZ:0.610
aX:-0.747,aY:0.024,aZ:-0.685,gX:-1.099,gY:0.183,gZ:0.671
aX:-0.749,aY:0.026,aZ:-0.687,gX:-1.160,gY:0.183,gZ:0.610
aX:-0.747,aY:0.027,aZ:-0.686,gX:-1.038,gY:0.000,gZ:0.488
aX:-0.744,aY:0.027,aZ:-0.687,gX:-0.793,gY:0.183,gZ:0.488
aX:-0.747,aY:0.026,aZ:-0.689,gX:-0.916,gY:0.122,gZ:0.671
aX:-0.747,aY:0.025,aZ:-0.686,gX:-1.099,gY:0.549,gZ:0.732
aX:-0.746,aY:0.026,aZ:-0.685,gX:-1.160,gY:0.854,gZ:0.610
aX:-0.746,aY:0.026,aZ:-0.684,gX:-0.732,gY:0.732,gZ:0.671
aX:-0.746,aY:0.027,aZ:-0.684,gX:-1.038,gY:0.305,gZ:0.610
aX:-0.747,aY:0.028,aZ:-0.686,gX:-0.793,gY:0.183,gZ:0.671
aX:-0.747,aY:0.026,aZ:-0.685,gX:-0.671,gY:0.244,gZ:0.671
aX:-0.748,aY:0.027,aZ:-0.683,gX:-1.404,gY:0.305,gZ:0.671
aX:-0.747,aY:0.028,aZ:-0.681,gX:-1.038,gY:0.488,gZ:0.610
aX:-0.747,aY:0.029,aZ:-0.681,gX:-1.038,gY:0.122,gZ:0.305
aX:-0.748,aY:0.028,aZ:-0.684,gX:-1.404,gY:0.061,gZ:0.244
aX:-0.747,aY:0.027,aZ:-0.684,gX:-1.099,gY:-0.061,gZ:0.366
aX:-0.748,aY:0.028,aZ:-0.683,gX:-1.038,gY:0.366,gZ:0.244
aX:-0.748,aY:0.027,aZ:-0.682,gX:-1.221,gY:0.244,gZ:0.061
aX:-0.748,aY:0.028,aZ:-0.684,gX:-1.038,gY:0.305,gZ:0.366
aX:-0.746,aY:0.026,aZ:-0.685,gX:-1.282,gY:0.122,gZ:0.488
aX:-0.746,aY:0.026,aZ:-0.685,gX:-1.831,gY:0.183,gZ:0.244
aX:-0.744,aY:0.028,aZ:-0.685,gX:-1.831,gY:0.305,gZ:0.427
aX:-0.745,aY:0.029,aZ:-0.684,gX:-1.648,gY:0.366,gZ:0.610
aX:-0.746,aY:0.028,aZ:-0.689,gX:-1.953,gY:0.305,gZ:0.488
aX:-0.743,aY:0.026,aZ:-0.688,gX:-1.709,gY:0.000,gZ:0.793
aX:-0.744,aY:0.023,aZ:-0.685,gX:-1.343,gY:0.305,gZ:0.549
aX:-0.747,aY:0.026,aZ:-0.685,gX:-1.587,gY:0.305,gZ:0.488
aX:-0.747,aY:0.026,aZ:-0.686,gX:-1.221,gY:0.366,gZ:0.366
aX:-0.748,aY:0.027,aZ:-0.685,gX:-1.160,gY:0.122,gZ:0.427
aX:-0.744,aY:0.024,aZ:-0.682,gX:-1.587,gY:0.183,gZ:0.183
aX:-0.746,aY:0.025,aZ:-0.683,gX:-1.221,gY:-0.061,gZ:0.183
aX:-0.745,aY:0.026,aZ:-0.687,gX:-1.282,gY:-0.244,gZ:0.366
aX:-0.746,aY:0.026,aZ:-0.690,gX:-1.892,gY:-0.244,gZ:0.244
aX:-0.747,aY:0.025,aZ:-0.687,gX:-1.099,gY:0.488,gZ:0.610
aX:-0.748,aY:0.028,aZ:-0.682,gX:-0.671,gY:0.732,gZ:0.916
aX:-0.747,aY:0.029,aZ:-0.681,gX:-0.854,gY:1.404,gZ:0.854
aX:-0.747,aY:0.029,aZ:-0.681,gX:-0.916,gY:1.465,gZ:0.793
aX:-0.748,aY:0.026,aZ:-0.683,gX:-0.916,gY:1.343,gZ:0.732
aX:-0.747,aY:0.025,aZ:-0.683,gX:-1.770,gY:1.099,gZ:0.549
aX:-0.747,aY:0.023,aZ:-0.683,gX:-1.404,gY:0.427,gZ:0.366
aX:-0.745,aY:0.023,aZ:-0.684,gX:-1.465,gY:0.183,gZ:0.305
aX:-0.743,aY:0.023,aZ:-0.686,gX:-1.587,gY:0.122,gZ:0.122
aX:-0.743,aY:0.022,aZ:-0.688,gX:-1.221,gY:0.122,gZ:0.366
aX:-0.746,aY:0.023,aZ:-0.687,gX:-0.793,gY:0.488,gZ:0.427
aX:-0.747,aY:0.024,aZ:-0.686,gX:-1.404,gY:0.671,gZ:0.549
aX:-0.750,aY:0.026,aZ:-0.684,gX:-1.343,gY:0.183,gZ:0.366
aX:-0.749,aY:0.024,aZ:-0.684,gX:-1.343,gY:-0.061,gZ:0.427
aX:-0.747,aY:0.023,aZ:-0.681,gX:-1.587,gY:0.000,gZ:0.488
aX:-0.749,aY:0.024,aZ:-0.682,gX:-1.038,gY:0.061,gZ:0.488
aX:-0.747,aY:0.024,aZ:-0.684,gX:-1.038,gY:0.061,gZ:0.122
aX:-0.746,aY:0.027,aZ:-0.684,gX:-1.526,gY:0.000,gZ:0.122
aX:-0.744,aY:0.029,aZ:-0.684,gX:-1.343,gY:0.061,gZ:0.061
aX:-0.746,aY:0.028,aZ:-0.683,gX:-1.099,gY:0.183,gZ:0.183
aX:-0.745,aY:0.028,aZ:-0.684,gX:-1.099,gY:0.061,gZ:0.305
aX:-0.748,aY:0.027,aZ:-0.683,gX:-1.282,gY:0.000,gZ:0.549
aX:-0.748,aY:0.027,aZ:-0.684,gX:-1.221,gY:-0.061,gZ:0.427
aX:-0.746,aY:0.029,aZ:-0.684,gX:-1.526,gY:0.000,gZ:0.305
aX:-0.746,aY:0.029,aZ:-0.684,gX:-1.343,gY:0.366,gZ:0.244
aX:-0.744,aY:0.029,aZ:-0.683,gX:-1.221,gY:0.305,gZ:0.427
aX:-0.746,aY:0.028,aZ:-0.685,gX:-1.282,gY:-0.061,gZ:0.549
aX:-0.747,aY:0.027,aZ:-0.685,gX:-1.282,gY:0.061,gZ:0.549
aX:-0.747,aY:0.027,aZ:-0.686,gX:-1.099,gY:0.183,gZ:0.549
aX:-0.746,aY:0.027,aZ:-0.684,gX:-1.648,gY:0.366,gZ:0.366
aX:-0.746,aY:0.026,aZ:-0.687,gX:-1.282,gY:0.549,gZ:0.366
aX:-0.745,aY:0.025,aZ:-0.687,gX:-1.099,gY:0.366,gZ:0.488
aX:-0.744,aY:0.023,aZ:-0.687,gX:-1.160,gY:0.305,gZ:0.671
aX:-0.747,aY:0.024,aZ:-0.684,gX:-1.099,gY:0.183,gZ:0.732
aX:-0.744,aY:0.026,aZ:-0.684,gX:-0.854,gY:0.122,gZ:0.610
aX:-0.744,aY:0.025,aZ:-0.685,gX:-1.221,gY:0.061,gZ:0.488
aX:-0.742,aY:0.025,aZ:-0.687,gX:-1.099,gY:-0.061,gZ:0.549
aX:-0.746,aY:0.025,aZ:-0.685,gX:-0.916,gY:0.122,gZ:0.732
aX:-0.744,aY:0.024,aZ:-0.683,gX:-1.038,gY:-0.183,gZ:0.916
aX:-0.747,aY:0.026,aZ:-0.683,gX:-1.038,gY:-0.549,gZ:0.793
aX:-0.745,aY:0.026,aZ:-0.687,gX:-0.793,gY:-0.793,gZ:0.671
aX:-0.746,aY:0.024,aZ:-0.687,gX:-1.038,gY:-0.671,gZ:0.488
aX:-0.747,aY:0.024,aZ:-0.689,gX:-1.160,gY:-0.488,gZ:0.854
aX:-0.749,aY:0.027,aZ:-0.686,gX:-0.732,gY:-0.183,gZ:1.343
aX:-0.746,aY:0.030,aZ:-0.686,gX:-0.671,gY:0.244,gZ:1.160
aX:-0.744,aY:0.030,aZ:-0.686,gX:-0.793,gY:0.488,gZ:0.854
aX:-0.745,aY:0.028,aZ:-0.685,gX:-0.549,gY:0.793,gZ:0.793
aX:-0.747,aY:0.027,aZ:-0.687,gX:-0.916,gY:0.488,gZ:0.793
aX:-0.745,aY:0.026,aZ:-0.684,gX:-0.977,gY:0.183,gZ:0.854
aX:-0.747,aY:0.024,aZ:-0.687,gX:-0.610,gY:0.366,gZ:0.916
aX:-0.746,aY:0.023,aZ:-0.689,gX:-0.732,gY:0.427,gZ:0.732
aX:-0.745,aY:0.023,aZ:-0.687,gX:-1.038,gY:0.732,gZ:0.671
aX:-0.744,aY:0.025,aZ:-0.688,gX:-0.916,gY:0.854,gZ:0.732
aX:-0.745,aY:0.026,aZ:-0.689,gX:-0.854,gY:0.427,gZ:0.854
aX:-0.741,aY:0.026,aZ:-0.686,gX:-1.160,gY:0.305,gZ:0.916
aX:-0.743,aY:0.025,aZ:-0.685,gX:-0.671,gY:0.305,gZ:0.793
aX:-0.744,aY:0.023,aZ:-0.688,gX:-0.549,gY:0.122,gZ:0.916
aX:-0.744,aY:0.024,aZ:-0.690,gX:-1.099,gY:0.122,gZ:0.854
aX:-0.744,aY:0.025,aZ:-0.690,gX:-0.732,gY:0.000,gZ:0.916
aX:-0.744,aY:0.025,aZ:-0.690,gX:-0.671,gY:0.427,gZ:0.732
aX:-0.744,aY:0.026,aZ:-0.687,gX:-0.854,gY:1.038,gZ:0.671
aX:-0.746,aY:0.026,aZ:-0.685,gX:-0.549,gY:1.160,gZ:0.854
aX:-0.747,aY:0.026,aZ:-0.683,gX:-0.671,gY:1.221,gZ:0.977
aX:-0.746,aY:0.026,aZ:-0.685,gX:-1.099,gY:0.732,gZ:0.732
aX:-0.745,aY:0.027,aZ:-0.684,gX:-0.854,gY:0.427,gZ:0.671
aX:-0.745,aY:0.028,aZ:-0.685,gX:-0.732,gY:0.427,gZ:0.854
aX:-0.745,aY:0.029,aZ:-0.684,gX:-1.221,gY:0.183,gZ:0.671
aX:-0.744,aY:0.028,aZ:-0.685,gX:-0.854,gY:0.000,gZ:0.610
aX:-0.746,aY:0.026,aZ:-0.686,gX:-0.732,gY:0.000,gZ:0.732
aX:-0.745,aY:0.025,aZ:-0.685,gX:-1.099,gY:-0.244,gZ:0.793
aX:-0.747,aY:0.025,aZ:-0.685,gX:-0.977,gY:0.000,gZ:0.854
aX:-0.746,aY:0.024,aZ:-0.687,gX:-0.610,gY:0.305,gZ:1.038
aX:-0.746,aY:0.025,aZ:-0.688,gX:-0.854,gY:0.183,gZ:1.038
aX:-0.746,aY:0.026,aZ:-0.688,gX:-0.732,gY:0.305,gZ:1.221
aX:-0.745,aY:0.026,aZ:-0.687,gX:-0.366,gY:0.793,gZ:1.099
aX:-0.745,aY:0.027,aZ:-0.687,gX:-0.671,gY:0.793,gZ:0.610
aX:-0.746,aY:0.025,aZ:-0.687,gX:-0.671,gY:0.549,gZ:0.732
aX:-0.747,aY:0.025,aZ:-0.684,gX:-0.732,gY:0.671,gZ:0.793
aX:-0.744,aY:0.023,aZ:-0.682,gX:-1.221,gY:0.366,gZ:0.793
aX:-0.745,aY:0.025,aZ:-0.683,gX:-0.671,gY:0.061,gZ:0.732
aX:-0.747,aY:0.026,aZ:-0.686,gX:-0.793,gY:-0.244,gZ:0.488
aX:-0.745,aY:0.024,aZ:-0.689,gX:-1.465,gY:-0.427,gZ:0.671
aX:-0.743,aY:0.023,aZ:-0.689,gX:-0.977,gY:-0.122,gZ:0.854
aX:-0.746,aY:0.021,aZ:-0.687,gX:-0.671,gY:0.366,gZ:0.854
aX:-0.746,aY:0.025,aZ:-0.686,gX:-0.732,gY:0.427,gZ:1.038
aX:-0.745,aY:0.029,aZ:-0.688,gX:-0.488,gY:0.366,gZ:0.793
aX:-0.743,aY:0.029,aZ:-0.688,gX:-0.366,gY:0.366,gZ:0.793
aX:-0.744,aY:0.027,aZ:-0.685,gX:-1.160,gY:0.916,gZ:0.610
aX:-0.745,aY:0.027,aZ:-0.682,gX:-1.221,gY:1.038,gZ:0.610
aX:-0.745,aY:0.026,aZ:-0.684,gX:-0.977,gY:0.122,gZ:0.732
aX:-0.746,aY:0.026,aZ:-0.686,gX:-1.038,gY:-0.488,gZ:0.793
aX:-0.746,aY:0.025,aZ:-0.686,gX:-0.854,gY:-0.732,gZ:0.732
aX:-0.744,aY:0.024,aZ:-0.689,gX:-0.488,gY:-0.122,gZ:0.793
aX:-0.745,aY:0.026,aZ:-0.688,gX:-0.916,gY:0.549,gZ:0.916
aX:-0.746,aY:0.026,aZ:-0.689,gX:-0.671,gY:1.099,gZ:0.793
aX:-0.744,aY:0.025,aZ:-0.687,gX:-0.793,gY:1.038,gZ:0.793
aX:-0.742,aY:0.025,aZ:-0.687,gX:-1.160,gY:0.610,gZ:0.732
aX:-0.744,aY:0.026,aZ:-0.686,gX:-0.793,gY:0.427,gZ:0.793
aX:-0.743,aY:0.027,aZ:-0.689,gX:-0.549,gY:0.488,gZ:0.977
aX:-0.745,aY:0.027,aZ:-0.687,gX:-0.732,gY:0.549,gZ:0.916
aX:-0.745,aY:0.027,aZ:-0.685,gX:-0.671,gY:0.305,gZ:0.977
aX:-0.746,aY:0.026,aZ:-0.686,gX:-0.732,gY:0.366,gZ:0.793
aX:-0.746,aY:0.026,aZ:-0.684,gX:-0.916,gY:0.366,gZ:0.854
aX:-0.745,aY:0.026,aZ:-0.687,gX:-0.671,gY:0.671,gZ:0.854
aX:-0.748,aY:0.026,aZ:-0.686,gX:-0.610,gY:0.549,gZ:1.221
aX:-0.747,aY:0.025,aZ:-0.683,gX:-0.854,gY:0.793,gZ:1.038
aX:-0.747,aY:0.027,aZ:-0.684,gX:-0.793,gY:0.854,gZ:0.732
aX:-0.746,aY:0.025,aZ:-0.684,gX:-0.610,gY:1.221,gZ:0.793
aX:-0.745,aY:0.025,aZ:-0.683,gX:-0.671,gY:1.221,gZ:0.854
aX:-0.746,aY:0.024,aZ:-0.685,gX:-0.793,gY:1.038,gZ:0.793
aX:-0.746,aY:0.026,aZ:-0.684,gX:-0.732,gY:1.160,gZ:0.488
aX:-0.746,aY:0.026,aZ:-0.682,gX:-0.732,gY:1.099,gZ:0.549
aX:-0.747,aY:0.026,aZ:-0.683,gX:-0.793,gY:0.732,gZ:0.549
aX:-0.746,aY:0.028,aZ:-0.684,gX:-0.549,gY:0.732,gZ:0.610
aX:-0.746,aY:0.027,aZ:-0.685,gX:-0.549,gY:0.854,gZ:0.793
aX:-0.749,aY:0.027,aZ:-0.684,gX:-0.610,gY:0.977,gZ:0.732
aX:-0.746,aY:0.027,aZ:-0.684,gX:-0.671,gY:0.732,gZ:0.610
aX:-0.745,aY:0.027,aZ:-0.682,gX:-0.854,gY:0.549,gZ:0.671
aX:-0.747,aY:0.027,aZ:-0.684,gX:-1.038,gY:0.549,gZ:0.549
aX:-0.748,aY:0.026,aZ:-0.685,gX:-1.038,gY:0.610,gZ:0.732
aX:-0.747,aY:0.023,aZ:-0.684,gX:-1.099,gY:0.488,gZ:0.916
aX:-0.747,aY:0.025,aZ:-0.682,gX:-1.221,gY:0.305,gZ:0.549
aX:-0.748,aY:0.027,aZ:-0.682,gX:-0.916,gY:0.183,gZ:0.488
aX:-0.746,aY:0.028,aZ:-0.688,gX:-0.916,gY:-0.183,gZ:0.427
aX:-0.746,aY:0.026,aZ:-0.687,gX:-1.160,gY:-0.244,gZ:0.488
aX:-0.747,aY:0.025,aZ:-0.684,gX:-0.854,gY:0.366,gZ:0.793
aX:-0.748,aY:0.027,aZ:-0.684,gX:-0.793,gY:0.793,gZ:0.793
aX:-0.747,aY:0.031,aZ:-0.683,gX:-0.732,gY:0.427,gZ:0.793
aX:-0.748,aY:0.032,aZ:-0.683,gX:-0.793,gY:0.366,gZ:0.488
aX:-0.750,aY:0.031,aZ:-0.685,gX:-0.610,gY:0.610,gZ:0.549
aX:-0.749,aY:0.029,aZ:-0.681,gX:-1.282,gY:0.732,gZ:0.732
aX:-0.748,aY:0.026,aZ:-0.679,gX:-1.038,gY:0.305,gZ:0.793
aX:-0.751,aY:0.023,aZ:-0.681,gX:-0.916,gY:-0.061,gZ:0.793
aX:-0.749,aY:0.023,aZ:-0.684,gX:-1.160,gY:-0.366,gZ:0.549
aX:-0.748,aY:0.026,aZ:-0.686,gX:-1.099,gY:-0.244,gZ:0.732
aX:-0.746,aY:0.027,aZ:-0.683,gX:-0.793,gY:0.244,gZ:0.916
aX:-0.747,aY:0.026,aZ:-0.681,gX:-1.160,gY:0.366,gZ:0.854
aX:-0.747,aY:0.027,aZ:-0.683,gX:-0.793,gY:-0.122,gZ:0.854
aX:-0.747,aY:0.025,aZ:-0.685,gX:-1.160,gY:-0.488,gZ:0.793
aX:-0.747,aY:0.023,aZ:-0.686,gX:-1.587,gY:-0.427,gZ:1.038
aX:-0.746,aY:0.025,aZ:-0.683,gX:-1.526,gY:-0.183,gZ:1.099
aX:-0.747,aY:0.027,aZ:-0.683,gX:-1.099,gY:-0.183,gZ:0.671
aX:-0.748,aY:0.028,aZ:-0.685,gX:-1.343,gY:-0.854,gZ:0.427
aX:-0.747,aY:0.027,aZ:-0.687,gX:-1.404,gY:-0.916,gZ:0.488
aX:-0.748,aY:0.026,aZ:-0.688,gX:-1.221,gY:-0.732,gZ:0.732
aX:-0.747,aY:0.026,aZ:-0.686,gX:-1.892,gY:-0.305,gZ:0.427
aX:-0.746,aY:0.027,aZ:-0.688,gX:-1.343,gY:-0.061,gZ:0.305
aX:-0.748,aY:0.029,aZ:-0.686,gX:-0.916,gY:0.122,gZ:0.244
aX:-0.747,aY:0.029,aZ:-0.685,gX:-1.709,gY:0.427,gZ:-0.061
aX:-0.746,aY:0.027,aZ:-0.682,gX:-1.526,gY:0.061,gZ:-0.122
aX:-0.745,aY:0.029,aZ:-0.681,gX:-1.587,gY:-0.366,gZ:0.122
aX:-0.744,aY:0.030,aZ:-0.682,gX:-2.075,gY:-0.793,gZ:0.183
aX:-0.744,aY:0.031,aZ:-0.684,gX:-1.770,gY:-1.038,gZ:0.305
aX:-0.746,aY:0.029,aZ:-0.688,gX:-1.282,gY:-1.160,gZ:0.488
aX:-0.743,aY:0.026,aZ:-0.690,gX:-1.587,gY:-1.343,gZ:0.610
aX:-0.744,aY:0.023,aZ:-0.692,gX:-1.526,gY:-1.221,gZ:0.793
aX:-0.741,aY:0.022,aZ:-0.692,gX:-1.221,gY:-1.038,gZ:0.916
aX:-0.740,aY:0.024,aZ:-0.690,gX:-1.526,gY:-0.732,gZ:0.732
aX:-0.741,aY:0.027,aZ:-0.689,gX:-1.282,gY:-0.183,gZ:0.549
aX:-0.740,aY:0.027,aZ:-0.687,gX:-1.343,gY:-0.305,gZ:0.488
aX:-0.742,aY:0.023,aZ:-0.688,gX:-1.831,gY:-1.099,gZ:0.488
aX:-0.744,aY:0.021,aZ:-0.692,gX:-1.160,gY:-1.526,gZ:0.549
aX:-0.744,aY:0.022,aZ:-0.694,gX:-1.160,gY:-1.404,gZ:0.488
aX:-0.744,aY:0.025,aZ:-0.693,gX:-1.709,gY:-0.549,gZ:0.183
aX:-0.742,aY:0.028,aZ:-0.689,gX:-1.038,gY:-0.183,gZ:0.244
aX:-0.740,aY:0.030,aZ:-0.686,gX:-0.977,gY:-0.549,gZ:0.366
aX:-0.739,aY:0.028,aZ:-0.686,gX:-1.221,gY:-1.526,gZ:0.427
aX:-0.739,aY:0.025,aZ:-0.691,gX:-1.404,gY:-1.892,gZ:0.488
aX:-0.742,aY:0.021,aZ:-0.693,gX:-1.038,gY:-1.709,gZ:0.732
aX:-0.743,aY:0.021,aZ:-0.693,gX:-1.526,gY:-1.160,gZ:0.916
aX:-0.741,aY:0.024,aZ:-0.692,gX:-1.160,gY:-0.916,gZ:0.916
aX:-0.740,aY:0.027,aZ:-0.693,gX:-0.916,gY:-0.793,gZ:0.488
aX:-0.740,aY:0.027,aZ:-0.692,gX:-1.343,gY:-0.732,gZ:0.305
aX:-0.737,aY:0.027,aZ:-0.695,gX:-1.099,gY:-0.610,gZ:0.366
aX:-0.735,aY:0.025,aZ:-0.697,gX:-0.977,gY:-0.610,gZ:0.427
aX:-0.735,aY:0.023,aZ:-0.696,gX:-1.038,gY:-0.305,gZ:0.488
aX:-0.738,aY:0.023,aZ:-0.695,gX:-1.282,gY:0.122,gZ:0.427
aX:-0.739,aY:0.024,aZ:-0.697,gX:-0.977,gY:0.488,gZ:0.244
aX:-0.737,aY:0.026,aZ:-0.696,gX:-1.160,gY:0.305,gZ:0.183
aX:-0.738,aY:0.026,aZ:-0.695,gX:-1.221,gY:0.427,gZ:0.122
aX:-0.735,aY:0.026,aZ:-0.693,gX:-1.038,gY:0.244,gZ:0.061
aX:-0.736,aY:0.023,aZ:-0.692,gX:-1.282,gY:0.122,gZ:0.305
aX:-0.737,aY:0.024,aZ:-0.693,gX:-1.343,gY:-0.061,gZ:0.183
aX:-0.737,aY:0.026,aZ:-0.693,gX:-1.160,gY:-0.427,gZ:0.244
aX:-0.736,aY:0.026,aZ:-0.695,gX:-1.221,gY:-0.793,gZ:0.366
aX:-0.735,aY:0.028,aZ:-0.699,gX:-1.343,gY:-1.343,gZ:0.549
aX:-0.737,aY:0.029,aZ:-0.697,gX:-1.160,gY:-0.732,gZ:0.549
aX:-0.738,aY:0.027,aZ:-0.697,gX:-1.099,gY:-0.061,gZ:0.549
aX:-0.738,aY:0.026,aZ:-0.696,gX:-1.160,gY:0.061,gZ:0.427
aX:-0.738,aY:0.026,aZ:-0.695,gX:-1.221,gY:0.244,gZ:0.427
aX:-0.737,aY:0.026,aZ:-0.695,gX:-1.221,gY:0.061,gZ:0.427
aX:-0.737,aY:0.027,aZ:-0.694,gX:-1.099,gY:-0.366,gZ:0.305
aX:-0.737,aY:0.028,aZ:-0.694,gX:-1.160,gY:-0.366,gZ:0.183
aX:-0.737,aY:0.027,aZ:-0.694,gX:-0.977,gY:-0.427,gZ:0.427
aX:-0.737,aY:0.026,aZ:-0.697,gX:-1.404,gY:0.000,gZ:0.488
aX:-0.737,aY:0.026,aZ:-0.698,gX:-1.038,gY:0.061,gZ:0.610
aX:-0.735,aY:0.027,aZ:-0.695,gX:-1.282,gY:0.305,gZ:0.610
aX:-0.734,aY:0.028,aZ:-0.694,gX:-1.404,gY:0.488,gZ:0.671
aX:-0.736,aY:0.026,aZ:-0.696,gX:-1.099,gY:0.427,gZ:0.916
aX:-0.733,aY:0.024,aZ:-0.697,gX:-1.282,gY:0.305,gZ:1.038
aX:-0.737,aY:0.022,aZ:-0.698,gX:-1.099,gY:0.000,gZ:0.916
aX:-0.738,aY:0.022,aZ:-0.699,gX:-0.916,gY:0.244,gZ:0.854
aX:-0.736,aY:0.023,aZ:-0.698,gX:-0.732,gY:0.122,gZ:0.793
aX:-0.735,aY:0.024,aZ:-0.697,gX:-1.160,gY:0.305,gZ:0.427
aX:-0.734,aY:0.026,aZ:-0.696,gX:-0.916,gY:0.427,gZ:0.488
aX:-0.737,aY:0.027,aZ:-0.697,gX:-1.221,gY:0.305,gZ:0.732
aX:-0.737,aY:0.025,aZ:-0.696,gX:-1.160,gY:0.061,gZ:0.671
aX:-0.738,aY:0.023,a