Accelerometer sample rate = 119.00 Hz
Gyroscope sample rate = 119.00 Hz

aX:-0.872,aY:0.004,aZ:-0.175,gX:-29.175,gY:14.465,gZ:2.319
aX:-0.927,aY:0.023,aZ:-0.212,gX:-13.184,gY:-2.258,gZ:-2.686
aX:-0.989,aY:0.020,aZ:-0.193,gX:15.076,gY:7.019,gZ:-4.700
aX:-0.989,aY:0.031,aZ:-0.187,gX:2.014,gY:0.183,gZ:1.831
aX:-0.986,aY:0.043,aZ:-0.191,gX:3.296,gY:-0.671,gZ:1.526
aX:-0.986,aY:0.047,aZ:-0.199,gX:4.395,gY:-1.282,gZ:1.343
aX:-0.984,aY:0.051,aZ:-0.196,gX:5.798,gY:-1.221,gZ:1.282
aX:-0.979,aY:0.054,aZ:-0.198,gX:7.751,gY:-1.099,gZ:1.770
aX:-0.981,aY:0.046,aZ:-0.204,gX:9.033,gY:-1.892,gZ:2.380
aX:-0.986,aY:0.031,aZ:-0.206,gX:10.193,gY:-2.380,gZ:2.380
aX:-0.993,aY:0.008,aZ:-0.214,gX:10.132,gY:-2.563,gZ:2.075
aX:-1.000,aY:-0.013,aZ:-0.205,gX:9.399,gY:-2.380,gZ:1.587
aX:-0.994,aY:-0.027,aZ:-0.194,gX:7.812,gY:-1.404,gZ:0.916
aX:-0.988,aY:-0.032,aZ:-0.186,gX:6.104,gY:-0.366,gZ:0.671
aX:-0.982,aY:-0.026,aZ:-0.182,gX:4.395,gY:0.000,gZ:0.854
aX:-0.973,aY:-0.007,aZ:-0.173,gX:2.380,gY:0.305,gZ:1.709
aX:-0.972,aY:0.006,aZ:-0.169,gX:0.916,gY:0.244,gZ:2.747
aX:-0.974,aY:0.026,aZ:-0.165,gX:0.732,gY:-0.671,gZ:3.662
aX:-0.969,aY:0.039,aZ:-0.177,gX:1.648,gY:-2.136,gZ:3.967
aX:-0.976,aY:0.050,aZ:-0.198,gX:3.174,gY:-3.296,gZ:4.333
aX:-0.989,aY:0.046,aZ:-0.208,gX:5.615,gY:-3.845,gZ:5.127
aX:-0.998,aY:0.021,aZ:-0.222,gX:7.324,gY:-4.089,gZ:5.676
aX:-1.004,aY:-0.001,aZ:-0.222,gX:9.338,gY:-3.723,gZ:5.310
aX:-1.011,aY:-0.009,aZ:-0.224,gX:10.925,gY:-2.747,gZ:4.639
aX:-1.029,aY:-0.022,aZ:-0.227,gX:11.292,gY:-2.197,gZ:2.563
aX:-1.042,aY:-0.018,aZ:-0.231,gX:11.536,gY:-1.770,gZ:-0.366
aX:-1.028,aY:-0.005,aZ:-0.240,gX:13.245,gY:-0.977,gZ:-2.258
aX:-0.999,aY:0.014,aZ:-0.259,gX:16.907,gY:-0.061,gZ:-3.235
aX:-0.984,aY:0.037,aZ:-0.261,gX:20.508,gY:0.671,gZ:-3.296
aX:-0.979,aY:0.036,aZ:-0.266,gX:22.766,gY:1.404,gZ:-2.808
aX:-0.967,aY:0.010,aZ:-0.279,gX:25.269,gY:1.648,gZ:-2.808
aX:-0.953,aY:-0.027,aZ:-0.272,gX:27.405,gY:0.061,gZ:-3.418
aX:-0.938,aY:-0.074,aZ:-0.240,gX:28.198,gY:-0.305,gZ:-3.845
aX:-0.912,aY:-0.109,aZ:-0.166,gX:28.687,gY:1.526,gZ:-2.991
aX:-0.901,aY:-0.120,aZ:-0.107,gX:28.137,gY:3.357,gZ:-1.648
aX:-0.927,aY:-0.106,aZ:-0.093,gX:26.550,gY:1.465,gZ:1.099
aX:-0.975,aY:-0.068,aZ:-0.110,gX:25.635,gY:-2.441,gZ:4.700
aX:-1.029,aY:-0.034,aZ:-0.141,gX:25.024,gY:-6.714,gZ:6.714
aX:-1.086,aY:0.003,aZ:-0.159,gX:26.001,gY:-10.071,gZ:10.010
aX:-1.088,aY:0.012,aZ:-0.136,gX:30.823,gY:-6.958,gZ:10.986
aX:-1.098,aY:0.027,aZ:-0.104,gX:34.363,gY:-4.883,gZ:11.780
aX:-1.073,aY:-0.009,aZ:-0.129,gX:35.217,gY:-3.601,gZ:14.404
aX:-1.061,aY:-0.084,aZ:-0.137,gX:36.621,gY:-0.610,gZ:16.907
aX:-1.013,aY:-0.100,aZ:-0.140,gX:36.560,gY:3.235,gZ:19.531
aX:-0.970,aY:-0.076,aZ:-0.113,gX:36.377,gY:6.287,gZ:21.912
aX:-0.935,aY:-0.054,aZ:-0.108,gX:38.147,gY:5.676,gZ:24.048
aX:-0.920,aY:-0.054,aZ:-0.112,gX:41.077,gY:2.869,gZ:21.851
aX:-0.913,aY:-0.057,aZ:-0.140,gX:43.457,gY:1.038,gZ:18.616
aX:-0.922,aY:-0.092,aZ:-0.156,gX:45.654,gY:-1.038,gZ:17.273
aX:-0.955,aY:-0.107,aZ:-0.156,gX:48.950,gY:-2.258,gZ:17.761
aX:-0.978,aY:-0.128,aZ:-0.161,gX:52.795,gY:-3.113,gZ:19.836
aX:-0.986,aY:-0.124,aZ:-0.163,gX:55.481,gY:-1.160,gZ:21.729
aX:-0.958,aY:-0.103,aZ:-0.165,gX:56.702,gY:3.296,gZ:23.621
aX:-0.935,aY:-0.079,aZ:-0.177,gX:61.157,gY:4.761,gZ:26.794
aX:-0.900,aY:-0.087,aZ:-0.192,gX:64.453,gY:3.662,gZ:28.564
aX:-0.902,aY:-0.126,aZ:-0.199,gX:67.444,gY:3.601,gZ:28.931
aX:-0.912,aY:-0.208,aZ:-0.220,gX:68.420,gY:3.113,gZ:28.503
aX:-0.933,aY:-0.309,aZ:-0.225,gX:68.481,gY:1.282,gZ:27.405
aX:-0.969,aY:-0.363,aZ:-0.233,gX:68.237,gY:0.244,gZ:26.794
aX:-0.976,aY:-0.399,aZ:-0.221,gX:65.613,gY:1.038,gZ:28.076
aX:-0.972,aY:-0.405,aZ:-0.179,gX:64.880,gY:2.197,gZ:30.823
aX:-0.957,aY:-0.351,aZ:-0.175,gX:63.538,gY:0.122,gZ:32.532
aX:-0.942,aY:-0.300,aZ:-0.183,gX:64.880,gY:-1.892,gZ:32.410
aX:-0.908,aY:-0.192,aZ:-0.208,gX:67.749,gY:-3.174,gZ:32.532
aX:-0.873,aY:-0.122,aZ:-0.229,gX:70.251,gY:-5.371,gZ:34.241
aX:-0.889,aY:-0.003,aZ:-0.249,gX:77.087,gY:-9.888,gZ:38.086
aX:-0.858,aY:0.115,aZ:-0.338,gX:85.266,gY:-15.198,gZ:41.870
aX:-0.901,aY:0.121,aZ:-0.458,gX:89.233,gY:-21.423,gZ:49.133
aX:-0.988,aY:0.053,aZ:-0.572,gX:88.806,gY:-25.269,gZ:60.303
aX:-1.081,aY:-0.050,aZ:-0.537,gX:85.632,gY:-18.982,gZ:65.613
aX:-1.055,aY:-0.198,aZ:-0.466,gX:83.069,gY:-3.052,gZ:63.660
aX:-0.972,aY:-0.257,aZ:-0.362,gX:77.881,gY:8.179,gZ:54.199
aX:-0.931,aY:-0.266,aZ:-0.266,gX:76.050,gY:16.479,gZ:41.504
aX:-0.903,aY:-0.245,aZ:-0.260,gX:76.111,gY:17.151,gZ:26.428
aX:-0.941,aY:-0.173,aZ:-0.233,gX:76.111,gY:6.409,gZ:17.029
aX:-0.954,aY:-0.127,aZ:-0.264,gX:75.989,gY:-5.737,gZ:16.541
aX:-0.901,aY:-0.045,aZ:-0.251,gX:65.369,gY:-12.268,gZ:19.226
aX:-0.810,aY:-0.035,aZ:-0.261,gX:53.528,gY:-13.794,gZ:25.085
aX:-0.791,aY:-0.083,aZ:-0.309,gX:38.391,gY:-20.691,gZ:31.677
aX:-0.828,aY:-0.135,aZ:-0.345,gX:27.100,gY:-19.531,gZ:44.373
aX:-0.873,aY:-0.144,aZ:-0.356,gX:24.597,gY:-10.376,gZ:57.922
aX:-0.846,aY:-0.138,aZ:-0.362,gX:22.339,gY:-2.991,gZ:62.439
aX:-0.812,aY:-0.162,aZ:-0.306,gX:27.527,gY:-1.892,gZ:63.660
aX:-0.776,aY:-0.191,aZ:-0.292,gX:34.912,gY:-5.371,gZ:59.204
aX:-0.725,aY:-0.186,aZ:-0.311,gX:41.992,gY:-13.611,gZ:52.856
aX:-0.714,aY:-0.192,aZ:-0.333,gX:47.424,gY:-18.738,gZ:50.659
aX:-0.672,aY:-0.151,aZ:-0.376,gX:55.054,gY:-13.672,gZ:54.443
aX:-0.661,aY:-0.103,aZ:-0.380,gX:59.937,gY:-9.949,gZ:60.242
aX:-0.661,aY:-0.155,aZ:-0.442,gX:60.486,gY:-4.089,gZ:65.491
aX:-0.690,aY:-0.301,aZ:-0.407,gX:59.570,gY:1.465,gZ:69.946
aX:-0.698,aY:-0.416,aZ:-0.328,gX:57.861,gY:11.169,gZ:71.167
aX:-0.710,aY:-0.508,aZ:-0.322,gX:48.767,gY:12.695,gZ:63.293
aX:-0.785,aY:-0.548,aZ:-0.294,gX:44.495,gY:5.127,gZ:51.697
aX:-0.797,aY:-0.492,aZ:-0.361,gX:44.434,gY:-2.197,gZ:38.086
aX:-0.810,aY:-0.385,aZ:-0.433,gX:37.231,gY:-17.639,gZ:26.245
aX:-0.767,aY:-0.342,aZ:-0.448,gX:33.936,gY:-15.686,gZ:20.325
aX:-0.754,aY:-0.355,aZ:-0.439,gX:28.320,gY:-8.667,gZ:19.836
aX:-0.812,aY:-0.421,aZ:-0.415,gX:20.142,gY:-6.042,gZ:21.118
aX:-0.878,aY:-0.438,aZ:-0.424,gX:10.620,gY:-4.395,gZ:19.165
aX:-0.880,aY:-0.376,aZ:-0.485,gX:4.517,gY:-6.165,gZ:13.550
aX:-0.870,aY:-0.325,aZ:-0.525,gX:2.075,gY:-7.568,gZ:9.521
aX:-0.842,aY:-0.286,aZ:-0.513,gX:-0.916,gY:-0.183,gZ:3.662
aX:-0.865,aY:-0.287,aZ:-0.471,gX:-1.282,gY:5.920,gZ:-1.099
aX:-0.945,aY:-0.318,aZ:-0.474,gX:0.977,gY:5.066,gZ:-4.883
aX:-0.964,aY:-0.315,aZ:-0.528,gX:0.916,gY:3.906,gZ:-10.986
aX:-0.930,aY:-0.304,aZ:-0.562,gX:0.793,gY:7.629,gZ:-16.968
aX:-0.907,aY:-0.341,aZ:-0.557,gX:0.854,gY:16.174,gZ:-23.071
aX:-0.945,aY:-0.365,aZ:-0.452,gX:0.549,gY:25.818,gZ:-27.283
aX:-0.927,aY:-0.345,aZ:-0.428,gX:-1.648,gY:30.090,gZ:-31.860
aX:-0.894,aY:-0.282,aZ:-0.480,gX:-5.859,gY:27.588,gZ:-35.950
aX:-0.942,aY:-0.251,aZ:-0.448,gX:-5.188,gY:27.832,gZ:-39.246
aX:-0.956,aY:-0.269,aZ:-0.437,gX:-5.310,gY:32.593,gZ:-42.725
aX:-1.001,aY:-0.289,aZ:-0.427,gX:-8.972,gY:32.532,gZ:-42.664
aX:-1.048,aY:-0.286,aZ:-0.405,gX:-8.789,gY:33.508,gZ:-39.917
aX:-1.059,aY:-0.253,aZ:-0.407,gX:-7.690,gY:35.339,gZ:-38.147
aX:-1.067,aY:-0.228,aZ:-0.401,gX:-5.249,gY:40.771,gZ:-37.170
aX:-1.052,aY:-0.209,aZ:-0.332,gX:-1.587,gY:49.561,gZ:-37.964
aX:-1.052,aY:-0.202,aZ:-0.284,gX:0.549,gY:51.636,gZ:-39.001
aX:-1.046,aY:-0.191,aZ:-0.364,gX:-0.610,gY:46.753,gZ:-37.598
aX:-1.052,aY:-0.220,aZ:-0.334,gX:1.465,gY:51.392,gZ:-33.691
aX:-1.079,aY:-0.235,aZ:-0.257,gX:4.578,gY:60.974,gZ:-30.823
aX:-1.070,aY:-0.224,aZ:-0.268,gX:2.808,gY:64.941,gZ:-28.137
aX:-1.096,aY:-0.205,aZ:-0.231,gX:2.930,gY:64.026,gZ:-23.926
aX:-1.073,aY:-0.175,aZ:-0.209,gX:4.456,gY:66.284,gZ:-18.982
aX:-1.079,aY:-0.155,aZ:-0.171,gX:1.404,gY:67.444,gZ:-15.320
aX:-1.054,aY:-0.131,aZ:-0.170,gX:2.075,gY:68.848,gZ:-15.381
aX:-1.023,aY:-0.130,aZ:-0.142,gX:4.150,gY:64.575,gZ:-16.174
aX:-0.999,aY:-0.176,aZ:-0.137,gX:4.700,gY:59.387,gZ:-16.846
aX:-1.019,aY:-0.195,aZ:-0.034,gX:3.052,gY:64.636,gZ:-15.808
aX:-1.001,aY:-0.170,aZ:-0.002,gX:3.357,gY:68.848,gZ:-12.756
aX:-1.002,aY:-0.142,aZ:0.028,gX:1.953,gY:59.875,gZ:-11.108
aX:-0.995,aY:-0.094,aZ:0.064,gX:4.333,gY:51.453,gZ:-8.789
aX:-0.978,aY:-0.039,aZ:0.069,gX:2.747,gY:43.152,gZ:-7.812
aX:-1.030,aY:-0.017,aZ:0.040,gX:0.366,gY:39.734,gZ:-6.531
aX:-1.079,aY:-0.037,aZ:0.069,gX:2.014,gY:46.448,gZ:-3.235
aX:-1.087,aY:-0.075,aZ:0.078,gX:2.808,gY:47.058,gZ:-1.587
aX:-1.100,aY:-0.120,aZ:0.074,gX:1.465,gY:44.983,gZ:-1.770
aX:-1.109,aY:-0.154,aZ:0.100,gX:-0.793,gY:49.683,gZ:-3.052
aX:-1.094,aY:-0.164,aZ:0.083,gX:-5.005,gY:49.255,gZ:-4.944
aX:-1.093,aY:-0.139,aZ:0.078,gX:-6.287,gY:47.546,gZ:-6.409
aX:-1.080,aY:-0.096,aZ:0.090,gX:-7.202,gY:47.974,gZ:-5.859
aX:-1.060,aY:-0.075,aZ:0.119,gX:-8.301,gY:52.795,gZ:-4.333
aX:-1.031,aY:-0.046,aZ:0.160,gX:-10.315,gY:60.181,gZ:-3.967
aX:-0.946,aY:-0.039,aZ:0.210,gX:-12.085,gY:62.317,gZ:-2.502
aX:-0.888,aY:-0.068,aZ:0.217,gX:-11.475,gY:57.556,gZ:-0.305
aX:-0.845,aY:-0.038,aZ:0.241,gX:-9.766,gY:53.589,gZ:1.831
aX:-0.825,aY:-0.024,aZ:0.197,gX:-12.390,gY:44.250,gZ:5.798
aX:-0.952,aY:-0.025,aZ:0.184,gX:-13.000,gY:35.461,gZ:13.367
aX:-1.068,aY:-0.043,aZ:0.187,gX:-16.785,gY:41.687,gZ:18.921
aX:-1.059,aY:-0.107,aZ:0.193,gX:-20.386,gY:49.011,gZ:19.714
aX:-1.077,aY:-0.144,aZ:0.196,gX:-19.775,gY:44.983,gZ:17.578
aX:-1.068,aY:-0.111,aZ:0.208,gX:-17.639,gY:42.908,gZ:13.733
aX:-0.998,aY:-0.042,aZ:0.213,gX:-15.564,gY:41.931,gZ:11.169
aX:-0.936,aY:0.013,aZ:0.215,gX:-10.071,gY:39.429,gZ:14.038
aX:-0.914,aY:0.012,aZ:0.262,gX:-7.019,gY:39.063,gZ:20.325
aX:-0.904,aY:-0.036,aZ:0.335,gX:-10.498,gY:46.753,gZ:25.574
aX:-0.858,aY:-0.108,aZ:0.382,gX:-15.320,gY:50.354,gZ:28.992
aX:-0.861,aY:-0.127,aZ:0.397,gX:-16.418,gY:40.527,gZ:31.860
aX:-0.904,aY:-0.112,aZ:0.389,gX:-16.907,gY:33.142,gZ:34.546
aX:-0.975,aY:-0.113,aZ:0.384,gX:-18.372,gY:34.546,gZ:37.354
aX:-0.988,aY:-0.152,aZ:0.384,gX:-18.372,gY:43.030,gZ:39.063
aX:-0.975,aY:-0.198,aZ:0.372,gX:-19.043,gY:46.509,gZ:36.194
aX:-0.906,aY:-0.186,aZ:0.385,gX:-16.724,gY:49.011,gZ:32.471
aX:-0.851,aY:-0.142,aZ:0.409,gX:-12.390,gY:48.096,gZ:31.250
aX:-0.846,aY:-0.091,aZ:0.437,gX:-8.911,gY:48.096,gZ:32.715
aX:-0.833,aY:-0.111,aZ:0.462,gX:-7.935,gY:49.194,gZ:35.034
aX:-0.790,aY:-0.196,aZ:0.480,gX:-7.812,gY:47.913,gZ:37.354
aX:-0.832,aY:-0.270,aZ:0.484,gX:-11.108,gY:46.326,gZ:41.748
aX:-0.857,aY:-0.271,aZ:0.516,gX:-16.541,gY:50.598,gZ:46.814
aX:-0.880,aY:-0.295,aZ:0.520,gX:-17.578,gY:48.462,gZ:48.584
aX:-0.864,aY:-0.288,aZ:0.500,gX:-16.357,gY:43.640,gZ:46.814
aX:-0.789,aY:-0.249,aZ:0.462,gX:-15.015,gY:41.321,gZ:42.908
aX:-0.720,aY:-0.231,aZ:0.480,gX:-10.864,gY:40.222,gZ:41.931
aX:-0.733,aY:-0.229,aZ:0.536,gX:-10.681,gY:40.771,gZ:45.410
aX:-0.760,aY:-0.244,aZ:0.563,gX:-12.695,gY:40.894,gZ:51.270
aX:-0.843,aY:-0.248,aZ:0.584,gX:-17.029,gY:37.903,gZ:52.795
aX:-0.866,aY:-0.210,aZ:0.561,gX:-19.531,gY:38.513,gZ:47.729
aX:-0.799,aY:-0.230,aZ:0.530,gX:-17.578,gY:37.781,gZ:41.443
aX:-0.677,aY:-0.266,aZ:0.500,gX:-15.259,gY:35.217,gZ:33.264
aX:-0.542,aY:-0.300,aZ:0.513,gX:-14.404,gY:30.823,gZ:31.250
aX:-0.538,aY:-0.279,aZ:0.525,gX:-15.015,gY:24.475,gZ:31.372
aX:-0.520,aY:-0.285,aZ:0.589,gX:-17.639,gY:25.879,gZ:29.053
aX:-0.531,aY:-0.302,aZ:0.666,gX:-23.010,gY:19.775,gZ:21.179
aX:-0.506,aY:-0.311,aZ:0.569,gX:-23.193,gY:9.155,gZ:9.827
aX:-0.508,aY:-0.330,aZ:0.597,gX:-24.597,gY:-6.226,gZ:0.854
aX:-0.579,aY:-0.376,aZ:0.635,gX:-28.870,gY:-3.845,gZ:1.831
aX:-0.681,aY:-0.404,aZ:0.653,gX:-33.813,gY:10.437,gZ:5.249
aX:-0.706,aY:-0.427,aZ:0.661,gX:-33.569,gY:21.790,gZ:4.944
aX:-0.700,aY:-0.499,aZ:0.680,gX:-34.363,gY:18.982,gZ:1.404
aX:-0.640,aY:-0.516,aZ:0.658,gX:-38.635,gY:19.653,gZ:0.305
aX:-0.568,aY:-0.469,aZ:0.702,gX:-38.086,gY:24.353,gZ:-1.160
aX:-0.582,aY:-0.429,aZ:0.758,gX:-37.354,gY:27.466,gZ:-1.465
aX:-0.623,aY:-0.453,aZ:0.789,gX:-40.527,gY:29.846,gZ:-1.160
aX:-0.635,aY:-0.451,aZ:0.761,gX:-48.889,gY:25.940,gZ:-1.587
aX:-0.651,aY:-0.430,aZ:0.739,gX:-49.805,gY:26.978,gZ:-3.601
aX:-0.600,aY:-0.351,aZ:0.708,gX:-49.316,gY:31.433,gZ:-7.446
aX:-0.537,aY:-0.245,aZ:0.774,gX:-52.063,gY:37.109,gZ:-10.132
aX:-0.483,aY:-0.198,aZ:0.810,gX:-52.734,gY:42.969,gZ:-12.939
aX:-0.510,aY:-0.182,aZ:0.894,gX:-51.514,gY:45.715,gZ:-13.794
aX:-0.511,aY:-0.128,aZ:0.916,gX:-51.147,gY:52.368,gZ:-13.123
aX:-0.457,aY:-0.079,aZ:0.896,gX:-48.462,gY:58.655,gZ:-16.113
aX:-0.397,aY:-0.049,aZ:0.833,gX:-44.861,gY:54.871,gZ:-22.217
aX:-0.381,aY:-0.081,aZ:0.841,gX:-41.504,gY:51.025,gZ:-23.560
aX:-0.432,aY:-0.057,aZ:0.866,gX:-44.983,gY:52.368,gZ:-21.057
aX:-0.473,aY:-0.057,aZ:0.879,gX:-51.880,gY:55.176,gZ:-16.724
aX:-0.469,aY:-0.028,aZ:0.807,gX:-56.946,gY:54.138,gZ:-14.771
aX:-0.441,aY:-0.004,aZ:0.778,gX:-61.523,gY:50.537,gZ:-14.709
aX:-0.439,aY:0.054,aZ:0.859,gX:-61.646,gY:49.438,gZ:-13.428
aX:-0.383,aY:0.144,aZ:0.964,gX:-58.228,gY:53.162,gZ:-10.376
aX:-0.349,aY:0.267,aZ:0.910,gX:-59.814,gY:49.927,gZ:-11.475
aX:-0.323,aY:0.291,aZ:0.954,gX:-57.129,gY:48.889,gZ:-6.897
aX:-0.343,aY:0.254,aZ:0.971,gX:-52.734,gY:41.138,gZ:-2.319
aX:-0.354,aY:0.209,aZ:0.934,gX:-46.448,gY:28.259,gZ:-1.953
aX:-0.324,aY:0.212,aZ:0.935,gX:-42.542,gY:20.935,gZ:-2.563
aX:-0.313,aY:0.224,aZ:0.916,gX:-38.879,gY:20.874,gZ:-1.099
aX:-0.352,aY:0.192,aZ:0.936,gX:-34.973,gY:24.414,gZ:1.831
aX:-0.392,aY:0.176,aZ:0.954,gX:-37.964,gY:24.597,gZ:0.977
aX:-0.365,aY:0.157,aZ:0.899,gX:-37.842,gY:22.888,gZ:-1.770
aX:-0.320,aY:0.193,aZ:0.927,gX:-33.569,gY:20.691,gZ:-3.052
aX:-0.253,aY:0.245,aZ:0.859,gX:-29.114,gY:14.160,gZ:-2.930
aX:-0.225,aY:0.281,aZ:0.812,gX:-27.039,gY:13.000,gZ:-1.282
aX:-0.277,aY:0.285,aZ:0.844,gX:-24.780,gY:20.203,gZ:4.211
aX:-0.301,aY:0.274,aZ:0.872,gX:-32.532,gY:24.353,gZ:6.653
aX:-0.316,aY:0.240,aZ:0.905,gX:-29.480,gY:19.531,gZ:7.141
aX:-0.306,aY:0.252,aZ:0.909,gX:-21.851,gY:14.343,gZ:5.005
aX:-0.266,aY:0.303,aZ:0.947,gX:-22.583,gY:7.385,gZ:2.319
aX:-0.255,aY:0.346,aZ:0.982,gX:-20.020,gY:1.953,gZ:1.404
aX:-0.219,aY:0.385,aZ:0.962,gX:-20.325,gY:-1.526,gZ:2.075
aX:-0.217,aY:0.406,aZ:0.931,gX:-18.616,gY:-3.662,gZ:5.493
aX:-0.255,aY:0.411,aZ:0.891,gX:-18.677,gY:-6.897,gZ:11.108
aX:-0.299,aY:0.378,aZ:0.838,gX:-24.597,gY:-8.057,gZ:15.259
aX:-0.348,aY:0.378,aZ:0.787,gX:-25.085,gY:-5.371,gZ:14.709
aX:-0.382,aY:0.314,aZ:0.747,gX:-20.691,gY:1.709,gZ:13.184
aX:-0.382,aY:0.268,aZ:0.780,gX:-12.756,gY:12.634,gZ:7.141
aX:-0.386,aY:0.230,aZ:0.832,gX:-18.127,gY:16.296,gZ:6.958
aX:-0.378,aY:0.359,aZ:0.836,gX:-22.278,gY:13.367,gZ:4.944
aX:-0.365,aY:0.302,aZ:0.801,gX:-13.672,gY:15.381,gZ:1.404
aX:-0.337,aY:0.174,aZ:0.791,gX:-14.160,gY:17.273,gZ:0.061
aX:-0.266,aY:0.369,aZ:0.860,gX:-15.137,gY:17.395,gZ:-3.357
aX:-0.205,aY:0.504,aZ:0.914,gX:-11.658,gY:15.930,gZ:-4.456
aX:-0.169,aY:0.471,aZ:0.859,gX:-0.061,gY:6.104,gZ:-3.784
aX:-0.235,aY:0.395,aZ:0.865,gX:-6.042,gY:-3.235,gZ:-1.526
aX:-0.334,aY:0.338,aZ:0.902,gX:-1.038,gY:-5.920,gZ:0.977
aX:-0.380,aY:0.319,aZ:0.870,gX:0.488,gY:-5.310,gZ:2.319
aX:-0.382,aY:0.333,aZ:0.844,gX:-2.808,gY:-6.165,gZ:-0.854
aX:-0.333,aY:0.357,aZ:0.818,gX:-2.991,gY:-6.348,gZ:-5.371
aX:-0.266,aY:0.396,aZ:0.814,gX:-0.122,gY:-5.371,gZ:-7.996
aX:-0.226,aY:0.395,aZ:0.815,gX:3.113,gY:-5.371,gZ:-5.798
aX:-0.221,aY:0.372,aZ:0.837,gX:3.052,gY:-7.629,gZ:-3.357
aX:-0.245,aY:0.337,aZ:0.867,gX:-23.743,gY:-15.930,gZ:-0.122
aX:-0.259,aY:0.682,aZ:0.926,gX:-27.161,gY:-13.489,gZ:3.845
aX:-0.275,aY:0.354,aZ:0.858,gX:11.902,gY:-9.705,gZ:2.136
aX:-0.334,aY:0.295,aZ:0.855,gX:6.775,gY:-8.118,gZ:2.991
aX:-0.376,aY:0.237,aZ:0.860,gX:4.150,gY:-3.784,gZ:4.272
aX:-0.397,aY:0.203,aZ:0.894,gX:3.601,gY:-0.854,gZ:3.906
aX:-0.365,aY:0.218,aZ:0.929,gX:5.615,gY:2.625,gZ:2.075
aX:-0.310,aY:0.271,aZ:0.933,gX:7.385,gY:3.723,gZ:-1.038
aX:-0.273,aY:0.329,aZ:0.919,gX:7.935,gY:1.404,gZ:-2.625
aX:-0.254,aY:0.359,aZ:0.900,gX:7.202,gY:-1.526,gZ:-2.747
aX:-0.256,aY:0.371,aZ:0.875,gX:5.676,gY:-4.272,gZ:-2.197
aX:-0.277,aY:0.369,aZ:0.852,gX:4.333,gY:-5.737,gZ:0.427
aX:-0.308,aY:0.352,aZ:0.831,gX:2.930,gY:-4.578,gZ:3.235
aX:-0.341,aY:0.334,aZ:0.811,gX:1.587,gY:-2.991,gZ:3.723
aX:-0.365,aY:0.324,aZ:0.818,gX:0.610,gY:-0.488,gZ:2.197
aX:-0.364,aY:0.312,aZ:0.842,gX:1.953,gY:3.540,gZ:0.305
aX:-0.342,aY:0.311,aZ:0.872,gX:3.967,gY:7.141,gZ:-0.671
aX:-0.312,aY:0.318,aZ:0.898,gX:4.578,gY:8.301,gZ:-0.854
aX:-0.288,aY:0.322,aZ:0.910,gX:4.578,gY:6.042,gZ:-1.099
aX:-0.283,aY:0.324,aZ:0.901,gX:3.906,gY:3.113,gZ:-1.587
aX:-0.288,aY:0.314,aZ:0.877,gX:2.136,gY:0.244,gZ:-1.709
aX:-0.296,aY:0.296,aZ:0.856,gX:-0.244,gY:-1.953,gZ:-1.831
aX:-0.298,aY:0.285,aZ:0.849,gX:-1.709,gY:-3.113,gZ:-1.648
aX:-0.305,aY:0.286,aZ:0.846,gX:-3.296,gY:-3.540,gZ:-1.770
aX:-0.304,aY:0.300,aZ:0.853,gX:-3.723,gY:-3.845,gZ:-1.587
aX:-0.307,aY:0.314,aZ:0.851,gX:-4.150,gY:-4.211,gZ:-1.709
aX:-0.315,aY:0.328,aZ:0.851,gX:-3.479,gY:-3.662,gZ:-1.770
aX:-0.324,aY:0.335,aZ:0.852,gX:-2.747,gY:-2.808,gZ:-1.526
aX:-0.328,aY:0.334,aZ:0.852,gX:-1.770,gY:-1.404,gZ:-1.526
aX:-0.323,aY:0.324,aZ:0.854,gX:-0.122,gY:-0.061,gZ:-0.793
aX:-0.315,aY:0.311,aZ:0.862,gX:0.916,gY:0.793,gZ:0.000
aX:-0.311,aY:0.293,aZ:0.866,gX:1.160,gY:0.610,gZ:0.916
aX:-0.313,aY:0.284,aZ:0.868,gX:0.916,gY:0.549,gZ:1.709
aX:-0.317,aY:0.282,aZ:0.867,gX:0.061,gY:1.038,gZ:1.953
aX:-0.316,aY:0.287,aZ:0.861,gX:-0.854,gY:1.709,gZ:1.709
aX:-0.319,aY:0.295,aZ:0.856,gX:-0.793,gY:2.686,gZ:1.404
aX:-0.321,aY:0.304,aZ:0.856,gX:-0.488,gY:3.235,gZ:1.282
aX:-0.317,aY:0.312,aZ:0.861,gX:0.183,gY:3.601,gZ:0.732
aX:-0.311,aY:0.320,aZ:0.865,gX:1.282,gY:2.808,gZ:0.427
aX:-0.302,aY:0.324,aZ:0.873,gX:1.953,gY:2.014,gZ:0.366
aX:-0.299,aY:0.325,aZ:0.880,gX:2.075,gY:0.671,gZ:0.488
aX:-0.300,aY:0.322,aZ:0.880,gX:1.892,gY:-0.488,gZ:0.610
aX:-0.306,aY:0.317,aZ:0.872,gX:0.793,gY:-1.099,gZ:0.793
aX:-0.310,aY:0.312,aZ:0.867,gX:-0.305,gY:-0.488,gZ:0.793
aX:-0.311,aY:0.309,aZ:0.865,gX:-0.610,gY:0.916,gZ:0.916
aX:-0.308,aY:0.308,aZ:0.866,gX:-0.488,gY:1.770,gZ:0.977
aX:-0.306,aY:0.307,aZ:0.869,gX:-0.854,gY:1.953,gZ:0.916
aX:-0.305,aY:0.309,aZ:0.868,gX:-0.854,gY:1.953,gZ:1.099
aX:-0.307,aY:0.310,aZ:0.869,gX:-0.732,gY:1.892,gZ:0.977
aX:-0.307,aY:0.310,aZ:0.872,gX:-1.343,gY:1.648,gZ:0.916
aX:-0.305,aY:0.314,aZ:0.872,gX:-0.305,gY:1.160,gZ:1.038
aX:-0.304,aY:0.313,aZ:0.868,gX:0.000,gY:1.099,gZ:1.221
aX:-0.307,aY:0.310,aZ:0.869,gX:-0.122,gY:1.465,gZ:1.343
aX:-0.314,aY:0.305,aZ:0.870,gX:0.549,gY:1.587,gZ:1.465
aX:-0.318,aY:0.302,aZ:0.867,gX:0.793,gY:1.709,gZ:1.160
aX:-0.315,aY:0.303,aZ:0.866,gX:-0.122,gY:2.686,gZ:0.732
aX:-0.307,aY:0.302,aZ:0.865,gX:0.549,gY:3.418,gZ:0.671
aX:-0.300,aY:0.303,aZ:0.869,gX:1.404,gY:3.418,gZ:0.671
aX:-0.293,aY:0.303,aZ:0.876,gX:0.916,gY:2.563,gZ:0.549
aX:-0.291,aY:0.305,aZ:0.881,gX:1.343,gY:1.953,gZ:0.916
aX:-0.294,aY:0.304,aZ:0.879,gX:1.160,gY:1.526,gZ:1.221
aX:-0.298,aY:0.301,aZ:0.876,gX:0.183,gY:1.648,gZ:1.404
aX:-0.300,aY:0.298,aZ:0.875,gX:0.244,gY:1.709,gZ:1.465
aX:-0.301,aY:0.298,aZ:0.875,gX:0.732,gY:2.014,gZ:1.465
aX:-0.297,aY:0.300,aZ:0.875,gX:0.488,gY:2.075,gZ:1.343
aX:-0.297,aY:0.300,aZ:0.875,gX:0.488,gY:1.953,gZ:1.404
aX:-0.297,aY:0.298,aZ:0.877,gX:0.488,gY:1.831,gZ:1.160
aX:-0.297,aY:0.297,aZ:0.880,gX:-0.122,gY:1.404,gZ:0.977
aX:-0.297,aY:0.298,aZ:0.883,gX:-0.122,gY:1.099,gZ:0.732
aX:-0.299,aY:0.299,aZ:0.882,gX:-0.061,gY:0.732,gZ:0.916
aX:-0.301,aY:0.299,aZ:0.877,gX:-0.549,gY:0.427,gZ:0.793
aX:-0.302,aY:0.297,aZ:0.872,gX:-0.305,gY:0.977,gZ:0.854
aX:-0.301,aY:0.294,aZ:0.869,gX:-0.244,gY:1.526,gZ:0.793
aX:-0.297,aY:0.294,aZ:0.872,gX:0.000,gY:1.892,gZ:0.793
aX:-0.293,aY:0.294,aZ:0.877,gX:0.854,gY:2.136,gZ:0.854
aX:-0.292,aY:0.295,aZ:0.881,gX:1.526,gY:1.770,gZ:0.916
aX:-0.294,aY:0.293,aZ:0.879,gX:1.343,gY:1.465,gZ:1.038
aX:-0.294,aY:0.292,aZ:0.879,gX:1.099,gY:1.648,gZ:1.221
aX:-0.294,aY:0.291,aZ:0.879,gX:1.038,gY:2.136,gZ:0.977
aX:-0.294,aY:0.291,aZ:0.877,gX:0.916,gY:2.258,gZ:0.916
aX:-0.292,aY:0.291,aZ:0.879,gX:1.404,gY:2.869,gZ:1.282
aX:-0.289,aY:0.292,aZ:0.880,gX:1.709,gY:2.991,gZ:1.404
aX:-0.289,aY:0.292,aZ:0.880,gX:1.587,gY:2.808,gZ:1.648
aX:-0.289,aY:0.291,aZ:0.883,gX:1.587,gY:2.869,gZ:1.587
aX:-0.289,aY:0.290,aZ:0.882,gX:1.526,gY:2.747,gZ:1.526
aX:-0.288,aY:0.288,aZ:0.885,gX:1.282,gY:2.441,gZ:1.526
aX:-0.287,aY:0.289,aZ:0.888,gX:1.099,gY:2.014,gZ:1.099
aX:-0.286,aY:0.289,aZ:0.888,gX:1.282,gY:1.953,gZ:1.160
aX:-0.286,aY:0.284,aZ:0.892,gX:0.549,gY:1.709,gZ:1.099
aX:-0.289,aY:0.281,aZ:0.891,gX:0.305,gY:1.221,gZ:0.793
aX:-0.293,aY:0.281,aZ:0.887,gX:0.061,gY:1.343,gZ:0.610
aX:-0.291,aY:0.281,aZ:0.883,gX:-0.427,gY:2.014,gZ:0.427
aX:-0.285,aY:0.281,aZ:0.878,gX:-0.793,gY:2.686,gZ:0.244
aX:-0.278,aY:0.282,aZ:0.880,gX:0.244,gY:2.747,gZ:0.366
aX:-0.275,aY:0.284,aZ:0.884,gX:1.099,gY:2.502,gZ:0.671
aX:-0.274,aY:0.285,aZ:0.891,gX:1.587,gY:1.770,gZ:0.977
aX:-0.279,aY:0.284,aZ:0.891,gX:1.770,gY:1.404,gZ:1.404
aX:-0.282,aY:0.281,aZ:0.892,gX:1.038,gY:1.160,gZ:1.465
aX:-0.286,aY:0.279,aZ:0.893,gX:0.305,gY:1.343,gZ:1.282
aX:-0.284,aY:0.278,aZ:0.896,gX:-0.366,gY:1.404,gZ:1.038
aX:-0.281,aY:0.281,aZ:0.892,gX:-0.732,gY:0.549,gZ:0.916
aX:-0.282,aY:0.283,aZ:0.880,gX:-1.526,gY:0.488,gZ:0.671
aX:-0.278,aY:0.283,aZ:0.880,gX:-1.343,gY:1.221,gZ:0.977
aX:-0.277,aY:0.282,aZ:0.886,gX:-0.549,gY:1.770,gZ:0.977
aX:-0.281,aY:0.279,aZ:0.888,gX:0.305,gY:1.587,gZ:1.160
aX:-0.283,aY:0.278,aZ:0.890,gX:0.671,gY:1.465,gZ:0.854
aX:-0.283,aY:0.276,aZ:0.893,gX:0.854,gY:0.977,gZ:0.977
aX:-0.281,aY:0.273,aZ:0.891,gX:0.122,gY:0.854,gZ:0.793
aX:-0.279,aY:0.274,aZ:0.890,gX:0.366,gY:0.671,gZ:0.732
aX:-0.278,aY:0.275,aZ:0.892,gX:0.183,gY:1.038,gZ:0.793
aX:-0.278,aY:0.275,aZ:0.892,gX:0.000,gY:1.099,gZ:0.916
aX:-0.278,aY:0.274,aZ:0.892,gX:0.732,gY:0.854,gZ:0.916
aX:-0.280,aY:0.274,aZ:0.892,gX:0.549,gY:0.671,gZ:0.793
aX:-0.277,aY:0.273,aZ:0.888,gX:0.061,gY:0.793,gZ:0.793
aX:-0.278,aY:0.273,aZ:0.888,gX:0.610,gY:0.977,gZ:1.038
aX:-0.278,aY:0.274,aZ:0.892,gX:0.305,gY:1.160,gZ:0.977
aX:-0.277,aY:0.272,aZ:0.892,gX:-0.366,gY:1.282,gZ:0.671
aX:-0.277,aY:0.274,aZ:0.894,gX:0.305,gY:1.404,gZ:0.854
aX:-0.277,aY:0.276,aZ:0.893,gX:0.793,gY:1.160,gZ:1.160
aX:-0.277,aY:0.276,aZ:0.894,gX:0.122,gY:1.038,gZ:0.977
aX:-0.278,aY:0.274,aZ:0.891,gX:0.305,gY:1.038,gZ:0.916
aX:-0.279,aY:0.272,aZ:0.890,gX:-0.061,gY:0.916,gZ:0.732
aX:-0.276,aY:0.271,aZ:0.893,gX:-0.427,gY:0.732,gZ:0.610
aX:-0.275,aY:0.272,aZ:0.895,gX:0.183,gY:0.732,gZ:0.610
aX:-0.275,aY:0.269,aZ:0.896,gX:0.366,gY:0.977,gZ:0.732
aX:-0.277,aY:0.265,aZ:0.901,gX:-0.549,gY:0.916,gZ:0.610
aX:-0.282,aY:0.265,aZ:0.896,gX:-0.610,gY:0.854,gZ:0.427
aX:-0.282,aY:0.267,aZ:0.894,gX:-0.732,gY:1.648,gZ:0.427
aX:-0.275,aY:0.269,aZ:0.889,gX:-1.465,gY:1.892,gZ:0.244
aX:-0.270,aY:0.270,aZ:0.887,gX:-0.427,gY:1.892,gZ:0.366
aX:-0.267,aY:0.271,aZ:0.890,gX:0.366,gY:1.770,gZ:0.854
aX:-0.267,aY:0.274,aZ:0.893,gX:0.427,gY:1.526,gZ:0.977
aX:-0.270,aY:0.272,aZ:0.895,gX:0.427,gY:1.343,gZ:1.221
aX:-0.272,aY:0.270,aZ:0.896,gX:0.671,gY:1.221,gZ:1.526
aX:-0.274,aY:0.267,aZ:0.896,gX:0.000,gY:1.099,gZ:1.221
aX:-0.275,aY:0.267,aZ:0.897,gX:0.366,gY:0.793,gZ:1.099
aX:-0.274,aY:0.267,aZ:0.898,gX:0.244,gY:0.854,gZ:1.038
aX:-0.274,aY:0.266,aZ:0.897,gX:-0.488,gY:0.488,gZ:0.671
aX:-0.271,aY:0.266,aZ:0.896,gX:-0.244,gY:0.305,gZ:0.732
aX:-0.270,aY:0.264,aZ:0.899,gX:-0.549,gY:0.122,gZ:0.610
aX:-0.271,aY:0.265,aZ:0.899,gX:-0.793,gY:-0.122,gZ:0.366
aX:-0.273,aY:0.266,aZ:0.899,gX:-0.549,gY:-0.244,gZ:0.427
aX:-0.274,aY:0.266,aZ:0.898,gX:-0.793,gY:-0.244,gZ:0.549
aX:-0.274,aY:0.264,aZ:0.896,gX:-1.465,gY:-0.427,gZ:0.610
aX:-0.274,aY:0.262,aZ:0.894,gX:-1.648,gY:-0.305,gZ:0.549
aX:-0.273,aY:0.262,aZ:0.895,gX:-1.099,gY:-0.061,gZ:0.549
aX:-0.272,aY:0.265,aZ:0.897,gX:-1.343,gY:-0.061,gZ:0.488
aX:-0.271,aY:0.266,aZ:0.896,gX:-1.221,gY:-0.183,gZ:0.488
aX:-0.272,aY:0.268,aZ:0.896,gX:-0.916,gY:-0.427,gZ:0.427
aX:-0.272,aY:0.267,aZ:0.895,gX:-1.526,gY:-0.488,gZ:0.610
aX:-0.274,aY:0.266,aZ:0.894,gX:-1.343,gY:-0.244,gZ:0.488
aX:-0.275,aY:0.267,aZ:0.896,gX:-1.160,gY:-0.122,gZ:0.732
aX:-0.275,aY:0.267,aZ:0.895,gX:-1.526,gY:-0.122,gZ:0.427
aX:-0.274,aY:0.269,aZ:0.895,gX:-1.526,gY:-0.183,gZ:0.549
aX:-0.273,aY:0.270,aZ:0.896,gX:-1.099,gY:-0.305,gZ:0.610
aX:-0.272,aY:0.271,aZ:0.896,gX:-1.221,gY:-0.305,gZ:0.793
aX:-0.274,aY:0.270,aZ:0.896,gX:-1.343,gY:-0.427,gZ:0.549
aX:-0.275,aY:0.269,aZ:0.895,gX:-1.404,gY:-0.488,gZ:0.549
aX:-0.278,aY:0.268,aZ:0.892,gX:-1.831,gY:-0.610,gZ:0.427
aX:-0.277,aY:0.268,aZ:0.893,gX:-2.014,gY:-0.854,gZ:0.305
aX:-0.273,aY:0.270,aZ:0.896,gX:-1.709,gY:-1.038,gZ:0.305
aX:-0.273,aY:0.270,aZ:0.897,gX:-2.136,gY:-1.282,gZ:0.122
aX:-0.275,aY:0.269,aZ:0.903,gX:-2.502,gY:-1.221,gZ:0.122
aX:-0.281,aY:0.267,aZ:0.900,gX:-3.113,gY:-1.709,gZ:0.000
aX:-0.287,aY:0.267,aZ:0.892,gX:-3.601,gY:-1.648,gZ:-0.183
aX:-0.285,aY:0.269,aZ:0.889,gX:-4.211,gY:-0.366,gZ:-0.366
aX:-0.277,aY:0.270,aZ:0.882,gX:-3.784,gY:0.122,gZ:-0.427
aX:-0.271,aY:0.273,aZ:0.882,gX:-2.502,gY:0.244,gZ:-0.244
aX:-0.271,aY:0.278,aZ:0.889,gX:-1.831,gY:-0.305,gZ:0.061
aX:-0.273,aY:0.279,aZ:0.892,gX:-1.465,gY:-0.732,gZ:0.427
aX:-0.275,aY:0.278,aZ:0.894,gX:-1.526,gY:-0.916,gZ:0.671
aX:-0.280,aY:0.278,aZ:0.893,gX:-1.770,gY:-1.038,gZ:0.671
aX:-0.282,aY:0.278,aZ:0.892,gX:-2.136,gY:-1.099,gZ:0.427
aX:-0.281,aY:0.278,aZ:0.890,gX:-2.319,gY:-1.099,gZ:0.366
aX:-0.283,aY:0.279,aZ:0.888,gX:-2.380,gY:-1.343,gZ:0.122
aX:-0.283,aY:0.280,aZ:0.886,gX:-2.014,gY:-1.404,gZ:0.244
aX:-0.281,aY:0.280,aZ:0.885,gX:-1.892,gY:-1.404,gZ:-0.061
aX:-0.279,aY:0.280,aZ:0.889,gX:-2.197,gY:-1.404,gZ:0.000
aX:-0.281,aY:0.281,aZ:0.891,gX:-1.831,gY:-1.587,gZ:0.183
aX:-0.284,aY:0.282,aZ:0.891,gX:-1.892,gY:-1.587,gZ:0.122
aX:-0.286,aY:0.279,aZ:0.888,gX:-2.625,gY:-1.282,gZ:0.000
aX:-0.287,aY:0.278,aZ:0.885,gX:-2.686,gY:-1.160,gZ:-0.061
aX:-0.285,aY:0.278,aZ:0.884,gX:-2.258,gY:-1.038,gZ:0.000
aX:-0.283,aY:0.280,aZ:0.886,gX:-1.892,gY:-0.671,gZ:0.183
aX:-0.281,aY:0.284,aZ:0.889,gX:-1.648,gY:-0.916,gZ:0.183
aX:-0.281,aY:0.285,aZ:0.890,gX:-1.526,gY:-1.038,gZ:0.305
aX:-0.284,aY:0.285,aZ:0.885,gX:-1.831,gY:-0.732,gZ:0.305
aX:-0.287,aY:0.283,aZ:0.883,gX:-1.587,gY:-0.427,gZ:0.488
aX:-0.289,aY:0.284,aZ:0.882,gX:-1.587,gY:0.122,gZ:0.732
aX:-0.289,aY:0.284,aZ:0.880,gX:-1.648,gY:0.610,gZ:0.610
aX:-0.287,aY:0.284,aZ:0.882,gX:-0.854,gY:1.221,gZ:0.854
aX:-0.287,aY:0.286,aZ:0.884,gX:-0.732,gY:1.221,gZ:0.854
aX:-0.285,aY:0.286,aZ:0.884,gX:-0.305,gY:1.343,gZ:0.977
aX:-0.285,aY:0.286,aZ:0.887,gX:0.305,gY:1.160,gZ:1.038
aX:-0.284,aY:0.283,aZ:0.888,gX:0.244,gY:0.854,gZ:0.916
aX:-0.284,aY:0.282,aZ:0.889,gX:-0.183,gY:0.793,gZ:0.977
aX:-0.285,aY:0.282,aZ:0.887,gX:-0.244,gY:0.916,gZ:0.854
aX:-0.285,aY:0.282,aZ:0.884,gX:-0.732,gY:1.160,gZ:0.671
aX:-0.283,aY:0.281,aZ:0.887,gX:-0.549,gY:1.221,gZ:0.549
aX:-0.280,aY:0.284,aZ:0.889,gX:0.183,gY:1.099,gZ:0.977
aX:-0.280,aY:0.283,aZ:0.891,gX:-0.183,gY:1.282,gZ:1.099
aX:-0.284,aY:0.280,aZ:0.897,gX:-0.610,gY:0.977,gZ:0.977
aX:-0.290,aY:0.279,aZ:0.890,gX:-0.732,gY:0.732,gZ:0.732
aX:-0.291,aY:0.279,aZ:0.886,gX:-1.404,gY:1.343,gZ:0.549
aX:-0.286,aY:0.280,aZ:0.882,gX:-1.831,gY:2.258,gZ:0.488
aX:-0.278,aY:0.282,aZ:0.879,gX:-0.732,gY:2.197,gZ:0.549
aX:-0.274,aY:0.285,aZ:0.884,gX:0.183,gY:1.892,gZ:0.549
aX:-0.274,aY:0.285,aZ:0.890,gX:0.122,gY:1.404,gZ:0.854
aX:-0.277,aY:0.283,aZ:0.890,gX:0.549,gY:1.282,gZ:1.343
aX:-0.279,aY:0.279,aZ:0.892,gX:0.610,gY:1.587,gZ:1.404
aX:-0.283,aY:0.279,aZ:0.888,gX:-0.427,gY:1.038,gZ:1.160
aX:-0.282,aY:0.279,aZ:0.889,gX:0.183,gY:1.404,gZ:1.099
aX:-0.280,aY:0.279,aZ:0.890,gX:0.549,gY:1.343,gZ:1.343
aX:-0.280,aY:0.278,aZ:0.889,gX:0.061,gY:0.977,gZ:1.221
aX:-0.279,aY:0.277,aZ:0.887,gX:0.366,gY:1.282,gZ:1.221
aX:-0.277,aY:0.276,aZ:0.892,gX:0.671,gY:1.221,gZ:1.160
aX:-0.277,aY:0.276,aZ:0.894,gX:0.000,gY:0.916,gZ:0.732
aX:-0.278,aY:0.278,aZ:0.894,gX:0.366,gY:0.549,gZ:0.854
aX:-0.279,aY:0.278,aZ:0.894,gX:0.183,gY:0.793,gZ:0.977
aX:-0.279,aY:0.275,aZ:0.891,gX:-0.854,gY:0.732,gZ:0.916
aX:-0.279,aY:0.273,aZ:0.889,gX:-0.366,gY:0.977,gZ:1.099
aX:-0.277,aY:0.273,aZ:0.889,gX:-0.061,gY:1.343,gZ:1.038
aX:-0.276,aY:0.274,aZ:0.893,gX:-0.061,gY:1.221,gZ:1.038
aX:-0.274,aY:0.275,aZ:0.896,gX:0.183,gY:1.343,gZ:1.038
aX:-0.274,aY:0.275,aZ:0.894,gX:0.366,gY:0.916,gZ:0.977
aX:-0.276,aY:0.275,aZ:0.892,gX:-0.244,gY:0.916,gZ:0.977
aX:-0.278,aY:0.274,aZ:0.889,gX:-0.061,gY:1.038,gZ:0.854
aX:-0.279,aY:0.272,aZ:0.888,gX:0.183,gY:1.465,gZ:1.221
aX:-0.276,aY:0.271,aZ:0.891,gX:-0.122,gY:1.648,gZ:1.160
aX:-0.275,aY:0.272,aZ:0.894,gX:0.366,gY:1.465,gZ:1.038
aX:-0.275,aY:0.272,aZ:0.895,gX:0.671,gY:1.404,gZ:0.916
aX:-0.274,aY:0.272,aZ:0.895,gX:0.427,gY:1.343,gZ:1.099
aX:-0.274,aY:0.271,aZ:0.895,gX:0.305,gY:1.465,gZ:1.221
aX:-0.273,aY:0.271,aZ:0.895,gX:0.427,gY:1.465,gZ:1.221
aX:-0.273,aY:0.269,aZ:0.893,gX:-0.061,gY:1.282,gZ:1.099
aX:-0.274,aY:0.270,aZ:0.892,gX:0.183,gY:1.343,gZ:0.977
aX:-0.274,aY:0.268,aZ:0.894,gX:-0.122,gY:1.099,gZ:1.038
aX:-0.271,aY:0.268,aZ:0.897,gX:0.122,gY:0.732,gZ:0.916
aX:-0.271,aY:0.268,aZ:0.898,gX:0.244,gY:0.854,gZ:0.916
aX:-0.271,aY:0.267,aZ:0.905,gX:-0.244,gY:0.916,gZ:0.854
aX:-0.275,aY:0.264,aZ:0.905,gX:-0.977,gY:0.427,gZ:0.732
aX:-0.281,aY:0.264,aZ:0.897,gX:-1.404,gY:0.427,gZ:0.427
aX:-0.279,aY:0.266,aZ:0.891,gX:-1.892,gY:1.648,gZ:0.244
aX:-0.271,aY:0.266,aZ:0.884,gX:-1.770,gY:2.197,gZ:0.183
aX:-0.268,aY:0.266,aZ:0.884,gX:-0.549,gY:2.502,gZ:0.366
aX:-0.264,aY:0.270,aZ:0.893,gX:0.916,gY:2.686,gZ:0.671
aX:-0.264,aY:0.271,aZ:0.898,gX:1.282,gY:2.075,gZ:1.221
aX:-0.267,aY:0.269,aZ:0.900,gX:1.221,gY:1.526,gZ:1.221
aX:-0.268,aY:0.267,aZ:0.899,gX:0.977,gY:1.648,gZ:1.465
aX:-0.270,aY:0.266,aZ:0.896,gX:0.427,gY:1.404,gZ:1.343
aX:-0.271,aY:0.264,aZ:0.896,gX:0.183,gY:1.587,gZ:1.160
aX:-0.269,aY:0.264,aZ:0.896,gX:0.488,gY:1.953,gZ:1.038
aX:-0.267,aY:0.264,aZ:0.894,gX:0.916,gY:1.648,gZ:0.977
aX:-0.266,aY:0.262,aZ:0.897,gX:0.916,gY:1.770,gZ:0.916
aX:-0.265,aY:0.261,aZ:0.901,gX:0.732,gY:1.343,gZ:0.854
aX:-0.265,aY:0.262,aZ:0.905,gX:0.793,gY:0.977,gZ:0.732
aX:-0.266,aY:0.262,aZ:0.905,gX:0.427,gY:0.488,gZ:0.854
aX:-0.267,aY:0.262,aZ:0.901,gX:-0.122,gY:0.427,gZ:0.732
aX:-0.267,aY:0.260,aZ:0.899,gX:-0.793,gY:0.732,gZ:0.854
aX:-0.267,aY:0.259,aZ:0.895,gX:-0.610,gY:0.854,gZ:0.916
aX:-0.267,aY:0.259,aZ:0.896,gX:0.000,gY:1.160,gZ:0.854
aX:-0.265,aY:0.259,aZ:0.901,gX:0.610,gY:0.977,gZ:0.854
aX:-0.263,aY:0.260,aZ:0.904,gX:0.244,gY:1.038,gZ:0.854
aX:-0.264,aY:0.260,aZ:0.904,gX:0.488,gY:0.488,gZ:0.793
aX:-0.265,aY:0.261,aZ:0.903,gX:-0.183,gY:0.366,gZ:0.854
aX:-0.267,aY:0.260,aZ:0.899,gX:-0.488,gY:0.671,gZ:0.854
aX:-0.267,aY:0.259,aZ:0.897,gX:-0.305,gY:1.099,gZ:0.977
aX:-0.266,aY:0.259,aZ:0.899,gX:-0.061,gY:1.343,gZ:1.099
aX:-0.264,aY:0.258,aZ:0.899,gX:0.061,gY:1.465,gZ:0.854
aX:-0.264,aY:0.258,aZ:0.900,gX:0.488,gY:1.404,gZ:0.916
aX:-0.264,aY:0.258,aZ:0.903,gX:0.854,gY:1.160,gZ:0.977
aX:-0.263,aY:0.257,aZ:0.903,gX:0.305,gY:1.343,gZ:1.099
aX:-0.263,aY:0.256,aZ:0.902,gX:0.427,gY:1.343,gZ:1.160
aX:-0.263,aY:0.255,aZ:0.903,gX:0.244,gY:1.404,gZ:1.038
aX:-0.263,aY:0.255,aZ:0.902,gX:-0.183,gY:1.160,gZ:0.977
aX:-0.262,aY:0.255,aZ:0.903,gX:-0.183,gY:0.916,gZ:0.916
aX:-0.261,aY:0.255,aZ:0.905,gX:-0.305,gY:0.732,gZ:0.793
aX:-0.260,aY:0.255,aZ:0.907,gX:-0.671,gY:0.366,gZ:0.793
aX:-0.261,aY:0.253,aZ:0.907,gX:-0.549,gY:0.610,gZ:0.671
aX:-0.266,aY:0.250,aZ:0.911,gX:-1.160,gY:0.000,gZ:0.488
aX:-0.271,aY:0.251,aZ:0.905,gX:-1.648,gY:-0.488,gZ:0.488
aX:-0.270,aY:0.253,aZ:0.902,gX:-2.258,gY:0.305,gZ:0.061
aX:-0.263,aY:0.256,aZ:0.897,gX:-2.563,gY:0.854,gZ:0.061
aX:-0.258,aY:0.256,aZ:0.895,gX:-1.953,gY:0.977,gZ:0.061
aX:-0.255,aY:0.258,aZ:0.898,gX:-0.610,gY:0.916,gZ:0.305
aX:-0.255,aY:0.260,aZ:0.904,gX:-0.488,gY:0.366,gZ:0.427
aX:-0.258,aY:0.260,aZ:0.904,gX:-0.916,gY:0.000,gZ:0.610
aX:-0.261,aY:0.257,aZ:0.902,gX:-0.977,gY:-0.061,gZ:0.793
aX:-0.264,aY:0.255,aZ:0.900,gX:-1.099,gY:0.122,gZ:0.793
aX:-0.264,aY:0.255,aZ:0.901,gX:-1.526,gY:0.061,gZ:0.610
aX:-0.263,aY:0.257,aZ:0.901,gX:-0.854,gY:0.000,gZ:0.549
aX:-0.262,aY:0.257,aZ:0.901,gX:-0.977,gY:-0.183,gZ:0.549
aX:-0.263,aY:0.256,aZ:0.901,gX:-1.343,gY:-0.427,gZ:0.305
aX:-0.261,aY:0.256,aZ:0.903,gX:-1.343,gY:-0.427,gZ:0.305
aX:-0.261,aY:0.258,aZ:0.904,gX:-1.099,gY:-0.793,gZ:0.488
aX:-0.263,aY:0.258,aZ:0.904,gX:-1.709,gY:-1.038,gZ:0.183
aX:-0.265,aY:0.259,aZ:0.904,gX:-1.648,gY:-1.038,gZ:0.488
aX:-0.266,aY:0.256,aZ:0.901,gX:-1.892,gY:-0.916,gZ:0.366
aX:-0.265,aY:0.253,aZ:0.899,gX:-2.441,gY:-0.854,gZ:0.244
aX:-0.267,aY:0.254,aZ:0.899,gX:-1.892,gY:-0.671,gZ:0.183
aX:-0.265,aY:0.258,aZ:0.901,gX:-1.587,gY:-0.977,gZ:0.061
aX:-0.262,aY:0.260,aZ:0.903,gX:-1.770,gY:-1.160,gZ:0.000
aX:-0.263,aY:0.262,aZ:0.903,gX:-2.197,gY:-1.282,gZ:0.061
aX:-0.265,aY:0.261,aZ:0.901,gX:-2.075,gY:-1.587,gZ:0.244
aX:-0.267,aY:0.261,aZ:0.899,gX:-2.686,gY:-1.648,gZ:0.000
aX:-0.269,aY:0.262,aZ:0.897,gX:-2.502,gY:-1.465,gZ:0.183
aX:-0.269,aY:0.263,aZ:0.899,gX:-2.563,gY:-1.648,gZ:0.183
aX:-0.267,aY:0.265,aZ:0.900,gX:-3.113,gY:-1.892,gZ:-0.061
aX:-0.268,aY:0.267,aZ:0.898,gX:-2.930,gY:-2.075,gZ:-0.061
aX:-0.269,aY:0.267,aZ:0.896,gX:-2.930,gY:-1.953,gZ:-0.061
aX:-0.270,aY:0.268,aZ:0.896,gX:-3.296,gY:-1.709,gZ:0.000
aX:-0.270,aY:0.267,aZ:0.896,gX:-2.991,gY:-1.648,gZ:0.061
aX:-0.271,aY:0.266,aZ:0.896,gX:-2.380,gY:-1.709,gZ:-0.061
aX:-0.274,aY:0.267,aZ:0.896,gX:-2.991,gY:-1.892,gZ:0.122
aX:-0.275,aY:0.266,aZ:0.893,gX:-3.052,gY:-1.953,gZ:0.061
aX:-0.274,aY:0.266,aZ:0.895,gX:-3.113,gY:-2.014,gZ:0.000
aX:-0.271,aY:0.269,aZ:0.898,gX:-3.540,gY:-2.075,gZ:-0.183
aX:-0.274,aY:0.271,aZ:0.898,gX:-3.235,gY:-2.258,gZ:-0.366
aX:-0.275,aY:0.270,aZ:0.901,gX:-3.601,gY:-1.953,gZ:-0.122
aX:-0.281,aY:0.268,aZ:0.899,gX:-4.211,gY:-2.441,gZ:-0.244
aX:-0.289,aY:0.268,aZ:0.891,gX:-4.578,gY:-2.319,gZ:-0.671
aX:-0.284,aY:0.272,aZ:0.886,gX:-4.700,gY:-0.916,gZ:-0.793
aX:-0.276,aY:0.274,aZ:0.883,gX:-4.700,gY:-0.244,gZ:-0.732
aX:-0.271,aY:0.278,aZ:0.884,gX:-3.479,gY:-0.488,gZ:-0.610
aX:-0.269,aY:0.282,aZ:0.887,gX:-2.625,gY:-1.099,gZ:-0.427
aX:-0.271,aY:0.285,aZ:0.888,gX:-2.380,gY:-1.160,gZ:0.061
aX:-0.275,aY:0.284,aZ:0.890,gX:-1.892,gY:-1.099,gZ:0.427
aX:-0.279,aY:0.281,aZ:0.888,gX:-1.709,gY:-0.916,gZ:0.488
aX:-0.282,aY:0.281,aZ:0.888,gX:-2.014,gY:-0.610,gZ:0.610
aX:-0.283,aY:0.281,aZ:0.887,gX:-2.014,gY:-0.488,gZ:0.488
aX:-0.282,aY:0.282,aZ:0.887,gX:-1.709,gY:-0.305,gZ:0.549
aX:-0.281,aY:0.283,aZ:0.883,gX:-1.526,gY:-0.122,gZ:0.610
aX:-0.281,aY:0.282,aZ:0.883,gX:-1.282,gY:0.305,gZ:0.549
aX:-0.280,aY:0.281,aZ:0.885,gX:-0.732,gY:0.488,gZ:0.793
aX:-0.280,aY:0.282,aZ:0.885,gX:-0.366,gY:0.732,gZ:0.854
aX:-0.283,aY:0.282,aZ:0.885,gX:0.061,gY:0.916,gZ:1.038
aX:-0.283,aY:0.280,aZ:0.883,gX:0.244,gY:1.709,gZ:1.099
aX:-0.282,aY:0.278,aZ:0.882,gX:0.732,gY:2.380,gZ:1.404
aX:-0.279,aY:0.276,aZ:0.885,gX:1.038,gY:2.808,gZ:1.343
aX:-0.277,aY:0.277,aZ:0.891,gX:1.526,gY:2.686,gZ:1.404
aX:-0.273,aY:0.279,aZ:0.898,gX:2.014,gY:2.380,gZ:1.465
aX:-0.272,aY:0.279,aZ:0.899,gX:1.648,gY:1.770,gZ:1.404
aX:-0.273,aY:0.279,aZ:0.898,gX:1.038,gY:1.404,gZ:1.282
aX:-0.277,aY:0.277,aZ:0.897,gX:0.549,gY:1.221,gZ:1.282
aX:-0.277,aY:0.275,aZ:0.891,gX:0.000,gY:1.282,gZ:1.282
aX:-0.276,aY:0.275,aZ:0.891,gX:-0.061,gY:1.465,gZ:1.221
aX:-0.274,aY:0.276,aZ:0.894,gX:-0.122,gY:1.465,gZ:0.977
aX:-0.273,aY:0.277,aZ:0.893,gX:-0.305,gY:1.404,gZ:0.977
aX:-0.274,aY:0.278,aZ:0.892,gX:0.061,gY:1.221,gZ:1.160
aX:-0.275,aY:0.276,aZ:0.893,gX:-0.061,gY:1.221,gZ:1.343
aX:-0.276,aY:0.273,aZ:0.891,gX:-0.061,gY:1.465,gZ:1.282
aX:-0.274,aY:0.272,aZ:0.891,gX:0.305,gY:1.465,gZ:1.221
aX:-0.275,aY:0.272,aZ:0.892,gX:0.244,gY:1.526,gZ:0.977
aX:-0.274,aY:0.272,aZ:0.893,gX:0.061,gY:1.282,gZ:1.038
aX:-0.273,aY:0.272,aZ:0.895,gX:-0.183,gY:1.038,gZ:0.977
aX:-0.271,aY:0.271,aZ:0.898,gX:-0.244,gY:1.038,gZ:0.916
aX:-0.271,aY:0.268,aZ:0.896,gX:-0.610,gY:1.587,gZ:0.793
aX:-0.271,aY:0.267,aZ:0.903,gX:-0.183,gY:1.831,gZ:0.916
aX:-0.276,aY:0.268,aZ:0.899,gX:-0.488,gY:1.160,gZ:0.732
aX:-0.278,aY:0.270,aZ:0.893,gX:-1.282,gY:1.160,gZ:0.488
aX:-0.272,aY:0.271,aZ:0.891,gX:-1.343,gY:2.197,gZ:0.488
aX:-0.266,aY:0.272,aZ:0.888,gX:-0.671,gY:2.380,gZ:0.610
aX:-0.263,aY:0.271,aZ:0.891,gX:-0.610,gY:2.258,gZ:0.610
aX:-0.262,aY:0.274,aZ:0.896,gX:0.488,gY:2.014,gZ:0.977
aX:-0.262,aY:0.274,aZ:0.899,gX:0.610,gY:1.648,gZ:1.099
aX:-0.265,aY:0.271,aZ:0.898,gX:0.061,gY:1.099,gZ:1.038
aX:-0.269,aY:0.270,aZ:0.896,gX:0.183,gY:1.160,gZ:1.282
aX:-0.271,aY:0.269,aZ:0.895,gX:-0.122,gY:1.038,gZ:1.099
aX:-0.271,aY:0.267,aZ:0.896,gX:0.061,gY:1.160,gZ:1.038
aX:-0.270,aY:0.268,aZ:0.896,gX:0.305,gY:1.282,gZ:1.099
aX:-0.268,aY:0.267,aZ:0.896,gX:0.793,gY:1.099,gZ:1.099
aX:-0.266,aY:0.265,aZ:0.898,gX:0.183,gY:0.732,gZ:0.977
aX:-0.266,aY:0.263,aZ:0.899,gX:0.244,gY:0.732,gZ:0.793
aX:-0.266,aY:0.265,aZ:0.901,gX:0.610,gY:0.549,gZ:0.732
aX:-0.267,aY:0.266,aZ:0.899,gX:0.000,gY:0.488,gZ:0.854
aX:-0.268,aY:0.264,aZ:0.896,gX:-0.244,gY:0.916,gZ:0.793
aX:-0.267,aY:0.262,aZ:0.896,gX:-0.122,gY:1.038,gZ:1.099
aX:-0.266,aY:0.260,aZ:0.896,gX:-0.061,gY:1.160,gZ:0.854
aX:-0.265,aY:0.262,aZ:0.898,gX:0.488,gY:1.343,gZ:0.977
aX:-0.262,aY:0.263,aZ:0.900,gX:1.038,gY:1.221,gZ:0.977
aX:-0.260,aY:0.266,aZ:0.902,gX:0.549,gY:1.160,gZ:1.038
aX:-0.263,aY:0.262,aZ:0.899,gX:0.122,gY:1.099,gZ:1.038
aX:-0.265,aY:0.262,aZ:0.897,gX:0.305,gY:0.977,gZ:1.099
aX:-0.266,aY:0.261,aZ:0.897,gX:-0.122,gY:1.160,gZ:1.038
aX:-0.266,aY:0.263,aZ:0.899,gX:0.061,gY:1.343,gZ:1.038
aX:-0.265,aY:0.262,aZ:0.898,gX:0.488,gY:1.404,gZ:1.099
aX:-0.261,aY:0.262,aZ:0.902,gX:0.366,gY:1.404,gZ:1.160
aX:-0.262,aY:0.262,aZ:0.902,gX:0.427,gY:1.099,gZ:1.160
aX:-0.262,aY:0.260,aZ:0.900,gX:0.427,gY:1.282,gZ:1.160
aX:-0.262,aY:0.258,aZ:0.901,gX:0.305,gY:1.526,gZ:1.160
aX:-0.264,aY:0.256,aZ:0.900,gX:0.488,gY:1.465,gZ:1.282
aX:-0.263,aY:0.255,aZ:0.901,gX:0.732,gY:1.770,gZ:1.099
aX:-0.261,aY:0.256,aZ:0.902,gX:0.610,gY:1.526,gZ:0.977
aX:-0.261,aY:0.255,aZ:0.902,gX:0.549,gY:1.404,gZ:1.099
aX:-0.261,aY:0.255,aZ:0.904,gX:0.122,gY:1.160,gZ:0.854
aX:-0.259,aY:0.257,aZ:0.905,gX:-0.061,gY:0.854,gZ:0.916
aX:-0.258,aY:0.258,aZ:0.907,gX:-0.366,gY:0.671,gZ:0.671
aX:-0.259,aY:0.254,aZ:0.909,gX:-0.610,gY:0.549,gZ:0.671
aX:-0.263,aY:0.251,aZ:0.910,gX:-1.099,gY:0.244,gZ:0.610
aX:-0.268,aY:0.252,aZ:0.904,gX:-1.343,gY:0.366,gZ:0.427
aX:-0.266,aY:0.254,aZ:0.898,gX:-1.709,gY:1.648,gZ:0.427
aX:-0.260,aY:0.256,aZ:0.893,gX:-1.953,gY:2.380,gZ:0.305
aX:-0.255,aY:0.257,aZ:0.890,gX:-0.610,gY:2.869,gZ:0.610
aX:-0.254,aY:0.257,aZ:0.894,gX:0.793,gY:2.991,gZ:0.916
aX:-0.251,aY:0.259,aZ:0.901,gX:2.014,gY:3.113,gZ:1.282
aX:-0.253,aY:0.257,aZ:0.906,gX:2.258,gY:2.625,gZ:1.465
aX:-0.254,aY:0.254,aZ:0.908,gX:2.136,gY:2.197,gZ:1.709
aX:-0.256,aY:0.251,aZ:0.906,gX:1.648,gY:2.075,gZ:1.709
aX:-0.257,aY:0.250,aZ:0.907,gX:1.160,gY:1.953,gZ:1.526
aX:-0.256,aY:0.248,aZ:0.907,gX:1.343,gY:2.075,gZ:1.282
aX:-0.253,aY:0.249,aZ:0.908,gX:1.465,gY:1.892,gZ:1.221
aX:-0.252,aY:0.247,aZ:0.909,gX:0.977,gY:1.648,gZ:1.099
aX:-0.250,aY:0.247,aZ:0.909,gX:1.160,gY:1.282,gZ:1.099
aX:-0.250,aY:0.248,aZ:0.910,gX:1.099,gY:0.916,gZ:1.038
aX:-0.251,aY:0.248,aZ:0.909,gX:0.488,gY:0.732,gZ:0.977
aX:-0.253,aY:0.247,aZ:0.909,gX:0.488,gY:0.916,gZ:0.916
aX:-0.253,aY:0.246,aZ:0.909,gX:0.061,gY:0.977,gZ:0.977
aX:-0.253,aY:0.243,aZ:0.907,gX:-0.305,gY:0.854,gZ:0.854
aX:-0.254,aY:0.243,aZ:0.907,gX:0.000,gY:0.610,gZ:0.854
aX:-0.252,aY:0.245,aZ:0.912,gX:-0.061,gY:0.732,gZ:0.916
aX:-0.250,aY:0.245,aZ:0.910,gX:-0.061,gY:0.366,gZ:0.793
aX:-0.251,aY:0.245,aZ:0.910,gX:0.000,gY:0.183,gZ:0.732
aX:-0.251,aY:0.246,aZ:0.911,gX:-0.244,gY:0.305,gZ:0.732
aX:-0.253,aY:0.244,aZ:0.908,gX:-0.549,gY:0.000,gZ:0.671
aX:-0.253,aY:0.244,aZ:0.909,gX:-0.671,gY:0.183,gZ:0.671
aX:-0.254,aY:0.244,aZ:0.911,gX:-0.671,gY:0.122,gZ:0.732
aX:-0.253,aY:0.245,aZ:0.909,gX:-1.099,gY:-0.244,gZ:0.366
aX:-0.251,aY:0.245,aZ:0.909,gX:-0.977,gY:-0.366,gZ:0.427
aX:-0.253,aY:0.245,aZ:0.908,gX:-1.038,gY:-0.549,gZ:0.610
aX:-0.254,aY:0.245,aZ:0.908,gX:-1.465,gY:-0.549,gZ:0.488
aX:-0.254,aY:0.243,aZ:0.907,gX:-1.221,gY:-0.671,gZ:0.366
aX:-0.254,aY:0.243,aZ:0.907,gX:-1.221,gY:-0.549,gZ:0.427
aX:-0.254,aY:0.244,aZ:0.909,gX:-1.465,gY:-0.610,gZ:0.305
aX:-0.254,aY:0.245,aZ:0.911,gX:-1.099,gY:-0.671,gZ:0.488
aX:-0.255,aY:0.245,aZ:0.910,gX:-1.892,gY:-0.977,gZ:0.305
aX:-0.256,aY:0.246,aZ:0.910,gX:-2.808,gY:-1.282,gZ:0.183
aX:-0.256,aY:0.246,aZ:0.907,gX:-2.747,gY:-1.404,gZ:-0.061
aX:-0.255,aY:0.249,aZ:0.907,gX:-2.930,gY:-1.831,gZ:-0.183
aX:-0.254,aY:0.251,aZ:0.908,gX:-3.479,gY:-1.953,gZ:-0.427
aX:-0.254,aY:0.252,aZ:0.907,gX:-3.174,gY:-1.953,gZ:-0.183
aX:-0.257,aY:0.249,aZ:0.914,gX:-3.479,gY:-2.075,gZ:-0.305
aX:-0.263,aY:0.248,aZ:0.909,gX:-4.211,gY:-2.380,gZ:-0.610
aX:-0.270,aY:0.250,aZ:0.903,gX:-4.578,gY:-2.075,gZ:-0.671
aX:-0.266,aY:0.252,aZ:0.898,gX:-4.822,gY:-0.793,gZ:-0.671
aX:-0.258,aY:0.254,aZ:0.894,gX:-5.066,gY:-0.305,gZ:-0.793
aX:-0.253,aY:0.258,aZ:0.895,gX:-3.235,gY:-0.610,gZ:-0.427
aX:-0.252,aY:0.261,aZ:0.902,gX:-2.197,gY:-1.221,gZ:-0.305
aX:-0.255,aY:0.262,aZ:0.904,gX:-2.502,gY:-1.892,gZ:0.061
aX:-0.258,aY:0.261,aZ:0.905,gX:-2.502,gY:-1.892,gZ:0.244
aX:-0.263,aY:0.259,aZ:0.902,gX:-3.052,gY:-2.014,gZ:0.183
aX:-0.266,aY:0.258,aZ:0.899,gX:-3.479,gY:-2.014,gZ:0.000
aX:-0.266,aY:0.258,aZ:0.900,gX:-2.991,gY:-1.709,gZ:0.122
aX:-0.266,aY:0.260,aZ:0.900,gX:-2.991,gY:-1.831,gZ:0.000
aX:-0.265,aY:0.263,aZ:0.899,gX:-3.235,gY:-1.953,gZ:-0.183
aX:-0.265,aY:0.264,aZ:0.898,gX:-3.479,gY:-2.075,gZ:-0.244
aX:-0.265,aY:0.263,aZ:0.899,gX:-3.052,gY:-2.258,gZ:0.000
aX:-0.267,aY:0.264,aZ:0.900,gX:-3.357,gY:-2.441,gZ:-0.183
aX:-0.270,aY:0.264,aZ:0.899,gX:-3.235,gY:-2.563,gZ:-0.183
aX:-0.272,aY:0.264,aZ:0.897,gX:-3.784,gY:-2.319,gZ:-0.183
aX:-0.273,aY:0.264,aZ:0.894,gX:-4.517,gY:-2.380,gZ:-0.427
aX:-0.271,aY:0.266,aZ:0.895,gX:-3.723,gY:-2.258,gZ:-0.366
aX:-0.269,aY:0.270,aZ:0.898,gX:-3.418,gY:-2.319,gZ:-0.305
aX:-0.268,aY:0.273,aZ:0.899,gX:-3.967,gY:-2.563,gZ:-0.427
aX:-0.269,aY:0.275,aZ:0.896,gX:-3.906,gY:-2.747,gZ:-0.244
aX:-0.272,aY:0.275,aZ:0.894,gX:-3.967,gY:-2.563,gZ:-0.244
aX:-0.275,aY:0.275,aZ:0.891,gX:-4.333,gY:-2.625,gZ:-0.244
aX:-0.278,aY:0.275,aZ:0.890,gX:-4.211,gY:-2.380,gZ:-0.183
aX:-0.279,aY:0.277,aZ:0.889,gX:-4.211,gY:-2.319,gZ:-0.305
aX:-0.277,aY:0.278,aZ:0.891,gX:-4.395,gY:-2.319,gZ:-0.427
aX:-0.278,aY:0.281,aZ:0.888,gX:-4.150,gY:-2.136,gZ:-0.305
aX:-0.278,aY:0.283,aZ:0.885,gX:-3.784,gY:-1.892,gZ:-0.122
aX:-0.279,aY:0.284,aZ:0.884,gX:-3.357,gY:-1.526,gZ:0.122
aX:-0.282,aY:0.283,aZ:0.881,gX:-2.747,gY:-0.854,gZ:0.427
aX:-0.282,aY:0.281,aZ:0.880,gX:-1.831,gY:-0.183,gZ:0.793
aX:-0.281,aY:0.281,aZ:0.879,gX:-1.099,gY:0.854,gZ:0.732
aX:-0.281,aY:0.280,aZ:0.879,gX:-0.427,gY:1.648,gZ:1.038
aX:-0.282,aY:0.280,aZ:0.880,gX:0.549,gY:2.197,gZ:1.160
aX:-0.280,aY:0.278,aZ:0.882,gX:0.732,gY:2.380,gZ:1.343
aX:-0.276,aY:0.279,aZ:0.889,gX:1.465,gY:2.258,gZ:1.160
aX:-0.274,aY:0.281,aZ:0.893,gX:2.014,gY:2.258,gZ:1.465
aX:-0.275,aY:0.279,aZ:0.896,gX:2.014,gY:1.953,gZ:1.648
aX:-0.277,aY:0.277,aZ:0.903,gX:1.160,gY:1.770,gZ:1.343
aX:-0.281,aY:0.277,aZ:0.896,gX:0.366,gY:1.282,gZ:1.099
aX:-0.279,aY:0.276,aZ:0.892,gX:-0.549,gY:1.892,gZ:0.916
aX:-0.275,aY:0.277,aZ:0.888,gX:-0.916,gY:2.747,gZ:0.610
aX:-0.269,aY:0.277,aZ:0.885,gX:-0.366,gY:2.869,gZ:0.671
aX:-0.264,aY:0.279,aZ:0.888,gX:0.488,gY:2.502,gZ:0.916
aX:-0.266,aY:0.280,aZ:0.893,gX:0.732,gY:2.197,gZ:1.099
aX:-0.269,aY:0.278,aZ:0.893,gX:1.038,gY:1.770,gZ:1.526
aX:-0.270,aY:0.274,aZ:0.893,gX:0.854,gY:1.831,gZ:1.709
aX:-0.276,aY:0.271,aZ:0.892,gX:0.610,gY:1.892,gZ:1.526
aX:-0.276,aY:0.270,aZ:0.893,gX:0.732,gY:2.014,gZ:1.526
aX:-0.274,aY:0.270,aZ:0.894,gX:1.343,gY:1.953,gZ:1.526
aX:-0.271,aY:0.270,aZ:0.896,gX:1.099,gY:2.014,gZ:1.282
aX:-0.270,aY:0.270,aZ:0.894,gX:1.099,gY:1.770,gZ:1.343
aX:-0.268,aY:0.270,aZ:0.900,gX:1.221,gY:1.587,gZ:1.221
aX:-0.267,aY:0.267,aZ:0.900,gX:1.038,gY:1.404,gZ:1.099
aX:-0.268,aY:0.269,aZ:0.901,gX:1.038,gY:0.916,gZ:0.916
aX:-0.270,aY:0.271,aZ:0.900,gX:1.038,gY:0.916,gZ:1.282
aX:-0.269,aY:0.268,aZ:0.896,gX:0.000,gY:1.465,gZ:1.099
aX:-0.268,aY:0.266,aZ:0.894,gX:-0.183,gY:1.526,gZ:1.160
aX:-0.267,aY:0.266,aZ:0.895,gX:0.366,gY:1.770,gZ:1.221
aX:-0.266,aY:0.266,aZ:0.896,gX:0.549,gY:2.136,gZ:1.099
aX:-0.262,aY:0.266,aZ:0.901,gX:1.526,gY:1.892,gZ:1.099
aX:-0.262,aY:0.266,aZ:0.903,gX:1.343,gY:1.648,gZ:1.099
aX:-0.266,aY:0.266,aZ:0.899,gX:0.854,gY:1.221,gZ:1.221
aX:-0.267,aY:0.264,aZ:0.897,gX:0.732,gY:1.404,gZ:1.343
aX:-0.267,aY:0.264,aZ:0.897,gX:0.549,gY:1.404,gZ:1.160
aX:-0.266,aY:0.262,aZ:0.897,gX:0.305,gY:1.709,gZ:1.282
aX:-0.264,aY:0.262,aZ:0.899,gX:0.732,gY:1.709,gZ:1.160
aX:-0.263,aY:0.261,aZ:0.901,gX:0.977,gY:1.587,gZ:1.221
aX:-0.261,aY:0.262,aZ:0.902,gX:0.488,gY:1.465,gZ:1.160
aX:-0.262,aY:0.262,aZ:0.902,gX:0.610,gY:1.160,gZ:1.221
aX:-0.263,aY:0.260,aZ:0.901,gX:0.488,gY:1.343,gZ:1.221
aX:-0.262,aY:0.258,aZ:0.902,gX:-0.122,gY:1.404,gZ:1.160
aX:-0.262,aY:0.258,aZ:0.900,gX:0.488,gY:1.404,gZ:1.221
aX:-0.263,aY:0.257,aZ:0.901,gX:0.488,gY:1.587,gZ:1.221
aX:-0.262,aY:0.257,aZ:0.901,gX:0.000,gY:1.526,gZ:1.160
aX:-0.260,aY:0.258,aZ:0.903,gX:0.427,gY:1.343,gZ:0.977
aX:-0.259,aY:0.259,aZ:0.904,gX:0.122,gY:0.916,gZ:0.916
aX:-0.258,aY:0.258,aZ:0.906,gX:-0.305,gY:0.610,gZ:0.793
aX:-0.258,aY:0.256,aZ:0.907,gX:-0.366,gY:0.977,gZ:0.854
aX:-0.261,aY:0.252,aZ:0.911,gX:-0.854,gY:0.732,gZ:0.671
aX:-0.266,aY:0.252,aZ:0.906,gX:-1.465,gY:0.427,gZ:0.488
aX:-0.268,aY:0.253,aZ:0.901,gX:-1.526,gY:1.282,gZ:0.488
aX:-0.264,aY:0.255,aZ:0.895,gX:-1.587,gY:1.953,gZ:0.366
aX:-0.256,aY:0.256,aZ:0.892,gX:-1.526,gY:2.441,gZ:0.427
aX:-0.252,aY:0.258,aZ:0.896,gX:0.000,gY:2.686,gZ:0.732
aX:-0.250,aY:0.259,aZ:0.904,gX:1.526,gY:2.502,gZ:1.099
aX:-0.250,aY:0.259,aZ:0.906,gX:1.221,gY:2.014,gZ:1.221
aX:-0.254,aY:0.255,aZ:0.907,gX:1.160,gY:1.709,gZ:1.587
aX:-0.258,aY:0.253,aZ:0.905,gX:0.977,gY:1.831,gZ:1.465
aX:-0.258,aY:0.250,aZ:0.905,gX:0.366,gY:1.892,gZ:1.343
aX:-0.258,aY:0.250,aZ:0.904,gX:0.732,gY:2.197,gZ:1.343
aX:-0.255,aY:0.250,aZ:0.905,gX:1.465,gY:2.075,gZ:1.221
aX:-0.254,aY:0.250,aZ:0.907,gX:0.793,gY:1.892,gZ:1.099
aX:-0.252,aY:0.250,aZ:0.907,gX:1.282,gY:1.709,gZ:1.099
aX:-0.251,aY:0.249,aZ:0.909,gX:1.343,gY:1.709,gZ:1.221
aX:-0.252,aY:0.249,aZ:0.908,gX:0.977,gY:1.343,gZ:1.038
aX:-0.254,aY:0.248,aZ:0.907,gX:0.977,gY:1.587,gZ:1.343
aX:-0.254,aY:0.246,aZ:0.906,gX:0.916,gY:2.075,gZ:1.465
aX:-0.252,aY:0.244,aZ:0.904,gX:0.549,gY:2.075,gZ:1.282
aX:-0.251,aY:0.243,aZ:0.905,gX:1.160,gY:2.319,gZ:1.404
aX:-0.250,aY:0.244,aZ:0.907,gX:1.770,gY:2.563,gZ:1.221
aX:-0.247,aY:0.244,aZ:0.910,gX:1.892,gY:2.563,gZ:1.465
aX:-0.246,aY:0.243,aZ:0.912,gX:2.014,gY:2.441,gZ:1.465
aX:-0.246,aY:0.243,aZ:0.911,gX:1.770,gY:2.380,gZ:1.343
aX:-0.246,aY:0.242,aZ:0.911,gX:1.648,gY:2.075,gZ:1.221
aX:-0.245,aY:0.242,aZ:0.910,gX:1.709,gY:2.258,gZ:1.404
aX:-0.246,aY:0.241,aZ:0.912,gX:1.404,gY:2.258,gZ:1.282
aX:-0.244,aY:0.239,aZ:0.912,gX:1.221,gY:2.075,gZ:1.465
aX:-0.245,aY:0.237,aZ:0.913,gX:1.221,gY:2.258,gZ:1.282
aX:-0.244,aY:0.236,aZ:0.913,gX:1.282,gY:2.075,gZ:1.526
aX:-0.243,aY:0.236,aZ:0.915,gX:1.099,gY:1.892,gZ:1.465
aX:-0.244,aY:0.236,aZ:0.915,gX:1.160,gY:1.587,gZ:1.221
aX:-0.246,aY:0.233,aZ:0.914,gX:0.916,gY:1.404,gZ:1.160
aX:-0.245,aY:0.233,aZ:0.914,gX:0.488,gY:1.038,gZ:1.038
aX:-0.241,aY:0.235,aZ:0.916,gX:0.366,gY:0.732,gZ:0.793
aX:-0.237,aY:0.235,aZ:0.919,gX:0.244,gY:0.366,gZ:0.793
aX:-0.240,aY:0.232,aZ:0.918,gX:-0.488,gY:0.061,gZ:0.732
aX:-0.241,aY:0.232,aZ:0.919,gX:-1.038,gY:-0.488,gZ:0.610
aX:-0.242,aY:0.232,aZ:0.919,gX:-1.831,gY:-0.610,gZ:0.244
aX:-0.242,aY:0.233,aZ:0.918,gX:-2.258,gY:-1.099,gZ:0.122
aX:-0.242,aY:0.233,aZ:0.917,gX:-2.319,gY:-1.282,gZ:0.061
aX:-0.244,aY:0.232,aZ:0.921,gX:-2.747,gY:-1.282,gZ:0.061
aX:-0.248,aY:0.233,aZ:0.917,gX:-3.418,gY:-1.526,gZ:-0.244
aX:-0.253,aY:0.234,aZ:0.912,gX:-3.662,gY:-1.343,gZ:-0.244
aX:-0.251,aY:0.236,aZ:0.907,gX:-3.845,gY:-0.244,gZ:-0.244
aX:-0.245,aY:0.238,aZ:0.902,gX:-3.723,gY:0.183,gZ:-0.244
aX:-0.242,aY:0.240,aZ:0.904,gX:-2.563,gY:0.183,gZ:-0.183
aX:-0.240,aY:0.243,aZ:0.910,gX:-1.038,gY:-0.122,gZ:0.061
aX:-0.240,aY:0.245,aZ:0.912,gX:-0.977,gY:-0.427,gZ:0.427
aX:-0.244,aY:0.243,aZ:0.913,gX:-1.038,gY:-0.916,gZ:0.549
aX:-0.246,aY:0.241,aZ:0.913,gX:-1.587,gY:-0.977,gZ:0.671
aX:-0.248,aY:0.240,aZ:0.912,gX:-1.526,gY:-1.099,gZ:0.549
aX:-0.250,aY:0.240,aZ:0.912,gX:-1.770,gY:-0.977,gZ:0.305
aX:-0.249,aY:0.241,aZ:0.912,gX:-1.648,gY:-1.160,gZ:0.183
aX:-0.249,aY:0.242,aZ:0.912,gX:-1.648,gY:-1.282,gZ:0.305
aX:-0.247,aY:0.242,aZ:0.911,gX:-2.258,gY:-1.465,gZ:0.183
aX:-0.247,aY:0.241,aZ:0.913,gX:-2.258,gY:-1.831,gZ:-0.061
aX:-0.249,aY:0.243,aZ:0.914,gX:-2.136,gY:-2.136,gZ:0.061
aX:-0.252,aY:0.243,aZ:0.912,gX:-2.808,gY:-2.319,gZ:-0.061
aX:-0.254,aY:0.243,aZ:0.909,gX:-3.113,gY:-2.258,gZ:-0.061
aX:-0.254,aY:0.244,aZ:0.908,gX:-3.418,gY:-2.197,gZ:-0.183
aX:-0.254,aY:0.243,aZ:0.906,gX:-3.540,gY:-2.075,gZ:-0.183
aX:-0.253,aY:0.246,aZ:0.907,gX:-2.930,gY:-2.014,gZ:-0.244
aX:-0.252,aY:0.249,aZ:0.909,gX:-2.991,gY:-2.258,gZ:-0.305
aX:-0.252,aY:0.251,aZ:0.909,gX:-3.296,gY:-2.502,gZ:-0.244
aX:-0.253,aY:0.252,aZ:0.906,gX:-3.052,gY:-2.319,gZ:-0.305
aX:-0.255,aY:0.251,aZ:0.904,gX:-3.113,gY:-2.136,gZ:-0.183
aX:-0.259,aY:0.250,aZ:0.903,gX:-3.784,gY:-2.319,gZ:-0.061
aX:-0.260,aY:0.251,aZ:0.903,gX:-3.418,gY:-2.197,gZ:-0.183
aX:-0.261,aY:0.252,aZ:0.904,gX:-3.723,gY:-2.014,gZ:-0.244
aX:-0.260,aY:0.254,aZ:0.906,gX:-3.723,gY:-2.319,gZ:-0.366
aX:-0.258,aY:0.257,aZ:0.906,gX:-3.601,gY:-2.258,gZ:-0.366
aX:-0.260,aY:0.258,aZ:0.903,gX:-3.906,gY:-2.502,gZ:-0.488
aX:-0.262,aY:0.260,aZ:0.901,gX:-4.089,gY:-2.625,gZ:-0.366
aX:-0.265,aY:0.258,aZ:0.899,gX:-4.089,gY:-2.502,gZ:-0.122
aX:-0.265,aY:0.259,aZ:0.900,gX:-3.540,gY:-2.686,gZ:-0.122
aX:-0.267,aY:0.262,aZ:0.899,gX:-4.272,gY:-2.747,gZ:-0.488
aX:-0.265,aY:0.263,aZ:0.901,gX:-3.784,gY:-2.563,gZ:-0.122
aX:-0.266,aY:0.264,aZ:0.900,gX:-3.357,gY:-2.869,gZ:-0.244
aX:-0.269,aY:0.265,aZ:0.895,gX:-4.211,gY:-2.930,gZ:-0.366
aX:-0.267,aY:0.266,aZ:0.896,gX:-3.784,gY:-2.808,gZ:-0.183
aX:-0.269,aY:0.268,aZ:0.896,gX:-3.662,gY:-2.747,gZ:-0.122
aX:-0.271,aY:0.266,aZ:0.896,gX:-4.333,gY:-2.563,gZ:-0.244
aX:-0.278,aY:0.265,aZ:0.902,gX:-4.150,gY:-2.869,gZ:-0.427
aX:-0.282,aY:0.269,aZ:0.895,gX:-4.395,gY:-2.625,gZ:-0.793
aX:-0.281,aY:0.271,aZ:0.892,gX:-4.761,gY:-1.831,gZ:-0.732
aX:-0.277,aY:0.272,aZ:0.888,gX:-4.395,gY:-0.854,gZ:-0.549
aX:-0.272,aY:0.273,aZ:0.883,gX:-3.601,gY:-0.549,gZ:-0.427
aX:-0.269,aY:0.275,aZ:0.885,gX:-2.991,gY:-0.732,gZ:-0.244
aX:-0.268,aY:0.277,aZ:0.887,gX:-1.648,gY:-0.610,gZ:0.122
aX:-0.269,aY:0.277,aZ:0.887,gX:-1.099,gY:-0.122,gZ:0.488
aX:-0.270,aY:0.273,aZ:0.887,gX:-1.038,gY:0.366,gZ:0.977
aX:-0.275,aY:0.271,aZ:0.886,gX:-0.732,gY:0.916,gZ:0.916
aX:-0.278,aY:0.271,aZ:0.888,gX:-0.122,gY:1.404,gZ:1.099
aX:-0.278,aY:0.272,aZ:0.891,gX:-0.183,gY:1.831,gZ:1.099
aX:-0.276,aY:0.273,aZ:0.893,gX:0.549,gY:1.892,gZ:1.038
aX:-0.275,aY:0.272,aZ:0.895,gX:0.671,gY:1.648,gZ:1.038
aX:-0.273,aY:0.270,aZ:0.897,gX:0.671,gY:1.221,gZ:1.038
aX:-0.277,aY:0.269,aZ:0.897,gX:0.671,gY:0.305,gZ:1.038
aX:-0.278,aY:0.271,aZ:0.894,gX:0.549,gY:0.427,gZ:1.038
aX:-0.277,aY:0.269,aZ:0.891,gX:0.061,gY:1.099,gZ:0.854
aX:-0.273,aY:0.268,aZ:0.891,gX:-0.183,gY:1.953,gZ:0.854
aX:-0.267,aY:0.269,aZ:0.891,gX:0.305,gY:2.136,gZ:0.854
aX:-0.264,aY:0.271,aZ:0.895,gX:0.916,gY:2.197,gZ:1.099
aX:-0.264,aY:0.272,aZ:0.899,gX:1.221,gY:2.197,gZ:1.343
aX:-0.265,aY:0.270,aZ:0.902,gX:1.404,gY:1.831,gZ:1.465
aX:-0.266,aY:0.269,aZ:0.901,gX:0.977,gY:1.221,gZ:1.221
aX:-0.268,aY:0.266,aZ:0.901,gX:0.183,gY:1.099,gZ:1.099
aX:-0.270,aY:0.266,aZ:0.898,gX:-0.183,gY:0.854,gZ:1.038
aX:-0.270,aY:0.266,aZ:0.897,gX:-0.427,gY:1.038,gZ:0.977
aX:-0.271,aY:0.267,aZ:0.897,gX:-0.183,gY:0.671,gZ:0.793
aX:-0.272,aY:0.266,aZ:0.896,gX:-0.122,gY:0.793,gZ:0.671
aX:-0.273,aY:0.266,aZ:0.896,gX:-0.427,gY:0.732,gZ:0.916
aX:-0.272,aY:0.267,aZ:0.896,gX:-0.427,gY:0.916,gZ:1.099
aX:-0.271,aY:0.266,aZ:0.896,gX:-0.122,gY:0.977,gZ:1.038
aX:-0.268,aY:0.265,aZ:0.894,gX:0.000,gY:1.343,gZ:1.099
aX:-0.268,aY:0.264,aZ:0.895,gX:-0.061,gY:1.343,gZ:0.977
aX:-0.268,aY:0.266,aZ:0.896,gX:0.305,gY:1.465,gZ:0.977
aX:-0.266,aY:0.264,aZ:0.893,gX:0.366,gY:1.282,gZ:1.099
aX:-0.263,aY:0.264,aZ:0.898,gX:0.305,gY:1.282,gZ:1.099
aX:-0.259,aY:0.263,aZ:0.904,gX:0.427,gY:1.282,gZ:0.977
aX:-0.260,aY:0.262,aZ:0.906,gX:0.000,gY:0.854,gZ:1.038
aX:-0.266,aY:0.260,aZ:0.910,gX:-0.549,gY:0.183,gZ:0.916
aX:-0.270,aY:0.260,aZ:0.903,gX:-1.160,gY:-0.061,gZ:0.854
aX:-0.275,aY:0.260,aZ:0.896,gX:-2.075,gY:0.671,gZ:0.732
aX:-0.273,aY:0.260,aZ:0.892,gX:-2.319,gY:1.953,gZ:0.732
aX:-0.267,aY:0.261,aZ:0.887,gX:-1.770,gY:2.869,gZ:0.671
aX:-0.263,aY:0.261,aZ:0.890,gX:-0.549,gY:3.052,gZ:0.732
aX:-0.261,aY:0.262,aZ:0.897,gX:0.122,gY:2.747,gZ:0.916
aX:-0.261,aY:0.263,aZ:0.901,gX:0.977,gY:2.441,gZ:1.282
aX:-0.263,aY:0.264,aZ:0.903,gX:1.221,gY:1.892,gZ:1.343
aX:-0.264,aY:0.262,aZ:0.901,gX:0.916,gY:2.136,gZ:1.343
aX:-0.263,aY:0.259,aZ:0.902,gX:0.916,gY:2.075,gZ:1.465
aX:-0.262,aY:0.260,aZ:0.904,gX:1.160,gY:2.014,gZ:1.526
aX:-0.260,aY:0.260,aZ:0.903,gX:1.160,gY:1.892,gZ:1.404
aX:-0.259,aY:0.259,aZ:0.902,gX:1.160,gY:1.648,gZ:1.404
aX:-0.257,aY:0.260,aZ:0.905,gX:0.977,gY:1.648,gZ:1.404
aX:-0.256,aY:0.257,aZ:0.905,gX:0.610,gY:1.648,gZ:1.221
aX:-0.255,aY:0.256,aZ:0.907,gX:0.427,gY:1.282,gZ:0.977
aX:-0.258,aY:0.257,aZ:0.906,gX:0.305,gY:1.282,gZ:0.977
aX:-0.259,aY:0.255,aZ:0.904,gX:0.000,gY:1.465,gZ:1.282
aX:-0.258,aY:0.254,aZ:0.904,gX:-0.122,gY:1.648,gZ:1.221
aX:-0.258,aY:0.252,aZ:0.903,gX:-0.122,gY:1.343,gZ:1.160
aX:-0.258,aY:0.250,aZ:0.904,gX:-0.305,gY:1.587,gZ:0.977
aX:-0.257,aY:0.252,aZ:0.904,gX:0.427,gY:1.648,gZ:1.038
aX:-0.256,aY:0.253,aZ:0.904,gX:0.427,gY:1.526,gZ:1.099
aX:-0.256,aY:0.253,aZ:0.904,gX:0.183,gY:1.099,gZ:0.916
aX:-0.257,aY:0.251,aZ:0.904,gX:0.366,gY:1.038,gZ:0.916
aX:-0.259,aY:0.251,aZ:0.903,gX:0.305,gY:1.099,gZ:0.916
aX:-0.257,aY:0.252,aZ:0.905,gX:-0.305,gY:1.526,gZ:0.916
aX:-0.255,aY:0.254,aZ:0.904,gX:0.305,gY:1.343,gZ:0.977
aX:-0.253,aY:0.255,aZ:0.904,gX:0.244,gY:1.465,gZ:1.160
aX:-0.252,aY:0.254,aZ:0.905,gX:0.244,gY:1.526,gZ:0.977
aX:-0.251,aY:0.253,aZ:0.906,gX:0.610,gY:1.648,gZ:1.282
aX:-0.252,aY:0.250,aZ:0.909,gX:0.671,gY:1.526,gZ:1.343
aX:-0.252,aY:0.249,aZ:0.909,gX:0.244,gY:1.404,gZ:1.282
aX:-0.253,aY:0.246,aZ:0.910,gX:0.671,gY:1.404,gZ:1.404
aX:-0.254,aY:0.246,aZ:0.911,gX:0.244,gY:0.977,gZ:1.160
aX:-0.255,aY:0.245,aZ:0.910,gX:-0.610,gY:0.244,gZ:0.549
aX:-0.256,aY:0.245,aZ:0.908,gX:-0.977,gY:-0.549,gZ:0.488
aX:-0.253,aY:0.247,aZ:0.909,gX:-0.916,gY:-0.122,gZ:0.732
aX:-0.250,aY:0.251,aZ:0.908,gX:-1.465,gY:0.061,gZ:0.366
aX:-0.251,aY:0.251,aZ:0.913,gX:-0.977,gY:0.183,gZ:0.671
aX:-0.254,aY:0.249,aZ:0.913,gX:-1.160,gY:-0.183,gZ:0.610
aX:-0.258,aY:0.249,aZ:0.905,gX:-1.770,gY:-0.366,gZ:0.549
aX:-0.259,aY:0.247,aZ:0.903,gX:-2.014,gY:0.854,gZ:0.488
aX:-0.257,aY:0.248,aZ:0.898,gX:-1.709,gY:1.892,gZ:0.488
aX:-0.251,aY:0.248,aZ:0.899,gX:-1.282,gY:2.014,gZ:0.671
aX:-0.247,aY:0.250,aZ:0.906,gX:-0.061,gY:1.770,gZ:0.610
aX:-0.244,aY:0.251,aZ:0.911,gX:0.732,gY:0.916,gZ:0.671
aX:-0.246,aY:0.249,aZ:0.910,gX:0.061,gY:0.427,gZ:1.038
aX:-0.250,aY:0.247,aZ:0.910,gX:0.427,gY:0.488,gZ:1.221
aX:-0.254,aY:0.244,aZ:0.907,gX:0.183,gY:0.977,gZ:1.343
aX:-0.255,aY:0.238,aZ:0.907,gX:0.000,gY:0.916,gZ:1.343
aX:-0.256,aY:0.240,aZ:0.907,gX:0.305,gY:0.916,gZ:1.099
aX:-0.255,aY:0.239,aZ:0.909,gX:0.488,gY:0.916,gZ:0.854
aX:-0.252,aY:0.240,aZ:0.909,gX:-0.610,gY:0.671,gZ:0.488
aX:-0.249,aY:0.240,aZ:0.911,gX:-0.610,gY:0.427,gZ:0.305
aX:-0.247,aY:0.242,aZ:0.911,gX:-0.854,gY:-0.061,gZ:0.122
aX:-0.247,aY:0.248,aZ:0.912,gX:-1.038,gY:-0.305,gZ:0.427
aX:-0.250,aY:0.250,aZ:0.913,gX:-0.916,gY:-0.305,gZ:0.793
aX:-0.254,aY:0.248,aZ:0.910,gX:-1.038,gY:-0.488,gZ:0.977
aX:-0.257,aY:0.245,aZ:0.906,gX:-1.648,gY:-0.610,gZ:0.610
aX:-0.257,aY:0.245,aZ:0.904,gX:-1.465,gY:-0.366,gZ:0.671
aX:-0.253,aY:0.247,aZ:0.905,gX:-1.099,gY:-0.183,gZ:0.427
aX:-0.250,aY:0.251,aZ:0.904,gX:-0.977,gY:0.000,gZ:0.427
aX:-0.247,aY:0.251,aZ:0.906,gX:-1.038,gY:0.366,gZ:0.610
aX:-0.247,aY:0.249,aZ:0.908,gX:-1.038,gY:0.122,gZ:0.732
aX:-0.250,aY:0.245,aZ:0.908,gX:-1.282,gY:-0.061,gZ:0.610
aX:-0.255,aY:0.241,aZ:0.909,gX:-1.343,gY:-0.610,gZ:0.366
aX:-0.256,aY:0.240,aZ:0.911,gX:-1.465,gY:-0.366,gZ:0.427
aX:-0.254,aY:0.240,aZ:0.912,gX:-1.953,gY:-0.305,gZ:0.183
aX:-0.252,aY:0.243,aZ:0.914,gX:-2.197,gY:-0.610,gZ:-0.122
aX:-0.252,aY:0.247,aZ:0.912,gX:-2.319,gY:-1.282,gZ:-0.305
aX:-0.252,aY:0.248,aZ:0.909,gX:-2.930,gY:-1.648,gZ:-0.183
aX:-0.253,aY:0.247,aZ:0.909,gX:-2.991,gY:-1.709,gZ:-0.122
aX:-0.255,aY:0.250,aZ:0.909,gX:-3.113,gY:-1.526,gZ:-0.061
aX:-0.256,aY:0.250,aZ:0.904,gX:-3.418,gY:-1.526,gZ:-0.122
aX:-0.258,aY:0.254,aZ:0.904,gX:-3.479,gY:-1.404,gZ:0.000
aX:-0.258,aY:0.258,aZ:0.902,gX:-3.662,gY:-1.831,gZ:-0.122
aX:-0.258,aY:0.261,aZ:0.904,gX:-3.540,gY:-2.319,gZ:-0.183
aX:-0.258,aY:0.264,aZ:0.905,gX:-3.418,gY:-2.380,gZ:-0.122
aX:-0.259,aY:0.263,aZ:0.903,gX:-3.479,gY:-2.258,gZ:-0.122
aX:-0.263,aY:0.260,aZ:0.907,gX:-3.967,gY:-2.258,gZ:0.000
aX:-0.267,aY:0.259,aZ:0.900,gX:-3.906,gY:-2.319,gZ:-0.244
aX:-0.272,aY:0.260,aZ:0.895,gX:-3.967,gY:-1.709,gZ:-0.305
aX:-0.264,aY:0.261,aZ:0.894,gX:-3.845,gY:-0.061,gZ:-0.244
aX:-0.257,aY:0.261,aZ:0.894,gX:-3.235,gY:0.366,gZ:-0.366
aX:-0.253,aY:0.261,aZ:0.896,gX:-2.319,gY:0.000,gZ:-0.122
aX:-0.253,aY:0.261,aZ:0.902,gX:-1.587,gY:-0.610,gZ:0.244
aX:-0.255,aY:0.260,aZ:0.903,gX:-1.953,gY:-0.916,gZ:0.244
aX:-0.260,aY:0.259,aZ:0.904,gX:-1.892,gY:-0.977,gZ:0.549
aX:-0.264,aY:0.258,aZ:0.906,gX:-1.831,gY:-0.977,gZ:0.671
aX:-0.266,aY:0.258,aZ:0.904,gX:-2.747,gY:-1.221,gZ:0.427
aX:-0.268,aY:0.260,aZ:0.904,gX:-2.808,gY:-1.892,gZ:0.183
aX:-0.269,aY:0.264,aZ:0.902,gX:-3.235,gY:-2.197,gZ:0.000
aX:-0.268,aY:0.266,aZ:0.898,gX:-3.784,gY:-2.075,gZ:-0.244
aX:-0.266,aY:0.268,aZ:0.895,gX:-3.845,gY:-2.258,gZ:-0.549
aX:-0.266,aY:0.271,aZ:0.898,gX:-3.601,gY:-2.502,gZ:-0.549
aX:-0.269,aY:0.273,aZ:0.897,gX:-3.540,gY:-2.808,gZ:-0.366
aX:-0.272,aY:0.273,aZ:0.895,gX:-3.174,gY:-2.869,gZ:-0.244
aX:-0.273,aY:0.273,aZ:0.892,gX:-3.296,gY:-2.625,gZ:-0.122
aX:-0.273,aY:0.272,aZ:0.890,gX:-3.296,gY:-2.075,gZ:-0.122
aX:-0.272,aY:0.273,aZ:0.892,gX:-2.869,gY:-2.014,gZ:-0.122
aX:-0.270,aY:0.276,aZ:0.895,gX:-2.441,gY:-2.136,gZ:0.000
aX:-0.270,aY:0.277,aZ:0.895,gX:-2.747,gY:-2.502,gZ:-0.183
aX:-0.271,aY:0.277,aZ:0.893,gX:-2.808,gY:-2.319,gZ:-0.183
aX:-0.273,aY:0.275,aZ:0.891,gX:-2.869,gY:-2.136,gZ:0.000
aX:-0.274,aY:0.274,aZ:0.892,gX:-3.845,gY:-2.380,gZ:-0.122
aX:-0.276,aY:0.275,aZ:0.894,gX:-3.845,gY:-2.258,gZ:-0.244
aX:-0.277,aY:0.277,aZ:0.896,gX:-4.272,gY:-2.136,gZ:-0.305
aX:-0.277,aY:0.277,aZ:0.895,gX:-4.456,gY:-2.258,gZ:-0.671
aX:-0.280,aY:0.280,aZ:0.891,gX:-4.333,gY:-2.258,gZ:-0.366
aX:-0.282,aY:0.279,aZ:0.888,gX:-4.456,gY:-2.258,gZ:-0.427
aX:-0.283,aY:0.280,aZ:0.887,gX:-5.066,gY:-2.441,gZ:-0.671
aX:-0.284,aY:0.282,aZ:0.886,gX:-4.639,gY:-2.258,gZ:-0.610
aX:-0.281,aY:0.286,aZ:0.885,gX:-4.456,gY:-1.892,gZ:-0.671
aX:-0.280,aY:0.290,aZ:0.881,gX:-4.639,gY:-2.014,gZ:-0.793
aX:-0.282,aY:0.292,aZ:0.880,gX:-3.601,gY:-2.014,gZ:-0.488
aX:-0.281,aY:0.296,aZ:0.883,gX:-2.686,gY:-2.014,gZ:0.061
aX:-0.283,aY:0.294,aZ:0.883,gX:-3.052,gY:-1.282,gZ:0.244
aX:-0.286,aY:0.291,aZ:0.885,gX:-2.747,gY:-0.916,gZ:0.244
aX:-0.290,aY:0.286,aZ:0.888,gX:-2.808,gY:-0.916,gZ:0.244
aX:-0.292,aY:0.286,aZ:0.882,gX:-2.869,gY:-1.099,gZ:-0.061
aX:-0.290,aY:0.288,aZ:0.878,gX:-2.747,gY:0.000,gZ:-0.244
aX:-0.283,aY:0.293,aZ:0.876,gX:-2.014,gY:1.587,gZ:-0.122
aX:-0.276,aY:0.295,aZ:0.877,gX:-1.587,gY:1.831,gZ:0.000
aX:-0.274,aY:0.297,aZ:0.879,gX:-0.183,gY:1.587,gZ:0.610
aX:-0.276,aY:0.298,aZ:0.880,gX:0.854,gY:1.587,gZ:1.465
aX:-0.279,aY:0.294,aZ:0.878,gX:0.732,gY:2.075,gZ:1.831
aX:-0.284,aY:0.291,aZ:0.880,gX:1.526,gY:2.197,gZ:2.075
aX:-0.286,aY:0.289,aZ:0.882,gX:1.831,gY:2.563,gZ:1.831
aX:-0.284,aY:0.287,aZ:0.885,gX:1.648,gY:2.686,gZ:1.709
aX:-0.283,aY:0.287,aZ:0.888,gX:2.136,gY:2.808,gZ:1.709
aX:-0.281,aY:0.287,aZ:0.887,gX:2.136,gY:2.808,gZ:1.709
aX:-0.279,aY:0.283,aZ:0.890,gX:1.587,gY:2.563,gZ:1.648
aX:-0.277,aY:0.281,aZ:0.893,gX:1.465,gY:2.380,gZ:1.526
aX:-0.278,aY:0.279,aZ:0.896,gX:1.526,gY:1.648,gZ:1.343
aX:-0.278,aY:0.281,aZ:0.895,gX:0.671,gY:1.343,gZ:1.221
aX:-0.279,aY:0.282,aZ:0.892,gX:0.366,gY:1.160,gZ:0.977
aX:-0.276,aY:0.281,aZ:0.888,gX:0.061,gY:1.465,gZ:0.854
aX:-0.274,aY:0.281,aZ:0.883,gX:0.366,gY:1.831,gZ:1.221
aX:-0.272,aY:0.280,aZ:0.884,gX:0.671,gY:2.197,gZ:1.160
aX:-0.269,aY:0.281,aZ:0.890,gX:1.465,gY:2.625,gZ:1.587
aX:-0.270,aY:0.282,aZ:0.893,gX:1.282,gY:2.808,gZ:1.587
aX:-0.273,aY:0.282,aZ:0.893,gX:1.404,gY:2.258,gZ:1.587
aX:-0.275,aY:0.282,aZ:0.892,gX:1.221,gY:1.831,gZ:1.465
aX:-0.274,aY:0.281,aZ:0.891,gX:0.916,gY:1.709,gZ:1.465
aX:-0.272,aY:0.281,aZ:0.894,gX:0.610,gY:1.648,gZ:1.221
aX:-0.271,aY:0.279,aZ:0.892,gX:0.610,gY:1.465,gZ:1.587
aX:-0.270,aY:0.276,aZ:0.892,gX:0.366,gY:1.587,gZ:1.465
aX:-0.271,aY:0.275,aZ:0.892,gX:0.732,gY:1.831,gZ:1.465
aX:-0.271,aY:0.272,aZ:0.892,gX:0.854,gY:2.075,gZ:1.282
aX:-0.271,aY:0.271,aZ:0.894,gX:0.610,gY:2.197,gZ:1.343
aX:-0.271,aY:0.270,aZ:0.895,gX:1.038,gY:2.014,gZ:1.404
aX:-0.270,aY:0.270,aZ:0.895,gX:0.977,gY:1.770,gZ:1.160
aX:-0.268,aY:0.269,aZ:0.895,gX:0.610,gY:1.404,gZ:1.282
aX:-0.265,aY:0.271,aZ:0.898,gX:0.488,gY:0.977,gZ:1.038
aX:-0.265,aY:0.273,aZ:0.901,gX:0.610,gY:0.916,gZ:1.099
aX:-0.265,aY:0.270,aZ:0.903,gX:0.000,gY:0.732,gZ:1.099
aX:-0.272,aY:0.267,aZ:0.906,gX:-0.488,gY:0.183,gZ:0.854
aX:-0.278,aY:0.268,aZ:0.897,gX:-0.977,gY:0.061,gZ:0.793
aX:-0.276,aY:0.269,aZ:0.891,gX:-1.770,gY:1.099,gZ:0.488
aX:-0.270,aY:0.271,aZ:0.887,gX:-2.197,gY:2.136,gZ:0.305
aX:-0.262,aY:0.272,aZ:0.885,gX:-1.160,gY:2.258,gZ:0.366
aX:-0.258,aY:0.274,aZ:0.891,gX:0.000,gY:2.014,gZ:0.732
aX:-0.259,aY:0.273,aZ:0.896,gX:0.549,gY:1.892,gZ:0.977
aX:-0.260,aY:0.273,aZ:0.900,gX:1.038,gY:1.343,gZ:1.099
aX:-0.264,aY:0.269,aZ:0.900,gX:1.038,gY:0.977,gZ:1.587
aX:-0.266,aY:0.266,aZ:0.898,gX:0.427,gY:1.099,gZ:1.221
aX:-0.268,aY:0.266,aZ:0.899,gX:0.427,gY:1.343,gZ:1.160
aX:-0.266,aY:0.266,aZ:0.900,gX:0.488,gY:1.465,gZ:1.221
aX:-0.267,aY:0.266,aZ:0.896,gX:0.488,gY:1.648,gZ:1.099
aX:-0.266,aY:0.264,aZ:0.896,gX:0.305,gY:1.404,gZ:0.977
aX:-0.263,aY:0.265,aZ:0.900,gX:0.427,gY:1.343,gZ:0.793
aX:-0.261,aY:0.265,aZ:0.901,gX:0.183,gY:0.732,gZ:0.671
aX:-0.262,aY:0.268,aZ:0.902,gX:0.305,gY:0.244,gZ:0.793
aX:-0.265,aY:0.269,aZ:0.900,gX:0.061,gY:0.183,gZ:1.038
aX:-0.265,aY:0.267,aZ:0.894,gX:-0.549,gY:0.671,gZ:1.099
aX:-0.265,aY:0.263,aZ:0.894,gX:-0.366,gY:1.343,gZ:1.099
aX:-0.263,aY:0.262,aZ:0.896,gX:0.305,gY:1.892,gZ:0.977
aX:-0.261,aY:0.262,aZ:0.899,gX:0.610,gY:2.075,gZ:1.038
aX:-0.258,aY:0.263,aZ:0.902,gX:1.465,gY:2.014,gZ:1.160
aX:-0.259,aY:0.264,aZ:0.903,gX:1.648,gY:1.587,gZ:1.099
aX:-0.259,aY:0.261,aZ:0.903,gX:0.854,gY:1.099,gZ:1.221
aX:-0.263,aY:0.259,aZ:0.900,gX:0.916,gY:1.343,gZ:1.099
aX:-0.263,aY:0.257,aZ:0.897,gX:0.549,gY:1.587,gZ:1.160
aX:-0.261,aY:0.258,aZ:0.899,gX:-0.061,gY:1.831,gZ:0.916
aX:-0.259,aY:0.258,aZ:0.900,gX:0.366,gY:1.892,gZ:1.038
aX:-0.258,aY:0.259,aZ:0.902,gX:0.916,gY:1.831,gZ:1.038
aX:-0.258,aY:0.259,aZ:0.903,gX:0.427,gY:1.526,gZ:1.038
aX:-0.257,aY:0.257,aZ:0.904,gX:0.488,gY:1.526,gZ:1.099
aX:-0.256,aY:0.258,aZ:0.906,gX:0.793,gY:1.526,gZ:1.038
aX:-0.255,aY:0.257,aZ:0.902,gX:-0.061,gY:1.587,gZ:1.038
aX:-0.256,aY:0.257,aZ:0.903,gX:0.244,gY:1.709,gZ:0.977
aX:-0.256,aY:0.256,aZ:0.903,gX:0.671,gY:1.404,gZ:1.099
aX:-0.255,aY:0.257,aZ:0.904,gX:-0.122,gY:1.038,gZ:0.854
aX:-0.254,aY:0.257,aZ:0.906,gX:-0.183,gY:0.916,gZ:0.977
aX:-0.254,aY:0.255,aZ:0.907,gX:0.122,gY:1.038,gZ:0.916
aX:-0.254,aY:0.252,aZ:0.914,gX:-0.854,gY:0.610,gZ:0.793
aX:-0.259,aY:0.250,aZ:0.911,gX:-0.977,gY:0.061,gZ:0.549
aX:-0.264,aY:0.250,aZ:0.903,gX:-1.404,gY:0.305,gZ:0.427
aX:-0.261,aY:0.251,aZ:0.898,gX:-2.441,gY:1.709,gZ:0.366
aX:-0.256,aY:0.254,aZ:0.894,gX:-1.831,gY:2.380,gZ:0.427
aX:-0.249,aY:0.254,aZ:0.896,gX:-0.732,gY:2.686,gZ:0.549
aX:-0.246,aY:0.255,aZ:0.904,gX:0.122,gY:2.319,gZ:0.732
aX:-0.247,aY:0.256,aZ:0.907,gX:0.977,gY:1.709,gZ:1.038
aX:-0.249,aY:0.255,aZ:0.907,gX:0.977,gY:1.465,gZ:1.343
aX:-0.253,aY:0.253,aZ:0.904,gX:0.122,gY:1.404,gZ:1.282
aX:-0.252,aY:0.251,aZ:0.904,gX:0.305,gY:1.709,gZ:1.282
aX:-0.253,aY:0.251,aZ:0.906,gX:0.793,gY:1.892,gZ:1.221
aX:-0.251,aY:0.252,aZ:0.907,gX:0.610,gY:1.831,gZ:1.343
aX:-0.250,aY:0.252,aZ:0.905,gX:0.732,gY:1.770,gZ:1.282
aX:-0.250,aY:0.251,aZ:0.904,gX:1.099,gY:1.587,gZ:1.343
aX:-0.249,aY:0.250,aZ:0.907,gX:0.977,gY:1.587,gZ:1.221
aX:-0.249,aY:0.250,aZ:0.907,gX:1.282,gY:1.587,gZ:1.282
aX:-0.250,aY:0.249,aZ:0.908,gX:1.221,gY:1.526,gZ:1.282
aX:-0.250,aY:0.247,aZ:0.909,gX:0.671,gY:1.465,gZ:1.465
aX:-0.250,aY:0.245,aZ:0.909,gX:0.610,gY:1.404,gZ:1.282
aX:-0.249,aY:0.243,aZ:0.909,gX:0.671,gY:1.282,gZ:1.160
aX:-0.247,aY:0.242,aZ:0.910,gX:0.244,gY:1.221,gZ:1.221
aX:-0.247,aY:0.243,aZ:0.911,gX:0.488,gY:1.099,gZ:1.099
aX:-0.245,aY:0.243,aZ:0.913,gX:0.305,gY:0.854,gZ:1.038
aX:-0.243,aY:0.243,aZ:0.912,gX:-0.183,gY:0.488,gZ:0.977
aX:-0.245,aY:0.243,aZ:0.912,gX:-0.488,gY:0.061,gZ:0.793
aX:-0.247,aY:0.243,aZ:0.910,gX:-0.671,gY:-0.061,gZ:0.854
aX:-0.248,aY:0.243,aZ:0.909,gX:-1.099,gY:-0.061,gZ:0.793
aX:-0.249,aY:0.244,aZ:0.910,gX:-1.221,gY:-0.061,gZ:0.793
aX:-0.249,aY:0.244,aZ:0.910,gX:-1.038,gY:-0.244,gZ:0.549
aX:-0.249,aY:0.245,aZ:0.909,gX:-1.465,gY:-0.488,gZ:0.610
aX:-0.250,aY:0.248,aZ:0.909,gX:-1.404,gY:-0.793,gZ:0.488
aX:-0.250,aY:0.246,aZ:0.908,gX:-1.526,gY:-0.793,gZ:0.427
aX:-0.249,aY:0.245,aZ:0.907,gX:-1.404,gY:-0.732,gZ:0.427
aX:-0.249,aY:0.246,aZ:0.909,gX:-1.587,gY:-0.610,gZ:0.427
aX:-0.249,aY:0.245,aZ:0.910,gX:-1.282,gY:-0.793,gZ:0.488
aX:-0.250,aY:0.246,aZ:0.909,gX:-1.587,gY:-0.977,gZ:0.366
aX:-0.251,aY:0.246,aZ:0.909,gX:-1.709,gY:-0.916,gZ:0.427
aX:-0.252,aY:0.247,aZ:0.907,gX:-2.014,gY:-1.221,gZ:0.244
aX:-0.251,aY:0.247,aZ:0.906,gX:-2.319,gY:-1.343,gZ:0.000
aX:-0.250,aY:0.247,aZ:0.909,gX:-2.869,gY:-1.526,gZ:-0.183
aX:-0.249,aY:0.248,aZ:0.910,gX:-2.258,gY:-1.709,gZ:0.000
aX:-0.251,aY:0.247,aZ:0.912,gX:-2.869,gY:-1.831,gZ:0.000
aX:-0.258,aY:0.245,aZ:0.917,gX:-3.357,gY:-2.319,gZ:-0.427
aX:-0.263,aY:0.248,aZ:0.907,gX:-4.089,gY:-2.380,gZ:-0.488
aX:-0.261,aY:0.250,aZ:0.901,gX:-4.700,gY:-1.099,gZ:-0.610
aX:-0.255,aY:0.253,aZ:0.896,gX:-5.066,gY:0.000,gZ:-0.610
aX:-0.249,aY:0.256,aZ:0.896,gX:-3.906,gY:-0.244,gZ:-0.427
aX:-0.248,aY:0.259,aZ:0.901,gX:-2.502,gY:-0.854,gZ:-0.244
aX:-0.250,aY:0.261,aZ:0.904,gX:-1.953,gY:-1.343,gZ:0.061
aX:-0.253,aY:0.260,aZ:0.903,gX:-1.709,gY:-1.465,gZ:0.244
aX:-0.255,aY:0.259,aZ:0.903,gX:-2.197,gY:-1.526,gZ:0.366
aX:-0.259,aY:0.257,aZ:0.901,gX:-2.380,gY:-1.282,gZ:0.488
aX:-0.260,aY:0.256,aZ:0.901,gX:-2.075,gY:-1.099,gZ:0.488
aX:-0.260,aY:0.258,aZ:0.905,gX:-2.014,gY:-1.282,gZ:0.305
aX:-0.260,aY:0.258,aZ:0.902,gX:-2.380,gY:-1.404,gZ:0.122
aX:-0.259,aY:0.260,aZ:0.901,gX:-2.136,gY:-1.648,gZ:0.000
aX:-0.257,aY:0.260,aZ:0.903,gX:-2.380,gY:-1.892,gZ:-0.122
aX:-0.258,aY:0.260,aZ:0.903,gX:-2.808,gY:-2.258,gZ:-0.061
aX:-0.261,aY:0.261,aZ:0.903,gX:-2.991,gY:-2.502,gZ:-0.122
aX:-0.266,aY:0.261,aZ:0.903,gX:-3.052,gY:-2.502,gZ:0.000
aX:-0.266,aY:0.261,aZ:0.897,gX:-3.967,gY:-2.319,gZ:-0.244
aX:-0.264,aY:0.263,aZ:0.896,gX:-3.845,gY:-1.953,gZ:-0.305
aX:-0.263,aY:0.265,aZ:0.896,gX:-3.052,gY:-1.831,gZ:-0.183
aX:-0.261,aY:0.268,aZ:0.899,gX:-3.235,gY:-1.770,gZ:-0.244
aX:-0.262,aY:0.270,aZ:0.899,gX:-2.991,gY:-2.075,gZ:0.000
aX:-0.263,aY:0.271,aZ:0.898,gX:-2.747,gY:-2.197,gZ:-0.183
aX:-0.265,aY:0.270,aZ:0.897,gX:-3.052,gY:-2.319,gZ:0.000
aX:-0.270,aY:0.270,aZ:0.896,gX:-3.113,gY:-2.258,gZ:-0.183
aX:-0.271,aY:0.271,aZ:0.896,gX:-3.296,gY:-2.319,gZ:0.000
aX:-0.271,aY:0.272,aZ:0.893,gX:-4.089,gY:-2.136,gZ:-0.183
aX:-0.271,aY:0.274,aZ:0.894,gX:-3.601,gY:-2.136,gZ:-0.183
aX:-0.271,aY:0.276,aZ:0.892,gX:-3.479,gY:-2.014,gZ:-0.183
aX:-0.271,aY:0.276,aZ:0.891,gX:-3.845,gY:-2.197,gZ:-0.244
aX:-0.271,aY:0.276,aZ:0.891,gX:-3.479,gY:-1.831,gZ:0.000
aX:-0.272,aY:0.276,aZ:0.890,gX:-2.808,gY:-1.648,gZ:0.305
aX:-0.272,aY:0.275,aZ:0.889,gX:-3.052,gY:-1.221,gZ:0.122
aX:-0.274,aY:0.277,aZ:0.887,gX:-2.502,gY:-0.854,gZ:0.305
aX:-0.274,aY:0.277,aZ:0.886,gX:-2.319,gY:-0.610,gZ:0.366
aX:-0.272,aY:0.277,aZ:0.888,gX:-2.563,gY:-0.427,gZ:0.183
aX:-0.271,aY:0.279,aZ:0.890,gX:-1.404,gY:0.305,gZ:0.610
aX:-0.273,aY:0.278,aZ:0.888,gX:-0.793,gY:1.099,gZ:0.854
aX:-0.277,aY:0.274,aZ:0.893,gX:-0.916,gY:1.221,gZ:0.977
aX:-0.281,aY:0.274,aZ:0.890,gX:-0.488,gY:1.343,gZ:1.099
aX:-0.282,aY:0.276,aZ:0.888,gX:0.183,gY:1.709,gZ:0.977
aX:-0.277,aY:0.275,aZ:0.886,gX:-0.671,gY:2.625,gZ:0.671
aX:-0.269,aY:0.278,aZ:0.885,gX:0.061,gY:2.991,gZ:0.732
aX:-0.262,aY:0.280,aZ:0.890,gX:1.099,gY:2.625,gZ:0.977
aX:-0.261,aY:0.281,aZ:0.894,gX:0.916,gY:2.258,gZ:1.038
aX:-0.264,aY:0.280,aZ:0.896,gX:1.282,gY:2.075,gZ:1.526
aX:-0.267,aY:0.277,aZ:0.896,gX:1.282,gY:2.014,gZ:1.587
aX:-0.268,aY:0.274,aZ:0.894,gX:0.610,gY:1.953,gZ:1.587
aX:-0.270,aY:0.273,aZ:0.895,gX:0.732,gY:2.075,gZ:1.404
aX:-0.268,aY:0.272,aZ:0.895,gX:0.793,gY:2.136,gZ:1.343
aX:-0.267,aY:0.273,aZ:0.896,gX:0.854,gY:1.892,gZ:1.282
aX:-0.266,aY:0.272,aZ:0.896,gX:0.793,gY:1.648,gZ:1.160
aX:-0.266,aY:0.270,aZ:0.896,gX:0.793,gY:1.404,gZ:1.160
aX:-0.266,aY:0.267,aZ:0.897,gX:0.427,gY:1.404,gZ:1.099
aX:-0.267,aY:0.268,aZ:0.898,gX:0.671,gY:1.160,gZ:1.038
aX:-0.268,aY:0.268,aZ:0.898,gX:0.732,gY:1.038,gZ:1.221
aX:-0.267,aY:0.267,aZ:0.897,gX:0.244,gY:1.343,gZ:1.038
aX:-0.266,aY:0.266,aZ:0.895,gX:0.000,gY:1.587,gZ:0.977
aX:-0.263,aY:0.266,aZ:0.895,gX:0.549,gY:1.526,gZ:1.221
aX:-0.260,aY:0.266,aZ:0.896,gX:0.549,gY:1.709,gZ:1.038
aX:-0.260,aY:0.265,aZ:0.900,gX:0.732,gY:1.831,gZ:1.343
aX:-0.260,aY:0.266,aZ:0.903,gX:0.977,gY:1.709,gZ:1.282
aX:-0.261,aY:0.264,aZ:0.901,gX:0.610,gY:1.160,gZ:1.160
aX:-0.262,aY:0.264,aZ:0.900,gX:0.427,gY:1.099,gZ:1.038
aX:-0.265,aY:0.266,aZ:0.899,gX:0.061,gY:1.221,gZ:1.099
aX:-0.262,aY:0.265,aZ:0.898,gX:0.122,gY:1.099,gZ:1.038
aX:-0.262,aY:0.266,aZ:0.897,gX:0.122,gY:1.465,gZ:1.160
aX:-0.260,aY:0.264,aZ:0.899,gX:0.488,gY:1.587,gZ:1.099
aX:-0.260,aY:0.264,aZ:0.899,gX:0.916,gY:1.526,gZ:1.221
aX:-0.261,aY:0.262,aZ:0.900,gX:0.671,gY:1.587,gZ:1.160
aX:-0.262,aY:0.262,aZ:0.901,gX:0.916,gY:1.648,gZ:1.221
aX:-0.259,aY:0.262,aZ:0.900,gX:1.038,gY:1.587,gZ:1.221
aX:-0.259,aY:0.261,aZ:0.899,gX:0.916,gY:1.709,gZ:1.282
aX:-0.258,aY:0.259,aZ:0.900,gX:1.038,gY:1.892,gZ:1.343
aX:-0.258,aY:0.257,aZ:0.901,gX:0.854,gY:1.770,gZ:1.343
aX:-0.258,aY:0.257,aZ:0.904,gX:0.549,gY:1.648,gZ:1.221
aX:-0.255,aY:0.258,aZ:0.906,gX:0.732,gY:1.404,gZ:1.038
aX:-0.253,aY:0.258,aZ:0.905,gX:0.427,gY:1.099,gZ:0.916
aX:-0.255,aY:0.255,aZ:0.908,gX:-0.061,gY:1.221,gZ:1.099
aX:-0.260,aY:0.253,aZ:0.912,gX:-0.305,gY:0.916,gZ:0.793
aX:-0.264,aY:0.253,aZ:0.905,gX:-0.732,gY:0.671,gZ:0.671
aX:-0.263,aY:0.253,aZ:0.901,gX:-1.465,gY:1.831,gZ:0.549
aX:-0.257,aY:0.256,aZ:0.896,gX:-1.404,gY:2.625,gZ:0.488
aX:-0.251,aY:0.259,aZ:0.894,gX:-0.671,gY:2.563,gZ:0.549
aX:-0.247,aY:0.259,aZ:0.897,gX:0.610,gY:2.747,gZ:0.793
aX:-0.249,aY:0.259,aZ:0.904,gX:1.709,gY:2.502,gZ:1.343
aX:-0.250,aY:0.258,aZ:0.909,gX:1.770,gY:2.319,gZ:1.404
aX:-0.251,aY:0.254,aZ:0.907,gX:1.404,gY:1.770,gZ:1.282
aX:-0.252,aY:0.252,aZ:0.905,gX:1.160,gY:2.075,gZ:1.404
aX:-0.253,aY:0.251,aZ:0.908,gX:1.221,gY:2.136,gZ:1.709
aX:-0.253,aY:0.249,aZ:0.905,gX:1.526,gY:2.197,gZ:1.404
aX:-0.252,aY:0.250,aZ:0.907,gX:1.648,gY:2.075,gZ:1.404
aX:-0.251,aY:0.249,aZ:0.907,gX:1.404,gY:2.014,gZ:1.038
aX:-0.247,aY:0.249,aZ:0.909,gX:1.404,gY:1.831,gZ:0.977
aX:-0.245,aY:0.249,aZ:0.911,gX:1.099,gY:1.465,gZ:0.854
aX:-0.246,aY:0.250,aZ:0.911,gX:0.732,gY:0.916,gZ:1.099
aX:-0.248,aY:0.249,aZ:0.909,gX:0.122,gY:1.160,gZ:1.282
aX:-0.248,aY:0.247,aZ:0.910,gX:-0.183,gY:1.465,gZ:1.160
aX:-0.249,aY:0.245,aZ:0.907,gX:-0.122,gY:1.465,gZ:0.916
aX:-0.247,aY:0.244,aZ:0.907,gX:-0.061,gY:1.221,gZ:0.916
aX:-0.245,aY:0.245,aZ:0.909,gX:0.549,gY:1.282,gZ:0.977
aX:-0.245,aY:0.245,aZ:0.911,gX:0.671,gY:1.343,gZ:0.916
aX:-0.245,aY:0.245,aZ:0.911,gX:0.366,gY:1.160,gZ:0.854
aX:-0.246,aY:0.245,aZ:0.909,gX:0.183,gY:0.977,gZ:0.854
aX:-0.247,aY:0.245,aZ:0.908,gX:0.366,gY:0.977,gZ:0.793
aX:-0.246,aY:0.242,aZ:0.907,gX:-0.183,gY:1.160,gZ:0.916
aX:-0.247,aY:0.243,aZ:0.908,gX:0.244,gY:1.343,gZ:1.221
aX:-0.245,aY:0.241,aZ:0.908,gX:0.732,gY:1.587,gZ:1.160
aX:-0.245,aY:0.241,aZ:0.909,gX:0.122,gY:1.831,gZ:1.038
aX:-0.244,aY:0.241,aZ:0.911,gX:0.549,gY:1.831,gZ:1.221
aX:-0.243,aY:0.240,aZ:0.912,gX:0.854,gY:1.648,gZ:1.221
aX:-0.242,aY:0.239,aZ:0.913,gX:0.488,gY:1.526,gZ:1.099
aX:-0.242,aY:0.239,aZ:0.912,gX:0.916,gY:1.648,gZ:1.160
aX:-0.242,aY:0.238,aZ:0.913,gX:0.854,gY:1.709,gZ:1.282
aX:-0.242,aY:0.237,aZ:0.912,gX:0.427,gY:1.465,gZ:1.221
aX:-0.242,aY:0.238,aZ:0.913,gX:0.488,gY:1.709,gZ:1.282
aX:-0.242,aY:0.237,aZ:0.912,gX:0.916,gY:1.770,gZ:1.099
aX:-0.240,aY:0.237,aZ:0.913,gX:0.183,gY:1.526,gZ:0.916
aX:-0.239,aY:0.237,aZ:0.914,gX:0.916,gY:1.221,gZ:1.038
aX:-0.240,aY:0.237,aZ:0.913,gX:0.305,gY:1.221,gZ:1.160
aX:-0.239,aY:0.235,aZ:0.913,gX:0.000,gY:1.221,gZ:0.916
aX:-0.240,aY:0.232,aZ:0.921,gX:0.122,gY:1.465,gZ:0.793
aX:-0.242,aY:0.231,aZ:0.918,gX:-0.183,gY:0.671,gZ:0.732
aX:-0.246,aY:0.231,aZ:0.914,gX:-0.977,gY:0.854,gZ:0.549
aX:-0.243,aY:0.233,aZ:0.911,gX:-1.221,gY:1.648,gZ:0.488
aX:-0.238,aY:0.235,aZ:0.908,gX:-1.038,gY:2.197,gZ:0.549
aX:-0.233,aY:0.234,aZ:0.911,gX:-0.244,gY:2.014,gZ:0.549
aX:-0.229,aY:0.236,aZ:0.916,gX:0.732,gY:1.526,gZ:0.671
aX:-0.231,aY:0.235,aZ:0.919,gX:0.610,gY:1.099,gZ:1.038
aX:-0.232,aY:0.234,aZ:0.919,gX:0.000,gY:0.610,gZ:1.160
aX:-0.237,aY:0.233,aZ:0.917,gX:-0.610,gY:0.305,gZ:1.160
aX:-0.238,aY:0.231,aZ:0.915,gX:-0.610,gY:0.183,gZ:1.160
aX:-0.239,aY:0.231,aZ:0.916,gX:-0.977,gY:0.427,gZ:0.977
aX:-0.238,aY:0.234,aZ:0.917,gX:-0.671,gY:0.244,gZ:0.732
aX:-0.238,aY:0.234,aZ:0.914,gX:-0.427,gY:-0.122,gZ:0.732
aX:-0.238,aY:0.234,aZ:0.912,gX:-0.977,gY:-0.427,gZ:0.610
aX:-0.238,aY:0.232,aZ:0.915,gX:-0.793,gY:-0.427,gZ:0.671
aX:-0.237,aY:0.231,aZ:0.917,gX:-0.793,gY:-0.610,gZ:0.488
aX:-0.237,aY:0.232,aZ:0.918,gX:-1.282,gY:-1.038,gZ:0.610
aX:-0.239,aY:0.232,aZ:0.918,gX:-1.465,gY:-0.916,gZ:0.366
aX:-0.240,aY:0.231,aZ:0.916,gX:-1.892,gY:-0.916,gZ:0.366
aX:-0.240,aY:0.230,aZ:0.915,gX:-2.014,gY:-1.038,gZ:0.366
aX:-0.239,aY:0.231,aZ:0.916,gX:-2.075,gY:-1.099,gZ:0.183
aX:-0.238,aY:0.233,aZ:0.916,gX:-1.770,gY:-1.099,gZ:0.244
aX:-0.237,aY:0.235,aZ:0.916,gX:-1.648,gY:-1.404,gZ:0.183
aX:-0.238,aY:0.236,aZ:0.916,gX:-2.136,gY:-1.587,gZ:0.305
aX:-0.240,aY:0.235,aZ:0.913,gX:-2.197,gY:-1.709,gZ:0.122
aX:-0.243,aY:0.235,aZ:0.912,gX:-2.625,gY:-1.831,gZ:0.305
aX:-0.245,aY:0.237,aZ:0.911,gX:-3.113,gY:-1.770,gZ:0.000
aX:-0.245,aY:0.238,aZ:0.912,gX:-2.930,gY:-1.526,gZ:0.061
aX:-0.243,aY:0.239,aZ:0.912,gX:-2.930,gY:-1.648,gZ:0.000
aX:-0.243,aY:0.242,aZ:0.914,gX:-2.747,gY:-1.953,gZ:-0.122
aX:-0.245,aY:0.243,aZ:0.912,gX:-2.625,gY:-2.136,gZ:-0.061
aX:-0.245,aY:0.242,aZ:0.909,gX:-3.296,gY:-2.197,gZ:-0.061
aX:-0.247,aY:0.241,aZ:0.909,gX:-2.991,gY:-2.197,gZ:0.061
aX:-0.248,aY:0.242,aZ:0.909,gX:-2.930,gY:-1.892,gZ:-0.061
aX:-0.247,aY:0.242,aZ:0.910,gX:-2.808,gY:-2.136,gZ:0.122
aX:-0.248,aY:0.243,aZ:0.911,gX:-3.174,gY:-1.953,gZ:-0.061
aX:-0.250,aY:0.245,aZ:0.909,gX:-3.052,gY:-2.014,gZ:-0.061
aX:-0.250,aY:0.245,aZ:0.909,gX:-3.418,gY:-2.075,gZ:-0.122
aX:-0.251,aY:0.245,aZ:0.909,gX:-3.662,gY:-2.197,gZ:-0.305
aX:-0.252,aY:0.247,aZ:0.908,gX:-4.211,gY:-2.441,gZ:-0.427
aX:-0.250,aY:0.250,aZ:0.911,gX:-3.906,gY:-2.747,gZ:-0.610
aX:-0.250,aY:0.252,aZ:0.911,gX:-4.761,gY:-2.930,gZ:-0.671
aX:-0.253,aY:0.253,aZ:0.909,gX:-4.761,gY:-2.869,gZ:-0.610
aX:-0.259,aY:0.251,aZ:0.914,gX:-5.371,gY:-2.991,gZ:-0.671
aX:-0.266,aY:0.251,aZ:0.901,gX:-6.042,gY:-3.113,gZ:-0.977
aX:-0.269,aY:0.253,aZ:0.896,gX:-5.981,gY:-2.319,gZ:-0.854
aX:-0.262,aY:0.257,aZ:0.897,gX:-5.676,gY:-0.793,gZ:-0.854
aX:-0.254,aY:0.260,aZ:0.893,gX:-5.188,gY:-0.610,gZ:-1.038
aX:-0.250,aY:0.265,aZ:0.896,gX:-3.845,gY:-1.099,gZ:-0.671
aX:-0.253,aY:0.268,aZ:0.899,gX:-2.808,gY:-1.282,gZ:-0.366
aX:-0.255,aY:0.266,aZ:0.899,gX:-2.441,gY:-1.587,gZ:0.122
aX:-0.258,aY:0.266,aZ:0.901,gX:-2.441,gY:-1.709,gZ:0.305
aX:-0.261,aY:0.264,aZ:0.903,gX:-2.563,gY:-1.770,gZ:0.305
aX:-0.264,aY:0.264,aZ:0.904,gX:-3.235,gY:-2.075,gZ:0.244
aX:-0.265,aY:0.263,aZ:0.903,gX:-3.296,gY:-2.014,gZ:0.122
aX:-0.266,aY:0.265,aZ:0.900,gX:-3.540,gY:-2.197,gZ:-0.061
aX:-0.265,aY:0.267,aZ:0.897,gX:-4.333,gY:-2.502,gZ:-0.427
aX:-0.264,aY:0.269,aZ:0.898,gX:-4.211,gY:-2.625,gZ:-0.427
aX:-0.263,aY:0.269,aZ:0.899,gX:-3.845,gY:-2.869,gZ:-0.427
aX:-0.265,aY:0.269,aZ:0.900,gX:-4.517,gY:-3.418,gZ:-0.610
aX:-0.272,aY:0.270,aZ:0.896,gX:-4.150,gY:-3.235,gZ:-0.366
aX:-0.274,aY:0.270,aZ:0.892,gX:-4.578,gY:-2.991,gZ:-0.305
aX:-0.273,aY:0.270,aZ:0.890,gX:-5.188,gY:-2.563,gZ:-0.549
aX:-0.271,aY:0.274,aZ:0.891,gX:-4.517,gY:-2.197,gZ:-0.549
aX:-0.270,aY:0.279,aZ:0.890,gX:-3.723,gY:-1.770,gZ:-0.427
aX:-0.267,aY:0.282,aZ:0.892,gX:-3.601,gY:-1.831,gZ:-0.366
aX:-0.271,aY:0.282,aZ:0.890,gX:-3.113,gY:-1.892,gZ:0.000
aX:-0.273,aY:0.280,aZ:0.889,gX:-2.747,gY:-1.648,gZ:0.061
aX:-0.275,aY:0.281,aZ:0.887,gX:-3.113,gY:-1.221,gZ:0.183
aX:-0.277,aY:0.281,aZ:0.883,gX:-2.319,gY:-0.549,gZ:0.366
aX:-0.275,aY:0.282,aZ:0.882,gX:-1.709,gY:0.488,gZ:0.610
aX:-0.274,aY:0.282,aZ:0.881,gX:-1.343,gY:1.282,gZ:0.732
aX:-0.273,aY:0.282,aZ:0.883,gX:-0.305,gY:1.892,gZ:1.099
aX:-0.275,aY:0.280,aZ:0.885,gX:0.977,gY:2.014,gZ:1.282
aX:-0.274,aY:0.278,aZ:0.888,gX:1.038,gY:2.319,gZ:1.343
aX:-0.274,aY:0.277,aZ:0.892,gX:2.197,gY:2.563,gZ:1.648
aX:-0.273,aY:0.276,aZ:0.894,gX:2.197,gY:2.319,gZ:1.587
aX:-0.270,aY:0.275,aZ:0.895,gX:1.343,gY:2.441,gZ:1.404
aX:-0.270,aY:0.276,aZ:0.895,gX:1.770,gY:2.258,gZ:1.465
aX:-0.268,aY:0.276,aZ:0.894,gX:1.648,gY:2.136,gZ:1.526
aX:-0.267,aY:0.274,aZ:0.894,gX:0.549,gY:1.953,gZ:1.282
aX:-0.265,aY:0.274,aZ:0.897,gX:1.099,gY:1.892,gZ:1.282
aX:-0.264,aY:0.274,aZ:0.898,gX:1.160,gY:1.892,gZ:1.465
aX:-0.266,aY:0.271,aZ:0.901,gX:0.488,gY:1.892,gZ:1.526
aX:-0.271,aY:0.269,aZ:0.906,gX:0.671,gY:1.404,gZ:1.343
aX:-0.273,aY:0.269,aZ:0.899,gX:-0.061,gY:1.038,gZ:0.916
aX:-0.272,aY:0.270,aZ:0.896,gX:-1.160,gY:1.343,gZ:0.671
aX:-0.267,aY:0.271,aZ:0.892,gX:-1.221,gY:2.136,gZ:0.488
aX:-0.262,aY:0.272,aZ:0.888,gX:-0.793,gY:2.441,gZ:0.732
aX:-0.259,aY:0.273,aZ:0.889,gX:0.427,gY:2.197,gZ:0.916
aX:-0.260,aY:0.272,aZ:0.893,gX:0.977,gY:2.441,gZ:1.160
aX:-0.259,aY:0.271,aZ:0.896,gX:1.587,gY:2.441,gZ:1.404
aX:-0.261,aY:0.269,aZ:0.897,gX:2.014,gY:2.380,gZ:1.709
aX:-0.262,aY:0.266,aZ:0.899,gX:1.831,gY:2.319,gZ:1.709
aX:-0.263,aY:0.265,aZ:0.899,gX:1.953,gY:2.380,gZ:1.831
aX:-0.262,aY:0.265,aZ:0.901,gX:1.709,gY:2.197,gZ:1.648
aX:-0.262,aY:0.264,aZ:0.900,gX:1.465,gY:2.380,gZ:1.526
aX:-0.260,aY:0.262,aZ:0.901,gX:1.465,gY:2.319,gZ:1.404
aX:-0.257,aY:0.261,aZ:0.903,gX:1.526,gY:2.075,gZ:1.404
aX:-0.256,aY:0.259,aZ:0.906,gX:1.404,gY:1.587,gZ:1.343
aX:-0.258,aY:0.262,aZ:0.906,gX:1.526,gY:0.854,gZ:1.160
aX:-0.260,aY:0.262,aZ:0.903,gX:0.916,gY:0.793,gZ:1.343
aX:-0.259,aY:0.261,aZ:0.901,gX:0.488,gY:1.221,gZ:1.221
aX:-0.258,aY:0.260,aZ:0.899,gX:0.305,gY:1.343,gZ:1.099
aX:-0.258,aY:0.258,aZ:0.898,gX:0.366,gY:1.709,gZ:1.160
aX:-0.255,aY:0.259,aZ:0.902,gX:0.916,gY:2.197,gZ:1.343
aX:-0.253,aY:0.258,aZ:0.907,gX:1.343,gY:2.136,gZ:1.282
aX:-0.253,aY:0.256,aZ:0.907,gX:1.343,gY:1.587,gZ:1.282
aX:-0.256,aY:0.255,aZ:0.906,gX:0.793,gY:1.282,gZ:1.160
aX:-0.256,aY:0.255,aZ:0.906,gX:0.488,gY:1.282,gZ:1.221
aX:-0.256,aY:0.255,aZ:0.904,gX:0.366,gY:1.404,gZ:1.160
aX:-0.255,aY:0.256,aZ:0.904,gX:0.244,gY:1.343,gZ:0.977
aX:-0.254,aY:0.255,aZ:0.905,gX:0.488,gY:1.526,gZ:1.099
aX:-0.254,aY:0.255,aZ:0.903,gX:0.366,gY:1.343,gZ:1.099
aX:-0.254,aY:0.252,aZ:0.904,gX:0.671,gY:1.648,gZ:1.160
aX:-0.253,aY:0.251,aZ:0.905,gX:0.793,gY:1.770,gZ:1.221
aX:-0.253,aY:0.250,aZ:0.907,gX:0.671,gY:1.831,gZ:1.221
aX:-0.253,aY:0.251,aZ:0.906,gX:0.366,gY:1.709,gZ:1.160
aX:-0.252,aY:0.252,aZ:0.907,gX:0.549,gY:1.831,gZ:1.282
aX:-0.250,aY:0.252,aZ:0.911,gX:0.854,gY:1.770,gZ:1.221
aX:-0.252,aY:0.249,aZ:0.909,gX:0.610,gY:1.648,gZ:1.282
aX:-0.252,aY:0.250,aZ:0.908,gX:0.427,gY:1.526,gZ:1.160
aX:-0.252,aY:0.250,aZ:0.908,gX:0.427,gY:1.221,gZ:1.099
aX:-0.249,aY:0.250,aZ:0.908,gX:0.305,gY:1.099,gZ:0.793
aX:-0.249,aY:0.249,aZ:0.910,gX:0.061,gY:1.160,gZ:0.732
aX:-0.248,aY:0.246,aZ:0.915,gX:0.183,gY:1.160,gZ:0.916
aX:-0.251,aY:0.243,aZ:0.918,gX:-0.488,gY:0.549,gZ:0.671
aX:-0.256,aY:0.244,aZ:0.909,gX:-0.732,gY:0.671,gZ:0.549
aX:-0.254,aY:0.246,aZ:0.906,gX:-1.465,gY:1.770,gZ:0.549
aX:-0.250,aY:0.247,aZ:0.900,gX:-1.465,gY:2.625,gZ:0.244
aX:-0.244,aY:0.248,aZ:0.898,gX:-0.549,gY:2.991,gZ:0.671
aX:-0.241,aY:0.250,aZ:0.904,gX:1.038,gY:2.808,gZ:1.038
aX:-0.239,aY:0.251,aZ:0.909,gX:1.587,gY:2.502,gZ:1.160
aX:-0.241,aY:0.249,aZ:0.913,gX:1.770,gY:2.075,gZ:1.404
aX:-0.243,aY:0.246,aZ:0.911,gX:1.343,gY:1.831,gZ:1.648
aX:-0.246,aY:0.243,aZ:0.911,gX:1.160,gY:1.770,gZ:1.587
aX:-0.247,aY:0.242,aZ:0.911,gX:0.916,gY:2.075,gZ:1.465
aX:-0.246,aY:0.241,aZ:0.911,gX:1.221,gY:2.075,gZ:1.282
aX:-0.244,aY:0.241,aZ:0.913,gX:0.610,gY:1.709,gZ:1.038
aX:-0.243,aY:0.241,aZ:0.912,gX:0.977,gY:1.465,gZ:0.916
aX:-0.241,aY:0.239,aZ:0.912,gX:0.793,gY:1.526,gZ:0.916
aX:-0.240,aY:0.239,aZ:0.914,gX:0.427,gY:1.221,gZ:0.793
aX:-0.240,aY:0.239,aZ:0.915,gX:0.610,gY:0.854,gZ:1.099
aX:-0.243,aY:0.239,aZ:0.915,gX:0.427,gY:0.549,gZ:0.916
aX:-0.243,aY:0.237,aZ:0.914,gX:-0.549,gY:0.793,gZ:0.977
aX:-0.242,aY:0.236,aZ:0.913,gX:-0.488,gY:0.793,gZ:0.916
aX:-0.241,aY:0.238,aZ:0.912,gX:-0.122,gY:0.916,gZ:1.038
aX:-0.242,aY:0.237,aZ:0.912,gX:-0.488,gY:0.854,gZ:0.854
aX:-0.240,aY:0.238,aZ:0.913,gX:-0.061,gY:1.099,gZ:0.854
aX:-0.240,aY:0.239,aZ:0.913,gX:0.366,gY:1.099,gZ:0.671
aX:-0.239,aY:0.238,aZ:0.914,gX:-0.244,gY:0.854,gZ:0.793
aX:-0.240,aY:0.238,aZ:0.914,gX:-0.183,gY:0.610,gZ:0.793
aX:-0.242,aY:0.237,aZ:0.913,gX:-0.061,gY:0.854,gZ:0.854
aX:-0.242,aY:0.236,aZ:0.913,gX:-0.427,gY:0.793,gZ:0.916
aX:-0.241,aY:0.236,aZ:0.914,gX:-0.244,gY:0.916,gZ:0.916
aX:-0.241,aY:0.236,aZ:0.914,gX:-0.122,gY:0.671,gZ:0.916
aX:-0.240,aY:0.235,aZ:0.914,gX:-0.366,gY:0.671,gZ:0.854
aX:-0.240,aY:0.235,aZ:0.913,gX:-0.061,gY:0.671,gZ:0.916
aX:-0.239,aY:0.234,aZ:0.914,gX:-0.366,gY:0.793,gZ:0.977
aX:-0.239,aY:0.232,aZ:0.914,gX:-0.488,gY:0.793,gZ:0.916
aX:-0.240,aY:0.232,aZ:0.914,gX:-0.244,gY:0.854,gZ:0.854
aX:-0.239,aY:0.233,aZ:0.914,gX:0.122,gY:0.977,gZ:0.977
aX:-0.238,aY:0.232,aZ:0.914,gX:-0.183,gY:0.916,gZ:0.916
aX:-0.240,aY:0.232,aZ:0.912,gX:-0.305,gY:0.977,gZ:1.038
aX:-0.240,aY:0.232,aZ:0.915,gX:0.000,gY:0.916,gZ:1.160
aX:-0.240,aY:0.233,aZ:0.915,gX:-0.610,gY:0.610,gZ:0.732
aX:-0.238,aY:0.233,aZ:0.916,gX:-0.610,gY:0.366,gZ:0.610
aX:-0.237,aY:0.233,aZ:0.917,gX:-0.793,gY:0.061,gZ:0.488
aX:-0.236,aY:0.231,aZ:0.918,gX:-1.221,gY:0.061,gZ:0.305
aX:-0.240,aY:0.230,aZ:0.925,gX:-1.404,gY:-0.427,gZ:0.305
aX:-0.244,aY:0.230,aZ:0.917,gX:-1.770,gY:-1.038,gZ:-0.061
aX:-0.246,aY:0.231,aZ:0.916,gX:-2.686,gY:-0.366,gZ:0.061
aX:-0.241,aY:0.235,aZ:0.912,gX:-3.174,gY:0.244,gZ:0.061
aX:-0.235,aY:0.238,aZ:0.911,gX:-3.052,gY:0.549,gZ:0.000
aX:-0.231,aY:0.239,aZ:0.911,gX:-2.197,gY:0.061,gZ:0.305
aX:-0.234,aY:0.238,aZ:0.913,gX:-1.770,gY:-0.427,gZ:0.427
aX:-0.236,aY:0.238,aZ:0.915,gX:-1.526,gY:-0.793,gZ:0.610
aX:-0.240,aY:0.237,aZ:0.915,gX:-1.892,gY:-0.977,gZ:0.549
aX:-0.243,aY:0.235,aZ:0.911,gX:-2.136,gY:-0.977,gZ:0.549
aX:-0.244,aY:0.236,aZ:0.912,gX:-2.136,gY:-0.793,gZ:0.549
aX:-0.244,aY:0.237,aZ:0.912,gX:-1.831,gY:-0.793,gZ:0.427
aX:-0.243,aY:0.239,aZ:0.914,gX:-1.343,gY:-0.977,gZ:0.122
aX:-0.244,aY:0.239,aZ:0.912,gX:-1.709,gY:-1.282,gZ:0.244
aX:-0.242,aY:0.240,aZ:0.911,gX:-1.953,gY:-1.465,gZ:0.122
aX:-0.241,aY:0.240,aZ:0.914,gX:-2.197,gY:-1.526,gZ:0.061
aX:-0.242,aY:0.240,aZ:0.915,gX:-2.258,gY:-1.892,gZ:0.122
aX:-0.245,aY:0.240,aZ:0.912,gX:-2.563,gY:-2.197,gZ:0.122
aX:-0.248,aY:0.240,aZ:0.911,gX:-2.869,gY:-1.953,gZ:0.122
aX:-0.246,aY:0.240,aZ:0.910,gX:-2.747,gY:-1.953,gZ:-0.183
aX:-0.246,aY:0.242,aZ:0.909,gX:-3.113,gY:-2.014,gZ:0.000
aX:-0.246,aY:0.244,aZ:0.910,gX:-3.174,gY:-1.709,gZ:-0.061
aX:-0.245,aY:0.246,aZ:0.912,gX:-2.991,gY:-1.953,gZ:-0.122
aX:-0.246,aY:0.249,aZ:0.909,gX:-3.113,gY:-2.136,gZ:-0.122
aX:-0.248,aY:0.249,aZ:0.908,gX:-3.235,gY:-2.136,gZ:-0.183
aX:-0.251,aY:0.248,aZ:0.907,gX:-3.235,gY:-2.075,gZ:-0.122
aX:-0.253,aY:0.249,aZ:0.907,gX:-3.418,gY:-2.075,gZ:0.000
aX:-0.253,aY:0.249,aZ:0.906,gX:-3.662,gY:-2.136,gZ:-0.122
aX:-0.255,aY:0.251,aZ:0.906,gX:-3.418,gY:-1.892,gZ:-0.183
aX:-0.254,aY:0.254,aZ:0.908,gX:-3.479,gY:-1.892,gZ:-0.183
aX:-0.253,aY:0.255,aZ:0.907,gX:-3.601,gY:-2.258,gZ:-0.305
aX:-0.254,aY:0.255,aZ:0.906,gX:-3.052,gY:-2.441,gZ:-0.244
aX:-0.254,aY:0.254,aZ:0.909,gX:-3.479,gY:-2.441,gZ:-0.061
aX:-0.257,aY:0.252,aZ:0.905,gX:-3.479,gY:-2.441,gZ:-0.061
aX:-0.258,aY:0.254,aZ:0.905,gX:-3.418,gY:-2.380,gZ:-0.244
aX:-0.258,aY:0.256,aZ:0.906,gX:-3.662,gY:-2.258,gZ:-0.183
aX:-0.259,aY:0.257,aZ:0.903,gX:-3.967,gY:-2.258,gZ:-0.305
aX:-0.260,aY:0.260,aZ:0.902,gX:-3.784,gY:-2.319,gZ:-0.244
aX:-0.261,aY:0.261,aZ:0.901,gX:-3.784,gY:-2.258,gZ:-0.305
aX:-0.261,aY:0.262,aZ:0.900,gX:-4.272,gY:-2.441,gZ:-0.488
aX:-0.260,aY:0.264,aZ:0.903,gX:-4.150,gY:-2.686,gZ:-0.427
aX:-0.261,aY:0.267,aZ:0.903,gX:-3.723,gY:-2.625,gZ:-0.488
aX:-0.264,aY:0.264,aZ:0.901,gX:-4.150,gY:-2.563,gZ:-0.244
aX:-0.271,aY:0.263,aZ:0.904,gX:-4.333,gY:-2.686,gZ:-0.427
aX:-0.275,aY:0.264,aZ:0.894,gX:-4.639,gY:-2.441,gZ:-0.671
aX:-0.274,aY:0.266,aZ:0.892,gX:-5.554,gY:-1.648,gZ:-0.793
aX:-0.267,aY:0.270,aZ:0.891,gX:-5.066,gY:-0.549,gZ:-0.793
aX:-0.260,aY:0.274,aZ:0.891,gX:-4.456,gY:-0.488,gZ:-0.732
aX:-0.258,aY:0.278,aZ:0.892,gX:-3.662,gY:-1.404,gZ:-0.610
aX:-0.261,aY:0.278,aZ:0.894,gX:-2.747,gY:-1.709,gZ:-0.183
aX:-0.264,aY:0.278,aZ:0.895,gX:-2.686,gY:-1.648,gZ:0.244
aX:-0.266,aY:0.276,aZ:0.894,gX:-2.747,gY:-1.526,gZ:0.122
aX:-0.271,aY:0.275,aZ:0.892,gX:-2.441,gY:-1.221,gZ:0.610
aX:-0.271,aY:0.276,aZ:0.893,gX:-2.686,gY:-1.038,gZ:0.488
aX:-0.271,aY:0.276,aZ:0.895,gX:-2.808,gY:-1.282,gZ:0.305
aX:-0.273,aY:0.279,aZ:0.891,gX:-2.441,gY:-1.038,gZ:0.244
aX:-0.271,aY:0.278,aZ:0.888,gX:-2.075,gY:-1.038,gZ:0.122
aX:-0.271,aY:0.278,aZ:0.887,gX:-2.136,gY:-0.549,gZ:0.244
aX:-0.270,aY:0.277,aZ:0.890,gX:-0.977,gY:-0.061,gZ:0.549
aX:-0.274,aY:0.278,aZ:0.887,gX:-0.366,gY:0.061,gZ:0.549
aX:-0.276,aY:0.277,aZ:0.885,gX:-0.549,gY:0.916,gZ:0.916
aX:-0.274,aY:0.276,aZ:0.885,gX:0.122,gY:2.014,gZ:1.160
aX:-0.271,aY:0.275,aZ:0.885,gX:1.282,gY:2.625,gZ:1.404
aX:-0.268,aY:0.276,aZ:0.889,gX:1.221,gY:2.991,gZ:1.282
aX:-0.264,aY:0.276,aZ:0.894,gX:2.563,gY:2.991,gZ:1.587
aX:-0.263,aY:0.276,aZ:0.899,gX:2.686,gY:2.686,gZ:1.831
aX:-0.263,aY:0.274,aZ:0.901,gX:2.136,gY:2.319,gZ:1.709
aX:-0.266,aY:0.271,aZ:0.903,gX:1.831,gY:1.953,gZ:1.709
aX:-0.267,aY:0.270,aZ:0.900,gX:1.465,gY:1.831,gZ:1.465
aX:-0.266,aY:0.270,aZ:0.899,gX:0.305,gY:1.709,gZ:1.404
aX:-0.265,aY:0.271,aZ:0.898,gX:0.244,gY:1.648,gZ:1.099
aX:-0.264,aY:0.272,aZ:0.896,gX:0.427,gY:1.587,gZ:1.282
aX:-0.264,aY:0.270,aZ:0.896,gX:-0.122,gY:1.709,gZ:1.343
aX:-0.265,aY:0.269,aZ:0.895,gX:0.549,gY:2.136,gZ:1.648
aX:-0.265,aY:0.267,aZ:0.896,gX:1.099,gY:2.319,gZ:1.587
aX:-0.264,aY:0.265,aZ:0.897,gX:1.221,gY:2.136,gZ:1.526
aX:-0.263,aY:0.264,aZ:0.899,gX:1.160,gY:2.319,gZ:1.221
aX:-0.262,aY:0.264,aZ:0.900,gX:1.648,gY:2.197,gZ:1.465
aX:-0.261,aY:0.263,aZ:0.901,gX:0.977,gY:1.831,gZ:1.343
aX:-0.259,aY:0.265,aZ:0.902,gX:0.549,gY:1.648,gZ:1.343
aX:-0.256,aY:0.266,aZ:0.904,gX:0.854,gY:1.526,gZ:1.221
aX:-0.256,aY:0.263,aZ:0.905,gX:0.549,gY:1.221,gZ:1.221
aX:-0.259,aY:0.259,aZ:0.908,gX:0.305,gY:1.282,gZ:1.221
aX:-0.264,aY:0.257,aZ:0.907,gX:0.000,gY:1.099,gZ:1.099
aX:-0.267,aY:0.259,aZ:0.902,gX:-0.732,gY:1.221,gZ:0.793
aX:-0.263,aY:0.259,aZ:0.900,gX:-1.526,gY:2.014,gZ:0.610
aX:-0.257,aY:0.261,aZ:0.895,gX:-1.282,gY:2.686,gZ:0.610
aX:-0.251,aY:0.262,aZ:0.896,gX:-0.366,gY:2.441,gZ:0.732
aX:-0.250,aY:0.264,aZ:0.900,gX:0.732,gY:2.197,gZ:0.854
aX:-0.251,aY:0.264,aZ:0.904,gX:1.160,gY:1.953,gZ:1.160
aX:-0.253,aY:0.261,aZ:0.903,gX:0.916,gY:1.526,gZ:1.404
aX:-0.257,aY:0.260,aZ:0.902,gX:0.977,gY:1.343,gZ:1.770
aX:-0.257,aY:0.257,aZ:0.900,gX:1.099,gY:1.770,gZ:1.526
aX:-0.257,aY:0.255,aZ:0.901,gX:0.977,gY:1.831,gZ:1.343
aX:-0.256,aY:0.256,aZ:0.903,gX:1.282,gY:2.197,gZ:1.343
aX:-0.255,aY:0.255,aZ:0.905,gX:1.343,gY:2.014,gZ:1.404
a